[2024-11-04T14:46:48.835+0000] {local_task_job_runner.py:123} INFO - ::group::Pre task execution logs
[2024-11-04T14:46:48.899+0000] {taskinstance.py:2612} INFO - Dependencies all met for dep_context=non-requeueable deps ti=<TaskInstance: example_bash_operator.also_run_this scheduled__2024-11-03T00:00:00+00:00 [queued]>
[2024-11-04T14:46:48.941+0000] {taskinstance.py:2612} INFO - Dependencies all met for dep_context=requeueable deps ti=<TaskInstance: example_bash_operator.also_run_this scheduled__2024-11-03T00:00:00+00:00 [queued]>
[2024-11-04T14:46:48.942+0000] {taskinstance.py:2865} INFO - Starting attempt 1 of 1
[2024-11-04T14:46:48.980+0000] {taskinstance.py:2888} INFO - Executing <Task(BashOperator): also_run_this> on 2024-11-03 00:00:00+00:00
[2024-11-04T14:46:49.009+0000] {warnings.py:112} WARNING - /home/***/.local/lib/python3.12/site-packages/***/task/task_runner/standard_task_runner.py:70: DeprecationWarning: This process (pid=336) is multi-threaded, use of fork() may lead to deadlocks in the child.
  pid = os.fork()

[2024-11-04T14:46:49.016+0000] {standard_task_runner.py:104} INFO - Running: ['***', 'tasks', 'run', 'example_bash_operator', 'also_run_this', 'scheduled__2024-11-03T00:00:00+00:00', '--job-id', '5', '--raw', '--subdir', '/home/***/.local/lib/python3.12/site-packages/***/example_dags/example_bash_operator.py', '--cfg-path', '/tmp/tmpt_0puhp7']
[2024-11-04T14:46:49.020+0000] {standard_task_runner.py:72} INFO - Started process 345 to run task
[2024-11-04T14:46:49.023+0000] {standard_task_runner.py:105} INFO - Job 5: Subtask also_run_this
[2024-11-04T14:46:49.189+0000] {task_command.py:467} INFO - Running <TaskInstance: example_bash_operator.also_run_this scheduled__2024-11-03T00:00:00+00:00 [running]> on host 3a4fba066ec8
[2024-11-04T14:46:49.653+0000] {taskinstance.py:3131} INFO - Exporting env vars: AIRFLOW_CTX_DAG_OWNER='***' AIRFLOW_CTX_DAG_ID='example_bash_operator' AIRFLOW_CTX_TASK_ID='also_run_this' AIRFLOW_CTX_EXECUTION_DATE='2024-11-03T00:00:00+00:00' AIRFLOW_CTX_TRY_NUMBER='1' AIRFLOW_CTX_DAG_RUN_ID='scheduled__2024-11-03T00:00:00+00:00'
[2024-11-04T14:46:49.656+0000] {logging_mixin.py:190} INFO - Task instance is in running state
[2024-11-04T14:46:49.657+0000] {logging_mixin.py:190} INFO -  Previous state of the Task instance: queued
[2024-11-04T14:46:49.658+0000] {logging_mixin.py:190} INFO - Current task name:also_run_this state:running start_date:2024-11-04 14:46:48.903049+00:00
[2024-11-04T14:46:49.659+0000] {logging_mixin.py:190} INFO - Dag name:example_bash_operator and current dag run status:running
[2024-11-04T14:46:49.662+0000] {taskinstance.py:731} INFO - ::endgroup::
[2024-11-04T14:46:49.664+0000] {subprocess.py:63} INFO - Tmp dir root location: /tmp
[2024-11-04T14:46:49.667+0000] {subprocess.py:75} INFO - Running command: ['/usr/bin/bash', '-c', 'echo "ti_key=example_bash_operator__also_run_this__20241103"']
[2024-11-04T14:46:49.746+0000] {subprocess.py:86} INFO - Output:
[2024-11-04T14:46:49.764+0000] {subprocess.py:93} INFO - ti_key=example_bash_operator__also_run_this__20241103
[2024-11-04T14:46:49.765+0000] {subprocess.py:97} INFO - Command exited with return code 0
[2024-11-04T14:46:49.827+0000] {taskinstance.py:340} INFO - ::group::Post task execution logs
[2024-11-04T14:46:49.828+0000] {taskinstance.py:352} INFO - Marking task as SUCCESS. dag_id=example_bash_operator, task_id=also_run_this, run_id=scheduled__2024-11-03T00:00:00+00:00, execution_date=20241103T000000, start_date=20241104T144648, end_date=20241104T144649
[2024-11-04T14:46:49.857+0000] {logging_mixin.py:190} INFO - Task instance in success state
[2024-11-04T14:46:49.858+0000] {logging_mixin.py:190} INFO -  Previous state of the Task instance: running
[2024-11-04T14:46:49.859+0000] {logging_mixin.py:190} INFO - Dag name:example_bash_operator queued_at:2024-11-04 14:46:33.616160+00:00
[2024-11-04T14:46:49.861+0000] {logging_mixin.py:190} INFO - Task hostname:3a4fba066ec8 operator:BashOperator
[2024-11-04T14:46:49.899+0000] {local_task_job_runner.py:266} INFO - Task exited with return code 0
[2024-11-04T14:46:49.959+0000] {taskinstance.py:3900} INFO - 0 downstream tasks scheduled from follow-on schedule check
[2024-11-04T14:46:49.964+0000] {local_task_job_runner.py:245} INFO - ::endgroup::
