[2024-11-05T09:11:35.912+0000] {local_task_job_runner.py:123} INFO - ::group::Pre task execution logs
[2024-11-05T09:11:35.929+0000] {taskinstance.py:2612} INFO - Dependencies all met for dep_context=non-requeueable deps ti=<TaskInstance: user_processing.store_user manual__2024-11-05T09:11:22.732475+00:00 [queued]>
[2024-11-05T09:11:35.938+0000] {taskinstance.py:2612} INFO - Dependencies all met for dep_context=requeueable deps ti=<TaskInstance: user_processing.store_user manual__2024-11-05T09:11:22.732475+00:00 [queued]>
[2024-11-05T09:11:35.939+0000] {taskinstance.py:2865} INFO - Starting attempt 1 of 1
[2024-11-05T09:11:35.955+0000] {taskinstance.py:2888} INFO - Executing <Task(PythonOperator): store_user> on 2024-11-05 09:11:22.732475+00:00
[2024-11-05T09:11:35.962+0000] {warnings.py:112} WARNING - /home/***/.local/lib/python3.12/site-packages/***/task/task_runner/standard_task_runner.py:70: DeprecationWarning: This process (pid=303) is multi-threaded, use of fork() may lead to deadlocks in the child.
  pid = os.fork()

[2024-11-05T09:11:35.965+0000] {standard_task_runner.py:72} INFO - Started process 305 to run task
[2024-11-05T09:11:35.964+0000] {standard_task_runner.py:104} INFO - Running: ['***', 'tasks', 'run', 'user_processing', 'store_user', 'manual__2024-11-05T09:11:22.732475+00:00', '--job-id', '49', '--raw', '--subdir', 'DAGS_FOLDER/user-processing.py', '--cfg-path', '/tmp/tmpth2pquka']
[2024-11-05T09:11:35.966+0000] {standard_task_runner.py:105} INFO - Job 49: Subtask store_user
[2024-11-05T09:11:36.018+0000] {task_command.py:467} INFO - Running <TaskInstance: user_processing.store_user manual__2024-11-05T09:11:22.732475+00:00 [running]> on host 3a4fba066ec8
[2024-11-05T09:11:36.105+0000] {taskinstance.py:3131} INFO - Exporting env vars: AIRFLOW_CTX_DAG_OWNER='***' AIRFLOW_CTX_DAG_ID='user_processing' AIRFLOW_CTX_TASK_ID='store_user' AIRFLOW_CTX_EXECUTION_DATE='2024-11-05T09:11:22.732475+00:00' AIRFLOW_CTX_TRY_NUMBER='1' AIRFLOW_CTX_DAG_RUN_ID='manual__2024-11-05T09:11:22.732475+00:00'
[2024-11-05T09:11:36.107+0000] {logging_mixin.py:190} INFO - Task instance is in running state
[2024-11-05T09:11:36.107+0000] {logging_mixin.py:190} INFO -  Previous state of the Task instance: queued
[2024-11-05T09:11:36.108+0000] {logging_mixin.py:190} INFO - Current task name:store_user state:running start_date:2024-11-05 09:11:35.930507+00:00
[2024-11-05T09:11:36.108+0000] {logging_mixin.py:190} INFO - Dag name:user_processing and current dag run status:running
[2024-11-05T09:11:36.108+0000] {taskinstance.py:731} INFO - ::endgroup::
[2024-11-05T09:11:36.109+0000] {postgres.py:191} INFO - Running copy expert: COPY users FROM stdin WITH DELIMITER as ',', filename: /tmp/processed_user.csv
[2024-11-05T09:11:36.117+0000] {base.py:84} INFO - Retrieving connection 'postgres'
[2024-11-05T09:11:36.124+0000] {python.py:240} INFO - Done. Returned value was: None
[2024-11-05T09:11:36.134+0000] {taskinstance.py:340} INFO - ::group::Post task execution logs
[2024-11-05T09:11:36.134+0000] {taskinstance.py:352} INFO - Marking task as SUCCESS. dag_id=user_processing, task_id=store_user, run_id=manual__2024-11-05T09:11:22.732475+00:00, execution_date=20241105T091122, start_date=20241105T091135, end_date=20241105T091136
[2024-11-05T09:11:36.144+0000] {logging_mixin.py:190} INFO - Task instance in success state
[2024-11-05T09:11:36.145+0000] {logging_mixin.py:190} INFO -  Previous state of the Task instance: running
[2024-11-05T09:11:36.146+0000] {logging_mixin.py:190} INFO - Dag name:user_processing queued_at:2024-11-05 09:11:22.751012+00:00
[2024-11-05T09:11:36.146+0000] {logging_mixin.py:190} INFO - Task hostname:3a4fba066ec8 operator:PythonOperator
[2024-11-05T09:11:36.181+0000] {local_task_job_runner.py:266} INFO - Task exited with return code 0
[2024-11-05T09:11:36.196+0000] {taskinstance.py:3900} INFO - 0 downstream tasks scheduled from follow-on schedule check
[2024-11-05T09:11:36.200+0000] {local_task_job_runner.py:245} INFO - ::endgroup::
