[2024-11-04T14:46:48.854+0000] {local_task_job_runner.py:123} INFO - ::group::Pre task execution logs
[2024-11-04T14:46:48.900+0000] {taskinstance.py:2612} INFO - Dependencies all met for dep_context=non-requeueable deps ti=<TaskInstance: example_bash_operator.this_will_skip scheduled__2024-11-03T00:00:00+00:00 [queued]>
[2024-11-04T14:46:48.943+0000] {taskinstance.py:2612} INFO - Dependencies all met for dep_context=requeueable deps ti=<TaskInstance: example_bash_operator.this_will_skip scheduled__2024-11-03T00:00:00+00:00 [queued]>
[2024-11-04T14:46:48.944+0000] {taskinstance.py:2865} INFO - Starting attempt 1 of 1
[2024-11-04T14:46:48.998+0000] {taskinstance.py:2888} INFO - Executing <Task(BashOperator): this_will_skip> on 2024-11-03 00:00:00+00:00
[2024-11-04T14:46:49.044+0000] {warnings.py:112} WARNING - /home/***/.local/lib/python3.12/site-packages/***/task/task_runner/standard_task_runner.py:70: DeprecationWarning: This process (pid=338) is multi-threaded, use of fork() may lead to deadlocks in the child.
  pid = os.fork()

[2024-11-04T14:46:49.071+0000] {standard_task_runner.py:72} INFO - Started process 347 to run task
[2024-11-04T14:46:49.075+0000] {standard_task_runner.py:104} INFO - Running: ['***', 'tasks', 'run', 'example_bash_operator', 'this_will_skip', 'scheduled__2024-11-03T00:00:00+00:00', '--job-id', '9', '--raw', '--subdir', '/home/***/.local/lib/python3.12/site-packages/***/example_dags/example_bash_operator.py', '--cfg-path', '/tmp/tmpi7c05vbn']
[2024-11-04T14:46:49.080+0000] {standard_task_runner.py:105} INFO - Job 9: Subtask this_will_skip
[2024-11-04T14:46:49.521+0000] {task_command.py:467} INFO - Running <TaskInstance: example_bash_operator.this_will_skip scheduled__2024-11-03T00:00:00+00:00 [running]> on host 3a4fba066ec8
[2024-11-04T14:46:50.063+0000] {taskinstance.py:3131} INFO - Exporting env vars: AIRFLOW_CTX_DAG_OWNER='***' AIRFLOW_CTX_DAG_ID='example_bash_operator' AIRFLOW_CTX_TASK_ID='this_will_skip' AIRFLOW_CTX_EXECUTION_DATE='2024-11-03T00:00:00+00:00' AIRFLOW_CTX_TRY_NUMBER='1' AIRFLOW_CTX_DAG_RUN_ID='scheduled__2024-11-03T00:00:00+00:00'
[2024-11-04T14:46:50.066+0000] {logging_mixin.py:190} INFO - Task instance is in running state
[2024-11-04T14:46:50.067+0000] {logging_mixin.py:190} INFO -  Previous state of the Task instance: queued
[2024-11-04T14:46:50.068+0000] {logging_mixin.py:190} INFO - Current task name:this_will_skip state:running start_date:2024-11-04 14:46:48.902973+00:00
[2024-11-04T14:46:50.069+0000] {logging_mixin.py:190} INFO - Dag name:example_bash_operator and current dag run status:running
[2024-11-04T14:46:50.070+0000] {taskinstance.py:731} INFO - ::endgroup::
[2024-11-04T14:46:50.072+0000] {subprocess.py:63} INFO - Tmp dir root location: /tmp
[2024-11-04T14:46:50.074+0000] {subprocess.py:75} INFO - Running command: ['/usr/bin/bash', '-c', 'echo "hello world"; exit 99;']
[2024-11-04T14:46:50.101+0000] {subprocess.py:86} INFO - Output:
[2024-11-04T14:46:50.103+0000] {subprocess.py:93} INFO - hello world
[2024-11-04T14:46:50.104+0000] {subprocess.py:97} INFO - Command exited with return code 99
[2024-11-04T14:46:50.106+0000] {taskinstance.py:301} INFO - Bash command returned exit code 99. Skipping.
[2024-11-04T14:46:50.136+0000] {taskinstance.py:340} INFO - ::group::Post task execution logs
[2024-11-04T14:46:50.138+0000] {taskinstance.py:352} INFO - Marking task as SKIPPED. dag_id=example_bash_operator, task_id=this_will_skip, run_id=scheduled__2024-11-03T00:00:00+00:00, execution_date=20241103T000000, start_date=20241104T144648, end_date=20241104T144650
[2024-11-04T14:46:50.211+0000] {local_task_job_runner.py:266} INFO - Task exited with return code 0
[2024-11-04T14:46:50.250+0000] {taskinstance.py:3900} INFO - 0 downstream tasks scheduled from follow-on schedule check
[2024-11-04T14:46:50.256+0000] {local_task_job_runner.py:245} INFO - ::endgroup::
