[2024-11-06T16:02:41.899+0000] {processor.py:186} INFO - Started process (PID=73) to work on /opt/airflow/dags/subdags/subdag_transforms.py
[2024-11-06T16:02:41.911+0000] {processor.py:914} INFO - Processing file /opt/airflow/dags/subdags/subdag_transforms.py for tasks to queue
[2024-11-06T16:02:41.928+0000] {logging_mixin.py:190} INFO - [2024-11-06T16:02:41.927+0000] {dagbag.py:588} INFO - Filling up the DagBag from /opt/airflow/dags/subdags/subdag_transforms.py
[2024-11-06T16:02:42.004+0000] {processor.py:927} WARNING - No viable dags retrieved from /opt/airflow/dags/subdags/subdag_transforms.py
[2024-11-06T16:02:42.033+0000] {processor.py:208} INFO - Processing /opt/airflow/dags/subdags/subdag_transforms.py took 0.181 seconds
[2024-11-06T16:03:12.459+0000] {processor.py:186} INFO - Started process (PID=90) to work on /opt/airflow/dags/subdags/subdag_transforms.py
[2024-11-06T16:03:12.461+0000] {processor.py:914} INFO - Processing file /opt/airflow/dags/subdags/subdag_transforms.py for tasks to queue
[2024-11-06T16:03:12.464+0000] {logging_mixin.py:190} INFO - [2024-11-06T16:03:12.463+0000] {dagbag.py:588} INFO - Filling up the DagBag from /opt/airflow/dags/subdags/subdag_transforms.py
[2024-11-06T16:03:12.485+0000] {processor.py:927} WARNING - No viable dags retrieved from /opt/airflow/dags/subdags/subdag_transforms.py
[2024-11-06T16:03:12.499+0000] {processor.py:208} INFO - Processing /opt/airflow/dags/subdags/subdag_transforms.py took 0.051 seconds
[2024-11-06T16:03:43.365+0000] {processor.py:186} INFO - Started process (PID=107) to work on /opt/airflow/dags/subdags/subdag_transforms.py
[2024-11-06T16:03:43.367+0000] {processor.py:914} INFO - Processing file /opt/airflow/dags/subdags/subdag_transforms.py for tasks to queue
[2024-11-06T16:03:43.370+0000] {logging_mixin.py:190} INFO - [2024-11-06T16:03:43.369+0000] {dagbag.py:588} INFO - Filling up the DagBag from /opt/airflow/dags/subdags/subdag_transforms.py
[2024-11-06T16:03:43.398+0000] {processor.py:927} WARNING - No viable dags retrieved from /opt/airflow/dags/subdags/subdag_transforms.py
[2024-11-06T16:03:43.438+0000] {processor.py:208} INFO - Processing /opt/airflow/dags/subdags/subdag_transforms.py took 0.083 seconds
[2024-11-06T16:04:14.480+0000] {processor.py:186} INFO - Started process (PID=123) to work on /opt/airflow/dags/subdags/subdag_transforms.py
[2024-11-06T16:04:14.481+0000] {processor.py:914} INFO - Processing file /opt/airflow/dags/subdags/subdag_transforms.py for tasks to queue
[2024-11-06T16:04:14.485+0000] {logging_mixin.py:190} INFO - [2024-11-06T16:04:14.484+0000] {dagbag.py:588} INFO - Filling up the DagBag from /opt/airflow/dags/subdags/subdag_transforms.py
[2024-11-06T16:04:14.503+0000] {processor.py:927} WARNING - No viable dags retrieved from /opt/airflow/dags/subdags/subdag_transforms.py
[2024-11-06T16:04:14.522+0000] {processor.py:208} INFO - Processing /opt/airflow/dags/subdags/subdag_transforms.py took 0.053 seconds
[2024-11-06T16:04:44.592+0000] {processor.py:186} INFO - Started process (PID=139) to work on /opt/airflow/dags/subdags/subdag_transforms.py
[2024-11-06T16:04:44.593+0000] {processor.py:914} INFO - Processing file /opt/airflow/dags/subdags/subdag_transforms.py for tasks to queue
[2024-11-06T16:04:44.596+0000] {logging_mixin.py:190} INFO - [2024-11-06T16:04:44.596+0000] {dagbag.py:588} INFO - Filling up the DagBag from /opt/airflow/dags/subdags/subdag_transforms.py
[2024-11-06T16:04:44.613+0000] {processor.py:927} WARNING - No viable dags retrieved from /opt/airflow/dags/subdags/subdag_transforms.py
[2024-11-06T16:04:44.626+0000] {processor.py:208} INFO - Processing /opt/airflow/dags/subdags/subdag_transforms.py took 0.040 seconds
[2024-11-06T16:06:51.718+0000] {processor.py:186} INFO - Started process (PID=74) to work on /opt/airflow/dags/subdags/subdag_transforms.py
[2024-11-06T16:06:51.720+0000] {processor.py:914} INFO - Processing file /opt/airflow/dags/subdags/subdag_transforms.py for tasks to queue
[2024-11-06T16:06:51.726+0000] {logging_mixin.py:190} INFO - [2024-11-06T16:06:51.725+0000] {dagbag.py:588} INFO - Filling up the DagBag from /opt/airflow/dags/subdags/subdag_transforms.py
[2024-11-06T16:06:51.761+0000] {processor.py:927} WARNING - No viable dags retrieved from /opt/airflow/dags/subdags/subdag_transforms.py
[2024-11-06T16:06:51.791+0000] {processor.py:208} INFO - Processing /opt/airflow/dags/subdags/subdag_transforms.py took 0.092 seconds
[2024-11-06T16:07:22.423+0000] {processor.py:186} INFO - Started process (PID=91) to work on /opt/airflow/dags/subdags/subdag_transforms.py
[2024-11-06T16:07:22.425+0000] {processor.py:914} INFO - Processing file /opt/airflow/dags/subdags/subdag_transforms.py for tasks to queue
[2024-11-06T16:07:22.428+0000] {logging_mixin.py:190} INFO - [2024-11-06T16:07:22.427+0000] {dagbag.py:588} INFO - Filling up the DagBag from /opt/airflow/dags/subdags/subdag_transforms.py
[2024-11-06T16:07:22.445+0000] {processor.py:927} WARNING - No viable dags retrieved from /opt/airflow/dags/subdags/subdag_transforms.py
[2024-11-06T16:07:22.459+0000] {processor.py:208} INFO - Processing /opt/airflow/dags/subdags/subdag_transforms.py took 0.042 seconds
[2024-11-06T16:07:52.603+0000] {processor.py:186} INFO - Started process (PID=108) to work on /opt/airflow/dags/subdags/subdag_transforms.py
[2024-11-06T16:07:52.604+0000] {processor.py:914} INFO - Processing file /opt/airflow/dags/subdags/subdag_transforms.py for tasks to queue
[2024-11-06T16:07:52.608+0000] {logging_mixin.py:190} INFO - [2024-11-06T16:07:52.607+0000] {dagbag.py:588} INFO - Filling up the DagBag from /opt/airflow/dags/subdags/subdag_transforms.py
[2024-11-06T16:07:52.627+0000] {processor.py:927} WARNING - No viable dags retrieved from /opt/airflow/dags/subdags/subdag_transforms.py
[2024-11-06T16:07:52.640+0000] {processor.py:208} INFO - Processing /opt/airflow/dags/subdags/subdag_transforms.py took 0.044 seconds
[2024-11-06T16:08:23.202+0000] {processor.py:186} INFO - Started process (PID=126) to work on /opt/airflow/dags/subdags/subdag_transforms.py
[2024-11-06T16:08:23.204+0000] {processor.py:914} INFO - Processing file /opt/airflow/dags/subdags/subdag_transforms.py for tasks to queue
[2024-11-06T16:08:23.206+0000] {logging_mixin.py:190} INFO - [2024-11-06T16:08:23.206+0000] {dagbag.py:588} INFO - Filling up the DagBag from /opt/airflow/dags/subdags/subdag_transforms.py
[2024-11-06T16:08:23.223+0000] {processor.py:927} WARNING - No viable dags retrieved from /opt/airflow/dags/subdags/subdag_transforms.py
[2024-11-06T16:08:23.238+0000] {processor.py:208} INFO - Processing /opt/airflow/dags/subdags/subdag_transforms.py took 0.044 seconds
[2024-11-06T16:08:53.545+0000] {processor.py:186} INFO - Started process (PID=143) to work on /opt/airflow/dags/subdags/subdag_transforms.py
[2024-11-06T16:08:53.546+0000] {processor.py:914} INFO - Processing file /opt/airflow/dags/subdags/subdag_transforms.py for tasks to queue
[2024-11-06T16:08:53.550+0000] {logging_mixin.py:190} INFO - [2024-11-06T16:08:53.549+0000] {dagbag.py:588} INFO - Filling up the DagBag from /opt/airflow/dags/subdags/subdag_transforms.py
[2024-11-06T16:08:53.569+0000] {processor.py:927} WARNING - No viable dags retrieved from /opt/airflow/dags/subdags/subdag_transforms.py
[2024-11-06T16:08:53.582+0000] {processor.py:208} INFO - Processing /opt/airflow/dags/subdags/subdag_transforms.py took 0.045 seconds
[2024-11-06T16:09:23.648+0000] {processor.py:186} INFO - Started process (PID=163) to work on /opt/airflow/dags/subdags/subdag_transforms.py
[2024-11-06T16:09:23.649+0000] {processor.py:914} INFO - Processing file /opt/airflow/dags/subdags/subdag_transforms.py for tasks to queue
[2024-11-06T16:09:23.653+0000] {logging_mixin.py:190} INFO - [2024-11-06T16:09:23.652+0000] {dagbag.py:588} INFO - Filling up the DagBag from /opt/airflow/dags/subdags/subdag_transforms.py
[2024-11-06T16:09:23.670+0000] {processor.py:927} WARNING - No viable dags retrieved from /opt/airflow/dags/subdags/subdag_transforms.py
[2024-11-06T16:09:23.682+0000] {processor.py:208} INFO - Processing /opt/airflow/dags/subdags/subdag_transforms.py took 0.040 seconds
[2024-11-06T16:09:53.881+0000] {processor.py:186} INFO - Started process (PID=180) to work on /opt/airflow/dags/subdags/subdag_transforms.py
[2024-11-06T16:09:53.882+0000] {processor.py:914} INFO - Processing file /opt/airflow/dags/subdags/subdag_transforms.py for tasks to queue
[2024-11-06T16:09:53.885+0000] {logging_mixin.py:190} INFO - [2024-11-06T16:09:53.885+0000] {dagbag.py:588} INFO - Filling up the DagBag from /opt/airflow/dags/subdags/subdag_transforms.py
[2024-11-06T16:09:53.903+0000] {processor.py:927} WARNING - No viable dags retrieved from /opt/airflow/dags/subdags/subdag_transforms.py
[2024-11-06T16:09:53.918+0000] {processor.py:208} INFO - Processing /opt/airflow/dags/subdags/subdag_transforms.py took 0.044 seconds
[2024-11-06T16:10:24.829+0000] {processor.py:186} INFO - Started process (PID=196) to work on /opt/airflow/dags/subdags/subdag_transforms.py
[2024-11-06T16:10:24.831+0000] {processor.py:914} INFO - Processing file /opt/airflow/dags/subdags/subdag_transforms.py for tasks to queue
[2024-11-06T16:10:24.832+0000] {logging_mixin.py:190} INFO - [2024-11-06T16:10:24.832+0000] {dagbag.py:588} INFO - Filling up the DagBag from /opt/airflow/dags/subdags/subdag_transforms.py
[2024-11-06T16:10:24.853+0000] {processor.py:927} WARNING - No viable dags retrieved from /opt/airflow/dags/subdags/subdag_transforms.py
[2024-11-06T16:10:24.867+0000] {processor.py:208} INFO - Processing /opt/airflow/dags/subdags/subdag_transforms.py took 0.046 seconds
[2024-11-06T16:10:55.390+0000] {processor.py:186} INFO - Started process (PID=212) to work on /opt/airflow/dags/subdags/subdag_transforms.py
[2024-11-06T16:10:55.391+0000] {processor.py:914} INFO - Processing file /opt/airflow/dags/subdags/subdag_transforms.py for tasks to queue
[2024-11-06T16:10:55.393+0000] {logging_mixin.py:190} INFO - [2024-11-06T16:10:55.392+0000] {dagbag.py:588} INFO - Filling up the DagBag from /opt/airflow/dags/subdags/subdag_transforms.py
[2024-11-06T16:10:55.410+0000] {processor.py:927} WARNING - No viable dags retrieved from /opt/airflow/dags/subdags/subdag_transforms.py
[2024-11-06T16:10:55.424+0000] {processor.py:208} INFO - Processing /opt/airflow/dags/subdags/subdag_transforms.py took 0.041 seconds
[2024-11-06T16:11:25.534+0000] {processor.py:186} INFO - Started process (PID=229) to work on /opt/airflow/dags/subdags/subdag_transforms.py
[2024-11-06T16:11:25.535+0000] {processor.py:914} INFO - Processing file /opt/airflow/dags/subdags/subdag_transforms.py for tasks to queue
[2024-11-06T16:11:25.536+0000] {logging_mixin.py:190} INFO - [2024-11-06T16:11:25.536+0000] {dagbag.py:588} INFO - Filling up the DagBag from /opt/airflow/dags/subdags/subdag_transforms.py
[2024-11-06T16:11:25.553+0000] {processor.py:927} WARNING - No viable dags retrieved from /opt/airflow/dags/subdags/subdag_transforms.py
[2024-11-06T16:11:25.566+0000] {processor.py:208} INFO - Processing /opt/airflow/dags/subdags/subdag_transforms.py took 0.040 seconds
[2024-11-06T16:11:56.259+0000] {processor.py:186} INFO - Started process (PID=248) to work on /opt/airflow/dags/subdags/subdag_transforms.py
[2024-11-06T16:11:56.260+0000] {processor.py:914} INFO - Processing file /opt/airflow/dags/subdags/subdag_transforms.py for tasks to queue
[2024-11-06T16:11:56.261+0000] {logging_mixin.py:190} INFO - [2024-11-06T16:11:56.261+0000] {dagbag.py:588} INFO - Filling up the DagBag from /opt/airflow/dags/subdags/subdag_transforms.py
[2024-11-06T16:11:56.278+0000] {processor.py:927} WARNING - No viable dags retrieved from /opt/airflow/dags/subdags/subdag_transforms.py
[2024-11-06T16:11:56.290+0000] {processor.py:208} INFO - Processing /opt/airflow/dags/subdags/subdag_transforms.py took 0.038 seconds
[2024-11-06T16:12:26.619+0000] {processor.py:186} INFO - Started process (PID=265) to work on /opt/airflow/dags/subdags/subdag_transforms.py
[2024-11-06T16:12:26.620+0000] {processor.py:914} INFO - Processing file /opt/airflow/dags/subdags/subdag_transforms.py for tasks to queue
[2024-11-06T16:12:26.621+0000] {logging_mixin.py:190} INFO - [2024-11-06T16:12:26.621+0000] {dagbag.py:588} INFO - Filling up the DagBag from /opt/airflow/dags/subdags/subdag_transforms.py
[2024-11-06T16:12:26.638+0000] {processor.py:927} WARNING - No viable dags retrieved from /opt/airflow/dags/subdags/subdag_transforms.py
[2024-11-06T16:12:26.651+0000] {processor.py:208} INFO - Processing /opt/airflow/dags/subdags/subdag_transforms.py took 0.040 seconds
[2024-11-06T16:12:56.992+0000] {processor.py:186} INFO - Started process (PID=284) to work on /opt/airflow/dags/subdags/subdag_transforms.py
[2024-11-06T16:12:56.993+0000] {processor.py:914} INFO - Processing file /opt/airflow/dags/subdags/subdag_transforms.py for tasks to queue
[2024-11-06T16:12:56.995+0000] {logging_mixin.py:190} INFO - [2024-11-06T16:12:56.994+0000] {dagbag.py:588} INFO - Filling up the DagBag from /opt/airflow/dags/subdags/subdag_transforms.py
[2024-11-06T16:12:57.011+0000] {processor.py:927} WARNING - No viable dags retrieved from /opt/airflow/dags/subdags/subdag_transforms.py
[2024-11-06T16:12:57.023+0000] {processor.py:208} INFO - Processing /opt/airflow/dags/subdags/subdag_transforms.py took 0.038 seconds
[2024-11-06T16:13:27.319+0000] {processor.py:186} INFO - Started process (PID=301) to work on /opt/airflow/dags/subdags/subdag_transforms.py
[2024-11-06T16:13:27.320+0000] {processor.py:914} INFO - Processing file /opt/airflow/dags/subdags/subdag_transforms.py for tasks to queue
[2024-11-06T16:13:27.322+0000] {logging_mixin.py:190} INFO - [2024-11-06T16:13:27.321+0000] {dagbag.py:588} INFO - Filling up the DagBag from /opt/airflow/dags/subdags/subdag_transforms.py
[2024-11-06T16:13:27.343+0000] {processor.py:927} WARNING - No viable dags retrieved from /opt/airflow/dags/subdags/subdag_transforms.py
[2024-11-06T16:13:27.358+0000] {processor.py:208} INFO - Processing /opt/airflow/dags/subdags/subdag_transforms.py took 0.046 seconds
[2024-11-06T16:13:57.625+0000] {processor.py:186} INFO - Started process (PID=318) to work on /opt/airflow/dags/subdags/subdag_transforms.py
[2024-11-06T16:13:57.626+0000] {processor.py:914} INFO - Processing file /opt/airflow/dags/subdags/subdag_transforms.py for tasks to queue
[2024-11-06T16:13:57.629+0000] {logging_mixin.py:190} INFO - [2024-11-06T16:13:57.629+0000] {dagbag.py:588} INFO - Filling up the DagBag from /opt/airflow/dags/subdags/subdag_transforms.py
[2024-11-06T16:13:57.650+0000] {processor.py:927} WARNING - No viable dags retrieved from /opt/airflow/dags/subdags/subdag_transforms.py
[2024-11-06T16:13:57.663+0000] {processor.py:208} INFO - Processing /opt/airflow/dags/subdags/subdag_transforms.py took 0.046 seconds
[2024-11-06T16:14:28.482+0000] {processor.py:186} INFO - Started process (PID=337) to work on /opt/airflow/dags/subdags/subdag_transforms.py
[2024-11-06T16:14:28.483+0000] {processor.py:914} INFO - Processing file /opt/airflow/dags/subdags/subdag_transforms.py for tasks to queue
[2024-11-06T16:14:28.485+0000] {logging_mixin.py:190} INFO - [2024-11-06T16:14:28.485+0000] {dagbag.py:588} INFO - Filling up the DagBag from /opt/airflow/dags/subdags/subdag_transforms.py
[2024-11-06T16:14:28.501+0000] {processor.py:927} WARNING - No viable dags retrieved from /opt/airflow/dags/subdags/subdag_transforms.py
[2024-11-06T16:14:28.513+0000] {processor.py:208} INFO - Processing /opt/airflow/dags/subdags/subdag_transforms.py took 0.037 seconds
[2024-11-06T16:14:58.766+0000] {processor.py:186} INFO - Started process (PID=354) to work on /opt/airflow/dags/subdags/subdag_transforms.py
[2024-11-06T16:14:58.767+0000] {processor.py:914} INFO - Processing file /opt/airflow/dags/subdags/subdag_transforms.py for tasks to queue
[2024-11-06T16:14:58.769+0000] {logging_mixin.py:190} INFO - [2024-11-06T16:14:58.768+0000] {dagbag.py:588} INFO - Filling up the DagBag from /opt/airflow/dags/subdags/subdag_transforms.py
[2024-11-06T16:14:58.783+0000] {processor.py:927} WARNING - No viable dags retrieved from /opt/airflow/dags/subdags/subdag_transforms.py
[2024-11-06T16:14:58.796+0000] {processor.py:208} INFO - Processing /opt/airflow/dags/subdags/subdag_transforms.py took 0.035 seconds
[2024-11-06T16:15:29.188+0000] {processor.py:186} INFO - Started process (PID=375) to work on /opt/airflow/dags/subdags/subdag_transforms.py
[2024-11-06T16:15:29.190+0000] {processor.py:914} INFO - Processing file /opt/airflow/dags/subdags/subdag_transforms.py for tasks to queue
[2024-11-06T16:15:29.191+0000] {logging_mixin.py:190} INFO - [2024-11-06T16:15:29.191+0000] {dagbag.py:588} INFO - Filling up the DagBag from /opt/airflow/dags/subdags/subdag_transforms.py
[2024-11-06T16:15:29.210+0000] {processor.py:927} WARNING - No viable dags retrieved from /opt/airflow/dags/subdags/subdag_transforms.py
[2024-11-06T16:15:29.223+0000] {processor.py:208} INFO - Processing /opt/airflow/dags/subdags/subdag_transforms.py took 0.042 seconds
[2024-11-06T16:15:59.694+0000] {processor.py:186} INFO - Started process (PID=395) to work on /opt/airflow/dags/subdags/subdag_transforms.py
[2024-11-06T16:15:59.695+0000] {processor.py:914} INFO - Processing file /opt/airflow/dags/subdags/subdag_transforms.py for tasks to queue
[2024-11-06T16:15:59.697+0000] {logging_mixin.py:190} INFO - [2024-11-06T16:15:59.696+0000] {dagbag.py:588} INFO - Filling up the DagBag from /opt/airflow/dags/subdags/subdag_transforms.py
[2024-11-06T16:15:59.712+0000] {processor.py:927} WARNING - No viable dags retrieved from /opt/airflow/dags/subdags/subdag_transforms.py
[2024-11-06T16:15:59.724+0000] {processor.py:208} INFO - Processing /opt/airflow/dags/subdags/subdag_transforms.py took 0.037 seconds
[2024-11-06T16:16:29.958+0000] {processor.py:186} INFO - Started process (PID=412) to work on /opt/airflow/dags/subdags/subdag_transforms.py
[2024-11-06T16:16:29.959+0000] {processor.py:914} INFO - Processing file /opt/airflow/dags/subdags/subdag_transforms.py for tasks to queue
[2024-11-06T16:16:29.961+0000] {logging_mixin.py:190} INFO - [2024-11-06T16:16:29.961+0000] {dagbag.py:588} INFO - Filling up the DagBag from /opt/airflow/dags/subdags/subdag_transforms.py
[2024-11-06T16:16:29.980+0000] {processor.py:927} WARNING - No viable dags retrieved from /opt/airflow/dags/subdags/subdag_transforms.py
[2024-11-06T16:16:29.993+0000] {processor.py:208} INFO - Processing /opt/airflow/dags/subdags/subdag_transforms.py took 0.042 seconds
[2024-11-06T16:17:00.370+0000] {processor.py:186} INFO - Started process (PID=430) to work on /opt/airflow/dags/subdags/subdag_transforms.py
[2024-11-06T16:17:00.372+0000] {processor.py:914} INFO - Processing file /opt/airflow/dags/subdags/subdag_transforms.py for tasks to queue
[2024-11-06T16:17:00.374+0000] {logging_mixin.py:190} INFO - [2024-11-06T16:17:00.374+0000] {dagbag.py:588} INFO - Filling up the DagBag from /opt/airflow/dags/subdags/subdag_transforms.py
[2024-11-06T16:17:00.395+0000] {processor.py:927} WARNING - No viable dags retrieved from /opt/airflow/dags/subdags/subdag_transforms.py
[2024-11-06T16:17:00.410+0000] {processor.py:208} INFO - Processing /opt/airflow/dags/subdags/subdag_transforms.py took 0.047 seconds
[2024-11-06T16:17:30.587+0000] {processor.py:186} INFO - Started process (PID=447) to work on /opt/airflow/dags/subdags/subdag_transforms.py
[2024-11-06T16:17:30.588+0000] {processor.py:914} INFO - Processing file /opt/airflow/dags/subdags/subdag_transforms.py for tasks to queue
[2024-11-06T16:17:30.590+0000] {logging_mixin.py:190} INFO - [2024-11-06T16:17:30.590+0000] {dagbag.py:588} INFO - Filling up the DagBag from /opt/airflow/dags/subdags/subdag_transforms.py
[2024-11-06T16:17:30.606+0000] {processor.py:927} WARNING - No viable dags retrieved from /opt/airflow/dags/subdags/subdag_transforms.py
[2024-11-06T16:17:30.619+0000] {processor.py:208} INFO - Processing /opt/airflow/dags/subdags/subdag_transforms.py took 0.040 seconds
[2024-11-06T16:18:01.598+0000] {processor.py:186} INFO - Started process (PID=467) to work on /opt/airflow/dags/subdags/subdag_transforms.py
[2024-11-06T16:18:01.599+0000] {processor.py:914} INFO - Processing file /opt/airflow/dags/subdags/subdag_transforms.py for tasks to queue
[2024-11-06T16:18:01.602+0000] {logging_mixin.py:190} INFO - [2024-11-06T16:18:01.601+0000] {dagbag.py:588} INFO - Filling up the DagBag from /opt/airflow/dags/subdags/subdag_transforms.py
[2024-11-06T16:18:01.619+0000] {processor.py:927} WARNING - No viable dags retrieved from /opt/airflow/dags/subdags/subdag_transforms.py
[2024-11-06T16:18:01.630+0000] {processor.py:208} INFO - Processing /opt/airflow/dags/subdags/subdag_transforms.py took 0.039 seconds
[2024-11-06T16:18:31.910+0000] {processor.py:186} INFO - Started process (PID=489) to work on /opt/airflow/dags/subdags/subdag_transforms.py
[2024-11-06T16:18:31.911+0000] {processor.py:914} INFO - Processing file /opt/airflow/dags/subdags/subdag_transforms.py for tasks to queue
[2024-11-06T16:18:31.913+0000] {logging_mixin.py:190} INFO - [2024-11-06T16:18:31.912+0000] {dagbag.py:588} INFO - Filling up the DagBag from /opt/airflow/dags/subdags/subdag_transforms.py
[2024-11-06T16:18:31.931+0000] {processor.py:927} WARNING - No viable dags retrieved from /opt/airflow/dags/subdags/subdag_transforms.py
[2024-11-06T16:18:31.945+0000] {processor.py:208} INFO - Processing /opt/airflow/dags/subdags/subdag_transforms.py took 0.042 seconds
[2024-11-06T16:19:02.365+0000] {processor.py:186} INFO - Started process (PID=506) to work on /opt/airflow/dags/subdags/subdag_transforms.py
[2024-11-06T16:19:02.366+0000] {processor.py:914} INFO - Processing file /opt/airflow/dags/subdags/subdag_transforms.py for tasks to queue
[2024-11-06T16:19:02.367+0000] {logging_mixin.py:190} INFO - [2024-11-06T16:19:02.367+0000] {dagbag.py:588} INFO - Filling up the DagBag from /opt/airflow/dags/subdags/subdag_transforms.py
[2024-11-06T16:19:02.382+0000] {processor.py:927} WARNING - No viable dags retrieved from /opt/airflow/dags/subdags/subdag_transforms.py
[2024-11-06T16:19:02.395+0000] {processor.py:208} INFO - Processing /opt/airflow/dags/subdags/subdag_transforms.py took 0.036 seconds
[2024-11-06T16:26:53.299+0000] {processor.py:186} INFO - Started process (PID=748) to work on /opt/airflow/dags/subdags/subdag_transforms.py
[2024-11-06T16:26:53.301+0000] {processor.py:914} INFO - Processing file /opt/airflow/dags/subdags/subdag_transforms.py for tasks to queue
[2024-11-06T16:26:53.302+0000] {logging_mixin.py:190} INFO - [2024-11-06T16:26:53.302+0000] {dagbag.py:588} INFO - Filling up the DagBag from /opt/airflow/dags/subdags/subdag_transforms.py
[2024-11-06T16:26:53.336+0000] {processor.py:927} WARNING - No viable dags retrieved from /opt/airflow/dags/subdags/subdag_transforms.py
[2024-11-06T16:26:53.351+0000] {processor.py:208} INFO - Processing /opt/airflow/dags/subdags/subdag_transforms.py took 0.060 seconds
[2024-11-06T16:27:24.848+0000] {processor.py:186} INFO - Started process (PID=772) to work on /opt/airflow/dags/subdags/subdag_transforms.py
[2024-11-06T16:27:24.849+0000] {processor.py:914} INFO - Processing file /opt/airflow/dags/subdags/subdag_transforms.py for tasks to queue
[2024-11-06T16:27:24.851+0000] {logging_mixin.py:190} INFO - [2024-11-06T16:27:24.850+0000] {dagbag.py:588} INFO - Filling up the DagBag from /opt/airflow/dags/subdags/subdag_transforms.py
[2024-11-06T16:27:24.873+0000] {processor.py:927} WARNING - No viable dags retrieved from /opt/airflow/dags/subdags/subdag_transforms.py
[2024-11-06T16:27:24.895+0000] {processor.py:208} INFO - Processing /opt/airflow/dags/subdags/subdag_transforms.py took 0.056 seconds
[2024-11-06T16:27:55.310+0000] {processor.py:186} INFO - Started process (PID=790) to work on /opt/airflow/dags/subdags/subdag_transforms.py
[2024-11-06T16:27:55.312+0000] {processor.py:914} INFO - Processing file /opt/airflow/dags/subdags/subdag_transforms.py for tasks to queue
[2024-11-06T16:27:55.317+0000] {logging_mixin.py:190} INFO - [2024-11-06T16:27:55.316+0000] {dagbag.py:588} INFO - Filling up the DagBag from /opt/airflow/dags/subdags/subdag_transforms.py
[2024-11-06T16:27:55.341+0000] {processor.py:927} WARNING - No viable dags retrieved from /opt/airflow/dags/subdags/subdag_transforms.py
[2024-11-06T16:27:55.369+0000] {processor.py:208} INFO - Processing /opt/airflow/dags/subdags/subdag_transforms.py took 0.072 seconds
[2024-11-06T16:28:26.239+0000] {processor.py:186} INFO - Started process (PID=810) to work on /opt/airflow/dags/subdags/subdag_transforms.py
[2024-11-06T16:28:26.240+0000] {processor.py:914} INFO - Processing file /opt/airflow/dags/subdags/subdag_transforms.py for tasks to queue
[2024-11-06T16:28:26.242+0000] {logging_mixin.py:190} INFO - [2024-11-06T16:28:26.242+0000] {dagbag.py:588} INFO - Filling up the DagBag from /opt/airflow/dags/subdags/subdag_transforms.py
[2024-11-06T16:28:26.258+0000] {processor.py:927} WARNING - No viable dags retrieved from /opt/airflow/dags/subdags/subdag_transforms.py
[2024-11-06T16:28:26.271+0000] {processor.py:208} INFO - Processing /opt/airflow/dags/subdags/subdag_transforms.py took 0.039 seconds
[2024-11-06T16:28:56.678+0000] {processor.py:186} INFO - Started process (PID=827) to work on /opt/airflow/dags/subdags/subdag_transforms.py
[2024-11-06T16:28:56.679+0000] {processor.py:914} INFO - Processing file /opt/airflow/dags/subdags/subdag_transforms.py for tasks to queue
[2024-11-06T16:28:56.681+0000] {logging_mixin.py:190} INFO - [2024-11-06T16:28:56.680+0000] {dagbag.py:588} INFO - Filling up the DagBag from /opt/airflow/dags/subdags/subdag_transforms.py
[2024-11-06T16:28:56.700+0000] {processor.py:927} WARNING - No viable dags retrieved from /opt/airflow/dags/subdags/subdag_transforms.py
[2024-11-06T16:28:56.719+0000] {processor.py:208} INFO - Processing /opt/airflow/dags/subdags/subdag_transforms.py took 0.050 seconds
[2024-11-06T16:29:26.985+0000] {processor.py:186} INFO - Started process (PID=845) to work on /opt/airflow/dags/subdags/subdag_transforms.py
[2024-11-06T16:29:26.986+0000] {processor.py:914} INFO - Processing file /opt/airflow/dags/subdags/subdag_transforms.py for tasks to queue
[2024-11-06T16:29:26.987+0000] {logging_mixin.py:190} INFO - [2024-11-06T16:29:26.987+0000] {dagbag.py:588} INFO - Filling up the DagBag from /opt/airflow/dags/subdags/subdag_transforms.py
[2024-11-06T16:29:27.003+0000] {processor.py:927} WARNING - No viable dags retrieved from /opt/airflow/dags/subdags/subdag_transforms.py
[2024-11-06T16:29:27.016+0000] {processor.py:208} INFO - Processing /opt/airflow/dags/subdags/subdag_transforms.py took 0.040 seconds
[2024-11-06T16:29:57.258+0000] {processor.py:186} INFO - Started process (PID=862) to work on /opt/airflow/dags/subdags/subdag_transforms.py
[2024-11-06T16:29:57.259+0000] {processor.py:914} INFO - Processing file /opt/airflow/dags/subdags/subdag_transforms.py for tasks to queue
[2024-11-06T16:29:57.261+0000] {logging_mixin.py:190} INFO - [2024-11-06T16:29:57.260+0000] {dagbag.py:588} INFO - Filling up the DagBag from /opt/airflow/dags/subdags/subdag_transforms.py
[2024-11-06T16:29:57.280+0000] {processor.py:927} WARNING - No viable dags retrieved from /opt/airflow/dags/subdags/subdag_transforms.py
[2024-11-06T16:29:57.294+0000] {processor.py:208} INFO - Processing /opt/airflow/dags/subdags/subdag_transforms.py took 0.043 seconds
[2024-11-06T16:30:27.419+0000] {processor.py:186} INFO - Started process (PID=881) to work on /opt/airflow/dags/subdags/subdag_transforms.py
[2024-11-06T16:30:27.420+0000] {processor.py:914} INFO - Processing file /opt/airflow/dags/subdags/subdag_transforms.py for tasks to queue
[2024-11-06T16:30:27.422+0000] {logging_mixin.py:190} INFO - [2024-11-06T16:30:27.421+0000] {dagbag.py:588} INFO - Filling up the DagBag from /opt/airflow/dags/subdags/subdag_transforms.py
[2024-11-06T16:30:27.445+0000] {processor.py:927} WARNING - No viable dags retrieved from /opt/airflow/dags/subdags/subdag_transforms.py
[2024-11-06T16:30:27.470+0000] {processor.py:208} INFO - Processing /opt/airflow/dags/subdags/subdag_transforms.py took 0.062 seconds
[2024-11-06T16:30:57.696+0000] {processor.py:186} INFO - Started process (PID=908) to work on /opt/airflow/dags/subdags/subdag_transforms.py
[2024-11-06T16:30:57.697+0000] {processor.py:914} INFO - Processing file /opt/airflow/dags/subdags/subdag_transforms.py for tasks to queue
[2024-11-06T16:30:57.700+0000] {logging_mixin.py:190} INFO - [2024-11-06T16:30:57.700+0000] {dagbag.py:588} INFO - Filling up the DagBag from /opt/airflow/dags/subdags/subdag_transforms.py
[2024-11-06T16:30:57.718+0000] {processor.py:927} WARNING - No viable dags retrieved from /opt/airflow/dags/subdags/subdag_transforms.py
[2024-11-06T16:30:57.734+0000] {processor.py:208} INFO - Processing /opt/airflow/dags/subdags/subdag_transforms.py took 0.045 seconds
[2024-11-06T16:31:28.006+0000] {processor.py:186} INFO - Started process (PID=925) to work on /opt/airflow/dags/subdags/subdag_transforms.py
[2024-11-06T16:31:28.007+0000] {processor.py:914} INFO - Processing file /opt/airflow/dags/subdags/subdag_transforms.py for tasks to queue
[2024-11-06T16:31:28.008+0000] {logging_mixin.py:190} INFO - [2024-11-06T16:31:28.008+0000] {dagbag.py:588} INFO - Filling up the DagBag from /opt/airflow/dags/subdags/subdag_transforms.py
[2024-11-06T16:31:28.029+0000] {processor.py:927} WARNING - No viable dags retrieved from /opt/airflow/dags/subdags/subdag_transforms.py
[2024-11-06T16:31:28.042+0000] {processor.py:208} INFO - Processing /opt/airflow/dags/subdags/subdag_transforms.py took 0.044 seconds
[2024-11-06T16:31:58.232+0000] {processor.py:186} INFO - Started process (PID=955) to work on /opt/airflow/dags/subdags/subdag_transforms.py
[2024-11-06T16:31:58.233+0000] {processor.py:914} INFO - Processing file /opt/airflow/dags/subdags/subdag_transforms.py for tasks to queue
[2024-11-06T16:31:58.235+0000] {logging_mixin.py:190} INFO - [2024-11-06T16:31:58.234+0000] {dagbag.py:588} INFO - Filling up the DagBag from /opt/airflow/dags/subdags/subdag_transforms.py
[2024-11-06T16:31:58.252+0000] {processor.py:927} WARNING - No viable dags retrieved from /opt/airflow/dags/subdags/subdag_transforms.py
[2024-11-06T16:31:58.298+0000] {processor.py:208} INFO - Processing /opt/airflow/dags/subdags/subdag_transforms.py took 0.073 seconds
[2024-11-06T16:32:28.536+0000] {processor.py:186} INFO - Started process (PID=972) to work on /opt/airflow/dags/subdags/subdag_transforms.py
[2024-11-06T16:32:28.539+0000] {processor.py:914} INFO - Processing file /opt/airflow/dags/subdags/subdag_transforms.py for tasks to queue
[2024-11-06T16:32:28.546+0000] {logging_mixin.py:190} INFO - [2024-11-06T16:32:28.542+0000] {dagbag.py:588} INFO - Filling up the DagBag from /opt/airflow/dags/subdags/subdag_transforms.py
[2024-11-06T16:32:28.593+0000] {processor.py:927} WARNING - No viable dags retrieved from /opt/airflow/dags/subdags/subdag_transforms.py
[2024-11-06T16:32:28.638+0000] {processor.py:208} INFO - Processing /opt/airflow/dags/subdags/subdag_transforms.py took 0.119 seconds
[2024-11-06T16:32:58.729+0000] {processor.py:186} INFO - Started process (PID=989) to work on /opt/airflow/dags/subdags/subdag_transforms.py
[2024-11-06T16:32:58.730+0000] {processor.py:914} INFO - Processing file /opt/airflow/dags/subdags/subdag_transforms.py for tasks to queue
[2024-11-06T16:32:58.732+0000] {logging_mixin.py:190} INFO - [2024-11-06T16:32:58.731+0000] {dagbag.py:588} INFO - Filling up the DagBag from /opt/airflow/dags/subdags/subdag_transforms.py
[2024-11-06T16:32:58.747+0000] {processor.py:927} WARNING - No viable dags retrieved from /opt/airflow/dags/subdags/subdag_transforms.py
[2024-11-06T16:32:58.759+0000] {processor.py:208} INFO - Processing /opt/airflow/dags/subdags/subdag_transforms.py took 0.036 seconds
[2024-11-06T16:33:29.067+0000] {processor.py:186} INFO - Started process (PID=1006) to work on /opt/airflow/dags/subdags/subdag_transforms.py
[2024-11-06T16:33:29.068+0000] {processor.py:914} INFO - Processing file /opt/airflow/dags/subdags/subdag_transforms.py for tasks to queue
[2024-11-06T16:33:29.070+0000] {logging_mixin.py:190} INFO - [2024-11-06T16:33:29.069+0000] {dagbag.py:588} INFO - Filling up the DagBag from /opt/airflow/dags/subdags/subdag_transforms.py
[2024-11-06T16:33:29.086+0000] {processor.py:927} WARNING - No viable dags retrieved from /opt/airflow/dags/subdags/subdag_transforms.py
[2024-11-06T16:33:29.098+0000] {processor.py:208} INFO - Processing /opt/airflow/dags/subdags/subdag_transforms.py took 0.038 seconds
[2024-11-06T16:33:59.464+0000] {processor.py:186} INFO - Started process (PID=1023) to work on /opt/airflow/dags/subdags/subdag_transforms.py
[2024-11-06T16:33:59.465+0000] {processor.py:914} INFO - Processing file /opt/airflow/dags/subdags/subdag_transforms.py for tasks to queue
[2024-11-06T16:33:59.467+0000] {logging_mixin.py:190} INFO - [2024-11-06T16:33:59.467+0000] {dagbag.py:588} INFO - Filling up the DagBag from /opt/airflow/dags/subdags/subdag_transforms.py
[2024-11-06T16:33:59.484+0000] {processor.py:927} WARNING - No viable dags retrieved from /opt/airflow/dags/subdags/subdag_transforms.py
[2024-11-06T16:33:59.498+0000] {processor.py:208} INFO - Processing /opt/airflow/dags/subdags/subdag_transforms.py took 0.041 seconds
[2024-11-06T16:34:29.695+0000] {processor.py:186} INFO - Started process (PID=1040) to work on /opt/airflow/dags/subdags/subdag_transforms.py
[2024-11-06T16:34:29.696+0000] {processor.py:914} INFO - Processing file /opt/airflow/dags/subdags/subdag_transforms.py for tasks to queue
[2024-11-06T16:34:29.698+0000] {logging_mixin.py:190} INFO - [2024-11-06T16:34:29.697+0000] {dagbag.py:588} INFO - Filling up the DagBag from /opt/airflow/dags/subdags/subdag_transforms.py
[2024-11-06T16:34:29.713+0000] {processor.py:927} WARNING - No viable dags retrieved from /opt/airflow/dags/subdags/subdag_transforms.py
[2024-11-06T16:34:29.726+0000] {processor.py:208} INFO - Processing /opt/airflow/dags/subdags/subdag_transforms.py took 0.038 seconds
[2024-11-06T16:34:59.975+0000] {processor.py:186} INFO - Started process (PID=1057) to work on /opt/airflow/dags/subdags/subdag_transforms.py
[2024-11-06T16:34:59.976+0000] {processor.py:914} INFO - Processing file /opt/airflow/dags/subdags/subdag_transforms.py for tasks to queue
[2024-11-06T16:34:59.977+0000] {logging_mixin.py:190} INFO - [2024-11-06T16:34:59.977+0000] {dagbag.py:588} INFO - Filling up the DagBag from /opt/airflow/dags/subdags/subdag_transforms.py
[2024-11-06T16:34:59.993+0000] {processor.py:927} WARNING - No viable dags retrieved from /opt/airflow/dags/subdags/subdag_transforms.py
[2024-11-06T16:35:00.009+0000] {processor.py:208} INFO - Processing /opt/airflow/dags/subdags/subdag_transforms.py took 0.041 seconds
[2024-11-06T16:35:30.391+0000] {processor.py:186} INFO - Started process (PID=1074) to work on /opt/airflow/dags/subdags/subdag_transforms.py
[2024-11-06T16:35:30.394+0000] {processor.py:914} INFO - Processing file /opt/airflow/dags/subdags/subdag_transforms.py for tasks to queue
[2024-11-06T16:35:30.404+0000] {logging_mixin.py:190} INFO - [2024-11-06T16:35:30.400+0000] {dagbag.py:588} INFO - Filling up the DagBag from /opt/airflow/dags/subdags/subdag_transforms.py
[2024-11-06T16:35:30.442+0000] {processor.py:927} WARNING - No viable dags retrieved from /opt/airflow/dags/subdags/subdag_transforms.py
[2024-11-06T16:35:30.468+0000] {processor.py:208} INFO - Processing /opt/airflow/dags/subdags/subdag_transforms.py took 0.085 seconds
[2024-11-06T16:36:01.036+0000] {processor.py:186} INFO - Started process (PID=1091) to work on /opt/airflow/dags/subdags/subdag_transforms.py
[2024-11-06T16:36:01.038+0000] {processor.py:914} INFO - Processing file /opt/airflow/dags/subdags/subdag_transforms.py for tasks to queue
[2024-11-06T16:36:01.040+0000] {logging_mixin.py:190} INFO - [2024-11-06T16:36:01.040+0000] {dagbag.py:588} INFO - Filling up the DagBag from /opt/airflow/dags/subdags/subdag_transforms.py
[2024-11-06T16:36:01.060+0000] {processor.py:927} WARNING - No viable dags retrieved from /opt/airflow/dags/subdags/subdag_transforms.py
[2024-11-06T16:36:01.073+0000] {processor.py:208} INFO - Processing /opt/airflow/dags/subdags/subdag_transforms.py took 0.046 seconds
[2024-11-06T16:36:31.508+0000] {processor.py:186} INFO - Started process (PID=1108) to work on /opt/airflow/dags/subdags/subdag_transforms.py
[2024-11-06T16:36:31.509+0000] {processor.py:914} INFO - Processing file /opt/airflow/dags/subdags/subdag_transforms.py for tasks to queue
[2024-11-06T16:36:31.511+0000] {logging_mixin.py:190} INFO - [2024-11-06T16:36:31.510+0000] {dagbag.py:588} INFO - Filling up the DagBag from /opt/airflow/dags/subdags/subdag_transforms.py
[2024-11-06T16:36:31.528+0000] {processor.py:927} WARNING - No viable dags retrieved from /opt/airflow/dags/subdags/subdag_transforms.py
[2024-11-06T16:36:31.541+0000] {processor.py:208} INFO - Processing /opt/airflow/dags/subdags/subdag_transforms.py took 0.040 seconds
[2024-11-06T16:37:02.168+0000] {processor.py:186} INFO - Started process (PID=1126) to work on /opt/airflow/dags/subdags/subdag_transforms.py
[2024-11-06T16:37:02.169+0000] {processor.py:914} INFO - Processing file /opt/airflow/dags/subdags/subdag_transforms.py for tasks to queue
[2024-11-06T16:37:02.170+0000] {logging_mixin.py:190} INFO - [2024-11-06T16:37:02.170+0000] {dagbag.py:588} INFO - Filling up the DagBag from /opt/airflow/dags/subdags/subdag_transforms.py
[2024-11-06T16:37:02.193+0000] {processor.py:927} WARNING - No viable dags retrieved from /opt/airflow/dags/subdags/subdag_transforms.py
[2024-11-06T16:37:02.210+0000] {processor.py:208} INFO - Processing /opt/airflow/dags/subdags/subdag_transforms.py took 0.050 seconds
[2024-11-06T16:37:32.712+0000] {processor.py:186} INFO - Started process (PID=1144) to work on /opt/airflow/dags/subdags/subdag_transforms.py
[2024-11-06T16:37:32.714+0000] {processor.py:914} INFO - Processing file /opt/airflow/dags/subdags/subdag_transforms.py for tasks to queue
[2024-11-06T16:37:32.716+0000] {logging_mixin.py:190} INFO - [2024-11-06T16:37:32.715+0000] {dagbag.py:588} INFO - Filling up the DagBag from /opt/airflow/dags/subdags/subdag_transforms.py
[2024-11-06T16:37:32.735+0000] {processor.py:927} WARNING - No viable dags retrieved from /opt/airflow/dags/subdags/subdag_transforms.py
[2024-11-06T16:37:32.751+0000] {processor.py:208} INFO - Processing /opt/airflow/dags/subdags/subdag_transforms.py took 0.047 seconds
[2024-11-06T16:38:03.393+0000] {processor.py:186} INFO - Started process (PID=1162) to work on /opt/airflow/dags/subdags/subdag_transforms.py
[2024-11-06T16:38:03.395+0000] {processor.py:914} INFO - Processing file /opt/airflow/dags/subdags/subdag_transforms.py for tasks to queue
[2024-11-06T16:38:03.396+0000] {logging_mixin.py:190} INFO - [2024-11-06T16:38:03.396+0000] {dagbag.py:588} INFO - Filling up the DagBag from /opt/airflow/dags/subdags/subdag_transforms.py
[2024-11-06T16:38:03.412+0000] {processor.py:927} WARNING - No viable dags retrieved from /opt/airflow/dags/subdags/subdag_transforms.py
[2024-11-06T16:38:03.426+0000] {processor.py:208} INFO - Processing /opt/airflow/dags/subdags/subdag_transforms.py took 0.039 seconds
[2024-11-06T16:38:33.514+0000] {processor.py:186} INFO - Started process (PID=1180) to work on /opt/airflow/dags/subdags/subdag_transforms.py
[2024-11-06T16:38:33.516+0000] {processor.py:914} INFO - Processing file /opt/airflow/dags/subdags/subdag_transforms.py for tasks to queue
[2024-11-06T16:38:33.519+0000] {logging_mixin.py:190} INFO - [2024-11-06T16:38:33.519+0000] {dagbag.py:588} INFO - Filling up the DagBag from /opt/airflow/dags/subdags/subdag_transforms.py
[2024-11-06T16:38:33.545+0000] {processor.py:927} WARNING - No viable dags retrieved from /opt/airflow/dags/subdags/subdag_transforms.py
[2024-11-06T16:38:33.564+0000] {processor.py:208} INFO - Processing /opt/airflow/dags/subdags/subdag_transforms.py took 0.062 seconds
[2024-11-06T16:39:04.203+0000] {processor.py:186} INFO - Started process (PID=1199) to work on /opt/airflow/dags/subdags/subdag_transforms.py
[2024-11-06T16:39:04.204+0000] {processor.py:914} INFO - Processing file /opt/airflow/dags/subdags/subdag_transforms.py for tasks to queue
[2024-11-06T16:39:04.206+0000] {logging_mixin.py:190} INFO - [2024-11-06T16:39:04.206+0000] {dagbag.py:588} INFO - Filling up the DagBag from /opt/airflow/dags/subdags/subdag_transforms.py
[2024-11-06T16:39:04.224+0000] {processor.py:927} WARNING - No viable dags retrieved from /opt/airflow/dags/subdags/subdag_transforms.py
[2024-11-06T16:39:04.240+0000] {processor.py:208} INFO - Processing /opt/airflow/dags/subdags/subdag_transforms.py took 0.045 seconds
[2024-11-06T16:39:34.858+0000] {processor.py:186} INFO - Started process (PID=1217) to work on /opt/airflow/dags/subdags/subdag_transforms.py
[2024-11-06T16:39:34.859+0000] {processor.py:914} INFO - Processing file /opt/airflow/dags/subdags/subdag_transforms.py for tasks to queue
[2024-11-06T16:39:34.860+0000] {logging_mixin.py:190} INFO - [2024-11-06T16:39:34.860+0000] {dagbag.py:588} INFO - Filling up the DagBag from /opt/airflow/dags/subdags/subdag_transforms.py
[2024-11-06T16:39:34.874+0000] {processor.py:927} WARNING - No viable dags retrieved from /opt/airflow/dags/subdags/subdag_transforms.py
[2024-11-06T16:39:34.886+0000] {processor.py:208} INFO - Processing /opt/airflow/dags/subdags/subdag_transforms.py took 0.035 seconds
[2024-11-06T16:40:05.379+0000] {processor.py:186} INFO - Started process (PID=1235) to work on /opt/airflow/dags/subdags/subdag_transforms.py
[2024-11-06T16:40:05.380+0000] {processor.py:914} INFO - Processing file /opt/airflow/dags/subdags/subdag_transforms.py for tasks to queue
[2024-11-06T16:40:05.382+0000] {logging_mixin.py:190} INFO - [2024-11-06T16:40:05.382+0000] {dagbag.py:588} INFO - Filling up the DagBag from /opt/airflow/dags/subdags/subdag_transforms.py
[2024-11-06T16:40:05.398+0000] {processor.py:927} WARNING - No viable dags retrieved from /opt/airflow/dags/subdags/subdag_transforms.py
[2024-11-06T16:40:05.411+0000] {processor.py:208} INFO - Processing /opt/airflow/dags/subdags/subdag_transforms.py took 0.037 seconds
[2024-11-06T16:40:35.838+0000] {processor.py:186} INFO - Started process (PID=1253) to work on /opt/airflow/dags/subdags/subdag_transforms.py
[2024-11-06T16:40:35.839+0000] {processor.py:914} INFO - Processing file /opt/airflow/dags/subdags/subdag_transforms.py for tasks to queue
[2024-11-06T16:40:35.841+0000] {logging_mixin.py:190} INFO - [2024-11-06T16:40:35.840+0000] {dagbag.py:588} INFO - Filling up the DagBag from /opt/airflow/dags/subdags/subdag_transforms.py
[2024-11-06T16:40:35.859+0000] {processor.py:927} WARNING - No viable dags retrieved from /opt/airflow/dags/subdags/subdag_transforms.py
[2024-11-06T16:40:35.876+0000] {processor.py:208} INFO - Processing /opt/airflow/dags/subdags/subdag_transforms.py took 0.049 seconds
[2024-11-06T16:41:06.681+0000] {processor.py:186} INFO - Started process (PID=1271) to work on /opt/airflow/dags/subdags/subdag_transforms.py
[2024-11-06T16:41:06.682+0000] {processor.py:914} INFO - Processing file /opt/airflow/dags/subdags/subdag_transforms.py for tasks to queue
[2024-11-06T16:41:06.683+0000] {logging_mixin.py:190} INFO - [2024-11-06T16:41:06.683+0000] {dagbag.py:588} INFO - Filling up the DagBag from /opt/airflow/dags/subdags/subdag_transforms.py
[2024-11-06T16:41:06.699+0000] {processor.py:927} WARNING - No viable dags retrieved from /opt/airflow/dags/subdags/subdag_transforms.py
[2024-11-06T16:41:06.712+0000] {processor.py:208} INFO - Processing /opt/airflow/dags/subdags/subdag_transforms.py took 0.038 seconds
[2024-11-06T16:41:37.008+0000] {processor.py:186} INFO - Started process (PID=1289) to work on /opt/airflow/dags/subdags/subdag_transforms.py
[2024-11-06T16:41:37.009+0000] {processor.py:914} INFO - Processing file /opt/airflow/dags/subdags/subdag_transforms.py for tasks to queue
[2024-11-06T16:41:37.013+0000] {logging_mixin.py:190} INFO - [2024-11-06T16:41:37.012+0000] {dagbag.py:588} INFO - Filling up the DagBag from /opt/airflow/dags/subdags/subdag_transforms.py
[2024-11-06T16:41:37.032+0000] {processor.py:927} WARNING - No viable dags retrieved from /opt/airflow/dags/subdags/subdag_transforms.py
[2024-11-06T16:41:37.047+0000] {processor.py:208} INFO - Processing /opt/airflow/dags/subdags/subdag_transforms.py took 0.049 seconds
[2024-11-06T16:42:07.240+0000] {processor.py:186} INFO - Started process (PID=1307) to work on /opt/airflow/dags/subdags/subdag_transforms.py
[2024-11-06T16:42:07.241+0000] {processor.py:914} INFO - Processing file /opt/airflow/dags/subdags/subdag_transforms.py for tasks to queue
[2024-11-06T16:42:07.242+0000] {logging_mixin.py:190} INFO - [2024-11-06T16:42:07.242+0000] {dagbag.py:588} INFO - Filling up the DagBag from /opt/airflow/dags/subdags/subdag_transforms.py
[2024-11-06T16:42:07.262+0000] {processor.py:927} WARNING - No viable dags retrieved from /opt/airflow/dags/subdags/subdag_transforms.py
[2024-11-06T16:42:07.279+0000] {processor.py:208} INFO - Processing /opt/airflow/dags/subdags/subdag_transforms.py took 0.047 seconds
[2024-11-06T16:42:37.495+0000] {processor.py:186} INFO - Started process (PID=1325) to work on /opt/airflow/dags/subdags/subdag_transforms.py
[2024-11-06T16:42:37.497+0000] {processor.py:914} INFO - Processing file /opt/airflow/dags/subdags/subdag_transforms.py for tasks to queue
[2024-11-06T16:42:37.499+0000] {logging_mixin.py:190} INFO - [2024-11-06T16:42:37.498+0000] {dagbag.py:588} INFO - Filling up the DagBag from /opt/airflow/dags/subdags/subdag_transforms.py
[2024-11-06T16:42:37.519+0000] {processor.py:927} WARNING - No viable dags retrieved from /opt/airflow/dags/subdags/subdag_transforms.py
[2024-11-06T16:42:37.538+0000] {processor.py:208} INFO - Processing /opt/airflow/dags/subdags/subdag_transforms.py took 0.052 seconds
[2024-11-06T16:43:07.973+0000] {processor.py:186} INFO - Started process (PID=1345) to work on /opt/airflow/dags/subdags/subdag_transforms.py
[2024-11-06T16:43:07.974+0000] {processor.py:914} INFO - Processing file /opt/airflow/dags/subdags/subdag_transforms.py for tasks to queue
[2024-11-06T16:43:07.976+0000] {logging_mixin.py:190} INFO - [2024-11-06T16:43:07.975+0000] {dagbag.py:588} INFO - Filling up the DagBag from /opt/airflow/dags/subdags/subdag_transforms.py
[2024-11-06T16:43:07.995+0000] {processor.py:927} WARNING - No viable dags retrieved from /opt/airflow/dags/subdags/subdag_transforms.py
[2024-11-06T16:43:08.009+0000] {processor.py:208} INFO - Processing /opt/airflow/dags/subdags/subdag_transforms.py took 0.044 seconds
[2024-11-06T16:43:38.219+0000] {processor.py:186} INFO - Started process (PID=1366) to work on /opt/airflow/dags/subdags/subdag_transforms.py
[2024-11-06T16:43:38.221+0000] {processor.py:914} INFO - Processing file /opt/airflow/dags/subdags/subdag_transforms.py for tasks to queue
[2024-11-06T16:43:38.228+0000] {logging_mixin.py:190} INFO - [2024-11-06T16:43:38.224+0000] {dagbag.py:588} INFO - Filling up the DagBag from /opt/airflow/dags/subdags/subdag_transforms.py
[2024-11-06T16:43:38.256+0000] {processor.py:927} WARNING - No viable dags retrieved from /opt/airflow/dags/subdags/subdag_transforms.py
[2024-11-06T16:43:38.274+0000] {processor.py:208} INFO - Processing /opt/airflow/dags/subdags/subdag_transforms.py took 0.063 seconds
[2024-11-06T16:44:08.719+0000] {processor.py:186} INFO - Started process (PID=1384) to work on /opt/airflow/dags/subdags/subdag_transforms.py
[2024-11-06T16:44:08.721+0000] {processor.py:914} INFO - Processing file /opt/airflow/dags/subdags/subdag_transforms.py for tasks to queue
[2024-11-06T16:44:08.726+0000] {logging_mixin.py:190} INFO - [2024-11-06T16:44:08.725+0000] {dagbag.py:588} INFO - Filling up the DagBag from /opt/airflow/dags/subdags/subdag_transforms.py
[2024-11-06T16:44:08.758+0000] {processor.py:927} WARNING - No viable dags retrieved from /opt/airflow/dags/subdags/subdag_transforms.py
[2024-11-06T16:44:08.782+0000] {processor.py:208} INFO - Processing /opt/airflow/dags/subdags/subdag_transforms.py took 0.075 seconds
[2024-11-06T16:44:38.996+0000] {processor.py:186} INFO - Started process (PID=1402) to work on /opt/airflow/dags/subdags/subdag_transforms.py
[2024-11-06T16:44:38.997+0000] {processor.py:914} INFO - Processing file /opt/airflow/dags/subdags/subdag_transforms.py for tasks to queue
[2024-11-06T16:44:38.999+0000] {logging_mixin.py:190} INFO - [2024-11-06T16:44:38.998+0000] {dagbag.py:588} INFO - Filling up the DagBag from /opt/airflow/dags/subdags/subdag_transforms.py
[2024-11-06T16:44:39.014+0000] {processor.py:927} WARNING - No viable dags retrieved from /opt/airflow/dags/subdags/subdag_transforms.py
[2024-11-06T16:44:39.028+0000] {processor.py:208} INFO - Processing /opt/airflow/dags/subdags/subdag_transforms.py took 0.039 seconds
[2024-11-06T16:45:09.441+0000] {processor.py:186} INFO - Started process (PID=1421) to work on /opt/airflow/dags/subdags/subdag_transforms.py
[2024-11-06T16:45:09.442+0000] {processor.py:914} INFO - Processing file /opt/airflow/dags/subdags/subdag_transforms.py for tasks to queue
[2024-11-06T16:45:09.448+0000] {logging_mixin.py:190} INFO - [2024-11-06T16:45:09.446+0000] {dagbag.py:588} INFO - Filling up the DagBag from /opt/airflow/dags/subdags/subdag_transforms.py
[2024-11-06T16:45:09.492+0000] {processor.py:927} WARNING - No viable dags retrieved from /opt/airflow/dags/subdags/subdag_transforms.py
[2024-11-06T16:45:09.520+0000] {processor.py:208} INFO - Processing /opt/airflow/dags/subdags/subdag_transforms.py took 0.091 seconds
[2024-11-06T16:45:39.639+0000] {processor.py:186} INFO - Started process (PID=1439) to work on /opt/airflow/dags/subdags/subdag_transforms.py
[2024-11-06T16:45:39.640+0000] {processor.py:914} INFO - Processing file /opt/airflow/dags/subdags/subdag_transforms.py for tasks to queue
[2024-11-06T16:45:39.641+0000] {logging_mixin.py:190} INFO - [2024-11-06T16:45:39.641+0000] {dagbag.py:588} INFO - Filling up the DagBag from /opt/airflow/dags/subdags/subdag_transforms.py
[2024-11-06T16:45:39.659+0000] {processor.py:927} WARNING - No viable dags retrieved from /opt/airflow/dags/subdags/subdag_transforms.py
[2024-11-06T16:45:39.672+0000] {processor.py:208} INFO - Processing /opt/airflow/dags/subdags/subdag_transforms.py took 0.040 seconds
[2024-11-06T16:46:10.205+0000] {processor.py:186} INFO - Started process (PID=1457) to work on /opt/airflow/dags/subdags/subdag_transforms.py
[2024-11-06T16:46:10.206+0000] {processor.py:914} INFO - Processing file /opt/airflow/dags/subdags/subdag_transforms.py for tasks to queue
[2024-11-06T16:46:10.208+0000] {logging_mixin.py:190} INFO - [2024-11-06T16:46:10.207+0000] {dagbag.py:588} INFO - Filling up the DagBag from /opt/airflow/dags/subdags/subdag_transforms.py
[2024-11-06T16:46:10.225+0000] {processor.py:927} WARNING - No viable dags retrieved from /opt/airflow/dags/subdags/subdag_transforms.py
[2024-11-06T16:46:10.239+0000] {processor.py:208} INFO - Processing /opt/airflow/dags/subdags/subdag_transforms.py took 0.042 seconds
[2024-11-06T16:46:40.695+0000] {processor.py:186} INFO - Started process (PID=1475) to work on /opt/airflow/dags/subdags/subdag_transforms.py
[2024-11-06T16:46:40.696+0000] {processor.py:914} INFO - Processing file /opt/airflow/dags/subdags/subdag_transforms.py for tasks to queue
[2024-11-06T16:46:40.697+0000] {logging_mixin.py:190} INFO - [2024-11-06T16:46:40.697+0000] {dagbag.py:588} INFO - Filling up the DagBag from /opt/airflow/dags/subdags/subdag_transforms.py
[2024-11-06T16:46:40.712+0000] {processor.py:927} WARNING - No viable dags retrieved from /opt/airflow/dags/subdags/subdag_transforms.py
[2024-11-06T16:46:40.724+0000] {processor.py:208} INFO - Processing /opt/airflow/dags/subdags/subdag_transforms.py took 0.035 seconds
[2024-11-06T16:47:11.016+0000] {processor.py:186} INFO - Started process (PID=1493) to work on /opt/airflow/dags/subdags/subdag_transforms.py
[2024-11-06T16:47:11.062+0000] {processor.py:914} INFO - Processing file /opt/airflow/dags/subdags/subdag_transforms.py for tasks to queue
[2024-11-06T16:47:11.066+0000] {logging_mixin.py:190} INFO - [2024-11-06T16:47:11.065+0000] {dagbag.py:588} INFO - Filling up the DagBag from /opt/airflow/dags/subdags/subdag_transforms.py
[2024-11-06T16:47:11.116+0000] {processor.py:927} WARNING - No viable dags retrieved from /opt/airflow/dags/subdags/subdag_transforms.py
[2024-11-06T16:47:11.145+0000] {processor.py:208} INFO - Processing /opt/airflow/dags/subdags/subdag_transforms.py took 0.150 seconds
[2024-11-06T16:47:41.299+0000] {processor.py:186} INFO - Started process (PID=1511) to work on /opt/airflow/dags/subdags/subdag_transforms.py
[2024-11-06T16:47:41.301+0000] {processor.py:914} INFO - Processing file /opt/airflow/dags/subdags/subdag_transforms.py for tasks to queue
[2024-11-06T16:47:41.303+0000] {logging_mixin.py:190} INFO - [2024-11-06T16:47:41.302+0000] {dagbag.py:588} INFO - Filling up the DagBag from /opt/airflow/dags/subdags/subdag_transforms.py
[2024-11-06T16:47:41.322+0000] {processor.py:927} WARNING - No viable dags retrieved from /opt/airflow/dags/subdags/subdag_transforms.py
[2024-11-06T16:47:41.339+0000] {processor.py:208} INFO - Processing /opt/airflow/dags/subdags/subdag_transforms.py took 0.049 seconds
[2024-11-06T16:48:11.785+0000] {processor.py:186} INFO - Started process (PID=1529) to work on /opt/airflow/dags/subdags/subdag_transforms.py
[2024-11-06T16:48:11.786+0000] {processor.py:914} INFO - Processing file /opt/airflow/dags/subdags/subdag_transforms.py for tasks to queue
[2024-11-06T16:48:11.788+0000] {logging_mixin.py:190} INFO - [2024-11-06T16:48:11.787+0000] {dagbag.py:588} INFO - Filling up the DagBag from /opt/airflow/dags/subdags/subdag_transforms.py
[2024-11-06T16:48:11.804+0000] {processor.py:927} WARNING - No viable dags retrieved from /opt/airflow/dags/subdags/subdag_transforms.py
[2024-11-06T16:48:11.816+0000] {processor.py:208} INFO - Processing /opt/airflow/dags/subdags/subdag_transforms.py took 0.038 seconds
[2024-11-06T16:48:42.358+0000] {processor.py:186} INFO - Started process (PID=1547) to work on /opt/airflow/dags/subdags/subdag_transforms.py
[2024-11-06T16:48:42.359+0000] {processor.py:914} INFO - Processing file /opt/airflow/dags/subdags/subdag_transforms.py for tasks to queue
[2024-11-06T16:48:42.364+0000] {logging_mixin.py:190} INFO - [2024-11-06T16:48:42.363+0000] {dagbag.py:588} INFO - Filling up the DagBag from /opt/airflow/dags/subdags/subdag_transforms.py
[2024-11-06T16:48:42.386+0000] {processor.py:927} WARNING - No viable dags retrieved from /opt/airflow/dags/subdags/subdag_transforms.py
[2024-11-06T16:48:42.408+0000] {processor.py:208} INFO - Processing /opt/airflow/dags/subdags/subdag_transforms.py took 0.060 seconds
[2024-11-06T16:49:12.816+0000] {processor.py:186} INFO - Started process (PID=1565) to work on /opt/airflow/dags/subdags/subdag_transforms.py
[2024-11-06T16:49:12.817+0000] {processor.py:914} INFO - Processing file /opt/airflow/dags/subdags/subdag_transforms.py for tasks to queue
[2024-11-06T16:49:12.818+0000] {logging_mixin.py:190} INFO - [2024-11-06T16:49:12.818+0000] {dagbag.py:588} INFO - Filling up the DagBag from /opt/airflow/dags/subdags/subdag_transforms.py
[2024-11-06T16:49:12.834+0000] {processor.py:927} WARNING - No viable dags retrieved from /opt/airflow/dags/subdags/subdag_transforms.py
[2024-11-06T16:49:12.847+0000] {processor.py:208} INFO - Processing /opt/airflow/dags/subdags/subdag_transforms.py took 0.038 seconds
[2024-11-06T16:49:43.362+0000] {processor.py:186} INFO - Started process (PID=1583) to work on /opt/airflow/dags/subdags/subdag_transforms.py
[2024-11-06T16:49:43.363+0000] {processor.py:914} INFO - Processing file /opt/airflow/dags/subdags/subdag_transforms.py for tasks to queue
[2024-11-06T16:49:43.366+0000] {logging_mixin.py:190} INFO - [2024-11-06T16:49:43.366+0000] {dagbag.py:588} INFO - Filling up the DagBag from /opt/airflow/dags/subdags/subdag_transforms.py
[2024-11-06T16:49:43.383+0000] {processor.py:927} WARNING - No viable dags retrieved from /opt/airflow/dags/subdags/subdag_transforms.py
[2024-11-06T16:49:43.397+0000] {processor.py:208} INFO - Processing /opt/airflow/dags/subdags/subdag_transforms.py took 0.043 seconds
[2024-11-06T16:50:13.475+0000] {processor.py:186} INFO - Started process (PID=1602) to work on /opt/airflow/dags/subdags/subdag_transforms.py
[2024-11-06T16:50:13.476+0000] {processor.py:914} INFO - Processing file /opt/airflow/dags/subdags/subdag_transforms.py for tasks to queue
[2024-11-06T16:50:13.477+0000] {logging_mixin.py:190} INFO - [2024-11-06T16:50:13.477+0000] {dagbag.py:588} INFO - Filling up the DagBag from /opt/airflow/dags/subdags/subdag_transforms.py
[2024-11-06T16:50:13.494+0000] {processor.py:927} WARNING - No viable dags retrieved from /opt/airflow/dags/subdags/subdag_transforms.py
[2024-11-06T16:50:13.513+0000] {processor.py:208} INFO - Processing /opt/airflow/dags/subdags/subdag_transforms.py took 0.045 seconds
[2024-11-06T16:50:43.849+0000] {processor.py:186} INFO - Started process (PID=1620) to work on /opt/airflow/dags/subdags/subdag_transforms.py
[2024-11-06T16:50:43.850+0000] {processor.py:914} INFO - Processing file /opt/airflow/dags/subdags/subdag_transforms.py for tasks to queue
[2024-11-06T16:50:43.851+0000] {logging_mixin.py:190} INFO - [2024-11-06T16:50:43.851+0000] {dagbag.py:588} INFO - Filling up the DagBag from /opt/airflow/dags/subdags/subdag_transforms.py
[2024-11-06T16:50:43.870+0000] {processor.py:927} WARNING - No viable dags retrieved from /opt/airflow/dags/subdags/subdag_transforms.py
[2024-11-06T16:50:43.882+0000] {processor.py:208} INFO - Processing /opt/airflow/dags/subdags/subdag_transforms.py took 0.040 seconds
[2024-11-06T16:51:14.020+0000] {processor.py:186} INFO - Started process (PID=1641) to work on /opt/airflow/dags/subdags/subdag_transforms.py
[2024-11-06T16:51:14.020+0000] {processor.py:914} INFO - Processing file /opt/airflow/dags/subdags/subdag_transforms.py for tasks to queue
[2024-11-06T16:51:14.022+0000] {logging_mixin.py:190} INFO - [2024-11-06T16:51:14.022+0000] {dagbag.py:588} INFO - Filling up the DagBag from /opt/airflow/dags/subdags/subdag_transforms.py
[2024-11-06T16:51:14.038+0000] {processor.py:927} WARNING - No viable dags retrieved from /opt/airflow/dags/subdags/subdag_transforms.py
[2024-11-06T16:51:14.051+0000] {processor.py:208} INFO - Processing /opt/airflow/dags/subdags/subdag_transforms.py took 0.038 seconds
[2024-11-06T16:51:44.583+0000] {processor.py:186} INFO - Started process (PID=1659) to work on /opt/airflow/dags/subdags/subdag_transforms.py
[2024-11-06T16:51:44.584+0000] {processor.py:914} INFO - Processing file /opt/airflow/dags/subdags/subdag_transforms.py for tasks to queue
[2024-11-06T16:51:44.585+0000] {logging_mixin.py:190} INFO - [2024-11-06T16:51:44.585+0000] {dagbag.py:588} INFO - Filling up the DagBag from /opt/airflow/dags/subdags/subdag_transforms.py
[2024-11-06T16:51:44.598+0000] {processor.py:927} WARNING - No viable dags retrieved from /opt/airflow/dags/subdags/subdag_transforms.py
[2024-11-06T16:51:44.610+0000] {processor.py:208} INFO - Processing /opt/airflow/dags/subdags/subdag_transforms.py took 0.034 seconds
[2024-11-06T16:52:14.975+0000] {processor.py:186} INFO - Started process (PID=1677) to work on /opt/airflow/dags/subdags/subdag_transforms.py
[2024-11-06T16:52:14.976+0000] {processor.py:914} INFO - Processing file /opt/airflow/dags/subdags/subdag_transforms.py for tasks to queue
[2024-11-06T16:52:14.977+0000] {logging_mixin.py:190} INFO - [2024-11-06T16:52:14.977+0000] {dagbag.py:588} INFO - Filling up the DagBag from /opt/airflow/dags/subdags/subdag_transforms.py
[2024-11-06T16:52:14.994+0000] {processor.py:927} WARNING - No viable dags retrieved from /opt/airflow/dags/subdags/subdag_transforms.py
[2024-11-06T16:52:15.005+0000] {processor.py:208} INFO - Processing /opt/airflow/dags/subdags/subdag_transforms.py took 0.037 seconds
[2024-11-06T16:52:45.462+0000] {processor.py:186} INFO - Started process (PID=1695) to work on /opt/airflow/dags/subdags/subdag_transforms.py
[2024-11-06T16:52:45.463+0000] {processor.py:914} INFO - Processing file /opt/airflow/dags/subdags/subdag_transforms.py for tasks to queue
[2024-11-06T16:52:45.465+0000] {logging_mixin.py:190} INFO - [2024-11-06T16:52:45.464+0000] {dagbag.py:588} INFO - Filling up the DagBag from /opt/airflow/dags/subdags/subdag_transforms.py
[2024-11-06T16:52:45.481+0000] {processor.py:927} WARNING - No viable dags retrieved from /opt/airflow/dags/subdags/subdag_transforms.py
[2024-11-06T16:52:45.495+0000] {processor.py:208} INFO - Processing /opt/airflow/dags/subdags/subdag_transforms.py took 0.041 seconds
[2024-11-06T16:53:15.715+0000] {processor.py:186} INFO - Started process (PID=1714) to work on /opt/airflow/dags/subdags/subdag_transforms.py
[2024-11-06T16:53:15.716+0000] {processor.py:914} INFO - Processing file /opt/airflow/dags/subdags/subdag_transforms.py for tasks to queue
[2024-11-06T16:53:15.717+0000] {logging_mixin.py:190} INFO - [2024-11-06T16:53:15.717+0000] {dagbag.py:588} INFO - Filling up the DagBag from /opt/airflow/dags/subdags/subdag_transforms.py
[2024-11-06T16:53:15.734+0000] {processor.py:927} WARNING - No viable dags retrieved from /opt/airflow/dags/subdags/subdag_transforms.py
[2024-11-06T16:53:15.747+0000] {processor.py:208} INFO - Processing /opt/airflow/dags/subdags/subdag_transforms.py took 0.038 seconds
[2024-11-06T16:53:46.106+0000] {processor.py:186} INFO - Started process (PID=1735) to work on /opt/airflow/dags/subdags/subdag_transforms.py
[2024-11-06T16:53:46.109+0000] {processor.py:914} INFO - Processing file /opt/airflow/dags/subdags/subdag_transforms.py for tasks to queue
[2024-11-06T16:53:46.113+0000] {logging_mixin.py:190} INFO - [2024-11-06T16:53:46.112+0000] {dagbag.py:588} INFO - Filling up the DagBag from /opt/airflow/dags/subdags/subdag_transforms.py
[2024-11-06T16:53:46.143+0000] {processor.py:927} WARNING - No viable dags retrieved from /opt/airflow/dags/subdags/subdag_transforms.py
[2024-11-06T16:53:46.161+0000] {processor.py:208} INFO - Processing /opt/airflow/dags/subdags/subdag_transforms.py took 0.066 seconds
[2024-11-06T16:54:16.577+0000] {processor.py:186} INFO - Started process (PID=1753) to work on /opt/airflow/dags/subdags/subdag_transforms.py
[2024-11-06T16:54:16.578+0000] {processor.py:914} INFO - Processing file /opt/airflow/dags/subdags/subdag_transforms.py for tasks to queue
[2024-11-06T16:54:16.580+0000] {logging_mixin.py:190} INFO - [2024-11-06T16:54:16.579+0000] {dagbag.py:588} INFO - Filling up the DagBag from /opt/airflow/dags/subdags/subdag_transforms.py
[2024-11-06T16:54:16.601+0000] {processor.py:927} WARNING - No viable dags retrieved from /opt/airflow/dags/subdags/subdag_transforms.py
[2024-11-06T16:54:16.614+0000] {processor.py:208} INFO - Processing /opt/airflow/dags/subdags/subdag_transforms.py took 0.044 seconds
[2024-11-06T16:54:46.813+0000] {processor.py:186} INFO - Started process (PID=1771) to work on /opt/airflow/dags/subdags/subdag_transforms.py
[2024-11-06T16:54:46.814+0000] {processor.py:914} INFO - Processing file /opt/airflow/dags/subdags/subdag_transforms.py for tasks to queue
[2024-11-06T16:54:46.816+0000] {logging_mixin.py:190} INFO - [2024-11-06T16:54:46.816+0000] {dagbag.py:588} INFO - Filling up the DagBag from /opt/airflow/dags/subdags/subdag_transforms.py
[2024-11-06T16:54:46.836+0000] {processor.py:927} WARNING - No viable dags retrieved from /opt/airflow/dags/subdags/subdag_transforms.py
[2024-11-06T16:54:46.856+0000] {processor.py:208} INFO - Processing /opt/airflow/dags/subdags/subdag_transforms.py took 0.051 seconds
[2024-11-06T16:55:17.079+0000] {processor.py:186} INFO - Started process (PID=1791) to work on /opt/airflow/dags/subdags/subdag_transforms.py
[2024-11-06T16:55:17.080+0000] {processor.py:914} INFO - Processing file /opt/airflow/dags/subdags/subdag_transforms.py for tasks to queue
[2024-11-06T16:55:17.082+0000] {logging_mixin.py:190} INFO - [2024-11-06T16:55:17.082+0000] {dagbag.py:588} INFO - Filling up the DagBag from /opt/airflow/dags/subdags/subdag_transforms.py
[2024-11-06T16:55:17.101+0000] {processor.py:927} WARNING - No viable dags retrieved from /opt/airflow/dags/subdags/subdag_transforms.py
[2024-11-06T16:55:17.116+0000] {processor.py:208} INFO - Processing /opt/airflow/dags/subdags/subdag_transforms.py took 0.044 seconds
[2024-11-06T16:55:47.589+0000] {processor.py:186} INFO - Started process (PID=1809) to work on /opt/airflow/dags/subdags/subdag_transforms.py
[2024-11-06T16:55:47.590+0000] {processor.py:914} INFO - Processing file /opt/airflow/dags/subdags/subdag_transforms.py for tasks to queue
[2024-11-06T16:55:47.591+0000] {logging_mixin.py:190} INFO - [2024-11-06T16:55:47.591+0000] {dagbag.py:588} INFO - Filling up the DagBag from /opt/airflow/dags/subdags/subdag_transforms.py
[2024-11-06T16:55:47.610+0000] {processor.py:927} WARNING - No viable dags retrieved from /opt/airflow/dags/subdags/subdag_transforms.py
[2024-11-06T16:55:47.624+0000] {processor.py:208} INFO - Processing /opt/airflow/dags/subdags/subdag_transforms.py took 0.043 seconds
[2024-11-06T16:56:18.105+0000] {processor.py:186} INFO - Started process (PID=1833) to work on /opt/airflow/dags/subdags/subdag_transforms.py
[2024-11-06T16:56:18.107+0000] {processor.py:914} INFO - Processing file /opt/airflow/dags/subdags/subdag_transforms.py for tasks to queue
[2024-11-06T16:56:18.109+0000] {logging_mixin.py:190} INFO - [2024-11-06T16:56:18.108+0000] {dagbag.py:588} INFO - Filling up the DagBag from /opt/airflow/dags/subdags/subdag_transforms.py
[2024-11-06T16:56:18.130+0000] {processor.py:927} WARNING - No viable dags retrieved from /opt/airflow/dags/subdags/subdag_transforms.py
[2024-11-06T16:56:18.146+0000] {processor.py:208} INFO - Processing /opt/airflow/dags/subdags/subdag_transforms.py took 0.050 seconds
[2024-11-06T16:56:48.231+0000] {processor.py:186} INFO - Started process (PID=1853) to work on /opt/airflow/dags/subdags/subdag_transforms.py
[2024-11-06T16:56:48.232+0000] {processor.py:914} INFO - Processing file /opt/airflow/dags/subdags/subdag_transforms.py for tasks to queue
[2024-11-06T16:56:48.234+0000] {logging_mixin.py:190} INFO - [2024-11-06T16:56:48.233+0000] {dagbag.py:588} INFO - Filling up the DagBag from /opt/airflow/dags/subdags/subdag_transforms.py
[2024-11-06T16:56:48.249+0000] {processor.py:927} WARNING - No viable dags retrieved from /opt/airflow/dags/subdags/subdag_transforms.py
[2024-11-06T16:56:48.265+0000] {processor.py:208} INFO - Processing /opt/airflow/dags/subdags/subdag_transforms.py took 0.039 seconds
[2024-11-06T16:57:18.695+0000] {processor.py:186} INFO - Started process (PID=1871) to work on /opt/airflow/dags/subdags/subdag_transforms.py
[2024-11-06T16:57:18.696+0000] {processor.py:914} INFO - Processing file /opt/airflow/dags/subdags/subdag_transforms.py for tasks to queue
[2024-11-06T16:57:18.699+0000] {logging_mixin.py:190} INFO - [2024-11-06T16:57:18.699+0000] {dagbag.py:588} INFO - Filling up the DagBag from /opt/airflow/dags/subdags/subdag_transforms.py
[2024-11-06T16:57:18.718+0000] {processor.py:927} WARNING - No viable dags retrieved from /opt/airflow/dags/subdags/subdag_transforms.py
[2024-11-06T16:57:18.732+0000] {processor.py:208} INFO - Processing /opt/airflow/dags/subdags/subdag_transforms.py took 0.044 seconds
[2024-11-06T16:57:49.005+0000] {processor.py:186} INFO - Started process (PID=1889) to work on /opt/airflow/dags/subdags/subdag_transforms.py
[2024-11-06T16:57:49.006+0000] {processor.py:914} INFO - Processing file /opt/airflow/dags/subdags/subdag_transforms.py for tasks to queue
[2024-11-06T16:57:49.007+0000] {logging_mixin.py:190} INFO - [2024-11-06T16:57:49.007+0000] {dagbag.py:588} INFO - Filling up the DagBag from /opt/airflow/dags/subdags/subdag_transforms.py
[2024-11-06T16:57:49.022+0000] {processor.py:927} WARNING - No viable dags retrieved from /opt/airflow/dags/subdags/subdag_transforms.py
[2024-11-06T16:57:49.037+0000] {processor.py:208} INFO - Processing /opt/airflow/dags/subdags/subdag_transforms.py took 0.038 seconds
