[2024-11-06T16:02:41.526+0000] {processor.py:186} INFO - Started process (PID=71) to work on /opt/airflow/dags/subdags/subdag_downloads.py
[2024-11-06T16:02:41.529+0000] {processor.py:914} INFO - Processing file /opt/airflow/dags/subdags/subdag_downloads.py for tasks to queue
[2024-11-06T16:02:41.538+0000] {logging_mixin.py:190} INFO - [2024-11-06T16:02:41.537+0000] {dagbag.py:588} INFO - Filling up the DagBag from /opt/airflow/dags/subdags/subdag_downloads.py
[2024-11-06T16:02:41.605+0000] {processor.py:927} WARNING - No viable dags retrieved from /opt/airflow/dags/subdags/subdag_downloads.py
[2024-11-06T16:02:41.678+0000] {processor.py:208} INFO - Processing /opt/airflow/dags/subdags/subdag_downloads.py took 0.173 seconds
[2024-11-06T16:03:12.325+0000] {processor.py:186} INFO - Started process (PID=88) to work on /opt/airflow/dags/subdags/subdag_downloads.py
[2024-11-06T16:03:12.326+0000] {processor.py:914} INFO - Processing file /opt/airflow/dags/subdags/subdag_downloads.py for tasks to queue
[2024-11-06T16:03:12.330+0000] {logging_mixin.py:190} INFO - [2024-11-06T16:03:12.329+0000] {dagbag.py:588} INFO - Filling up the DagBag from /opt/airflow/dags/subdags/subdag_downloads.py
[2024-11-06T16:03:12.349+0000] {processor.py:927} WARNING - No viable dags retrieved from /opt/airflow/dags/subdags/subdag_downloads.py
[2024-11-06T16:03:12.373+0000] {processor.py:208} INFO - Processing /opt/airflow/dags/subdags/subdag_downloads.py took 0.058 seconds
[2024-11-06T16:03:42.933+0000] {processor.py:186} INFO - Started process (PID=105) to work on /opt/airflow/dags/subdags/subdag_downloads.py
[2024-11-06T16:03:42.935+0000] {processor.py:914} INFO - Processing file /opt/airflow/dags/subdags/subdag_downloads.py for tasks to queue
[2024-11-06T16:03:42.946+0000] {logging_mixin.py:190} INFO - [2024-11-06T16:03:42.944+0000] {dagbag.py:588} INFO - Filling up the DagBag from /opt/airflow/dags/subdags/subdag_downloads.py
[2024-11-06T16:03:42.968+0000] {processor.py:927} WARNING - No viable dags retrieved from /opt/airflow/dags/subdags/subdag_downloads.py
[2024-11-06T16:03:43.024+0000] {processor.py:208} INFO - Processing /opt/airflow/dags/subdags/subdag_downloads.py took 0.124 seconds
[2024-11-06T16:04:13.308+0000] {processor.py:186} INFO - Started process (PID=120) to work on /opt/airflow/dags/subdags/subdag_downloads.py
[2024-11-06T16:04:13.309+0000] {processor.py:914} INFO - Processing file /opt/airflow/dags/subdags/subdag_downloads.py for tasks to queue
[2024-11-06T16:04:13.313+0000] {logging_mixin.py:190} INFO - [2024-11-06T16:04:13.312+0000] {dagbag.py:588} INFO - Filling up the DagBag from /opt/airflow/dags/subdags/subdag_downloads.py
[2024-11-06T16:04:13.337+0000] {processor.py:927} WARNING - No viable dags retrieved from /opt/airflow/dags/subdags/subdag_downloads.py
[2024-11-06T16:04:13.365+0000] {processor.py:208} INFO - Processing /opt/airflow/dags/subdags/subdag_downloads.py took 0.066 seconds
[2024-11-06T16:04:43.457+0000] {processor.py:186} INFO - Started process (PID=137) to work on /opt/airflow/dags/subdags/subdag_downloads.py
[2024-11-06T16:04:43.458+0000] {processor.py:914} INFO - Processing file /opt/airflow/dags/subdags/subdag_downloads.py for tasks to queue
[2024-11-06T16:04:43.461+0000] {logging_mixin.py:190} INFO - [2024-11-06T16:04:43.460+0000] {dagbag.py:588} INFO - Filling up the DagBag from /opt/airflow/dags/subdags/subdag_downloads.py
[2024-11-06T16:04:43.478+0000] {processor.py:927} WARNING - No viable dags retrieved from /opt/airflow/dags/subdags/subdag_downloads.py
[2024-11-06T16:04:43.491+0000] {processor.py:208} INFO - Processing /opt/airflow/dags/subdags/subdag_downloads.py took 0.041 seconds
[2024-11-06T16:06:51.591+0000] {processor.py:186} INFO - Started process (PID=72) to work on /opt/airflow/dags/subdags/subdag_downloads.py
[2024-11-06T16:06:51.593+0000] {processor.py:914} INFO - Processing file /opt/airflow/dags/subdags/subdag_downloads.py for tasks to queue
[2024-11-06T16:06:51.597+0000] {logging_mixin.py:190} INFO - [2024-11-06T16:06:51.597+0000] {dagbag.py:588} INFO - Filling up the DagBag from /opt/airflow/dags/subdags/subdag_downloads.py
[2024-11-06T16:06:51.619+0000] {processor.py:927} WARNING - No viable dags retrieved from /opt/airflow/dags/subdags/subdag_downloads.py
[2024-11-06T16:06:51.637+0000] {processor.py:208} INFO - Processing /opt/airflow/dags/subdags/subdag_downloads.py took 0.058 seconds
[2024-11-06T16:07:22.336+0000] {processor.py:186} INFO - Started process (PID=89) to work on /opt/airflow/dags/subdags/subdag_downloads.py
[2024-11-06T16:07:22.337+0000] {processor.py:914} INFO - Processing file /opt/airflow/dags/subdags/subdag_downloads.py for tasks to queue
[2024-11-06T16:07:22.340+0000] {logging_mixin.py:190} INFO - [2024-11-06T16:07:22.340+0000] {dagbag.py:588} INFO - Filling up the DagBag from /opt/airflow/dags/subdags/subdag_downloads.py
[2024-11-06T16:07:22.358+0000] {processor.py:927} WARNING - No viable dags retrieved from /opt/airflow/dags/subdags/subdag_downloads.py
[2024-11-06T16:07:22.373+0000] {processor.py:208} INFO - Processing /opt/airflow/dags/subdags/subdag_downloads.py took 0.043 seconds
[2024-11-06T16:07:52.521+0000] {processor.py:186} INFO - Started process (PID=106) to work on /opt/airflow/dags/subdags/subdag_downloads.py
[2024-11-06T16:07:52.522+0000] {processor.py:914} INFO - Processing file /opt/airflow/dags/subdags/subdag_downloads.py for tasks to queue
[2024-11-06T16:07:52.525+0000] {logging_mixin.py:190} INFO - [2024-11-06T16:07:52.524+0000] {dagbag.py:588} INFO - Filling up the DagBag from /opt/airflow/dags/subdags/subdag_downloads.py
[2024-11-06T16:07:52.541+0000] {processor.py:927} WARNING - No viable dags retrieved from /opt/airflow/dags/subdags/subdag_downloads.py
[2024-11-06T16:07:52.557+0000] {processor.py:208} INFO - Processing /opt/airflow/dags/subdags/subdag_downloads.py took 0.042 seconds
[2024-11-06T16:08:23.109+0000] {processor.py:186} INFO - Started process (PID=124) to work on /opt/airflow/dags/subdags/subdag_downloads.py
[2024-11-06T16:08:23.110+0000] {processor.py:914} INFO - Processing file /opt/airflow/dags/subdags/subdag_downloads.py for tasks to queue
[2024-11-06T16:08:23.114+0000] {logging_mixin.py:190} INFO - [2024-11-06T16:08:23.114+0000] {dagbag.py:588} INFO - Filling up the DagBag from /opt/airflow/dags/subdags/subdag_downloads.py
[2024-11-06T16:08:23.135+0000] {processor.py:927} WARNING - No viable dags retrieved from /opt/airflow/dags/subdags/subdag_downloads.py
[2024-11-06T16:08:23.150+0000] {processor.py:208} INFO - Processing /opt/airflow/dags/subdags/subdag_downloads.py took 0.048 seconds
[2024-11-06T16:08:53.458+0000] {processor.py:186} INFO - Started process (PID=141) to work on /opt/airflow/dags/subdags/subdag_downloads.py
[2024-11-06T16:08:53.459+0000] {processor.py:914} INFO - Processing file /opt/airflow/dags/subdags/subdag_downloads.py for tasks to queue
[2024-11-06T16:08:53.462+0000] {logging_mixin.py:190} INFO - [2024-11-06T16:08:53.461+0000] {dagbag.py:588} INFO - Filling up the DagBag from /opt/airflow/dags/subdags/subdag_downloads.py
[2024-11-06T16:08:53.480+0000] {processor.py:927} WARNING - No viable dags retrieved from /opt/airflow/dags/subdags/subdag_downloads.py
[2024-11-06T16:08:53.492+0000] {processor.py:208} INFO - Processing /opt/airflow/dags/subdags/subdag_downloads.py took 0.040 seconds
[2024-11-06T16:09:23.622+0000] {processor.py:186} INFO - Started process (PID=162) to work on /opt/airflow/dags/subdags/subdag_downloads.py
[2024-11-06T16:09:23.624+0000] {processor.py:914} INFO - Processing file /opt/airflow/dags/subdags/subdag_downloads.py for tasks to queue
[2024-11-06T16:09:23.627+0000] {logging_mixin.py:190} INFO - [2024-11-06T16:09:23.626+0000] {dagbag.py:588} INFO - Filling up the DagBag from /opt/airflow/dags/subdags/subdag_downloads.py
[2024-11-06T16:09:23.642+0000] {processor.py:927} WARNING - No viable dags retrieved from /opt/airflow/dags/subdags/subdag_downloads.py
[2024-11-06T16:09:23.655+0000] {processor.py:208} INFO - Processing /opt/airflow/dags/subdags/subdag_downloads.py took 0.040 seconds
[2024-11-06T16:09:53.865+0000] {processor.py:186} INFO - Started process (PID=179) to work on /opt/airflow/dags/subdags/subdag_downloads.py
[2024-11-06T16:09:53.866+0000] {processor.py:914} INFO - Processing file /opt/airflow/dags/subdags/subdag_downloads.py for tasks to queue
[2024-11-06T16:09:53.869+0000] {logging_mixin.py:190} INFO - [2024-11-06T16:09:53.868+0000] {dagbag.py:588} INFO - Filling up the DagBag from /opt/airflow/dags/subdags/subdag_downloads.py
[2024-11-06T16:09:53.887+0000] {processor.py:927} WARNING - No viable dags retrieved from /opt/airflow/dags/subdags/subdag_downloads.py
[2024-11-06T16:09:53.901+0000] {processor.py:208} INFO - Processing /opt/airflow/dags/subdags/subdag_downloads.py took 0.043 seconds
[2024-11-06T16:10:24.796+0000] {processor.py:186} INFO - Started process (PID=195) to work on /opt/airflow/dags/subdags/subdag_downloads.py
[2024-11-06T16:10:24.798+0000] {processor.py:914} INFO - Processing file /opt/airflow/dags/subdags/subdag_downloads.py for tasks to queue
[2024-11-06T16:10:24.800+0000] {logging_mixin.py:190} INFO - [2024-11-06T16:10:24.800+0000] {dagbag.py:588} INFO - Filling up the DagBag from /opt/airflow/dags/subdags/subdag_downloads.py
[2024-11-06T16:10:24.818+0000] {processor.py:927} WARNING - No viable dags retrieved from /opt/airflow/dags/subdags/subdag_downloads.py
[2024-11-06T16:10:24.834+0000] {processor.py:208} INFO - Processing /opt/airflow/dags/subdags/subdag_downloads.py took 0.045 seconds
[2024-11-06T16:10:55.313+0000] {processor.py:186} INFO - Started process (PID=211) to work on /opt/airflow/dags/subdags/subdag_downloads.py
[2024-11-06T16:10:55.314+0000] {processor.py:914} INFO - Processing file /opt/airflow/dags/subdags/subdag_downloads.py for tasks to queue
[2024-11-06T16:10:55.316+0000] {logging_mixin.py:190} INFO - [2024-11-06T16:10:55.315+0000] {dagbag.py:588} INFO - Filling up the DagBag from /opt/airflow/dags/subdags/subdag_downloads.py
[2024-11-06T16:10:55.333+0000] {processor.py:927} WARNING - No viable dags retrieved from /opt/airflow/dags/subdags/subdag_downloads.py
[2024-11-06T16:10:55.347+0000] {processor.py:208} INFO - Processing /opt/airflow/dags/subdags/subdag_downloads.py took 0.042 seconds
[2024-11-06T16:11:25.506+0000] {processor.py:186} INFO - Started process (PID=228) to work on /opt/airflow/dags/subdags/subdag_downloads.py
[2024-11-06T16:11:25.507+0000] {processor.py:914} INFO - Processing file /opt/airflow/dags/subdags/subdag_downloads.py for tasks to queue
[2024-11-06T16:11:25.509+0000] {logging_mixin.py:190} INFO - [2024-11-06T16:11:25.509+0000] {dagbag.py:588} INFO - Filling up the DagBag from /opt/airflow/dags/subdags/subdag_downloads.py
[2024-11-06T16:11:25.525+0000] {processor.py:927} WARNING - No viable dags retrieved from /opt/airflow/dags/subdags/subdag_downloads.py
[2024-11-06T16:11:25.538+0000] {processor.py:208} INFO - Processing /opt/airflow/dags/subdags/subdag_downloads.py took 0.038 seconds
[2024-11-06T16:11:56.239+0000] {processor.py:186} INFO - Started process (PID=247) to work on /opt/airflow/dags/subdags/subdag_downloads.py
[2024-11-06T16:11:56.240+0000] {processor.py:914} INFO - Processing file /opt/airflow/dags/subdags/subdag_downloads.py for tasks to queue
[2024-11-06T16:11:56.242+0000] {logging_mixin.py:190} INFO - [2024-11-06T16:11:56.241+0000] {dagbag.py:588} INFO - Filling up the DagBag from /opt/airflow/dags/subdags/subdag_downloads.py
[2024-11-06T16:11:56.259+0000] {processor.py:927} WARNING - No viable dags retrieved from /opt/airflow/dags/subdags/subdag_downloads.py
[2024-11-06T16:11:56.270+0000] {processor.py:208} INFO - Processing /opt/airflow/dags/subdags/subdag_downloads.py took 0.038 seconds
[2024-11-06T16:12:26.594+0000] {processor.py:186} INFO - Started process (PID=264) to work on /opt/airflow/dags/subdags/subdag_downloads.py
[2024-11-06T16:12:26.595+0000] {processor.py:914} INFO - Processing file /opt/airflow/dags/subdags/subdag_downloads.py for tasks to queue
[2024-11-06T16:12:26.597+0000] {logging_mixin.py:190} INFO - [2024-11-06T16:12:26.596+0000] {dagbag.py:588} INFO - Filling up the DagBag from /opt/airflow/dags/subdags/subdag_downloads.py
[2024-11-06T16:12:26.615+0000] {processor.py:927} WARNING - No viable dags retrieved from /opt/airflow/dags/subdags/subdag_downloads.py
[2024-11-06T16:12:26.627+0000] {processor.py:208} INFO - Processing /opt/airflow/dags/subdags/subdag_downloads.py took 0.041 seconds
[2024-11-06T16:12:56.917+0000] {processor.py:186} INFO - Started process (PID=283) to work on /opt/airflow/dags/subdags/subdag_downloads.py
[2024-11-06T16:12:56.918+0000] {processor.py:914} INFO - Processing file /opt/airflow/dags/subdags/subdag_downloads.py for tasks to queue
[2024-11-06T16:12:56.920+0000] {logging_mixin.py:190} INFO - [2024-11-06T16:12:56.919+0000] {dagbag.py:588} INFO - Filling up the DagBag from /opt/airflow/dags/subdags/subdag_downloads.py
[2024-11-06T16:12:56.936+0000] {processor.py:927} WARNING - No viable dags retrieved from /opt/airflow/dags/subdags/subdag_downloads.py
[2024-11-06T16:12:56.949+0000] {processor.py:208} INFO - Processing /opt/airflow/dags/subdags/subdag_downloads.py took 0.039 seconds
[2024-11-06T16:13:27.241+0000] {processor.py:186} INFO - Started process (PID=300) to work on /opt/airflow/dags/subdags/subdag_downloads.py
[2024-11-06T16:13:27.241+0000] {processor.py:914} INFO - Processing file /opt/airflow/dags/subdags/subdag_downloads.py for tasks to queue
[2024-11-06T16:13:27.243+0000] {logging_mixin.py:190} INFO - [2024-11-06T16:13:27.242+0000] {dagbag.py:588} INFO - Filling up the DagBag from /opt/airflow/dags/subdags/subdag_downloads.py
[2024-11-06T16:13:27.260+0000] {processor.py:927} WARNING - No viable dags retrieved from /opt/airflow/dags/subdags/subdag_downloads.py
[2024-11-06T16:13:27.274+0000] {processor.py:208} INFO - Processing /opt/airflow/dags/subdags/subdag_downloads.py took 0.040 seconds
[2024-11-06T16:13:57.538+0000] {processor.py:186} INFO - Started process (PID=317) to work on /opt/airflow/dags/subdags/subdag_downloads.py
[2024-11-06T16:13:57.538+0000] {processor.py:914} INFO - Processing file /opt/airflow/dags/subdags/subdag_downloads.py for tasks to queue
[2024-11-06T16:13:57.540+0000] {logging_mixin.py:190} INFO - [2024-11-06T16:13:57.540+0000] {dagbag.py:588} INFO - Filling up the DagBag from /opt/airflow/dags/subdags/subdag_downloads.py
[2024-11-06T16:13:57.557+0000] {processor.py:927} WARNING - No viable dags retrieved from /opt/airflow/dags/subdags/subdag_downloads.py
[2024-11-06T16:13:57.573+0000] {processor.py:208} INFO - Processing /opt/airflow/dags/subdags/subdag_downloads.py took 0.042 seconds
[2024-11-06T16:14:28.412+0000] {processor.py:186} INFO - Started process (PID=336) to work on /opt/airflow/dags/subdags/subdag_downloads.py
[2024-11-06T16:14:28.413+0000] {processor.py:914} INFO - Processing file /opt/airflow/dags/subdags/subdag_downloads.py for tasks to queue
[2024-11-06T16:14:28.415+0000] {logging_mixin.py:190} INFO - [2024-11-06T16:14:28.414+0000] {dagbag.py:588} INFO - Filling up the DagBag from /opt/airflow/dags/subdags/subdag_downloads.py
[2024-11-06T16:14:28.430+0000] {processor.py:927} WARNING - No viable dags retrieved from /opt/airflow/dags/subdags/subdag_downloads.py
[2024-11-06T16:14:28.442+0000] {processor.py:208} INFO - Processing /opt/airflow/dags/subdags/subdag_downloads.py took 0.036 seconds
[2024-11-06T16:14:58.692+0000] {processor.py:186} INFO - Started process (PID=353) to work on /opt/airflow/dags/subdags/subdag_downloads.py
[2024-11-06T16:14:58.692+0000] {processor.py:914} INFO - Processing file /opt/airflow/dags/subdags/subdag_downloads.py for tasks to queue
[2024-11-06T16:14:58.694+0000] {logging_mixin.py:190} INFO - [2024-11-06T16:14:58.694+0000] {dagbag.py:588} INFO - Filling up the DagBag from /opt/airflow/dags/subdags/subdag_downloads.py
[2024-11-06T16:14:58.708+0000] {processor.py:927} WARNING - No viable dags retrieved from /opt/airflow/dags/subdags/subdag_downloads.py
[2024-11-06T16:14:58.721+0000] {processor.py:208} INFO - Processing /opt/airflow/dags/subdags/subdag_downloads.py took 0.035 seconds
[2024-11-06T16:15:29.113+0000] {processor.py:186} INFO - Started process (PID=374) to work on /opt/airflow/dags/subdags/subdag_downloads.py
[2024-11-06T16:15:29.114+0000] {processor.py:914} INFO - Processing file /opt/airflow/dags/subdags/subdag_downloads.py for tasks to queue
[2024-11-06T16:15:29.116+0000] {logging_mixin.py:190} INFO - [2024-11-06T16:15:29.115+0000] {dagbag.py:588} INFO - Filling up the DagBag from /opt/airflow/dags/subdags/subdag_downloads.py
[2024-11-06T16:15:29.131+0000] {processor.py:927} WARNING - No viable dags retrieved from /opt/airflow/dags/subdags/subdag_downloads.py
[2024-11-06T16:15:29.148+0000] {processor.py:208} INFO - Processing /opt/airflow/dags/subdags/subdag_downloads.py took 0.041 seconds
[2024-11-06T16:15:59.620+0000] {processor.py:186} INFO - Started process (PID=394) to work on /opt/airflow/dags/subdags/subdag_downloads.py
[2024-11-06T16:15:59.621+0000] {processor.py:914} INFO - Processing file /opt/airflow/dags/subdags/subdag_downloads.py for tasks to queue
[2024-11-06T16:15:59.622+0000] {logging_mixin.py:190} INFO - [2024-11-06T16:15:59.622+0000] {dagbag.py:588} INFO - Filling up the DagBag from /opt/airflow/dags/subdags/subdag_downloads.py
[2024-11-06T16:15:59.636+0000] {processor.py:927} WARNING - No viable dags retrieved from /opt/airflow/dags/subdags/subdag_downloads.py
[2024-11-06T16:15:59.650+0000] {processor.py:208} INFO - Processing /opt/airflow/dags/subdags/subdag_downloads.py took 0.037 seconds
[2024-11-06T16:16:29.880+0000] {processor.py:186} INFO - Started process (PID=411) to work on /opt/airflow/dags/subdags/subdag_downloads.py
[2024-11-06T16:16:29.881+0000] {processor.py:914} INFO - Processing file /opt/airflow/dags/subdags/subdag_downloads.py for tasks to queue
[2024-11-06T16:16:29.882+0000] {logging_mixin.py:190} INFO - [2024-11-06T16:16:29.882+0000] {dagbag.py:588} INFO - Filling up the DagBag from /opt/airflow/dags/subdags/subdag_downloads.py
[2024-11-06T16:16:29.897+0000] {processor.py:927} WARNING - No viable dags retrieved from /opt/airflow/dags/subdags/subdag_downloads.py
[2024-11-06T16:16:29.912+0000] {processor.py:208} INFO - Processing /opt/airflow/dags/subdags/subdag_downloads.py took 0.039 seconds
[2024-11-06T16:17:00.258+0000] {processor.py:186} INFO - Started process (PID=429) to work on /opt/airflow/dags/subdags/subdag_downloads.py
[2024-11-06T16:17:00.259+0000] {processor.py:914} INFO - Processing file /opt/airflow/dags/subdags/subdag_downloads.py for tasks to queue
[2024-11-06T16:17:00.261+0000] {logging_mixin.py:190} INFO - [2024-11-06T16:17:00.261+0000] {dagbag.py:588} INFO - Filling up the DagBag from /opt/airflow/dags/subdags/subdag_downloads.py
[2024-11-06T16:17:00.279+0000] {processor.py:927} WARNING - No viable dags retrieved from /opt/airflow/dags/subdags/subdag_downloads.py
[2024-11-06T16:17:00.295+0000] {processor.py:208} INFO - Processing /opt/airflow/dags/subdags/subdag_downloads.py took 0.044 seconds
[2024-11-06T16:17:30.512+0000] {processor.py:186} INFO - Started process (PID=446) to work on /opt/airflow/dags/subdags/subdag_downloads.py
[2024-11-06T16:17:30.513+0000] {processor.py:914} INFO - Processing file /opt/airflow/dags/subdags/subdag_downloads.py for tasks to queue
[2024-11-06T16:17:30.514+0000] {logging_mixin.py:190} INFO - [2024-11-06T16:17:30.514+0000] {dagbag.py:588} INFO - Filling up the DagBag from /opt/airflow/dags/subdags/subdag_downloads.py
[2024-11-06T16:17:30.529+0000] {processor.py:927} WARNING - No viable dags retrieved from /opt/airflow/dags/subdags/subdag_downloads.py
[2024-11-06T16:17:30.542+0000] {processor.py:208} INFO - Processing /opt/airflow/dags/subdags/subdag_downloads.py took 0.038 seconds
[2024-11-06T16:18:01.521+0000] {processor.py:186} INFO - Started process (PID=466) to work on /opt/airflow/dags/subdags/subdag_downloads.py
[2024-11-06T16:18:01.522+0000] {processor.py:914} INFO - Processing file /opt/airflow/dags/subdags/subdag_downloads.py for tasks to queue
[2024-11-06T16:18:01.524+0000] {logging_mixin.py:190} INFO - [2024-11-06T16:18:01.524+0000] {dagbag.py:588} INFO - Filling up the DagBag from /opt/airflow/dags/subdags/subdag_downloads.py
[2024-11-06T16:18:01.541+0000] {processor.py:927} WARNING - No viable dags retrieved from /opt/airflow/dags/subdags/subdag_downloads.py
[2024-11-06T16:18:01.555+0000] {processor.py:208} INFO - Processing /opt/airflow/dags/subdags/subdag_downloads.py took 0.041 seconds
[2024-11-06T16:18:31.833+0000] {processor.py:186} INFO - Started process (PID=488) to work on /opt/airflow/dags/subdags/subdag_downloads.py
[2024-11-06T16:18:31.834+0000] {processor.py:914} INFO - Processing file /opt/airflow/dags/subdags/subdag_downloads.py for tasks to queue
[2024-11-06T16:18:31.836+0000] {logging_mixin.py:190} INFO - [2024-11-06T16:18:31.835+0000] {dagbag.py:588} INFO - Filling up the DagBag from /opt/airflow/dags/subdags/subdag_downloads.py
[2024-11-06T16:18:31.849+0000] {processor.py:927} WARNING - No viable dags retrieved from /opt/airflow/dags/subdags/subdag_downloads.py
[2024-11-06T16:18:31.863+0000] {processor.py:208} INFO - Processing /opt/airflow/dags/subdags/subdag_downloads.py took 0.037 seconds
[2024-11-06T16:19:02.290+0000] {processor.py:186} INFO - Started process (PID=505) to work on /opt/airflow/dags/subdags/subdag_downloads.py
[2024-11-06T16:19:02.291+0000] {processor.py:914} INFO - Processing file /opt/airflow/dags/subdags/subdag_downloads.py for tasks to queue
[2024-11-06T16:19:02.293+0000] {logging_mixin.py:190} INFO - [2024-11-06T16:19:02.292+0000] {dagbag.py:588} INFO - Filling up the DagBag from /opt/airflow/dags/subdags/subdag_downloads.py
[2024-11-06T16:19:02.308+0000] {processor.py:927} WARNING - No viable dags retrieved from /opt/airflow/dags/subdags/subdag_downloads.py
[2024-11-06T16:19:02.322+0000] {processor.py:208} INFO - Processing /opt/airflow/dags/subdags/subdag_downloads.py took 0.039 seconds
[2024-11-06T16:26:53.400+0000] {processor.py:186} INFO - Started process (PID=750) to work on /opt/airflow/dags/subdags/subdag_downloads.py
[2024-11-06T16:26:53.401+0000] {processor.py:914} INFO - Processing file /opt/airflow/dags/subdags/subdag_downloads.py for tasks to queue
[2024-11-06T16:26:53.403+0000] {logging_mixin.py:190} INFO - [2024-11-06T16:26:53.402+0000] {dagbag.py:588} INFO - Filling up the DagBag from /opt/airflow/dags/subdags/subdag_downloads.py
[2024-11-06T16:26:53.421+0000] {processor.py:927} WARNING - No viable dags retrieved from /opt/airflow/dags/subdags/subdag_downloads.py
[2024-11-06T16:26:53.436+0000] {processor.py:208} INFO - Processing /opt/airflow/dags/subdags/subdag_downloads.py took 0.047 seconds
[2024-11-06T16:27:24.949+0000] {processor.py:186} INFO - Started process (PID=774) to work on /opt/airflow/dags/subdags/subdag_downloads.py
[2024-11-06T16:27:24.951+0000] {processor.py:914} INFO - Processing file /opt/airflow/dags/subdags/subdag_downloads.py for tasks to queue
[2024-11-06T16:27:24.953+0000] {logging_mixin.py:190} INFO - [2024-11-06T16:27:24.952+0000] {dagbag.py:588} INFO - Filling up the DagBag from /opt/airflow/dags/subdags/subdag_downloads.py
[2024-11-06T16:27:24.981+0000] {processor.py:927} WARNING - No viable dags retrieved from /opt/airflow/dags/subdags/subdag_downloads.py
[2024-11-06T16:27:24.997+0000] {processor.py:208} INFO - Processing /opt/airflow/dags/subdags/subdag_downloads.py took 0.058 seconds
[2024-11-06T16:27:55.501+0000] {processor.py:186} INFO - Started process (PID=792) to work on /opt/airflow/dags/subdags/subdag_downloads.py
[2024-11-06T16:27:55.503+0000] {processor.py:914} INFO - Processing file /opt/airflow/dags/subdags/subdag_downloads.py for tasks to queue
[2024-11-06T16:27:55.506+0000] {logging_mixin.py:190} INFO - [2024-11-06T16:27:55.505+0000] {dagbag.py:588} INFO - Filling up the DagBag from /opt/airflow/dags/subdags/subdag_downloads.py
[2024-11-06T16:27:55.535+0000] {processor.py:927} WARNING - No viable dags retrieved from /opt/airflow/dags/subdags/subdag_downloads.py
[2024-11-06T16:27:55.558+0000] {processor.py:208} INFO - Processing /opt/airflow/dags/subdags/subdag_downloads.py took 0.085 seconds
[2024-11-06T16:28:26.246+0000] {processor.py:186} INFO - Started process (PID=811) to work on /opt/airflow/dags/subdags/subdag_downloads.py
[2024-11-06T16:28:26.247+0000] {processor.py:914} INFO - Processing file /opt/airflow/dags/subdags/subdag_downloads.py for tasks to queue
[2024-11-06T16:28:26.249+0000] {logging_mixin.py:190} INFO - [2024-11-06T16:28:26.249+0000] {dagbag.py:588} INFO - Filling up the DagBag from /opt/airflow/dags/subdags/subdag_downloads.py
[2024-11-06T16:28:26.265+0000] {processor.py:927} WARNING - No viable dags retrieved from /opt/airflow/dags/subdags/subdag_downloads.py
[2024-11-06T16:28:26.279+0000] {processor.py:208} INFO - Processing /opt/airflow/dags/subdags/subdag_downloads.py took 0.039 seconds
[2024-11-06T16:28:56.687+0000] {processor.py:186} INFO - Started process (PID=828) to work on /opt/airflow/dags/subdags/subdag_downloads.py
[2024-11-06T16:28:56.689+0000] {processor.py:914} INFO - Processing file /opt/airflow/dags/subdags/subdag_downloads.py for tasks to queue
[2024-11-06T16:28:56.691+0000] {logging_mixin.py:190} INFO - [2024-11-06T16:28:56.690+0000] {dagbag.py:588} INFO - Filling up the DagBag from /opt/airflow/dags/subdags/subdag_downloads.py
[2024-11-06T16:28:56.709+0000] {processor.py:927} WARNING - No viable dags retrieved from /opt/airflow/dags/subdags/subdag_downloads.py
[2024-11-06T16:28:56.726+0000] {processor.py:208} INFO - Processing /opt/airflow/dags/subdags/subdag_downloads.py took 0.046 seconds
[2024-11-06T16:29:18.281+0000] {processor.py:186} INFO - Started process (PID=840) to work on /opt/airflow/dags/subdags/subdag_downloads.py
[2024-11-06T16:29:18.282+0000] {processor.py:914} INFO - Processing file /opt/airflow/dags/subdags/subdag_downloads.py for tasks to queue
[2024-11-06T16:29:18.284+0000] {logging_mixin.py:190} INFO - [2024-11-06T16:29:18.283+0000] {dagbag.py:588} INFO - Filling up the DagBag from /opt/airflow/dags/subdags/subdag_downloads.py
[2024-11-06T16:29:18.315+0000] {processor.py:927} WARNING - No viable dags retrieved from /opt/airflow/dags/subdags/subdag_downloads.py
[2024-11-06T16:29:18.328+0000] {processor.py:208} INFO - Processing /opt/airflow/dags/subdags/subdag_downloads.py took 0.054 seconds
[2024-11-06T16:29:48.534+0000] {processor.py:186} INFO - Started process (PID=857) to work on /opt/airflow/dags/subdags/subdag_downloads.py
[2024-11-06T16:29:48.535+0000] {processor.py:914} INFO - Processing file /opt/airflow/dags/subdags/subdag_downloads.py for tasks to queue
[2024-11-06T16:29:48.537+0000] {logging_mixin.py:190} INFO - [2024-11-06T16:29:48.536+0000] {dagbag.py:588} INFO - Filling up the DagBag from /opt/airflow/dags/subdags/subdag_downloads.py
[2024-11-06T16:29:48.555+0000] {processor.py:927} WARNING - No viable dags retrieved from /opt/airflow/dags/subdags/subdag_downloads.py
[2024-11-06T16:29:48.569+0000] {processor.py:208} INFO - Processing /opt/airflow/dags/subdags/subdag_downloads.py took 0.043 seconds
[2024-11-06T16:30:19.066+0000] {processor.py:186} INFO - Started process (PID=876) to work on /opt/airflow/dags/subdags/subdag_downloads.py
[2024-11-06T16:30:19.067+0000] {processor.py:914} INFO - Processing file /opt/airflow/dags/subdags/subdag_downloads.py for tasks to queue
[2024-11-06T16:30:19.068+0000] {logging_mixin.py:190} INFO - [2024-11-06T16:30:19.068+0000] {dagbag.py:588} INFO - Filling up the DagBag from /opt/airflow/dags/subdags/subdag_downloads.py
[2024-11-06T16:30:19.084+0000] {processor.py:927} WARNING - No viable dags retrieved from /opt/airflow/dags/subdags/subdag_downloads.py
[2024-11-06T16:30:19.097+0000] {processor.py:208} INFO - Processing /opt/airflow/dags/subdags/subdag_downloads.py took 0.038 seconds
[2024-11-06T16:30:49.339+0000] {processor.py:186} INFO - Started process (PID=905) to work on /opt/airflow/dags/subdags/subdag_downloads.py
[2024-11-06T16:30:49.340+0000] {processor.py:914} INFO - Processing file /opt/airflow/dags/subdags/subdag_downloads.py for tasks to queue
[2024-11-06T16:30:49.341+0000] {logging_mixin.py:190} INFO - [2024-11-06T16:30:49.341+0000] {dagbag.py:588} INFO - Filling up the DagBag from /opt/airflow/dags/subdags/subdag_downloads.py
[2024-11-06T16:30:49.358+0000] {processor.py:927} WARNING - No viable dags retrieved from /opt/airflow/dags/subdags/subdag_downloads.py
[2024-11-06T16:30:49.373+0000] {processor.py:208} INFO - Processing /opt/airflow/dags/subdags/subdag_downloads.py took 0.042 seconds
[2024-11-06T16:31:19.617+0000] {processor.py:186} INFO - Started process (PID=922) to work on /opt/airflow/dags/subdags/subdag_downloads.py
[2024-11-06T16:31:19.619+0000] {processor.py:914} INFO - Processing file /opt/airflow/dags/subdags/subdag_downloads.py for tasks to queue
[2024-11-06T16:31:19.620+0000] {logging_mixin.py:190} INFO - [2024-11-06T16:31:19.620+0000] {dagbag.py:588} INFO - Filling up the DagBag from /opt/airflow/dags/subdags/subdag_downloads.py
[2024-11-06T16:31:19.642+0000] {processor.py:927} WARNING - No viable dags retrieved from /opt/airflow/dags/subdags/subdag_downloads.py
[2024-11-06T16:31:19.664+0000] {processor.py:208} INFO - Processing /opt/airflow/dags/subdags/subdag_downloads.py took 0.054 seconds
[2024-11-06T16:31:49.769+0000] {processor.py:186} INFO - Started process (PID=944) to work on /opt/airflow/dags/subdags/subdag_downloads.py
[2024-11-06T16:31:49.770+0000] {processor.py:914} INFO - Processing file /opt/airflow/dags/subdags/subdag_downloads.py for tasks to queue
[2024-11-06T16:31:49.772+0000] {logging_mixin.py:190} INFO - [2024-11-06T16:31:49.771+0000] {dagbag.py:588} INFO - Filling up the DagBag from /opt/airflow/dags/subdags/subdag_downloads.py
[2024-11-06T16:31:49.790+0000] {processor.py:927} WARNING - No viable dags retrieved from /opt/airflow/dags/subdags/subdag_downloads.py
[2024-11-06T16:31:49.810+0000] {processor.py:208} INFO - Processing /opt/airflow/dags/subdags/subdag_downloads.py took 0.047 seconds
[2024-11-06T16:32:19.997+0000] {processor.py:186} INFO - Started process (PID=969) to work on /opt/airflow/dags/subdags/subdag_downloads.py
[2024-11-06T16:32:19.999+0000] {processor.py:914} INFO - Processing file /opt/airflow/dags/subdags/subdag_downloads.py for tasks to queue
[2024-11-06T16:32:20.000+0000] {logging_mixin.py:190} INFO - [2024-11-06T16:32:20.000+0000] {dagbag.py:588} INFO - Filling up the DagBag from /opt/airflow/dags/subdags/subdag_downloads.py
[2024-11-06T16:32:20.015+0000] {processor.py:927} WARNING - No viable dags retrieved from /opt/airflow/dags/subdags/subdag_downloads.py
[2024-11-06T16:32:20.027+0000] {processor.py:208} INFO - Processing /opt/airflow/dags/subdags/subdag_downloads.py took 0.038 seconds
[2024-11-06T16:32:50.340+0000] {processor.py:186} INFO - Started process (PID=986) to work on /opt/airflow/dags/subdags/subdag_downloads.py
[2024-11-06T16:32:50.341+0000] {processor.py:914} INFO - Processing file /opt/airflow/dags/subdags/subdag_downloads.py for tasks to queue
[2024-11-06T16:32:50.343+0000] {logging_mixin.py:190} INFO - [2024-11-06T16:32:50.343+0000] {dagbag.py:588} INFO - Filling up the DagBag from /opt/airflow/dags/subdags/subdag_downloads.py
[2024-11-06T16:32:50.362+0000] {processor.py:927} WARNING - No viable dags retrieved from /opt/airflow/dags/subdags/subdag_downloads.py
[2024-11-06T16:32:50.376+0000] {processor.py:208} INFO - Processing /opt/airflow/dags/subdags/subdag_downloads.py took 0.043 seconds
[2024-11-06T16:33:20.739+0000] {processor.py:186} INFO - Started process (PID=1003) to work on /opt/airflow/dags/subdags/subdag_downloads.py
[2024-11-06T16:33:20.740+0000] {processor.py:914} INFO - Processing file /opt/airflow/dags/subdags/subdag_downloads.py for tasks to queue
[2024-11-06T16:33:20.742+0000] {logging_mixin.py:190} INFO - [2024-11-06T16:33:20.742+0000] {dagbag.py:588} INFO - Filling up the DagBag from /opt/airflow/dags/subdags/subdag_downloads.py
[2024-11-06T16:33:20.762+0000] {processor.py:927} WARNING - No viable dags retrieved from /opt/airflow/dags/subdags/subdag_downloads.py
[2024-11-06T16:33:20.777+0000] {processor.py:208} INFO - Processing /opt/airflow/dags/subdags/subdag_downloads.py took 0.046 seconds
[2024-11-06T16:33:51.208+0000] {processor.py:186} INFO - Started process (PID=1020) to work on /opt/airflow/dags/subdags/subdag_downloads.py
[2024-11-06T16:33:51.209+0000] {processor.py:914} INFO - Processing file /opt/airflow/dags/subdags/subdag_downloads.py for tasks to queue
[2024-11-06T16:33:51.211+0000] {logging_mixin.py:190} INFO - [2024-11-06T16:33:51.210+0000] {dagbag.py:588} INFO - Filling up the DagBag from /opt/airflow/dags/subdags/subdag_downloads.py
[2024-11-06T16:33:51.232+0000] {processor.py:927} WARNING - No viable dags retrieved from /opt/airflow/dags/subdags/subdag_downloads.py
[2024-11-06T16:33:51.250+0000] {processor.py:208} INFO - Processing /opt/airflow/dags/subdags/subdag_downloads.py took 0.052 seconds
[2024-11-06T16:34:21.484+0000] {processor.py:186} INFO - Started process (PID=1037) to work on /opt/airflow/dags/subdags/subdag_downloads.py
[2024-11-06T16:34:21.485+0000] {processor.py:914} INFO - Processing file /opt/airflow/dags/subdags/subdag_downloads.py for tasks to queue
[2024-11-06T16:34:21.487+0000] {logging_mixin.py:190} INFO - [2024-11-06T16:34:21.487+0000] {dagbag.py:588} INFO - Filling up the DagBag from /opt/airflow/dags/subdags/subdag_downloads.py
[2024-11-06T16:34:21.502+0000] {processor.py:927} WARNING - No viable dags retrieved from /opt/airflow/dags/subdags/subdag_downloads.py
[2024-11-06T16:34:21.513+0000] {processor.py:208} INFO - Processing /opt/airflow/dags/subdags/subdag_downloads.py took 0.036 seconds
[2024-11-06T16:34:51.765+0000] {processor.py:186} INFO - Started process (PID=1054) to work on /opt/airflow/dags/subdags/subdag_downloads.py
[2024-11-06T16:34:51.767+0000] {processor.py:914} INFO - Processing file /opt/airflow/dags/subdags/subdag_downloads.py for tasks to queue
[2024-11-06T16:34:51.769+0000] {logging_mixin.py:190} INFO - [2024-11-06T16:34:51.768+0000] {dagbag.py:588} INFO - Filling up the DagBag from /opt/airflow/dags/subdags/subdag_downloads.py
[2024-11-06T16:34:51.787+0000] {processor.py:927} WARNING - No viable dags retrieved from /opt/airflow/dags/subdags/subdag_downloads.py
[2024-11-06T16:34:51.800+0000] {processor.py:208} INFO - Processing /opt/airflow/dags/subdags/subdag_downloads.py took 0.042 seconds
[2024-11-06T16:35:22.154+0000] {processor.py:186} INFO - Started process (PID=1071) to work on /opt/airflow/dags/subdags/subdag_downloads.py
[2024-11-06T16:35:22.155+0000] {processor.py:914} INFO - Processing file /opt/airflow/dags/subdags/subdag_downloads.py for tasks to queue
[2024-11-06T16:35:22.158+0000] {logging_mixin.py:190} INFO - [2024-11-06T16:35:22.157+0000] {dagbag.py:588} INFO - Filling up the DagBag from /opt/airflow/dags/subdags/subdag_downloads.py
[2024-11-06T16:35:22.177+0000] {processor.py:927} WARNING - No viable dags retrieved from /opt/airflow/dags/subdags/subdag_downloads.py
[2024-11-06T16:35:22.192+0000] {processor.py:208} INFO - Processing /opt/airflow/dags/subdags/subdag_downloads.py took 0.045 seconds
[2024-11-06T16:35:52.659+0000] {processor.py:186} INFO - Started process (PID=1088) to work on /opt/airflow/dags/subdags/subdag_downloads.py
[2024-11-06T16:35:52.662+0000] {processor.py:914} INFO - Processing file /opt/airflow/dags/subdags/subdag_downloads.py for tasks to queue
[2024-11-06T16:35:52.667+0000] {logging_mixin.py:190} INFO - [2024-11-06T16:35:52.665+0000] {dagbag.py:588} INFO - Filling up the DagBag from /opt/airflow/dags/subdags/subdag_downloads.py
[2024-11-06T16:35:52.708+0000] {processor.py:927} WARNING - No viable dags retrieved from /opt/airflow/dags/subdags/subdag_downloads.py
[2024-11-06T16:35:52.740+0000] {processor.py:208} INFO - Processing /opt/airflow/dags/subdags/subdag_downloads.py took 0.095 seconds
[2024-11-06T16:36:23.146+0000] {processor.py:186} INFO - Started process (PID=1105) to work on /opt/airflow/dags/subdags/subdag_downloads.py
[2024-11-06T16:36:23.147+0000] {processor.py:914} INFO - Processing file /opt/airflow/dags/subdags/subdag_downloads.py for tasks to queue
[2024-11-06T16:36:23.149+0000] {logging_mixin.py:190} INFO - [2024-11-06T16:36:23.148+0000] {dagbag.py:588} INFO - Filling up the DagBag from /opt/airflow/dags/subdags/subdag_downloads.py
[2024-11-06T16:36:23.166+0000] {processor.py:927} WARNING - No viable dags retrieved from /opt/airflow/dags/subdags/subdag_downloads.py
[2024-11-06T16:36:23.180+0000] {processor.py:208} INFO - Processing /opt/airflow/dags/subdags/subdag_downloads.py took 0.042 seconds
[2024-11-06T16:36:53.721+0000] {processor.py:186} INFO - Started process (PID=1122) to work on /opt/airflow/dags/subdags/subdag_downloads.py
[2024-11-06T16:36:53.722+0000] {processor.py:914} INFO - Processing file /opt/airflow/dags/subdags/subdag_downloads.py for tasks to queue
[2024-11-06T16:36:53.723+0000] {logging_mixin.py:190} INFO - [2024-11-06T16:36:53.723+0000] {dagbag.py:588} INFO - Filling up the DagBag from /opt/airflow/dags/subdags/subdag_downloads.py
[2024-11-06T16:36:53.742+0000] {processor.py:927} WARNING - No viable dags retrieved from /opt/airflow/dags/subdags/subdag_downloads.py
[2024-11-06T16:36:53.757+0000] {processor.py:208} INFO - Processing /opt/airflow/dags/subdags/subdag_downloads.py took 0.043 seconds
[2024-11-06T16:37:24.265+0000] {processor.py:186} INFO - Started process (PID=1140) to work on /opt/airflow/dags/subdags/subdag_downloads.py
[2024-11-06T16:37:24.266+0000] {processor.py:914} INFO - Processing file /opt/airflow/dags/subdags/subdag_downloads.py for tasks to queue
[2024-11-06T16:37:24.267+0000] {logging_mixin.py:190} INFO - [2024-11-06T16:37:24.267+0000] {dagbag.py:588} INFO - Filling up the DagBag from /opt/airflow/dags/subdags/subdag_downloads.py
[2024-11-06T16:37:24.284+0000] {processor.py:927} WARNING - No viable dags retrieved from /opt/airflow/dags/subdags/subdag_downloads.py
[2024-11-06T16:37:24.298+0000] {processor.py:208} INFO - Processing /opt/airflow/dags/subdags/subdag_downloads.py took 0.040 seconds
[2024-11-06T16:37:54.903+0000] {processor.py:186} INFO - Started process (PID=1158) to work on /opt/airflow/dags/subdags/subdag_downloads.py
[2024-11-06T16:37:54.905+0000] {processor.py:914} INFO - Processing file /opt/airflow/dags/subdags/subdag_downloads.py for tasks to queue
[2024-11-06T16:37:54.906+0000] {logging_mixin.py:190} INFO - [2024-11-06T16:37:54.906+0000] {dagbag.py:588} INFO - Filling up the DagBag from /opt/airflow/dags/subdags/subdag_downloads.py
[2024-11-06T16:37:54.933+0000] {processor.py:927} WARNING - No viable dags retrieved from /opt/airflow/dags/subdags/subdag_downloads.py
[2024-11-06T16:37:54.948+0000] {processor.py:208} INFO - Processing /opt/airflow/dags/subdags/subdag_downloads.py took 0.051 seconds
[2024-11-06T16:38:25.158+0000] {processor.py:186} INFO - Started process (PID=1176) to work on /opt/airflow/dags/subdags/subdag_downloads.py
[2024-11-06T16:38:25.159+0000] {processor.py:914} INFO - Processing file /opt/airflow/dags/subdags/subdag_downloads.py for tasks to queue
[2024-11-06T16:38:25.160+0000] {logging_mixin.py:190} INFO - [2024-11-06T16:38:25.160+0000] {dagbag.py:588} INFO - Filling up the DagBag from /opt/airflow/dags/subdags/subdag_downloads.py
[2024-11-06T16:38:25.178+0000] {processor.py:927} WARNING - No viable dags retrieved from /opt/airflow/dags/subdags/subdag_downloads.py
[2024-11-06T16:38:25.193+0000] {processor.py:208} INFO - Processing /opt/airflow/dags/subdags/subdag_downloads.py took 0.042 seconds
[2024-11-06T16:38:55.793+0000] {processor.py:186} INFO - Started process (PID=1195) to work on /opt/airflow/dags/subdags/subdag_downloads.py
[2024-11-06T16:38:55.794+0000] {processor.py:914} INFO - Processing file /opt/airflow/dags/subdags/subdag_downloads.py for tasks to queue
[2024-11-06T16:38:55.796+0000] {logging_mixin.py:190} INFO - [2024-11-06T16:38:55.795+0000] {dagbag.py:588} INFO - Filling up the DagBag from /opt/airflow/dags/subdags/subdag_downloads.py
[2024-11-06T16:38:55.813+0000] {processor.py:927} WARNING - No viable dags retrieved from /opt/airflow/dags/subdags/subdag_downloads.py
[2024-11-06T16:38:55.826+0000] {processor.py:208} INFO - Processing /opt/airflow/dags/subdags/subdag_downloads.py took 0.040 seconds
[2024-11-06T16:39:26.428+0000] {processor.py:186} INFO - Started process (PID=1213) to work on /opt/airflow/dags/subdags/subdag_downloads.py
[2024-11-06T16:39:26.429+0000] {processor.py:914} INFO - Processing file /opt/airflow/dags/subdags/subdag_downloads.py for tasks to queue
[2024-11-06T16:39:26.431+0000] {logging_mixin.py:190} INFO - [2024-11-06T16:39:26.430+0000] {dagbag.py:588} INFO - Filling up the DagBag from /opt/airflow/dags/subdags/subdag_downloads.py
[2024-11-06T16:39:26.450+0000] {processor.py:927} WARNING - No viable dags retrieved from /opt/airflow/dags/subdags/subdag_downloads.py
[2024-11-06T16:39:26.468+0000] {processor.py:208} INFO - Processing /opt/airflow/dags/subdags/subdag_downloads.py took 0.048 seconds
[2024-11-06T16:39:56.921+0000] {processor.py:186} INFO - Started process (PID=1231) to work on /opt/airflow/dags/subdags/subdag_downloads.py
[2024-11-06T16:39:56.922+0000] {processor.py:914} INFO - Processing file /opt/airflow/dags/subdags/subdag_downloads.py for tasks to queue
[2024-11-06T16:39:56.923+0000] {logging_mixin.py:190} INFO - [2024-11-06T16:39:56.923+0000] {dagbag.py:588} INFO - Filling up the DagBag from /opt/airflow/dags/subdags/subdag_downloads.py
[2024-11-06T16:39:56.936+0000] {processor.py:927} WARNING - No viable dags retrieved from /opt/airflow/dags/subdags/subdag_downloads.py
[2024-11-06T16:39:56.948+0000] {processor.py:208} INFO - Processing /opt/airflow/dags/subdags/subdag_downloads.py took 0.034 seconds
[2024-11-06T16:40:27.460+0000] {processor.py:186} INFO - Started process (PID=1249) to work on /opt/airflow/dags/subdags/subdag_downloads.py
[2024-11-06T16:40:27.461+0000] {processor.py:914} INFO - Processing file /opt/airflow/dags/subdags/subdag_downloads.py for tasks to queue
[2024-11-06T16:40:27.462+0000] {logging_mixin.py:190} INFO - [2024-11-06T16:40:27.462+0000] {dagbag.py:588} INFO - Filling up the DagBag from /opt/airflow/dags/subdags/subdag_downloads.py
[2024-11-06T16:40:27.489+0000] {processor.py:927} WARNING - No viable dags retrieved from /opt/airflow/dags/subdags/subdag_downloads.py
[2024-11-06T16:40:27.508+0000] {processor.py:208} INFO - Processing /opt/airflow/dags/subdags/subdag_downloads.py took 0.056 seconds
[2024-11-06T16:40:58.207+0000] {processor.py:186} INFO - Started process (PID=1267) to work on /opt/airflow/dags/subdags/subdag_downloads.py
[2024-11-06T16:40:58.208+0000] {processor.py:914} INFO - Processing file /opt/airflow/dags/subdags/subdag_downloads.py for tasks to queue
[2024-11-06T16:40:58.211+0000] {logging_mixin.py:190} INFO - [2024-11-06T16:40:58.210+0000] {dagbag.py:588} INFO - Filling up the DagBag from /opt/airflow/dags/subdags/subdag_downloads.py
[2024-11-06T16:40:58.230+0000] {processor.py:927} WARNING - No viable dags retrieved from /opt/airflow/dags/subdags/subdag_downloads.py
[2024-11-06T16:40:58.248+0000] {processor.py:208} INFO - Processing /opt/airflow/dags/subdags/subdag_downloads.py took 0.057 seconds
[2024-11-06T16:41:28.394+0000] {processor.py:186} INFO - Started process (PID=1285) to work on /opt/airflow/dags/subdags/subdag_downloads.py
[2024-11-06T16:41:28.395+0000] {processor.py:914} INFO - Processing file /opt/airflow/dags/subdags/subdag_downloads.py for tasks to queue
[2024-11-06T16:41:28.397+0000] {logging_mixin.py:190} INFO - [2024-11-06T16:41:28.397+0000] {dagbag.py:588} INFO - Filling up the DagBag from /opt/airflow/dags/subdags/subdag_downloads.py
[2024-11-06T16:41:28.417+0000] {processor.py:927} WARNING - No viable dags retrieved from /opt/airflow/dags/subdags/subdag_downloads.py
[2024-11-06T16:41:28.432+0000] {processor.py:208} INFO - Processing /opt/airflow/dags/subdags/subdag_downloads.py took 0.046 seconds
[2024-11-06T16:41:58.632+0000] {processor.py:186} INFO - Started process (PID=1303) to work on /opt/airflow/dags/subdags/subdag_downloads.py
[2024-11-06T16:41:58.633+0000] {processor.py:914} INFO - Processing file /opt/airflow/dags/subdags/subdag_downloads.py for tasks to queue
[2024-11-06T16:41:58.635+0000] {logging_mixin.py:190} INFO - [2024-11-06T16:41:58.634+0000] {dagbag.py:588} INFO - Filling up the DagBag from /opt/airflow/dags/subdags/subdag_downloads.py
[2024-11-06T16:41:58.658+0000] {processor.py:927} WARNING - No viable dags retrieved from /opt/airflow/dags/subdags/subdag_downloads.py
[2024-11-06T16:41:58.676+0000] {processor.py:208} INFO - Processing /opt/airflow/dags/subdags/subdag_downloads.py took 0.052 seconds
[2024-11-06T16:42:29.002+0000] {processor.py:186} INFO - Started process (PID=1321) to work on /opt/airflow/dags/subdags/subdag_downloads.py
[2024-11-06T16:42:29.003+0000] {processor.py:914} INFO - Processing file /opt/airflow/dags/subdags/subdag_downloads.py for tasks to queue
[2024-11-06T16:42:29.005+0000] {logging_mixin.py:190} INFO - [2024-11-06T16:42:29.005+0000] {dagbag.py:588} INFO - Filling up the DagBag from /opt/airflow/dags/subdags/subdag_downloads.py
[2024-11-06T16:42:29.024+0000] {processor.py:927} WARNING - No viable dags retrieved from /opt/airflow/dags/subdags/subdag_downloads.py
[2024-11-06T16:42:29.044+0000] {processor.py:208} INFO - Processing /opt/airflow/dags/subdags/subdag_downloads.py took 0.053 seconds
[2024-11-06T16:42:59.418+0000] {processor.py:186} INFO - Started process (PID=1341) to work on /opt/airflow/dags/subdags/subdag_downloads.py
[2024-11-06T16:42:59.419+0000] {processor.py:914} INFO - Processing file /opt/airflow/dags/subdags/subdag_downloads.py for tasks to queue
[2024-11-06T16:42:59.421+0000] {logging_mixin.py:190} INFO - [2024-11-06T16:42:59.420+0000] {dagbag.py:588} INFO - Filling up the DagBag from /opt/airflow/dags/subdags/subdag_downloads.py
[2024-11-06T16:42:59.438+0000] {processor.py:927} WARNING - No viable dags retrieved from /opt/airflow/dags/subdags/subdag_downloads.py
[2024-11-06T16:42:59.453+0000] {processor.py:208} INFO - Processing /opt/airflow/dags/subdags/subdag_downloads.py took 0.041 seconds
[2024-11-06T16:43:29.800+0000] {processor.py:186} INFO - Started process (PID=1362) to work on /opt/airflow/dags/subdags/subdag_downloads.py
[2024-11-06T16:43:29.802+0000] {processor.py:914} INFO - Processing file /opt/airflow/dags/subdags/subdag_downloads.py for tasks to queue
[2024-11-06T16:43:29.803+0000] {logging_mixin.py:190} INFO - [2024-11-06T16:43:29.803+0000] {dagbag.py:588} INFO - Filling up the DagBag from /opt/airflow/dags/subdags/subdag_downloads.py
[2024-11-06T16:43:29.822+0000] {processor.py:927} WARNING - No viable dags retrieved from /opt/airflow/dags/subdags/subdag_downloads.py
[2024-11-06T16:43:29.836+0000] {processor.py:208} INFO - Processing /opt/airflow/dags/subdags/subdag_downloads.py took 0.044 seconds
[2024-11-06T16:44:00.209+0000] {processor.py:186} INFO - Started process (PID=1380) to work on /opt/airflow/dags/subdags/subdag_downloads.py
[2024-11-06T16:44:00.210+0000] {processor.py:914} INFO - Processing file /opt/airflow/dags/subdags/subdag_downloads.py for tasks to queue
[2024-11-06T16:44:00.212+0000] {logging_mixin.py:190} INFO - [2024-11-06T16:44:00.211+0000] {dagbag.py:588} INFO - Filling up the DagBag from /opt/airflow/dags/subdags/subdag_downloads.py
[2024-11-06T16:44:00.232+0000] {processor.py:927} WARNING - No viable dags retrieved from /opt/airflow/dags/subdags/subdag_downloads.py
[2024-11-06T16:44:00.244+0000] {processor.py:208} INFO - Processing /opt/airflow/dags/subdags/subdag_downloads.py took 0.042 seconds
[2024-11-06T16:44:30.422+0000] {processor.py:186} INFO - Started process (PID=1398) to work on /opt/airflow/dags/subdags/subdag_downloads.py
[2024-11-06T16:44:30.423+0000] {processor.py:914} INFO - Processing file /opt/airflow/dags/subdags/subdag_downloads.py for tasks to queue
[2024-11-06T16:44:30.425+0000] {logging_mixin.py:190} INFO - [2024-11-06T16:44:30.424+0000] {dagbag.py:588} INFO - Filling up the DagBag from /opt/airflow/dags/subdags/subdag_downloads.py
[2024-11-06T16:44:30.440+0000] {processor.py:927} WARNING - No viable dags retrieved from /opt/airflow/dags/subdags/subdag_downloads.py
[2024-11-06T16:44:30.453+0000] {processor.py:208} INFO - Processing /opt/airflow/dags/subdags/subdag_downloads.py took 0.037 seconds
[2024-11-06T16:45:00.842+0000] {processor.py:186} INFO - Started process (PID=1416) to work on /opt/airflow/dags/subdags/subdag_downloads.py
[2024-11-06T16:45:00.844+0000] {processor.py:914} INFO - Processing file /opt/airflow/dags/subdags/subdag_downloads.py for tasks to queue
[2024-11-06T16:45:00.846+0000] {logging_mixin.py:190} INFO - [2024-11-06T16:45:00.846+0000] {dagbag.py:588} INFO - Filling up the DagBag from /opt/airflow/dags/subdags/subdag_downloads.py
[2024-11-06T16:45:00.876+0000] {processor.py:927} WARNING - No viable dags retrieved from /opt/airflow/dags/subdags/subdag_downloads.py
[2024-11-06T16:45:00.892+0000] {processor.py:208} INFO - Processing /opt/airflow/dags/subdags/subdag_downloads.py took 0.059 seconds
[2024-11-06T16:45:31.166+0000] {processor.py:186} INFO - Started process (PID=1435) to work on /opt/airflow/dags/subdags/subdag_downloads.py
[2024-11-06T16:45:31.167+0000] {processor.py:914} INFO - Processing file /opt/airflow/dags/subdags/subdag_downloads.py for tasks to queue
[2024-11-06T16:45:31.169+0000] {logging_mixin.py:190} INFO - [2024-11-06T16:45:31.168+0000] {dagbag.py:588} INFO - Filling up the DagBag from /opt/airflow/dags/subdags/subdag_downloads.py
[2024-11-06T16:45:31.184+0000] {processor.py:927} WARNING - No viable dags retrieved from /opt/airflow/dags/subdags/subdag_downloads.py
[2024-11-06T16:45:31.196+0000] {processor.py:208} INFO - Processing /opt/airflow/dags/subdags/subdag_downloads.py took 0.037 seconds
[2024-11-06T16:46:01.762+0000] {processor.py:186} INFO - Started process (PID=1453) to work on /opt/airflow/dags/subdags/subdag_downloads.py
[2024-11-06T16:46:01.763+0000] {processor.py:914} INFO - Processing file /opt/airflow/dags/subdags/subdag_downloads.py for tasks to queue
[2024-11-06T16:46:01.765+0000] {logging_mixin.py:190} INFO - [2024-11-06T16:46:01.764+0000] {dagbag.py:588} INFO - Filling up the DagBag from /opt/airflow/dags/subdags/subdag_downloads.py
[2024-11-06T16:46:01.783+0000] {processor.py:927} WARNING - No viable dags retrieved from /opt/airflow/dags/subdags/subdag_downloads.py
[2024-11-06T16:46:01.798+0000] {processor.py:208} INFO - Processing /opt/airflow/dags/subdags/subdag_downloads.py took 0.044 seconds
[2024-11-06T16:46:32.336+0000] {processor.py:186} INFO - Started process (PID=1471) to work on /opt/airflow/dags/subdags/subdag_downloads.py
[2024-11-06T16:46:32.337+0000] {processor.py:914} INFO - Processing file /opt/airflow/dags/subdags/subdag_downloads.py for tasks to queue
[2024-11-06T16:46:32.339+0000] {logging_mixin.py:190} INFO - [2024-11-06T16:46:32.338+0000] {dagbag.py:588} INFO - Filling up the DagBag from /opt/airflow/dags/subdags/subdag_downloads.py
[2024-11-06T16:46:32.357+0000] {processor.py:927} WARNING - No viable dags retrieved from /opt/airflow/dags/subdags/subdag_downloads.py
[2024-11-06T16:46:32.369+0000] {processor.py:208} INFO - Processing /opt/airflow/dags/subdags/subdag_downloads.py took 0.040 seconds
[2024-11-06T16:47:02.578+0000] {processor.py:186} INFO - Started process (PID=1489) to work on /opt/airflow/dags/subdags/subdag_downloads.py
[2024-11-06T16:47:02.579+0000] {processor.py:914} INFO - Processing file /opt/airflow/dags/subdags/subdag_downloads.py for tasks to queue
[2024-11-06T16:47:02.581+0000] {logging_mixin.py:190} INFO - [2024-11-06T16:47:02.581+0000] {dagbag.py:588} INFO - Filling up the DagBag from /opt/airflow/dags/subdags/subdag_downloads.py
[2024-11-06T16:47:02.597+0000] {processor.py:927} WARNING - No viable dags retrieved from /opt/airflow/dags/subdags/subdag_downloads.py
[2024-11-06T16:47:02.610+0000] {processor.py:208} INFO - Processing /opt/airflow/dags/subdags/subdag_downloads.py took 0.039 seconds
[2024-11-06T16:47:32.788+0000] {processor.py:186} INFO - Started process (PID=1507) to work on /opt/airflow/dags/subdags/subdag_downloads.py
[2024-11-06T16:47:32.789+0000] {processor.py:914} INFO - Processing file /opt/airflow/dags/subdags/subdag_downloads.py for tasks to queue
[2024-11-06T16:47:32.791+0000] {logging_mixin.py:190} INFO - [2024-11-06T16:47:32.790+0000] {dagbag.py:588} INFO - Filling up the DagBag from /opt/airflow/dags/subdags/subdag_downloads.py
[2024-11-06T16:47:32.809+0000] {processor.py:927} WARNING - No viable dags retrieved from /opt/airflow/dags/subdags/subdag_downloads.py
[2024-11-06T16:47:32.824+0000] {processor.py:208} INFO - Processing /opt/airflow/dags/subdags/subdag_downloads.py took 0.044 seconds
[2024-11-06T16:48:03.376+0000] {processor.py:186} INFO - Started process (PID=1525) to work on /opt/airflow/dags/subdags/subdag_downloads.py
[2024-11-06T16:48:03.377+0000] {processor.py:914} INFO - Processing file /opt/airflow/dags/subdags/subdag_downloads.py for tasks to queue
[2024-11-06T16:48:03.379+0000] {logging_mixin.py:190} INFO - [2024-11-06T16:48:03.378+0000] {dagbag.py:588} INFO - Filling up the DagBag from /opt/airflow/dags/subdags/subdag_downloads.py
[2024-11-06T16:48:03.397+0000] {processor.py:927} WARNING - No viable dags retrieved from /opt/airflow/dags/subdags/subdag_downloads.py
[2024-11-06T16:48:03.410+0000] {processor.py:208} INFO - Processing /opt/airflow/dags/subdags/subdag_downloads.py took 0.041 seconds
[2024-11-06T16:48:34.009+0000] {processor.py:186} INFO - Started process (PID=1544) to work on /opt/airflow/dags/subdags/subdag_downloads.py
[2024-11-06T16:48:34.010+0000] {processor.py:914} INFO - Processing file /opt/airflow/dags/subdags/subdag_downloads.py for tasks to queue
[2024-11-06T16:48:34.012+0000] {logging_mixin.py:190} INFO - [2024-11-06T16:48:34.011+0000] {dagbag.py:588} INFO - Filling up the DagBag from /opt/airflow/dags/subdags/subdag_downloads.py
[2024-11-06T16:48:34.029+0000] {processor.py:927} WARNING - No viable dags retrieved from /opt/airflow/dags/subdags/subdag_downloads.py
[2024-11-06T16:48:34.041+0000] {processor.py:208} INFO - Processing /opt/airflow/dags/subdags/subdag_downloads.py took 0.038 seconds
[2024-11-06T16:49:04.570+0000] {processor.py:186} INFO - Started process (PID=1562) to work on /opt/airflow/dags/subdags/subdag_downloads.py
[2024-11-06T16:49:04.571+0000] {processor.py:914} INFO - Processing file /opt/airflow/dags/subdags/subdag_downloads.py for tasks to queue
[2024-11-06T16:49:04.572+0000] {logging_mixin.py:190} INFO - [2024-11-06T16:49:04.572+0000] {dagbag.py:588} INFO - Filling up the DagBag from /opt/airflow/dags/subdags/subdag_downloads.py
[2024-11-06T16:49:04.591+0000] {processor.py:927} WARNING - No viable dags retrieved from /opt/airflow/dags/subdags/subdag_downloads.py
[2024-11-06T16:49:04.604+0000] {processor.py:208} INFO - Processing /opt/airflow/dags/subdags/subdag_downloads.py took 0.043 seconds
[2024-11-06T16:49:35.135+0000] {processor.py:186} INFO - Started process (PID=1580) to work on /opt/airflow/dags/subdags/subdag_downloads.py
[2024-11-06T16:49:35.136+0000] {processor.py:914} INFO - Processing file /opt/airflow/dags/subdags/subdag_downloads.py for tasks to queue
[2024-11-06T16:49:35.138+0000] {logging_mixin.py:190} INFO - [2024-11-06T16:49:35.137+0000] {dagbag.py:588} INFO - Filling up the DagBag from /opt/airflow/dags/subdags/subdag_downloads.py
[2024-11-06T16:49:35.155+0000] {processor.py:927} WARNING - No viable dags retrieved from /opt/airflow/dags/subdags/subdag_downloads.py
[2024-11-06T16:49:35.166+0000] {processor.py:208} INFO - Processing /opt/airflow/dags/subdags/subdag_downloads.py took 0.038 seconds
[2024-11-06T16:50:05.835+0000] {processor.py:186} INFO - Started process (PID=1599) to work on /opt/airflow/dags/subdags/subdag_downloads.py
[2024-11-06T16:50:05.837+0000] {processor.py:914} INFO - Processing file /opt/airflow/dags/subdags/subdag_downloads.py for tasks to queue
[2024-11-06T16:50:05.840+0000] {logging_mixin.py:190} INFO - [2024-11-06T16:50:05.839+0000] {dagbag.py:588} INFO - Filling up the DagBag from /opt/airflow/dags/subdags/subdag_downloads.py
[2024-11-06T16:50:05.865+0000] {processor.py:927} WARNING - No viable dags retrieved from /opt/airflow/dags/subdags/subdag_downloads.py
[2024-11-06T16:50:05.885+0000] {processor.py:208} INFO - Processing /opt/airflow/dags/subdags/subdag_downloads.py took 0.059 seconds
[2024-11-06T16:50:36.367+0000] {processor.py:186} INFO - Started process (PID=1617) to work on /opt/airflow/dags/subdags/subdag_downloads.py
[2024-11-06T16:50:36.368+0000] {processor.py:914} INFO - Processing file /opt/airflow/dags/subdags/subdag_downloads.py for tasks to queue
[2024-11-06T16:50:36.370+0000] {logging_mixin.py:190} INFO - [2024-11-06T16:50:36.369+0000] {dagbag.py:588} INFO - Filling up the DagBag from /opt/airflow/dags/subdags/subdag_downloads.py
[2024-11-06T16:50:36.387+0000] {processor.py:927} WARNING - No viable dags retrieved from /opt/airflow/dags/subdags/subdag_downloads.py
[2024-11-06T16:50:36.404+0000] {processor.py:208} INFO - Processing /opt/airflow/dags/subdags/subdag_downloads.py took 0.045 seconds
[2024-11-06T16:51:06.705+0000] {processor.py:186} INFO - Started process (PID=1638) to work on /opt/airflow/dags/subdags/subdag_downloads.py
[2024-11-06T16:51:06.706+0000] {processor.py:914} INFO - Processing file /opt/airflow/dags/subdags/subdag_downloads.py for tasks to queue
[2024-11-06T16:51:06.709+0000] {logging_mixin.py:190} INFO - [2024-11-06T16:51:06.708+0000] {dagbag.py:588} INFO - Filling up the DagBag from /opt/airflow/dags/subdags/subdag_downloads.py
[2024-11-06T16:51:06.726+0000] {processor.py:927} WARNING - No viable dags retrieved from /opt/airflow/dags/subdags/subdag_downloads.py
[2024-11-06T16:51:06.740+0000] {processor.py:208} INFO - Processing /opt/airflow/dags/subdags/subdag_downloads.py took 0.044 seconds
[2024-11-06T16:51:37.284+0000] {processor.py:186} INFO - Started process (PID=1656) to work on /opt/airflow/dags/subdags/subdag_downloads.py
[2024-11-06T16:51:37.285+0000] {processor.py:914} INFO - Processing file /opt/airflow/dags/subdags/subdag_downloads.py for tasks to queue
[2024-11-06T16:51:37.286+0000] {logging_mixin.py:190} INFO - [2024-11-06T16:51:37.286+0000] {dagbag.py:588} INFO - Filling up the DagBag from /opt/airflow/dags/subdags/subdag_downloads.py
[2024-11-06T16:51:37.302+0000] {processor.py:927} WARNING - No viable dags retrieved from /opt/airflow/dags/subdags/subdag_downloads.py
[2024-11-06T16:51:37.315+0000] {processor.py:208} INFO - Processing /opt/airflow/dags/subdags/subdag_downloads.py took 0.038 seconds
[2024-11-06T16:52:07.642+0000] {processor.py:186} INFO - Started process (PID=1674) to work on /opt/airflow/dags/subdags/subdag_downloads.py
[2024-11-06T16:52:07.643+0000] {processor.py:914} INFO - Processing file /opt/airflow/dags/subdags/subdag_downloads.py for tasks to queue
[2024-11-06T16:52:07.645+0000] {logging_mixin.py:190} INFO - [2024-11-06T16:52:07.645+0000] {dagbag.py:588} INFO - Filling up the DagBag from /opt/airflow/dags/subdags/subdag_downloads.py
[2024-11-06T16:52:07.662+0000] {processor.py:927} WARNING - No viable dags retrieved from /opt/airflow/dags/subdags/subdag_downloads.py
[2024-11-06T16:52:07.676+0000] {processor.py:208} INFO - Processing /opt/airflow/dags/subdags/subdag_downloads.py took 0.043 seconds
[2024-11-06T16:52:38.190+0000] {processor.py:186} INFO - Started process (PID=1692) to work on /opt/airflow/dags/subdags/subdag_downloads.py
[2024-11-06T16:52:38.191+0000] {processor.py:914} INFO - Processing file /opt/airflow/dags/subdags/subdag_downloads.py for tasks to queue
[2024-11-06T16:52:38.193+0000] {logging_mixin.py:190} INFO - [2024-11-06T16:52:38.193+0000] {dagbag.py:588} INFO - Filling up the DagBag from /opt/airflow/dags/subdags/subdag_downloads.py
[2024-11-06T16:52:38.212+0000] {processor.py:927} WARNING - No viable dags retrieved from /opt/airflow/dags/subdags/subdag_downloads.py
[2024-11-06T16:52:38.229+0000] {processor.py:208} INFO - Processing /opt/airflow/dags/subdags/subdag_downloads.py took 0.048 seconds
[2024-11-06T16:53:08.371+0000] {processor.py:186} INFO - Started process (PID=1710) to work on /opt/airflow/dags/subdags/subdag_downloads.py
[2024-11-06T16:53:08.372+0000] {processor.py:914} INFO - Processing file /opt/airflow/dags/subdags/subdag_downloads.py for tasks to queue
[2024-11-06T16:53:08.374+0000] {logging_mixin.py:190} INFO - [2024-11-06T16:53:08.374+0000] {dagbag.py:588} INFO - Filling up the DagBag from /opt/airflow/dags/subdags/subdag_downloads.py
[2024-11-06T16:53:08.390+0000] {processor.py:927} WARNING - No viable dags retrieved from /opt/airflow/dags/subdags/subdag_downloads.py
[2024-11-06T16:53:08.403+0000] {processor.py:208} INFO - Processing /opt/airflow/dags/subdags/subdag_downloads.py took 0.039 seconds
[2024-11-06T16:53:38.844+0000] {processor.py:186} INFO - Started process (PID=1732) to work on /opt/airflow/dags/subdags/subdag_downloads.py
[2024-11-06T16:53:38.846+0000] {processor.py:914} INFO - Processing file /opt/airflow/dags/subdags/subdag_downloads.py for tasks to queue
[2024-11-06T16:53:38.847+0000] {logging_mixin.py:190} INFO - [2024-11-06T16:53:38.847+0000] {dagbag.py:588} INFO - Filling up the DagBag from /opt/airflow/dags/subdags/subdag_downloads.py
[2024-11-06T16:53:38.869+0000] {processor.py:927} WARNING - No viable dags retrieved from /opt/airflow/dags/subdags/subdag_downloads.py
[2024-11-06T16:53:38.886+0000] {processor.py:208} INFO - Processing /opt/airflow/dags/subdags/subdag_downloads.py took 0.049 seconds
[2024-11-06T16:54:09.199+0000] {processor.py:186} INFO - Started process (PID=1750) to work on /opt/airflow/dags/subdags/subdag_downloads.py
[2024-11-06T16:54:09.201+0000] {processor.py:914} INFO - Processing file /opt/airflow/dags/subdags/subdag_downloads.py for tasks to queue
[2024-11-06T16:54:09.203+0000] {logging_mixin.py:190} INFO - [2024-11-06T16:54:09.202+0000] {dagbag.py:588} INFO - Filling up the DagBag from /opt/airflow/dags/subdags/subdag_downloads.py
[2024-11-06T16:54:09.223+0000] {processor.py:927} WARNING - No viable dags retrieved from /opt/airflow/dags/subdags/subdag_downloads.py
[2024-11-06T16:54:09.240+0000] {processor.py:208} INFO - Processing /opt/airflow/dags/subdags/subdag_downloads.py took 0.048 seconds
[2024-11-06T16:54:39.380+0000] {processor.py:186} INFO - Started process (PID=1766) to work on /opt/airflow/dags/subdags/subdag_downloads.py
[2024-11-06T16:54:39.381+0000] {processor.py:914} INFO - Processing file /opt/airflow/dags/subdags/subdag_downloads.py for tasks to queue
[2024-11-06T16:54:39.383+0000] {logging_mixin.py:190} INFO - [2024-11-06T16:54:39.383+0000] {dagbag.py:588} INFO - Filling up the DagBag from /opt/airflow/dags/subdags/subdag_downloads.py
[2024-11-06T16:54:39.404+0000] {processor.py:927} WARNING - No viable dags retrieved from /opt/airflow/dags/subdags/subdag_downloads.py
[2024-11-06T16:54:39.417+0000] {processor.py:208} INFO - Processing /opt/airflow/dags/subdags/subdag_downloads.py took 0.044 seconds
[2024-11-06T16:55:09.758+0000] {processor.py:186} INFO - Started process (PID=1786) to work on /opt/airflow/dags/subdags/subdag_downloads.py
[2024-11-06T16:55:09.760+0000] {processor.py:914} INFO - Processing file /opt/airflow/dags/subdags/subdag_downloads.py for tasks to queue
[2024-11-06T16:55:09.764+0000] {logging_mixin.py:190} INFO - [2024-11-06T16:55:09.762+0000] {dagbag.py:588} INFO - Filling up the DagBag from /opt/airflow/dags/subdags/subdag_downloads.py
[2024-11-06T16:55:09.788+0000] {processor.py:927} WARNING - No viable dags retrieved from /opt/airflow/dags/subdags/subdag_downloads.py
[2024-11-06T16:55:09.805+0000] {processor.py:208} INFO - Processing /opt/airflow/dags/subdags/subdag_downloads.py took 0.061 seconds
[2024-11-06T16:55:39.877+0000] {processor.py:186} INFO - Started process (PID=1803) to work on /opt/airflow/dags/subdags/subdag_downloads.py
[2024-11-06T16:55:39.878+0000] {processor.py:914} INFO - Processing file /opt/airflow/dags/subdags/subdag_downloads.py for tasks to queue
[2024-11-06T16:55:39.879+0000] {logging_mixin.py:190} INFO - [2024-11-06T16:55:39.879+0000] {dagbag.py:588} INFO - Filling up the DagBag from /opt/airflow/dags/subdags/subdag_downloads.py
[2024-11-06T16:55:39.897+0000] {processor.py:927} WARNING - No viable dags retrieved from /opt/airflow/dags/subdags/subdag_downloads.py
[2024-11-06T16:55:39.911+0000] {processor.py:208} INFO - Processing /opt/airflow/dags/subdags/subdag_downloads.py took 0.041 seconds
[2024-11-06T16:56:10.308+0000] {processor.py:186} INFO - Started process (PID=1822) to work on /opt/airflow/dags/subdags/subdag_downloads.py
[2024-11-06T16:56:10.310+0000] {processor.py:914} INFO - Processing file /opt/airflow/dags/subdags/subdag_downloads.py for tasks to queue
[2024-11-06T16:56:10.311+0000] {logging_mixin.py:190} INFO - [2024-11-06T16:56:10.311+0000] {dagbag.py:588} INFO - Filling up the DagBag from /opt/airflow/dags/subdags/subdag_downloads.py
[2024-11-06T16:56:10.329+0000] {processor.py:927} WARNING - No viable dags retrieved from /opt/airflow/dags/subdags/subdag_downloads.py
[2024-11-06T16:56:10.343+0000] {processor.py:208} INFO - Processing /opt/airflow/dags/subdags/subdag_downloads.py took 0.041 seconds
[2024-11-06T16:56:40.748+0000] {processor.py:186} INFO - Started process (PID=1840) to work on /opt/airflow/dags/subdags/subdag_downloads.py
[2024-11-06T16:56:40.749+0000] {processor.py:914} INFO - Processing file /opt/airflow/dags/subdags/subdag_downloads.py for tasks to queue
[2024-11-06T16:56:40.752+0000] {logging_mixin.py:190} INFO - [2024-11-06T16:56:40.751+0000] {dagbag.py:588} INFO - Filling up the DagBag from /opt/airflow/dags/subdags/subdag_downloads.py
[2024-11-06T16:56:40.770+0000] {processor.py:927} WARNING - No viable dags retrieved from /opt/airflow/dags/subdags/subdag_downloads.py
[2024-11-06T16:56:40.782+0000] {processor.py:208} INFO - Processing /opt/airflow/dags/subdags/subdag_downloads.py took 0.042 seconds
[2024-11-06T16:57:11.252+0000] {processor.py:186} INFO - Started process (PID=1860) to work on /opt/airflow/dags/subdags/subdag_downloads.py
[2024-11-06T16:57:11.253+0000] {processor.py:914} INFO - Processing file /opt/airflow/dags/subdags/subdag_downloads.py for tasks to queue
[2024-11-06T16:57:11.255+0000] {logging_mixin.py:190} INFO - [2024-11-06T16:57:11.254+0000] {dagbag.py:588} INFO - Filling up the DagBag from /opt/airflow/dags/subdags/subdag_downloads.py
[2024-11-06T16:57:11.274+0000] {processor.py:927} WARNING - No viable dags retrieved from /opt/airflow/dags/subdags/subdag_downloads.py
[2024-11-06T16:57:11.290+0000] {processor.py:208} INFO - Processing /opt/airflow/dags/subdags/subdag_downloads.py took 0.045 seconds
[2024-11-06T16:57:41.550+0000] {processor.py:186} INFO - Started process (PID=1878) to work on /opt/airflow/dags/subdags/subdag_downloads.py
[2024-11-06T16:57:41.551+0000] {processor.py:914} INFO - Processing file /opt/airflow/dags/subdags/subdag_downloads.py for tasks to queue
[2024-11-06T16:57:41.552+0000] {logging_mixin.py:190} INFO - [2024-11-06T16:57:41.552+0000] {dagbag.py:588} INFO - Filling up the DagBag from /opt/airflow/dags/subdags/subdag_downloads.py
[2024-11-06T16:57:41.568+0000] {processor.py:927} WARNING - No viable dags retrieved from /opt/airflow/dags/subdags/subdag_downloads.py
[2024-11-06T16:57:41.582+0000] {processor.py:208} INFO - Processing /opt/airflow/dags/subdags/subdag_downloads.py took 0.038 seconds
