[2024-11-06T11:19:44.458+0000] {local_task_job_runner.py:123} INFO - ::group::Pre task execution logs
[2024-11-06T11:19:44.475+0000] {taskinstance.py:2612} INFO - Dependencies all met for dep_context=non-requeueable deps ti=<TaskInstance: parallel_dag.extract_a manual__2024-11-06T11:19:42.881685+00:00 [queued]>
[2024-11-06T11:19:44.486+0000] {taskinstance.py:2612} INFO - Dependencies all met for dep_context=requeueable deps ti=<TaskInstance: parallel_dag.extract_a manual__2024-11-06T11:19:42.881685+00:00 [queued]>
[2024-11-06T11:19:44.487+0000] {taskinstance.py:2865} INFO - Starting attempt 1 of 1
[2024-11-06T11:19:44.501+0000] {taskinstance.py:2888} INFO - Executing <Task(BashOperator): extract_a> on 2024-11-06 11:19:42.881685+00:00
[2024-11-06T11:19:44.507+0000] {warnings.py:112} WARNING - /home/***/.local/lib/python3.12/site-packages/***/task/task_runner/standard_task_runner.py:70: DeprecationWarning: This process (pid=556) is multi-threaded, use of fork() may lead to deadlocks in the child.
  pid = os.fork()

[2024-11-06T11:19:44.509+0000] {standard_task_runner.py:72} INFO - Started process 557 to run task
[2024-11-06T11:19:44.509+0000] {standard_task_runner.py:104} INFO - Running: ['***', 'tasks', 'run', 'parallel_dag', 'extract_a', 'manual__2024-11-06T11:19:42.881685+00:00', '--job-id', '108', '--raw', '--subdir', 'DAGS_FOLDER/parallel_dag.py', '--cfg-path', '/tmp/tmpk47978tz']
[2024-11-06T11:19:44.510+0000] {standard_task_runner.py:105} INFO - Job 108: Subtask extract_a
[2024-11-06T11:19:44.560+0000] {task_command.py:467} INFO - Running <TaskInstance: parallel_dag.extract_a manual__2024-11-06T11:19:42.881685+00:00 [running]> on host a664c8dd9839
[2024-11-06T11:19:44.649+0000] {taskinstance.py:3131} INFO - Exporting env vars: AIRFLOW_CTX_DAG_OWNER='***' AIRFLOW_CTX_DAG_ID='parallel_dag' AIRFLOW_CTX_TASK_ID='extract_a' AIRFLOW_CTX_EXECUTION_DATE='2024-11-06T11:19:42.881685+00:00' AIRFLOW_CTX_TRY_NUMBER='1' AIRFLOW_CTX_DAG_RUN_ID='manual__2024-11-06T11:19:42.881685+00:00'
[2024-11-06T11:19:44.650+0000] {taskinstance.py:731} INFO - ::endgroup::
[2024-11-06T11:19:44.668+0000] {subprocess.py:63} INFO - Tmp dir root location: /tmp
[2024-11-06T11:19:44.670+0000] {subprocess.py:75} INFO - Running command: ['/usr/bin/bash', '-c', 'sleep 10']
[2024-11-06T11:19:44.680+0000] {subprocess.py:86} INFO - Output:
[2024-11-06T11:19:54.682+0000] {subprocess.py:97} INFO - Command exited with return code 0
[2024-11-06T11:19:54.715+0000] {taskinstance.py:340} INFO - ::group::Post task execution logs
[2024-11-06T11:19:54.716+0000] {taskinstance.py:352} INFO - Marking task as SUCCESS. dag_id=parallel_dag, task_id=extract_a, run_id=manual__2024-11-06T11:19:42.881685+00:00, execution_date=20241106T111942, start_date=20241106T111944, end_date=20241106T111954
[2024-11-06T11:19:54.754+0000] {local_task_job_runner.py:266} INFO - Task exited with return code 0
[2024-11-06T11:19:54.783+0000] {taskinstance.py:3900} INFO - 1 downstream tasks scheduled from follow-on schedule check
[2024-11-06T11:19:54.785+0000] {local_task_job_runner.py:245} INFO - ::endgroup::
