[2024-11-06T16:30:39.133+0000] {local_task_job_runner.py:123} INFO - ::group::Pre task execution logs
[2024-11-06T16:30:39.178+0000] {taskinstance.py:2612} INFO - Dependencies all met for dep_context=non-requeueable deps ti=<TaskInstance: parent_dag_for_subdags.downloads.download_a scheduled__2024-11-06T16:30:34.237675+00:00 [queued]>
[2024-11-06T16:30:39.196+0000] {taskinstance.py:2612} INFO - Dependencies all met for dep_context=requeueable deps ti=<TaskInstance: parent_dag_for_subdags.downloads.download_a scheduled__2024-11-06T16:30:34.237675+00:00 [queued]>
[2024-11-06T16:30:39.197+0000] {taskinstance.py:2865} INFO - Starting attempt 1 of 1
[2024-11-06T16:30:39.225+0000] {taskinstance.py:2888} INFO - Executing <Task(BashOperator): download_a> on 2024-11-06 16:30:34.237675+00:00
[2024-11-06T16:30:39.232+0000] {warnings.py:112} WARNING - /home/***/.local/lib/python3.12/site-packages/***/task/task_runner/standard_task_runner.py:70: DeprecationWarning: This process (pid=437) is multi-threaded, use of fork() may lead to deadlocks in the child.
  pid = os.fork()

[2024-11-06T16:30:39.235+0000] {standard_task_runner.py:72} INFO - Started process 445 to run task
[2024-11-06T16:30:39.235+0000] {standard_task_runner.py:104} INFO - Running: ['***', 'tasks', 'run', 'parent_dag_for_subdags.downloads', 'download_a', 'scheduled__2024-11-06T16:30:34.237675+00:00', '--job-id', '137', '--raw', '--subdir', 'DAGS_FOLDER/parent_dag_for_subdags.py', '--cfg-path', '/tmp/tmpf7ok5c58']
[2024-11-06T16:30:39.237+0000] {standard_task_runner.py:105} INFO - Job 137: Subtask download_a
[2024-11-06T16:30:39.307+0000] {task_command.py:467} INFO - Running <TaskInstance: parent_dag_for_subdags.downloads.download_a scheduled__2024-11-06T16:30:34.237675+00:00 [running]> on host 66acfa37dd15
[2024-11-06T16:30:39.414+0000] {taskinstance.py:3131} INFO - Exporting env vars: AIRFLOW_CTX_DAG_OWNER='***' AIRFLOW_CTX_DAG_ID='parent_dag_for_subdags.downloads' AIRFLOW_CTX_TASK_ID='download_a' AIRFLOW_CTX_EXECUTION_DATE='2024-11-06T16:30:34.237675+00:00' AIRFLOW_CTX_TRY_NUMBER='1' AIRFLOW_CTX_DAG_RUN_ID='scheduled__2024-11-06T16:30:34.237675+00:00'
[2024-11-06T16:30:39.415+0000] {taskinstance.py:731} INFO - ::endgroup::
[2024-11-06T16:30:39.446+0000] {subprocess.py:63} INFO - Tmp dir root location: /tmp
[2024-11-06T16:30:39.448+0000] {subprocess.py:75} INFO - Running command: ['/usr/bin/bash', '-c', 'sleep 10']
[2024-11-06T16:30:39.458+0000] {subprocess.py:86} INFO - Output:
[2024-11-06T16:30:49.461+0000] {subprocess.py:97} INFO - Command exited with return code 0
[2024-11-06T16:30:49.492+0000] {taskinstance.py:340} INFO - ::group::Post task execution logs
[2024-11-06T16:30:49.493+0000] {taskinstance.py:352} INFO - Marking task as SUCCESS. dag_id=parent_dag_for_subdags.downloads, task_id=download_a, run_id=scheduled__2024-11-06T16:30:34.237675+00:00, execution_date=20241106T163034, start_date=20241106T163039, end_date=20241106T163049
[2024-11-06T16:30:49.554+0000] {local_task_job_runner.py:266} INFO - Task exited with return code 0
[2024-11-06T16:30:49.573+0000] {taskinstance.py:3900} INFO - 0 downstream tasks scheduled from follow-on schedule check
[2024-11-06T16:30:49.577+0000] {local_task_job_runner.py:245} INFO - ::endgroup::
