[2024-11-05T14:02:20.107+0000] {local_task_job_runner.py:123} INFO - ::group::Pre task execution logs
[2024-11-05T14:02:20.127+0000] {taskinstance.py:2612} INFO - Dependencies all met for dep_context=non-requeueable deps ti=<TaskInstance: dataset_with_extra_by_context.dataset_with_extra_by_context manual__2024-11-05T14:02:15.623832+00:00 [queued]>
[2024-11-05T14:02:20.135+0000] {taskinstance.py:2612} INFO - Dependencies all met for dep_context=requeueable deps ti=<TaskInstance: dataset_with_extra_by_context.dataset_with_extra_by_context manual__2024-11-05T14:02:15.623832+00:00 [queued]>
[2024-11-05T14:02:20.135+0000] {taskinstance.py:2865} INFO - Starting attempt 1 of 1
[2024-11-05T14:02:20.150+0000] {taskinstance.py:2888} INFO - Executing <Task(_PythonDecoratedOperator): dataset_with_extra_by_context> on 2024-11-05 14:02:15.623832+00:00
[2024-11-05T14:02:20.162+0000] {warnings.py:112} WARNING - /home/***/.local/lib/python3.12/site-packages/***/task/task_runner/standard_task_runner.py:70: DeprecationWarning: This process (pid=3850) is multi-threaded, use of fork() may lead to deadlocks in the child.
  pid = os.fork()

[2024-11-05T14:02:20.169+0000] {standard_task_runner.py:72} INFO - Started process 3853 to run task
[2024-11-05T14:02:20.162+0000] {standard_task_runner.py:104} INFO - Running: ['***', 'tasks', 'run', 'dataset_with_extra_by_context', 'dataset_with_extra_by_context', 'manual__2024-11-05T14:02:15.623832+00:00', '--job-id', '54', '--raw', '--subdir', '/home/***/.local/lib/python3.12/site-packages/***/example_dags/example_outlet_event_extra.py', '--cfg-path', '/tmp/tmpt_2qieca']
[2024-11-05T14:02:20.170+0000] {standard_task_runner.py:105} INFO - Job 54: Subtask dataset_with_extra_by_context
[2024-11-05T14:02:20.272+0000] {task_command.py:467} INFO - Running <TaskInstance: dataset_with_extra_by_context.dataset_with_extra_by_context manual__2024-11-05T14:02:15.623832+00:00 [running]> on host 3a4fba066ec8
[2024-11-05T14:02:20.464+0000] {taskinstance.py:3131} INFO - Exporting env vars: AIRFLOW_CTX_DAG_OWNER='***' AIRFLOW_CTX_DAG_ID='dataset_with_extra_by_context' AIRFLOW_CTX_TASK_ID='dataset_with_extra_by_context' AIRFLOW_CTX_EXECUTION_DATE='2024-11-05T14:02:15.623832+00:00' AIRFLOW_CTX_TRY_NUMBER='1' AIRFLOW_CTX_DAG_RUN_ID='manual__2024-11-05T14:02:15.623832+00:00'
[2024-11-05T14:02:20.466+0000] {logging_mixin.py:190} INFO - Task instance is in running state
[2024-11-05T14:02:20.467+0000] {logging_mixin.py:190} INFO -  Previous state of the Task instance: queued
[2024-11-05T14:02:20.467+0000] {logging_mixin.py:190} INFO - Current task name:dataset_with_extra_by_context state:running start_date:2024-11-05 14:02:20.127973+00:00
[2024-11-05T14:02:20.468+0000] {logging_mixin.py:190} INFO - Dag name:dataset_with_extra_by_context and current dag run status:running
[2024-11-05T14:02:20.468+0000] {taskinstance.py:731} INFO - ::endgroup::
[2024-11-05T14:02:20.469+0000] {python.py:240} INFO - Done. Returned value was: None
[2024-11-05T14:02:20.518+0000] {taskinstance.py:340} INFO - ::group::Post task execution logs
[2024-11-05T14:02:20.519+0000] {taskinstance.py:352} INFO - Marking task as SUCCESS. dag_id=dataset_with_extra_by_context, task_id=dataset_with_extra_by_context, run_id=manual__2024-11-05T14:02:15.623832+00:00, execution_date=20241105T140215, start_date=20241105T140220, end_date=20241105T140220
[2024-11-05T14:02:20.547+0000] {logging_mixin.py:190} INFO - Task instance in success state
[2024-11-05T14:02:20.547+0000] {logging_mixin.py:190} INFO -  Previous state of the Task instance: running
[2024-11-05T14:02:20.548+0000] {logging_mixin.py:190} INFO - Dag name:dataset_with_extra_by_context queued_at:2024-11-05 14:02:15.755591+00:00
[2024-11-05T14:02:20.548+0000] {logging_mixin.py:190} INFO - Task hostname:3a4fba066ec8 operator:_PythonDecoratedOperator
[2024-11-05T14:02:20.586+0000] {local_task_job_runner.py:266} INFO - Task exited with return code 0
[2024-11-05T14:02:20.607+0000] {taskinstance.py:3900} INFO - 0 downstream tasks scheduled from follow-on schedule check
[2024-11-05T14:02:20.610+0000] {local_task_job_runner.py:245} INFO - ::endgroup::
