[2024-11-06T16:36:54.983+0000] {processor.py:186} INFO - Started process (PID=1123) to work on /opt/airflow/dags/xcom_dag.py
[2024-11-06T16:36:54.984+0000] {processor.py:914} INFO - Processing file /opt/airflow/dags/xcom_dag.py for tasks to queue
[2024-11-06T16:36:54.986+0000] {logging_mixin.py:190} INFO - [2024-11-06T16:36:54.986+0000] {dagbag.py:588} INFO - Filling up the DagBag from /opt/airflow/dags/xcom_dag.py
[2024-11-06T16:36:55.023+0000] {processor.py:925} INFO - DAG(s) 'xcom_dag' retrieved from /opt/airflow/dags/xcom_dag.py
[2024-11-06T16:36:55.174+0000] {logging_mixin.py:190} INFO - [2024-11-06T16:36:55.173+0000] {override.py:1900} INFO - Created Permission View: can edit on DAG:xcom_dag
[2024-11-06T16:36:55.192+0000] {logging_mixin.py:190} INFO - [2024-11-06T16:36:55.191+0000] {override.py:1900} INFO - Created Permission View: can read on DAG:xcom_dag
[2024-11-06T16:36:55.207+0000] {logging_mixin.py:190} INFO - [2024-11-06T16:36:55.207+0000] {override.py:1900} INFO - Created Permission View: can delete on DAG:xcom_dag
[2024-11-06T16:36:55.223+0000] {logging_mixin.py:190} INFO - [2024-11-06T16:36:55.222+0000] {override.py:1900} INFO - Created Permission View: menu access on DAG Run:xcom_dag
[2024-11-06T16:36:55.234+0000] {logging_mixin.py:190} INFO - [2024-11-06T16:36:55.234+0000] {override.py:1900} INFO - Created Permission View: can delete on DAG Run:xcom_dag
[2024-11-06T16:36:55.243+0000] {logging_mixin.py:190} INFO - [2024-11-06T16:36:55.242+0000] {override.py:1900} INFO - Created Permission View: can create on DAG Run:xcom_dag
[2024-11-06T16:36:55.254+0000] {logging_mixin.py:190} INFO - [2024-11-06T16:36:55.254+0000] {override.py:1900} INFO - Created Permission View: can read on DAG Run:xcom_dag
[2024-11-06T16:36:55.255+0000] {logging_mixin.py:190} INFO - [2024-11-06T16:36:55.255+0000] {dag.py:3239} INFO - Sync 1 DAGs
[2024-11-06T16:36:55.271+0000] {logging_mixin.py:190} INFO - [2024-11-06T16:36:55.271+0000] {dag.py:3262} INFO - Creating ORM DAG for xcom_dag
[2024-11-06T16:36:55.286+0000] {logging_mixin.py:190} INFO - [2024-11-06T16:36:55.286+0000] {dag.py:4180} INFO - Setting next_dagrun for xcom_dag to 2024-11-05 00:00:00+00:00, run_after=2024-11-06 00:00:00+00:00
[2024-11-06T16:36:55.308+0000] {processor.py:208} INFO - Processing /opt/airflow/dags/xcom_dag.py took 0.333 seconds
[2024-11-06T16:37:26.314+0000] {processor.py:186} INFO - Started process (PID=1141) to work on /opt/airflow/dags/xcom_dag.py
[2024-11-06T16:37:26.315+0000] {processor.py:914} INFO - Processing file /opt/airflow/dags/xcom_dag.py for tasks to queue
[2024-11-06T16:37:26.317+0000] {logging_mixin.py:190} INFO - [2024-11-06T16:37:26.316+0000] {dagbag.py:588} INFO - Filling up the DagBag from /opt/airflow/dags/xcom_dag.py
[2024-11-06T16:37:26.342+0000] {processor.py:925} INFO - DAG(s) 'xcom_dag' retrieved from /opt/airflow/dags/xcom_dag.py
[2024-11-06T16:37:26.372+0000] {logging_mixin.py:190} INFO - [2024-11-06T16:37:26.372+0000] {dag.py:3239} INFO - Sync 1 DAGs
[2024-11-06T16:37:26.407+0000] {logging_mixin.py:190} INFO - [2024-11-06T16:37:26.406+0000] {dag.py:4180} INFO - Setting next_dagrun for xcom_dag to 2024-11-05 00:00:00+00:00, run_after=2024-11-06 00:00:00+00:00
[2024-11-06T16:37:26.429+0000] {processor.py:208} INFO - Processing /opt/airflow/dags/xcom_dag.py took 0.123 seconds
[2024-11-06T16:37:57.016+0000] {processor.py:186} INFO - Started process (PID=1159) to work on /opt/airflow/dags/xcom_dag.py
[2024-11-06T16:37:57.016+0000] {processor.py:914} INFO - Processing file /opt/airflow/dags/xcom_dag.py for tasks to queue
[2024-11-06T16:37:57.018+0000] {logging_mixin.py:190} INFO - [2024-11-06T16:37:57.018+0000] {dagbag.py:588} INFO - Filling up the DagBag from /opt/airflow/dags/xcom_dag.py
[2024-11-06T16:37:57.038+0000] {processor.py:925} INFO - DAG(s) 'xcom_dag' retrieved from /opt/airflow/dags/xcom_dag.py
[2024-11-06T16:37:57.064+0000] {logging_mixin.py:190} INFO - [2024-11-06T16:37:57.064+0000] {dag.py:3239} INFO - Sync 1 DAGs
[2024-11-06T16:37:57.095+0000] {logging_mixin.py:190} INFO - [2024-11-06T16:37:57.095+0000] {dag.py:4180} INFO - Setting next_dagrun for xcom_dag to 2024-11-05 00:00:00+00:00, run_after=2024-11-06 00:00:00+00:00
[2024-11-06T16:37:57.117+0000] {processor.py:208} INFO - Processing /opt/airflow/dags/xcom_dag.py took 0.107 seconds
[2024-11-06T16:38:27.193+0000] {processor.py:186} INFO - Started process (PID=1177) to work on /opt/airflow/dags/xcom_dag.py
[2024-11-06T16:38:27.196+0000] {processor.py:914} INFO - Processing file /opt/airflow/dags/xcom_dag.py for tasks to queue
[2024-11-06T16:38:27.198+0000] {logging_mixin.py:190} INFO - [2024-11-06T16:38:27.197+0000] {dagbag.py:588} INFO - Filling up the DagBag from /opt/airflow/dags/xcom_dag.py
[2024-11-06T16:38:27.221+0000] {processor.py:925} INFO - DAG(s) 'xcom_dag' retrieved from /opt/airflow/dags/xcom_dag.py
[2024-11-06T16:38:27.255+0000] {logging_mixin.py:190} INFO - [2024-11-06T16:38:27.255+0000] {dag.py:3239} INFO - Sync 1 DAGs
[2024-11-06T16:38:27.289+0000] {logging_mixin.py:190} INFO - [2024-11-06T16:38:27.288+0000] {dag.py:4180} INFO - Setting next_dagrun for xcom_dag to 2024-11-05 00:00:00+00:00, run_after=2024-11-06 00:00:00+00:00
[2024-11-06T16:38:27.316+0000] {processor.py:208} INFO - Processing /opt/airflow/dags/xcom_dag.py took 0.129 seconds
[2024-11-06T16:38:57.834+0000] {processor.py:186} INFO - Started process (PID=1196) to work on /opt/airflow/dags/xcom_dag.py
[2024-11-06T16:38:57.836+0000] {processor.py:914} INFO - Processing file /opt/airflow/dags/xcom_dag.py for tasks to queue
[2024-11-06T16:38:57.837+0000] {logging_mixin.py:190} INFO - [2024-11-06T16:38:57.837+0000] {dagbag.py:588} INFO - Filling up the DagBag from /opt/airflow/dags/xcom_dag.py
[2024-11-06T16:38:57.861+0000] {processor.py:925} INFO - DAG(s) 'xcom_dag' retrieved from /opt/airflow/dags/xcom_dag.py
[2024-11-06T16:38:57.888+0000] {logging_mixin.py:190} INFO - [2024-11-06T16:38:57.888+0000] {dag.py:3239} INFO - Sync 1 DAGs
[2024-11-06T16:38:57.919+0000] {logging_mixin.py:190} INFO - [2024-11-06T16:38:57.919+0000] {dag.py:4180} INFO - Setting next_dagrun for xcom_dag to 2024-11-05 00:00:00+00:00, run_after=2024-11-06 00:00:00+00:00
[2024-11-06T16:38:57.941+0000] {processor.py:208} INFO - Processing /opt/airflow/dags/xcom_dag.py took 0.114 seconds
[2024-11-06T16:39:28.473+0000] {processor.py:186} INFO - Started process (PID=1214) to work on /opt/airflow/dags/xcom_dag.py
[2024-11-06T16:39:28.475+0000] {processor.py:914} INFO - Processing file /opt/airflow/dags/xcom_dag.py for tasks to queue
[2024-11-06T16:39:28.478+0000] {logging_mixin.py:190} INFO - [2024-11-06T16:39:28.478+0000] {dagbag.py:588} INFO - Filling up the DagBag from /opt/airflow/dags/xcom_dag.py
[2024-11-06T16:39:28.500+0000] {processor.py:925} INFO - DAG(s) 'xcom_dag' retrieved from /opt/airflow/dags/xcom_dag.py
[2024-11-06T16:39:28.529+0000] {logging_mixin.py:190} INFO - [2024-11-06T16:39:28.529+0000] {dag.py:3239} INFO - Sync 1 DAGs
[2024-11-06T16:39:28.561+0000] {logging_mixin.py:190} INFO - [2024-11-06T16:39:28.561+0000] {dag.py:4180} INFO - Setting next_dagrun for xcom_dag to 2024-11-05 00:00:00+00:00, run_after=2024-11-06 00:00:00+00:00
[2024-11-06T16:39:28.583+0000] {processor.py:208} INFO - Processing /opt/airflow/dags/xcom_dag.py took 0.117 seconds
[2024-11-06T16:39:58.959+0000] {processor.py:186} INFO - Started process (PID=1232) to work on /opt/airflow/dags/xcom_dag.py
[2024-11-06T16:39:58.960+0000] {processor.py:914} INFO - Processing file /opt/airflow/dags/xcom_dag.py for tasks to queue
[2024-11-06T16:39:58.961+0000] {logging_mixin.py:190} INFO - [2024-11-06T16:39:58.961+0000] {dagbag.py:588} INFO - Filling up the DagBag from /opt/airflow/dags/xcom_dag.py
[2024-11-06T16:39:58.979+0000] {processor.py:925} INFO - DAG(s) 'xcom_dag' retrieved from /opt/airflow/dags/xcom_dag.py
[2024-11-06T16:39:59.001+0000] {logging_mixin.py:190} INFO - [2024-11-06T16:39:59.001+0000] {dag.py:3239} INFO - Sync 1 DAGs
[2024-11-06T16:39:59.033+0000] {logging_mixin.py:190} INFO - [2024-11-06T16:39:59.033+0000] {dag.py:4180} INFO - Setting next_dagrun for xcom_dag to 2024-11-05 00:00:00+00:00, run_after=2024-11-06 00:00:00+00:00
[2024-11-06T16:39:59.054+0000] {processor.py:208} INFO - Processing /opt/airflow/dags/xcom_dag.py took 0.101 seconds
[2024-11-06T16:40:29.511+0000] {processor.py:186} INFO - Started process (PID=1250) to work on /opt/airflow/dags/xcom_dag.py
[2024-11-06T16:40:29.512+0000] {processor.py:914} INFO - Processing file /opt/airflow/dags/xcom_dag.py for tasks to queue
[2024-11-06T16:40:29.514+0000] {logging_mixin.py:190} INFO - [2024-11-06T16:40:29.513+0000] {dagbag.py:588} INFO - Filling up the DagBag from /opt/airflow/dags/xcom_dag.py
[2024-11-06T16:40:29.546+0000] {processor.py:925} INFO - DAG(s) 'xcom_dag' retrieved from /opt/airflow/dags/xcom_dag.py
[2024-11-06T16:40:29.578+0000] {logging_mixin.py:190} INFO - [2024-11-06T16:40:29.578+0000] {dag.py:3239} INFO - Sync 1 DAGs
[2024-11-06T16:40:29.619+0000] {logging_mixin.py:190} INFO - [2024-11-06T16:40:29.618+0000] {dag.py:4180} INFO - Setting next_dagrun for xcom_dag to 2024-11-05 00:00:00+00:00, run_after=2024-11-06 00:00:00+00:00
[2024-11-06T16:40:29.645+0000] {processor.py:208} INFO - Processing /opt/airflow/dags/xcom_dag.py took 0.143 seconds
[2024-11-06T16:41:00.275+0000] {processor.py:186} INFO - Started process (PID=1268) to work on /opt/airflow/dags/xcom_dag.py
[2024-11-06T16:41:00.276+0000] {processor.py:914} INFO - Processing file /opt/airflow/dags/xcom_dag.py for tasks to queue
[2024-11-06T16:41:00.278+0000] {logging_mixin.py:190} INFO - [2024-11-06T16:41:00.278+0000] {dagbag.py:588} INFO - Filling up the DagBag from /opt/airflow/dags/xcom_dag.py
[2024-11-06T16:41:00.302+0000] {processor.py:925} INFO - DAG(s) 'xcom_dag' retrieved from /opt/airflow/dags/xcom_dag.py
[2024-11-06T16:41:00.330+0000] {logging_mixin.py:190} INFO - [2024-11-06T16:41:00.329+0000] {dag.py:3239} INFO - Sync 1 DAGs
[2024-11-06T16:41:00.365+0000] {logging_mixin.py:190} INFO - [2024-11-06T16:41:00.365+0000] {dag.py:4180} INFO - Setting next_dagrun for xcom_dag to 2024-11-05 00:00:00+00:00, run_after=2024-11-06 00:00:00+00:00
[2024-11-06T16:41:00.388+0000] {processor.py:208} INFO - Processing /opt/airflow/dags/xcom_dag.py took 0.121 seconds
[2024-11-06T16:41:30.463+0000] {processor.py:186} INFO - Started process (PID=1286) to work on /opt/airflow/dags/xcom_dag.py
[2024-11-06T16:41:30.465+0000] {processor.py:914} INFO - Processing file /opt/airflow/dags/xcom_dag.py for tasks to queue
[2024-11-06T16:41:30.467+0000] {logging_mixin.py:190} INFO - [2024-11-06T16:41:30.467+0000] {dagbag.py:588} INFO - Filling up the DagBag from /opt/airflow/dags/xcom_dag.py
[2024-11-06T16:41:30.492+0000] {processor.py:925} INFO - DAG(s) 'xcom_dag' retrieved from /opt/airflow/dags/xcom_dag.py
[2024-11-06T16:41:30.520+0000] {logging_mixin.py:190} INFO - [2024-11-06T16:41:30.520+0000] {dag.py:3239} INFO - Sync 1 DAGs
[2024-11-06T16:41:30.550+0000] {logging_mixin.py:190} INFO - [2024-11-06T16:41:30.549+0000] {dag.py:4180} INFO - Setting next_dagrun for xcom_dag to 2024-11-05 00:00:00+00:00, run_after=2024-11-06 00:00:00+00:00
[2024-11-06T16:41:30.574+0000] {processor.py:208} INFO - Processing /opt/airflow/dags/xcom_dag.py took 0.117 seconds
[2024-11-06T16:42:00.677+0000] {processor.py:186} INFO - Started process (PID=1304) to work on /opt/airflow/dags/xcom_dag.py
[2024-11-06T16:42:00.678+0000] {processor.py:914} INFO - Processing file /opt/airflow/dags/xcom_dag.py for tasks to queue
[2024-11-06T16:42:00.680+0000] {logging_mixin.py:190} INFO - [2024-11-06T16:42:00.679+0000] {dagbag.py:588} INFO - Filling up the DagBag from /opt/airflow/dags/xcom_dag.py
[2024-11-06T16:42:00.708+0000] {processor.py:925} INFO - DAG(s) 'xcom_dag' retrieved from /opt/airflow/dags/xcom_dag.py
[2024-11-06T16:42:00.744+0000] {logging_mixin.py:190} INFO - [2024-11-06T16:42:00.744+0000] {dag.py:3239} INFO - Sync 1 DAGs
[2024-11-06T16:42:00.782+0000] {logging_mixin.py:190} INFO - [2024-11-06T16:42:00.781+0000] {dag.py:4180} INFO - Setting next_dagrun for xcom_dag to 2024-11-05 00:00:00+00:00, run_after=2024-11-06 00:00:00+00:00
[2024-11-06T16:42:00.810+0000] {processor.py:208} INFO - Processing /opt/airflow/dags/xcom_dag.py took 0.143 seconds
[2024-11-06T16:42:31.113+0000] {processor.py:186} INFO - Started process (PID=1322) to work on /opt/airflow/dags/xcom_dag.py
[2024-11-06T16:42:31.115+0000] {processor.py:914} INFO - Processing file /opt/airflow/dags/xcom_dag.py for tasks to queue
[2024-11-06T16:42:31.118+0000] {logging_mixin.py:190} INFO - [2024-11-06T16:42:31.118+0000] {dagbag.py:588} INFO - Filling up the DagBag from /opt/airflow/dags/xcom_dag.py
[2024-11-06T16:42:31.142+0000] {processor.py:925} INFO - DAG(s) 'xcom_dag' retrieved from /opt/airflow/dags/xcom_dag.py
[2024-11-06T16:42:31.171+0000] {logging_mixin.py:190} INFO - [2024-11-06T16:42:31.171+0000] {dag.py:3239} INFO - Sync 1 DAGs
[2024-11-06T16:42:31.201+0000] {logging_mixin.py:190} INFO - [2024-11-06T16:42:31.201+0000] {dag.py:4180} INFO - Setting next_dagrun for xcom_dag to 2024-11-05 00:00:00+00:00, run_after=2024-11-06 00:00:00+00:00
[2024-11-06T16:42:31.221+0000] {processor.py:208} INFO - Processing /opt/airflow/dags/xcom_dag.py took 0.116 seconds
[2024-11-06T16:42:39.537+0000] {processor.py:186} INFO - Started process (PID=1326) to work on /opt/airflow/dags/xcom_dag.py
[2024-11-06T16:42:39.538+0000] {processor.py:914} INFO - Processing file /opt/airflow/dags/xcom_dag.py for tasks to queue
[2024-11-06T16:42:39.540+0000] {logging_mixin.py:190} INFO - [2024-11-06T16:42:39.540+0000] {dagbag.py:588} INFO - Filling up the DagBag from /opt/airflow/dags/xcom_dag.py
[2024-11-06T16:42:39.576+0000] {processor.py:925} INFO - DAG(s) 'xcom_dag' retrieved from /opt/airflow/dags/xcom_dag.py
[2024-11-06T16:42:39.600+0000] {logging_mixin.py:190} INFO - [2024-11-06T16:42:39.600+0000] {dag.py:3239} INFO - Sync 1 DAGs
[2024-11-06T16:42:39.632+0000] {logging_mixin.py:190} INFO - [2024-11-06T16:42:39.631+0000] {dag.py:4180} INFO - Setting next_dagrun for xcom_dag to 2024-11-05 00:00:00+00:00, run_after=2024-11-06 00:00:00+00:00
[2024-11-06T16:42:39.658+0000] {processor.py:208} INFO - Processing /opt/airflow/dags/xcom_dag.py took 0.128 seconds
[2024-11-06T16:42:57.356+0000] {processor.py:186} INFO - Started process (PID=1339) to work on /opt/airflow/dags/xcom_dag.py
[2024-11-06T16:42:57.357+0000] {processor.py:914} INFO - Processing file /opt/airflow/dags/xcom_dag.py for tasks to queue
[2024-11-06T16:42:57.358+0000] {logging_mixin.py:190} INFO - [2024-11-06T16:42:57.358+0000] {dagbag.py:588} INFO - Filling up the DagBag from /opt/airflow/dags/xcom_dag.py
[2024-11-06T16:42:57.391+0000] {processor.py:925} INFO - DAG(s) 'xcom_dag' retrieved from /opt/airflow/dags/xcom_dag.py
[2024-11-06T16:42:57.417+0000] {logging_mixin.py:190} INFO - [2024-11-06T16:42:57.417+0000] {dag.py:3239} INFO - Sync 1 DAGs
[2024-11-06T16:42:57.446+0000] {logging_mixin.py:190} INFO - [2024-11-06T16:42:57.446+0000] {dag.py:4180} INFO - Setting next_dagrun for xcom_dag to 2024-11-05 00:00:00+00:00, run_after=2024-11-06 00:00:00+00:00
[2024-11-06T16:42:57.472+0000] {processor.py:208} INFO - Processing /opt/airflow/dags/xcom_dag.py took 0.124 seconds
[2024-11-06T16:43:06.915+0000] {processor.py:186} INFO - Started process (PID=1344) to work on /opt/airflow/dags/xcom_dag.py
[2024-11-06T16:43:06.916+0000] {processor.py:914} INFO - Processing file /opt/airflow/dags/xcom_dag.py for tasks to queue
[2024-11-06T16:43:06.918+0000] {logging_mixin.py:190} INFO - [2024-11-06T16:43:06.917+0000] {dagbag.py:588} INFO - Filling up the DagBag from /opt/airflow/dags/xcom_dag.py
[2024-11-06T16:43:06.951+0000] {processor.py:925} INFO - DAG(s) 'xcom_dag' retrieved from /opt/airflow/dags/xcom_dag.py
[2024-11-06T16:43:06.979+0000] {logging_mixin.py:190} INFO - [2024-11-06T16:43:06.978+0000] {dag.py:3239} INFO - Sync 1 DAGs
[2024-11-06T16:43:07.006+0000] {logging_mixin.py:190} INFO - [2024-11-06T16:43:07.005+0000] {dag.py:4180} INFO - Setting next_dagrun for xcom_dag to 2024-11-05 00:00:00+00:00, run_after=2024-11-06 00:00:00+00:00
[2024-11-06T16:43:07.032+0000] {processor.py:208} INFO - Processing /opt/airflow/dags/xcom_dag.py took 0.125 seconds
[2024-11-06T16:43:08.999+0000] {processor.py:186} INFO - Started process (PID=1346) to work on /opt/airflow/dags/xcom_dag.py
[2024-11-06T16:43:09.000+0000] {processor.py:914} INFO - Processing file /opt/airflow/dags/xcom_dag.py for tasks to queue
[2024-11-06T16:43:09.002+0000] {logging_mixin.py:190} INFO - [2024-11-06T16:43:09.002+0000] {dagbag.py:588} INFO - Filling up the DagBag from /opt/airflow/dags/xcom_dag.py
[2024-11-06T16:43:09.036+0000] {processor.py:925} INFO - DAG(s) 'xcom_dag' retrieved from /opt/airflow/dags/xcom_dag.py
[2024-11-06T16:43:09.061+0000] {logging_mixin.py:190} INFO - [2024-11-06T16:43:09.061+0000] {dag.py:3239} INFO - Sync 1 DAGs
[2024-11-06T16:43:09.089+0000] {logging_mixin.py:190} INFO - [2024-11-06T16:43:09.089+0000] {dag.py:4180} INFO - Setting next_dagrun for xcom_dag to 2024-11-05 00:00:00+00:00, run_after=2024-11-06 00:00:00+00:00
[2024-11-06T16:43:09.114+0000] {processor.py:208} INFO - Processing /opt/airflow/dags/xcom_dag.py took 0.124 seconds
[2024-11-06T16:43:15.175+0000] {processor.py:186} INFO - Started process (PID=1348) to work on /opt/airflow/dags/xcom_dag.py
[2024-11-06T16:43:15.176+0000] {processor.py:914} INFO - Processing file /opt/airflow/dags/xcom_dag.py for tasks to queue
[2024-11-06T16:43:15.177+0000] {logging_mixin.py:190} INFO - [2024-11-06T16:43:15.177+0000] {dagbag.py:588} INFO - Filling up the DagBag from /opt/airflow/dags/xcom_dag.py
[2024-11-06T16:43:15.209+0000] {processor.py:925} INFO - DAG(s) 'xcom_dag' retrieved from /opt/airflow/dags/xcom_dag.py
[2024-11-06T16:43:15.233+0000] {logging_mixin.py:190} INFO - [2024-11-06T16:43:15.233+0000] {dag.py:3239} INFO - Sync 1 DAGs
[2024-11-06T16:43:15.262+0000] {logging_mixin.py:190} INFO - [2024-11-06T16:43:15.262+0000] {dag.py:4180} INFO - Setting next_dagrun for xcom_dag to 2024-11-05 00:00:00+00:00, run_after=2024-11-06 00:00:00+00:00
[2024-11-06T16:43:15.288+0000] {processor.py:208} INFO - Processing /opt/airflow/dags/xcom_dag.py took 0.119 seconds
[2024-11-06T16:43:18.307+0000] {processor.py:186} INFO - Started process (PID=1355) to work on /opt/airflow/dags/xcom_dag.py
[2024-11-06T16:43:18.308+0000] {processor.py:914} INFO - Processing file /opt/airflow/dags/xcom_dag.py for tasks to queue
[2024-11-06T16:43:18.310+0000] {logging_mixin.py:190} INFO - [2024-11-06T16:43:18.310+0000] {dagbag.py:588} INFO - Filling up the DagBag from /opt/airflow/dags/xcom_dag.py
[2024-11-06T16:43:18.343+0000] {processor.py:925} INFO - DAG(s) 'xcom_dag' retrieved from /opt/airflow/dags/xcom_dag.py
[2024-11-06T16:43:18.366+0000] {logging_mixin.py:190} INFO - [2024-11-06T16:43:18.366+0000] {dag.py:3239} INFO - Sync 1 DAGs
[2024-11-06T16:43:18.393+0000] {logging_mixin.py:190} INFO - [2024-11-06T16:43:18.393+0000] {dag.py:4180} INFO - Setting next_dagrun for xcom_dag to 2024-11-05 00:00:00+00:00, run_after=2024-11-06 00:00:00+00:00
[2024-11-06T16:43:18.418+0000] {processor.py:208} INFO - Processing /opt/airflow/dags/xcom_dag.py took 0.117 seconds
[2024-11-06T16:43:31.835+0000] {processor.py:186} INFO - Started process (PID=1363) to work on /opt/airflow/dags/xcom_dag.py
[2024-11-06T16:43:31.836+0000] {processor.py:914} INFO - Processing file /opt/airflow/dags/xcom_dag.py for tasks to queue
[2024-11-06T16:43:31.837+0000] {logging_mixin.py:190} INFO - [2024-11-06T16:43:31.837+0000] {dagbag.py:588} INFO - Filling up the DagBag from /opt/airflow/dags/xcom_dag.py
[2024-11-06T16:43:31.868+0000] {processor.py:925} INFO - DAG(s) 'xcom_dag' retrieved from /opt/airflow/dags/xcom_dag.py
[2024-11-06T16:43:31.894+0000] {logging_mixin.py:190} INFO - [2024-11-06T16:43:31.893+0000] {dag.py:3239} INFO - Sync 1 DAGs
[2024-11-06T16:43:31.922+0000] {logging_mixin.py:190} INFO - [2024-11-06T16:43:31.921+0000] {dag.py:4180} INFO - Setting next_dagrun for xcom_dag to 2024-11-05 00:00:00+00:00, run_after=2024-11-06 00:00:00+00:00
[2024-11-06T16:43:31.946+0000] {processor.py:208} INFO - Processing /opt/airflow/dags/xcom_dag.py took 0.118 seconds
[2024-11-06T16:44:02.312+0000] {processor.py:186} INFO - Started process (PID=1381) to work on /opt/airflow/dags/xcom_dag.py
[2024-11-06T16:44:02.314+0000] {processor.py:914} INFO - Processing file /opt/airflow/dags/xcom_dag.py for tasks to queue
[2024-11-06T16:44:02.316+0000] {logging_mixin.py:190} INFO - [2024-11-06T16:44:02.315+0000] {dagbag.py:588} INFO - Filling up the DagBag from /opt/airflow/dags/xcom_dag.py
[2024-11-06T16:44:02.344+0000] {processor.py:925} INFO - DAG(s) 'xcom_dag' retrieved from /opt/airflow/dags/xcom_dag.py
[2024-11-06T16:44:02.378+0000] {logging_mixin.py:190} INFO - [2024-11-06T16:44:02.378+0000] {dag.py:3239} INFO - Sync 1 DAGs
[2024-11-06T16:44:02.413+0000] {logging_mixin.py:190} INFO - [2024-11-06T16:44:02.413+0000] {dag.py:4180} INFO - Setting next_dagrun for xcom_dag to 2024-11-06 00:00:00+00:00, run_after=2024-11-07 00:00:00+00:00
[2024-11-06T16:44:02.440+0000] {processor.py:208} INFO - Processing /opt/airflow/dags/xcom_dag.py took 0.135 seconds
[2024-11-06T16:44:32.518+0000] {processor.py:186} INFO - Started process (PID=1399) to work on /opt/airflow/dags/xcom_dag.py
[2024-11-06T16:44:32.519+0000] {processor.py:914} INFO - Processing file /opt/airflow/dags/xcom_dag.py for tasks to queue
[2024-11-06T16:44:32.520+0000] {logging_mixin.py:190} INFO - [2024-11-06T16:44:32.520+0000] {dagbag.py:588} INFO - Filling up the DagBag from /opt/airflow/dags/xcom_dag.py
[2024-11-06T16:44:32.538+0000] {processor.py:925} INFO - DAG(s) 'xcom_dag' retrieved from /opt/airflow/dags/xcom_dag.py
[2024-11-06T16:44:32.563+0000] {logging_mixin.py:190} INFO - [2024-11-06T16:44:32.563+0000] {dag.py:3239} INFO - Sync 1 DAGs
[2024-11-06T16:44:32.593+0000] {logging_mixin.py:190} INFO - [2024-11-06T16:44:32.593+0000] {dag.py:4180} INFO - Setting next_dagrun for xcom_dag to 2024-11-06 00:00:00+00:00, run_after=2024-11-07 00:00:00+00:00
[2024-11-06T16:44:32.612+0000] {processor.py:208} INFO - Processing /opt/airflow/dags/xcom_dag.py took 0.100 seconds
[2024-11-06T16:45:02.975+0000] {processor.py:186} INFO - Started process (PID=1417) to work on /opt/airflow/dags/xcom_dag.py
[2024-11-06T16:45:02.976+0000] {processor.py:914} INFO - Processing file /opt/airflow/dags/xcom_dag.py for tasks to queue
[2024-11-06T16:45:02.978+0000] {logging_mixin.py:190} INFO - [2024-11-06T16:45:02.977+0000] {dagbag.py:588} INFO - Filling up the DagBag from /opt/airflow/dags/xcom_dag.py
[2024-11-06T16:45:03.002+0000] {processor.py:925} INFO - DAG(s) 'xcom_dag' retrieved from /opt/airflow/dags/xcom_dag.py
[2024-11-06T16:45:03.032+0000] {logging_mixin.py:190} INFO - [2024-11-06T16:45:03.032+0000] {dag.py:3239} INFO - Sync 1 DAGs
[2024-11-06T16:45:03.064+0000] {logging_mixin.py:190} INFO - [2024-11-06T16:45:03.063+0000] {dag.py:4180} INFO - Setting next_dagrun for xcom_dag to 2024-11-06 00:00:00+00:00, run_after=2024-11-07 00:00:00+00:00
[2024-11-06T16:45:03.085+0000] {processor.py:208} INFO - Processing /opt/airflow/dags/xcom_dag.py took 0.120 seconds
[2024-11-06T16:45:08.330+0000] {processor.py:186} INFO - Started process (PID=1420) to work on /opt/airflow/dags/xcom_dag.py
[2024-11-06T16:45:08.331+0000] {processor.py:914} INFO - Processing file /opt/airflow/dags/xcom_dag.py for tasks to queue
[2024-11-06T16:45:08.333+0000] {logging_mixin.py:190} INFO - [2024-11-06T16:45:08.332+0000] {dagbag.py:588} INFO - Filling up the DagBag from /opt/airflow/dags/xcom_dag.py
[2024-11-06T16:45:08.368+0000] {processor.py:925} INFO - DAG(s) 'xcom_dag' retrieved from /opt/airflow/dags/xcom_dag.py
[2024-11-06T16:45:08.394+0000] {logging_mixin.py:190} INFO - [2024-11-06T16:45:08.394+0000] {dag.py:3239} INFO - Sync 1 DAGs
[2024-11-06T16:45:08.427+0000] {logging_mixin.py:190} INFO - [2024-11-06T16:45:08.427+0000] {dag.py:4180} INFO - Setting next_dagrun for xcom_dag to 2024-11-06 00:00:00+00:00, run_after=2024-11-07 00:00:00+00:00
[2024-11-06T16:45:08.451+0000] {processor.py:208} INFO - Processing /opt/airflow/dags/xcom_dag.py took 0.129 seconds
[2024-11-06T16:45:38.615+0000] {processor.py:186} INFO - Started process (PID=1438) to work on /opt/airflow/dags/xcom_dag.py
[2024-11-06T16:45:38.617+0000] {processor.py:914} INFO - Processing file /opt/airflow/dags/xcom_dag.py for tasks to queue
[2024-11-06T16:45:38.619+0000] {logging_mixin.py:190} INFO - [2024-11-06T16:45:38.618+0000] {dagbag.py:588} INFO - Filling up the DagBag from /opt/airflow/dags/xcom_dag.py
[2024-11-06T16:45:38.647+0000] {processor.py:925} INFO - DAG(s) 'xcom_dag' retrieved from /opt/airflow/dags/xcom_dag.py
[2024-11-06T16:45:38.679+0000] {logging_mixin.py:190} INFO - [2024-11-06T16:45:38.679+0000] {dag.py:3239} INFO - Sync 1 DAGs
[2024-11-06T16:45:38.712+0000] {logging_mixin.py:190} INFO - [2024-11-06T16:45:38.712+0000] {dag.py:4180} INFO - Setting next_dagrun for xcom_dag to 2024-11-06 00:00:00+00:00, run_after=2024-11-07 00:00:00+00:00
[2024-11-06T16:45:38.735+0000] {processor.py:208} INFO - Processing /opt/airflow/dags/xcom_dag.py took 0.129 seconds
[2024-11-06T16:46:09.120+0000] {processor.py:186} INFO - Started process (PID=1456) to work on /opt/airflow/dags/xcom_dag.py
[2024-11-06T16:46:09.121+0000] {processor.py:914} INFO - Processing file /opt/airflow/dags/xcom_dag.py for tasks to queue
[2024-11-06T16:46:09.123+0000] {logging_mixin.py:190} INFO - [2024-11-06T16:46:09.122+0000] {dagbag.py:588} INFO - Filling up the DagBag from /opt/airflow/dags/xcom_dag.py
[2024-11-06T16:46:09.147+0000] {processor.py:925} INFO - DAG(s) 'xcom_dag' retrieved from /opt/airflow/dags/xcom_dag.py
[2024-11-06T16:46:09.173+0000] {logging_mixin.py:190} INFO - [2024-11-06T16:46:09.172+0000] {dag.py:3239} INFO - Sync 1 DAGs
[2024-11-06T16:46:09.203+0000] {logging_mixin.py:190} INFO - [2024-11-06T16:46:09.203+0000] {dag.py:4180} INFO - Setting next_dagrun for xcom_dag to 2024-11-06 00:00:00+00:00, run_after=2024-11-07 00:00:00+00:00
[2024-11-06T16:46:09.227+0000] {processor.py:208} INFO - Processing /opt/airflow/dags/xcom_dag.py took 0.114 seconds
[2024-11-06T16:46:39.650+0000] {processor.py:186} INFO - Started process (PID=1474) to work on /opt/airflow/dags/xcom_dag.py
[2024-11-06T16:46:39.651+0000] {processor.py:914} INFO - Processing file /opt/airflow/dags/xcom_dag.py for tasks to queue
[2024-11-06T16:46:39.652+0000] {logging_mixin.py:190} INFO - [2024-11-06T16:46:39.652+0000] {dagbag.py:588} INFO - Filling up the DagBag from /opt/airflow/dags/xcom_dag.py
[2024-11-06T16:46:39.674+0000] {processor.py:925} INFO - DAG(s) 'xcom_dag' retrieved from /opt/airflow/dags/xcom_dag.py
[2024-11-06T16:46:39.699+0000] {logging_mixin.py:190} INFO - [2024-11-06T16:46:39.698+0000] {dag.py:3239} INFO - Sync 1 DAGs
[2024-11-06T16:46:39.725+0000] {logging_mixin.py:190} INFO - [2024-11-06T16:46:39.725+0000] {dag.py:4180} INFO - Setting next_dagrun for xcom_dag to 2024-11-06 00:00:00+00:00, run_after=2024-11-07 00:00:00+00:00
[2024-11-06T16:46:39.744+0000] {processor.py:208} INFO - Processing /opt/airflow/dags/xcom_dag.py took 0.100 seconds
[2024-11-06T16:47:09.934+0000] {processor.py:186} INFO - Started process (PID=1492) to work on /opt/airflow/dags/xcom_dag.py
[2024-11-06T16:47:09.935+0000] {processor.py:914} INFO - Processing file /opt/airflow/dags/xcom_dag.py for tasks to queue
[2024-11-06T16:47:09.937+0000] {logging_mixin.py:190} INFO - [2024-11-06T16:47:09.937+0000] {dagbag.py:588} INFO - Filling up the DagBag from /opt/airflow/dags/xcom_dag.py
[2024-11-06T16:47:09.958+0000] {processor.py:925} INFO - DAG(s) 'xcom_dag' retrieved from /opt/airflow/dags/xcom_dag.py
[2024-11-06T16:47:09.987+0000] {logging_mixin.py:190} INFO - [2024-11-06T16:47:09.986+0000] {dag.py:3239} INFO - Sync 1 DAGs
[2024-11-06T16:47:10.020+0000] {logging_mixin.py:190} INFO - [2024-11-06T16:47:10.020+0000] {dag.py:4180} INFO - Setting next_dagrun for xcom_dag to 2024-11-06 00:00:00+00:00, run_after=2024-11-07 00:00:00+00:00
[2024-11-06T16:47:10.041+0000] {processor.py:208} INFO - Processing /opt/airflow/dags/xcom_dag.py took 0.114 seconds
[2024-11-06T16:47:33.819+0000] {processor.py:186} INFO - Started process (PID=1508) to work on /opt/airflow/dags/xcom_dag.py
[2024-11-06T16:47:33.820+0000] {processor.py:914} INFO - Processing file /opt/airflow/dags/xcom_dag.py for tasks to queue
[2024-11-06T16:47:33.822+0000] {logging_mixin.py:190} INFO - [2024-11-06T16:47:33.821+0000] {dagbag.py:588} INFO - Filling up the DagBag from /opt/airflow/dags/xcom_dag.py
[2024-11-06T16:47:33.855+0000] {processor.py:925} INFO - DAG(s) 'xcom_dag' retrieved from /opt/airflow/dags/xcom_dag.py
[2024-11-06T16:47:33.881+0000] {logging_mixin.py:190} INFO - [2024-11-06T16:47:33.881+0000] {dag.py:3239} INFO - Sync 1 DAGs
[2024-11-06T16:47:33.913+0000] {logging_mixin.py:190} INFO - [2024-11-06T16:47:33.913+0000] {dag.py:4180} INFO - Setting next_dagrun for xcom_dag to 2024-11-06 00:00:00+00:00, run_after=2024-11-07 00:00:00+00:00
[2024-11-06T16:47:33.941+0000] {processor.py:208} INFO - Processing /opt/airflow/dags/xcom_dag.py took 0.131 seconds
[2024-11-06T16:48:04.398+0000] {processor.py:186} INFO - Started process (PID=1526) to work on /opt/airflow/dags/xcom_dag.py
[2024-11-06T16:48:04.399+0000] {processor.py:914} INFO - Processing file /opt/airflow/dags/xcom_dag.py for tasks to queue
[2024-11-06T16:48:04.401+0000] {logging_mixin.py:190} INFO - [2024-11-06T16:48:04.400+0000] {dagbag.py:588} INFO - Filling up the DagBag from /opt/airflow/dags/xcom_dag.py
[2024-11-06T16:48:04.428+0000] {processor.py:925} INFO - DAG(s) 'xcom_dag' retrieved from /opt/airflow/dags/xcom_dag.py
[2024-11-06T16:48:04.458+0000] {logging_mixin.py:190} INFO - [2024-11-06T16:48:04.458+0000] {dag.py:3239} INFO - Sync 1 DAGs
[2024-11-06T16:48:04.493+0000] {logging_mixin.py:190} INFO - [2024-11-06T16:48:04.492+0000] {dag.py:4180} INFO - Setting next_dagrun for xcom_dag to 2024-11-06 00:00:00+00:00, run_after=2024-11-07 00:00:00+00:00
[2024-11-06T16:48:04.515+0000] {processor.py:208} INFO - Processing /opt/airflow/dags/xcom_dag.py took 0.124 seconds
[2024-11-06T16:48:32.897+0000] {processor.py:186} INFO - Started process (PID=1542) to work on /opt/airflow/dags/xcom_dag.py
[2024-11-06T16:48:32.898+0000] {processor.py:914} INFO - Processing file /opt/airflow/dags/xcom_dag.py for tasks to queue
[2024-11-06T16:48:32.900+0000] {logging_mixin.py:190} INFO - [2024-11-06T16:48:32.899+0000] {dagbag.py:588} INFO - Filling up the DagBag from /opt/airflow/dags/xcom_dag.py
[2024-11-06T16:48:32.933+0000] {processor.py:925} INFO - DAG(s) 'xcom_dag' retrieved from /opt/airflow/dags/xcom_dag.py
[2024-11-06T16:48:32.961+0000] {logging_mixin.py:190} INFO - [2024-11-06T16:48:32.960+0000] {dag.py:3239} INFO - Sync 1 DAGs
[2024-11-06T16:48:32.995+0000] {logging_mixin.py:190} INFO - [2024-11-06T16:48:32.994+0000] {dag.py:4180} INFO - Setting next_dagrun for xcom_dag to 2024-11-06 00:00:00+00:00, run_after=2024-11-07 00:00:00+00:00
[2024-11-06T16:48:33.026+0000] {processor.py:208} INFO - Processing /opt/airflow/dags/xcom_dag.py took 0.136 seconds
[2024-11-06T16:49:03.454+0000] {processor.py:186} INFO - Started process (PID=1560) to work on /opt/airflow/dags/xcom_dag.py
[2024-11-06T16:49:03.456+0000] {processor.py:914} INFO - Processing file /opt/airflow/dags/xcom_dag.py for tasks to queue
[2024-11-06T16:49:03.458+0000] {logging_mixin.py:190} INFO - [2024-11-06T16:49:03.457+0000] {dagbag.py:588} INFO - Filling up the DagBag from /opt/airflow/dags/xcom_dag.py
[2024-11-06T16:49:03.479+0000] {processor.py:925} INFO - DAG(s) 'xcom_dag' retrieved from /opt/airflow/dags/xcom_dag.py
[2024-11-06T16:49:03.508+0000] {logging_mixin.py:190} INFO - [2024-11-06T16:49:03.508+0000] {dag.py:3239} INFO - Sync 1 DAGs
[2024-11-06T16:49:03.540+0000] {logging_mixin.py:190} INFO - [2024-11-06T16:49:03.540+0000] {dag.py:4180} INFO - Setting next_dagrun for xcom_dag to 2024-11-06 00:00:00+00:00, run_after=2024-11-07 00:00:00+00:00
[2024-11-06T16:49:03.564+0000] {processor.py:208} INFO - Processing /opt/airflow/dags/xcom_dag.py took 0.117 seconds
[2024-11-06T16:49:18.988+0000] {processor.py:186} INFO - Started process (PID=1573) to work on /opt/airflow/dags/xcom_dag.py
[2024-11-06T16:49:18.989+0000] {processor.py:914} INFO - Processing file /opt/airflow/dags/xcom_dag.py for tasks to queue
[2024-11-06T16:49:18.991+0000] {logging_mixin.py:190} INFO - [2024-11-06T16:49:18.990+0000] {dagbag.py:588} INFO - Filling up the DagBag from /opt/airflow/dags/xcom_dag.py
[2024-11-06T16:49:19.022+0000] {processor.py:925} INFO - DAG(s) 'xcom_dag' retrieved from /opt/airflow/dags/xcom_dag.py
[2024-11-06T16:49:19.046+0000] {logging_mixin.py:190} INFO - [2024-11-06T16:49:19.046+0000] {dag.py:3239} INFO - Sync 1 DAGs
[2024-11-06T16:49:19.076+0000] {logging_mixin.py:190} INFO - [2024-11-06T16:49:19.075+0000] {dag.py:4180} INFO - Setting next_dagrun for xcom_dag to 2024-11-06 00:00:00+00:00, run_after=2024-11-07 00:00:00+00:00
[2024-11-06T16:49:19.100+0000] {processor.py:208} INFO - Processing /opt/airflow/dags/xcom_dag.py took 0.119 seconds
[2024-11-06T16:49:49.483+0000] {processor.py:186} INFO - Started process (PID=1591) to work on /opt/airflow/dags/xcom_dag.py
[2024-11-06T16:49:49.484+0000] {processor.py:914} INFO - Processing file /opt/airflow/dags/xcom_dag.py for tasks to queue
[2024-11-06T16:49:49.486+0000] {logging_mixin.py:190} INFO - [2024-11-06T16:49:49.486+0000] {dagbag.py:588} INFO - Filling up the DagBag from /opt/airflow/dags/xcom_dag.py
[2024-11-06T16:49:49.508+0000] {processor.py:925} INFO - DAG(s) 'xcom_dag' retrieved from /opt/airflow/dags/xcom_dag.py
[2024-11-06T16:49:49.535+0000] {logging_mixin.py:190} INFO - [2024-11-06T16:49:49.534+0000] {dag.py:3239} INFO - Sync 1 DAGs
[2024-11-06T16:49:49.566+0000] {logging_mixin.py:190} INFO - [2024-11-06T16:49:49.565+0000] {dag.py:4180} INFO - Setting next_dagrun for xcom_dag to 2024-11-06 00:00:00+00:00, run_after=2024-11-07 00:00:00+00:00
[2024-11-06T16:49:49.588+0000] {processor.py:208} INFO - Processing /opt/airflow/dags/xcom_dag.py took 0.112 seconds
[2024-11-06T16:49:55.673+0000] {processor.py:186} INFO - Started process (PID=1592) to work on /opt/airflow/dags/xcom_dag.py
[2024-11-06T16:49:55.675+0000] {processor.py:914} INFO - Processing file /opt/airflow/dags/xcom_dag.py for tasks to queue
[2024-11-06T16:49:55.676+0000] {logging_mixin.py:190} INFO - [2024-11-06T16:49:55.676+0000] {dagbag.py:588} INFO - Filling up the DagBag from /opt/airflow/dags/xcom_dag.py
[2024-11-06T16:49:55.711+0000] {processor.py:925} INFO - DAG(s) 'xcom_dag' retrieved from /opt/airflow/dags/xcom_dag.py
[2024-11-06T16:49:55.740+0000] {logging_mixin.py:190} INFO - [2024-11-06T16:49:55.739+0000] {dag.py:3239} INFO - Sync 1 DAGs
[2024-11-06T16:49:55.773+0000] {logging_mixin.py:190} INFO - [2024-11-06T16:49:55.773+0000] {dag.py:4180} INFO - Setting next_dagrun for xcom_dag to 2024-11-06 00:00:00+00:00, run_after=2024-11-07 00:00:00+00:00
[2024-11-06T16:49:55.798+0000] {processor.py:208} INFO - Processing /opt/airflow/dags/xcom_dag.py took 0.133 seconds
[2024-11-06T16:50:24.696+0000] {processor.py:186} INFO - Started process (PID=1610) to work on /opt/airflow/dags/xcom_dag.py
[2024-11-06T16:50:24.697+0000] {processor.py:914} INFO - Processing file /opt/airflow/dags/xcom_dag.py for tasks to queue
[2024-11-06T16:50:24.699+0000] {logging_mixin.py:190} INFO - [2024-11-06T16:50:24.698+0000] {dagbag.py:588} INFO - Filling up the DagBag from /opt/airflow/dags/xcom_dag.py
[2024-11-06T16:50:24.844+0000] {processor.py:925} INFO - DAG(s) 'xcom_dag' retrieved from /opt/airflow/dags/xcom_dag.py
[2024-11-06T16:50:24.901+0000] {logging_mixin.py:190} INFO - [2024-11-06T16:50:24.901+0000] {dag.py:3239} INFO - Sync 1 DAGs
[2024-11-06T16:50:24.936+0000] {logging_mixin.py:190} INFO - [2024-11-06T16:50:24.936+0000] {dag.py:4180} INFO - Setting next_dagrun for xcom_dag to 2024-11-06 00:00:00+00:00, run_after=2024-11-07 00:00:00+00:00
[2024-11-06T16:50:24.962+0000] {processor.py:208} INFO - Processing /opt/airflow/dags/xcom_dag.py took 0.274 seconds
[2024-11-06T16:50:55.026+0000] {processor.py:186} INFO - Started process (PID=1629) to work on /opt/airflow/dags/xcom_dag.py
[2024-11-06T16:50:55.027+0000] {processor.py:914} INFO - Processing file /opt/airflow/dags/xcom_dag.py for tasks to queue
[2024-11-06T16:50:55.028+0000] {logging_mixin.py:190} INFO - [2024-11-06T16:50:55.028+0000] {dagbag.py:588} INFO - Filling up the DagBag from /opt/airflow/dags/xcom_dag.py
[2024-11-06T16:50:55.047+0000] {processor.py:925} INFO - DAG(s) 'xcom_dag' retrieved from /opt/airflow/dags/xcom_dag.py
[2024-11-06T16:50:55.072+0000] {logging_mixin.py:190} INFO - [2024-11-06T16:50:55.072+0000] {dag.py:3239} INFO - Sync 1 DAGs
[2024-11-06T16:50:55.100+0000] {logging_mixin.py:190} INFO - [2024-11-06T16:50:55.100+0000] {dag.py:4180} INFO - Setting next_dagrun for xcom_dag to 2024-11-06 00:00:00+00:00, run_after=2024-11-07 00:00:00+00:00
[2024-11-06T16:50:55.121+0000] {processor.py:208} INFO - Processing /opt/airflow/dags/xcom_dag.py took 0.102 seconds
[2024-11-06T16:50:58.217+0000] {processor.py:186} INFO - Started process (PID=1630) to work on /opt/airflow/dags/xcom_dag.py
[2024-11-06T16:50:58.218+0000] {processor.py:914} INFO - Processing file /opt/airflow/dags/xcom_dag.py for tasks to queue
[2024-11-06T16:50:58.220+0000] {logging_mixin.py:190} INFO - [2024-11-06T16:50:58.219+0000] {dagbag.py:588} INFO - Filling up the DagBag from /opt/airflow/dags/xcom_dag.py
[2024-11-06T16:50:58.257+0000] {processor.py:925} INFO - DAG(s) 'xcom_dag' retrieved from /opt/airflow/dags/xcom_dag.py
[2024-11-06T16:50:58.284+0000] {logging_mixin.py:190} INFO - [2024-11-06T16:50:58.284+0000] {dag.py:3239} INFO - Sync 1 DAGs
[2024-11-06T16:50:58.314+0000] {logging_mixin.py:190} INFO - [2024-11-06T16:50:58.314+0000] {dag.py:4180} INFO - Setting next_dagrun for xcom_dag to 2024-11-06 00:00:00+00:00, run_after=2024-11-07 00:00:00+00:00
[2024-11-06T16:50:58.342+0000] {processor.py:208} INFO - Processing /opt/airflow/dags/xcom_dag.py took 0.134 seconds
[2024-11-06T16:50:59.239+0000] {processor.py:186} INFO - Started process (PID=1631) to work on /opt/airflow/dags/xcom_dag.py
[2024-11-06T16:50:59.240+0000] {processor.py:914} INFO - Processing file /opt/airflow/dags/xcom_dag.py for tasks to queue
[2024-11-06T16:50:59.242+0000] {logging_mixin.py:190} INFO - [2024-11-06T16:50:59.241+0000] {dagbag.py:588} INFO - Filling up the DagBag from /opt/airflow/dags/xcom_dag.py
[2024-11-06T16:50:59.262+0000] {processor.py:925} INFO - DAG(s) 'xcom_dag' retrieved from /opt/airflow/dags/xcom_dag.py
[2024-11-06T16:50:59.288+0000] {logging_mixin.py:190} INFO - [2024-11-06T16:50:59.288+0000] {dag.py:3239} INFO - Sync 1 DAGs
[2024-11-06T16:50:59.317+0000] {logging_mixin.py:190} INFO - [2024-11-06T16:50:59.316+0000] {dag.py:4180} INFO - Setting next_dagrun for xcom_dag to 2024-11-06 00:00:00+00:00, run_after=2024-11-07 00:00:00+00:00
[2024-11-06T16:50:59.342+0000] {processor.py:208} INFO - Processing /opt/airflow/dags/xcom_dag.py took 0.109 seconds
[2024-11-06T16:51:30.406+0000] {processor.py:186} INFO - Started process (PID=1649) to work on /opt/airflow/dags/xcom_dag.py
[2024-11-06T16:51:30.407+0000] {processor.py:914} INFO - Processing file /opt/airflow/dags/xcom_dag.py for tasks to queue
[2024-11-06T16:51:30.408+0000] {logging_mixin.py:190} INFO - [2024-11-06T16:51:30.408+0000] {dagbag.py:588} INFO - Filling up the DagBag from /opt/airflow/dags/xcom_dag.py
[2024-11-06T16:51:30.430+0000] {processor.py:925} INFO - DAG(s) 'xcom_dag' retrieved from /opt/airflow/dags/xcom_dag.py
[2024-11-06T16:51:30.457+0000] {logging_mixin.py:190} INFO - [2024-11-06T16:51:30.457+0000] {dag.py:3239} INFO - Sync 1 DAGs
[2024-11-06T16:51:30.488+0000] {logging_mixin.py:190} INFO - [2024-11-06T16:51:30.487+0000] {dag.py:4180} INFO - Setting next_dagrun for xcom_dag to 2024-11-06 00:00:00+00:00, run_after=2024-11-07 00:00:00+00:00
[2024-11-06T16:51:30.511+0000] {processor.py:208} INFO - Processing /opt/airflow/dags/xcom_dag.py took 0.111 seconds
[2024-11-06T16:52:01.178+0000] {processor.py:186} INFO - Started process (PID=1667) to work on /opt/airflow/dags/xcom_dag.py
[2024-11-06T16:52:01.179+0000] {processor.py:914} INFO - Processing file /opt/airflow/dags/xcom_dag.py for tasks to queue
[2024-11-06T16:52:01.181+0000] {logging_mixin.py:190} INFO - [2024-11-06T16:52:01.180+0000] {dagbag.py:588} INFO - Filling up the DagBag from /opt/airflow/dags/xcom_dag.py
[2024-11-06T16:52:01.202+0000] {processor.py:925} INFO - DAG(s) 'xcom_dag' retrieved from /opt/airflow/dags/xcom_dag.py
[2024-11-06T16:52:01.227+0000] {logging_mixin.py:190} INFO - [2024-11-06T16:52:01.227+0000] {dag.py:3239} INFO - Sync 1 DAGs
[2024-11-06T16:52:01.257+0000] {logging_mixin.py:190} INFO - [2024-11-06T16:52:01.257+0000] {dag.py:4180} INFO - Setting next_dagrun for xcom_dag to 2024-11-06 00:00:00+00:00, run_after=2024-11-07 00:00:00+00:00
[2024-11-06T16:52:01.279+0000] {processor.py:208} INFO - Processing /opt/airflow/dags/xcom_dag.py took 0.107 seconds
[2024-11-06T16:52:31.335+0000] {processor.py:186} INFO - Started process (PID=1685) to work on /opt/airflow/dags/xcom_dag.py
[2024-11-06T16:52:31.336+0000] {processor.py:914} INFO - Processing file /opt/airflow/dags/xcom_dag.py for tasks to queue
[2024-11-06T16:52:31.338+0000] {logging_mixin.py:190} INFO - [2024-11-06T16:52:31.338+0000] {dagbag.py:588} INFO - Filling up the DagBag from /opt/airflow/dags/xcom_dag.py
[2024-11-06T16:52:31.359+0000] {processor.py:925} INFO - DAG(s) 'xcom_dag' retrieved from /opt/airflow/dags/xcom_dag.py
[2024-11-06T16:52:31.386+0000] {logging_mixin.py:190} INFO - [2024-11-06T16:52:31.385+0000] {dag.py:3239} INFO - Sync 1 DAGs
[2024-11-06T16:52:31.417+0000] {logging_mixin.py:190} INFO - [2024-11-06T16:52:31.417+0000] {dag.py:4180} INFO - Setting next_dagrun for xcom_dag to 2024-11-06 00:00:00+00:00, run_after=2024-11-07 00:00:00+00:00
[2024-11-06T16:52:31.439+0000] {processor.py:208} INFO - Processing /opt/airflow/dags/xcom_dag.py took 0.111 seconds
[2024-11-06T16:53:01.762+0000] {processor.py:186} INFO - Started process (PID=1703) to work on /opt/airflow/dags/xcom_dag.py
[2024-11-06T16:53:01.764+0000] {processor.py:914} INFO - Processing file /opt/airflow/dags/xcom_dag.py for tasks to queue
[2024-11-06T16:53:01.766+0000] {logging_mixin.py:190} INFO - [2024-11-06T16:53:01.765+0000] {dagbag.py:588} INFO - Filling up the DagBag from /opt/airflow/dags/xcom_dag.py
[2024-11-06T16:53:01.795+0000] {processor.py:925} INFO - DAG(s) 'xcom_dag' retrieved from /opt/airflow/dags/xcom_dag.py
[2024-11-06T16:53:01.825+0000] {logging_mixin.py:190} INFO - [2024-11-06T16:53:01.825+0000] {dag.py:3239} INFO - Sync 1 DAGs
[2024-11-06T16:53:01.860+0000] {logging_mixin.py:190} INFO - [2024-11-06T16:53:01.860+0000] {dag.py:4180} INFO - Setting next_dagrun for xcom_dag to 2024-11-06 00:00:00+00:00, run_after=2024-11-07 00:00:00+00:00
[2024-11-06T16:53:01.884+0000] {processor.py:208} INFO - Processing /opt/airflow/dags/xcom_dag.py took 0.133 seconds
[2024-11-06T16:53:15.705+0000] {processor.py:186} INFO - Started process (PID=1713) to work on /opt/airflow/dags/xcom_dag.py
[2024-11-06T16:53:15.706+0000] {processor.py:914} INFO - Processing file /opt/airflow/dags/xcom_dag.py for tasks to queue
[2024-11-06T16:53:15.708+0000] {logging_mixin.py:190} INFO - [2024-11-06T16:53:15.707+0000] {dagbag.py:588} INFO - Filling up the DagBag from /opt/airflow/dags/xcom_dag.py
[2024-11-06T16:53:15.737+0000] {processor.py:925} INFO - DAG(s) 'xcom_dag' retrieved from /opt/airflow/dags/xcom_dag.py
[2024-11-06T16:53:15.762+0000] {logging_mixin.py:190} INFO - [2024-11-06T16:53:15.762+0000] {dag.py:3239} INFO - Sync 1 DAGs
[2024-11-06T16:53:15.792+0000] {logging_mixin.py:190} INFO - [2024-11-06T16:53:15.792+0000] {dag.py:4180} INFO - Setting next_dagrun for xcom_dag to 2024-11-06 00:00:00+00:00, run_after=2024-11-07 00:00:00+00:00
[2024-11-06T16:53:15.817+0000] {processor.py:208} INFO - Processing /opt/airflow/dags/xcom_dag.py took 0.118 seconds
[2024-11-06T16:53:22.011+0000] {processor.py:186} INFO - Started process (PID=1722) to work on /opt/airflow/dags/xcom_dag.py
[2024-11-06T16:53:22.012+0000] {processor.py:914} INFO - Processing file /opt/airflow/dags/xcom_dag.py for tasks to queue
[2024-11-06T16:53:22.014+0000] {logging_mixin.py:190} INFO - [2024-11-06T16:53:22.013+0000] {dagbag.py:588} INFO - Filling up the DagBag from /opt/airflow/dags/xcom_dag.py
[2024-11-06T16:53:22.056+0000] {processor.py:925} INFO - DAG(s) 'xcom_dag' retrieved from /opt/airflow/dags/xcom_dag.py
[2024-11-06T16:53:22.090+0000] {logging_mixin.py:190} INFO - [2024-11-06T16:53:22.090+0000] {dag.py:3239} INFO - Sync 1 DAGs
[2024-11-06T16:53:22.133+0000] {logging_mixin.py:190} INFO - [2024-11-06T16:53:22.132+0000] {dag.py:4180} INFO - Setting next_dagrun for xcom_dag to 2024-11-06 00:00:00+00:00, run_after=2024-11-07 00:00:00+00:00
[2024-11-06T16:53:22.168+0000] {processor.py:208} INFO - Processing /opt/airflow/dags/xcom_dag.py took 0.167 seconds
[2024-11-06T16:53:33.207+0000] {processor.py:186} INFO - Started process (PID=1723) to work on /opt/airflow/dags/xcom_dag.py
[2024-11-06T16:53:33.209+0000] {processor.py:914} INFO - Processing file /opt/airflow/dags/xcom_dag.py for tasks to queue
[2024-11-06T16:53:33.210+0000] {logging_mixin.py:190} INFO - [2024-11-06T16:53:33.210+0000] {dagbag.py:588} INFO - Filling up the DagBag from /opt/airflow/dags/xcom_dag.py
[2024-11-06T16:53:33.241+0000] {processor.py:925} INFO - DAG(s) 'xcom_dag' retrieved from /opt/airflow/dags/xcom_dag.py
[2024-11-06T16:53:33.264+0000] {logging_mixin.py:190} INFO - [2024-11-06T16:53:33.264+0000] {dag.py:3239} INFO - Sync 1 DAGs
[2024-11-06T16:53:33.291+0000] {logging_mixin.py:190} INFO - [2024-11-06T16:53:33.291+0000] {dag.py:4180} INFO - Setting next_dagrun for xcom_dag to 2024-11-06 00:00:00+00:00, run_after=2024-11-07 00:00:00+00:00
[2024-11-06T16:53:33.321+0000] {processor.py:208} INFO - Processing /opt/airflow/dags/xcom_dag.py took 0.120 seconds
[2024-11-06T16:53:34.238+0000] {processor.py:186} INFO - Started process (PID=1724) to work on /opt/airflow/dags/xcom_dag.py
[2024-11-06T16:53:34.240+0000] {processor.py:914} INFO - Processing file /opt/airflow/dags/xcom_dag.py for tasks to queue
[2024-11-06T16:53:34.241+0000] {logging_mixin.py:190} INFO - [2024-11-06T16:53:34.241+0000] {dagbag.py:588} INFO - Filling up the DagBag from /opt/airflow/dags/xcom_dag.py
[2024-11-06T16:53:34.262+0000] {processor.py:925} INFO - DAG(s) 'xcom_dag' retrieved from /opt/airflow/dags/xcom_dag.py
[2024-11-06T16:53:34.286+0000] {logging_mixin.py:190} INFO - [2024-11-06T16:53:34.286+0000] {dag.py:3239} INFO - Sync 1 DAGs
[2024-11-06T16:53:34.314+0000] {logging_mixin.py:190} INFO - [2024-11-06T16:53:34.314+0000] {dag.py:4180} INFO - Setting next_dagrun for xcom_dag to 2024-11-06 00:00:00+00:00, run_after=2024-11-07 00:00:00+00:00
[2024-11-06T16:53:34.337+0000] {processor.py:208} INFO - Processing /opt/airflow/dags/xcom_dag.py took 0.106 seconds
[2024-11-06T16:53:35.405+0000] {processor.py:186} INFO - Started process (PID=1725) to work on /opt/airflow/dags/xcom_dag.py
[2024-11-06T16:53:35.406+0000] {processor.py:914} INFO - Processing file /opt/airflow/dags/xcom_dag.py for tasks to queue
[2024-11-06T16:53:35.408+0000] {logging_mixin.py:190} INFO - [2024-11-06T16:53:35.407+0000] {dagbag.py:588} INFO - Filling up the DagBag from /opt/airflow/dags/xcom_dag.py
[2024-11-06T16:53:35.441+0000] {processor.py:925} INFO - DAG(s) 'xcom_dag' retrieved from /opt/airflow/dags/xcom_dag.py
[2024-11-06T16:53:35.468+0000] {logging_mixin.py:190} INFO - [2024-11-06T16:53:35.467+0000] {dag.py:3239} INFO - Sync 1 DAGs
[2024-11-06T16:53:35.497+0000] {logging_mixin.py:190} INFO - [2024-11-06T16:53:35.497+0000] {dag.py:4180} INFO - Setting next_dagrun for xcom_dag to 2024-11-06 00:00:00+00:00, run_after=2024-11-07 00:00:00+00:00
[2024-11-06T16:53:35.520+0000] {processor.py:208} INFO - Processing /opt/airflow/dags/xcom_dag.py took 0.121 seconds
[2024-11-06T16:54:06.548+0000] {processor.py:186} INFO - Started process (PID=1743) to work on /opt/airflow/dags/xcom_dag.py
[2024-11-06T16:54:06.549+0000] {processor.py:914} INFO - Processing file /opt/airflow/dags/xcom_dag.py for tasks to queue
[2024-11-06T16:54:06.552+0000] {logging_mixin.py:190} INFO - [2024-11-06T16:54:06.551+0000] {dagbag.py:588} INFO - Filling up the DagBag from /opt/airflow/dags/xcom_dag.py
[2024-11-06T16:54:06.582+0000] {processor.py:925} INFO - DAG(s) 'xcom_dag' retrieved from /opt/airflow/dags/xcom_dag.py
[2024-11-06T16:54:06.613+0000] {logging_mixin.py:190} INFO - [2024-11-06T16:54:06.613+0000] {dag.py:3239} INFO - Sync 1 DAGs
[2024-11-06T16:54:06.661+0000] {logging_mixin.py:190} INFO - [2024-11-06T16:54:06.661+0000] {dag.py:4180} INFO - Setting next_dagrun for xcom_dag to 2024-11-06 00:00:00+00:00, run_after=2024-11-07 00:00:00+00:00
[2024-11-06T16:54:06.695+0000] {processor.py:208} INFO - Processing /opt/airflow/dags/xcom_dag.py took 0.155 seconds
[2024-11-06T16:54:37.020+0000] {processor.py:186} INFO - Started process (PID=1761) to work on /opt/airflow/dags/xcom_dag.py
[2024-11-06T16:54:37.021+0000] {processor.py:914} INFO - Processing file /opt/airflow/dags/xcom_dag.py for tasks to queue
[2024-11-06T16:54:37.023+0000] {logging_mixin.py:190} INFO - [2024-11-06T16:54:37.022+0000] {dagbag.py:588} INFO - Filling up the DagBag from /opt/airflow/dags/xcom_dag.py
[2024-11-06T16:54:37.044+0000] {processor.py:925} INFO - DAG(s) 'xcom_dag' retrieved from /opt/airflow/dags/xcom_dag.py
[2024-11-06T16:54:37.071+0000] {logging_mixin.py:190} INFO - [2024-11-06T16:54:37.070+0000] {dag.py:3239} INFO - Sync 1 DAGs
[2024-11-06T16:54:37.099+0000] {logging_mixin.py:190} INFO - [2024-11-06T16:54:37.099+0000] {dag.py:4180} INFO - Setting next_dagrun for xcom_dag to 2024-11-06 00:00:00+00:00, run_after=2024-11-07 00:00:00+00:00
[2024-11-06T16:54:37.119+0000] {processor.py:208} INFO - Processing /opt/airflow/dags/xcom_dag.py took 0.106 seconds
[2024-11-06T16:55:07.219+0000] {processor.py:186} INFO - Started process (PID=1779) to work on /opt/airflow/dags/xcom_dag.py
[2024-11-06T16:55:07.220+0000] {processor.py:914} INFO - Processing file /opt/airflow/dags/xcom_dag.py for tasks to queue
[2024-11-06T16:55:07.221+0000] {logging_mixin.py:190} INFO - [2024-11-06T16:55:07.221+0000] {dagbag.py:588} INFO - Filling up the DagBag from /opt/airflow/dags/xcom_dag.py
[2024-11-06T16:55:07.244+0000] {processor.py:925} INFO - DAG(s) 'xcom_dag' retrieved from /opt/airflow/dags/xcom_dag.py
[2024-11-06T16:55:07.271+0000] {logging_mixin.py:190} INFO - [2024-11-06T16:55:07.271+0000] {dag.py:3239} INFO - Sync 1 DAGs
[2024-11-06T16:55:07.304+0000] {logging_mixin.py:190} INFO - [2024-11-06T16:55:07.303+0000] {dag.py:4180} INFO - Setting next_dagrun for xcom_dag to 2024-11-06 00:00:00+00:00, run_after=2024-11-07 00:00:00+00:00
[2024-11-06T16:55:07.324+0000] {processor.py:208} INFO - Processing /opt/airflow/dags/xcom_dag.py took 0.114 seconds
[2024-11-06T16:55:08.580+0000] {processor.py:186} INFO - Started process (PID=1783) to work on /opt/airflow/dags/xcom_dag.py
[2024-11-06T16:55:08.583+0000] {processor.py:914} INFO - Processing file /opt/airflow/dags/xcom_dag.py for tasks to queue
[2024-11-06T16:55:08.585+0000] {logging_mixin.py:190} INFO - [2024-11-06T16:55:08.584+0000] {dagbag.py:588} INFO - Filling up the DagBag from /opt/airflow/dags/xcom_dag.py
[2024-11-06T16:55:08.635+0000] {processor.py:925} INFO - DAG(s) 'xcom_dag' retrieved from /opt/airflow/dags/xcom_dag.py
[2024-11-06T16:55:08.665+0000] {logging_mixin.py:190} INFO - [2024-11-06T16:55:08.664+0000] {dag.py:3239} INFO - Sync 1 DAGs
[2024-11-06T16:55:08.693+0000] {logging_mixin.py:190} INFO - [2024-11-06T16:55:08.693+0000] {dag.py:4180} INFO - Setting next_dagrun for xcom_dag to 2024-11-06 00:00:00+00:00, run_after=2024-11-07 00:00:00+00:00
[2024-11-06T16:55:08.717+0000] {processor.py:208} INFO - Processing /opt/airflow/dags/xcom_dag.py took 0.146 seconds
[2024-11-06T16:55:09.738+0000] {processor.py:186} INFO - Started process (PID=1785) to work on /opt/airflow/dags/xcom_dag.py
[2024-11-06T16:55:09.740+0000] {processor.py:914} INFO - Processing file /opt/airflow/dags/xcom_dag.py for tasks to queue
[2024-11-06T16:55:09.742+0000] {logging_mixin.py:190} INFO - [2024-11-06T16:55:09.741+0000] {dagbag.py:588} INFO - Filling up the DagBag from /opt/airflow/dags/xcom_dag.py
[2024-11-06T16:55:09.771+0000] {processor.py:925} INFO - DAG(s) 'xcom_dag' retrieved from /opt/airflow/dags/xcom_dag.py
[2024-11-06T16:55:09.807+0000] {logging_mixin.py:190} INFO - [2024-11-06T16:55:09.806+0000] {dag.py:3239} INFO - Sync 1 DAGs
[2024-11-06T16:55:09.850+0000] {logging_mixin.py:190} INFO - [2024-11-06T16:55:09.850+0000] {dag.py:4180} INFO - Setting next_dagrun for xcom_dag to 2024-11-06 00:00:00+00:00, run_after=2024-11-07 00:00:00+00:00
[2024-11-06T16:55:09.879+0000] {processor.py:208} INFO - Processing /opt/airflow/dags/xcom_dag.py took 0.153 seconds
[2024-11-06T16:55:39.963+0000] {processor.py:186} INFO - Started process (PID=1804) to work on /opt/airflow/dags/xcom_dag.py
[2024-11-06T16:55:39.964+0000] {processor.py:914} INFO - Processing file /opt/airflow/dags/xcom_dag.py for tasks to queue
[2024-11-06T16:55:39.966+0000] {logging_mixin.py:190} INFO - [2024-11-06T16:55:39.966+0000] {dagbag.py:588} INFO - Filling up the DagBag from /opt/airflow/dags/xcom_dag.py
[2024-11-06T16:55:39.988+0000] {processor.py:925} INFO - DAG(s) 'xcom_dag' retrieved from /opt/airflow/dags/xcom_dag.py
[2024-11-06T16:55:40.016+0000] {logging_mixin.py:190} INFO - [2024-11-06T16:55:40.016+0000] {dag.py:3239} INFO - Sync 1 DAGs
[2024-11-06T16:55:40.048+0000] {logging_mixin.py:190} INFO - [2024-11-06T16:55:40.048+0000] {dag.py:4180} INFO - Setting next_dagrun for xcom_dag to 2024-11-06 00:00:00+00:00, run_after=2024-11-07 00:00:00+00:00
[2024-11-06T16:55:40.069+0000] {processor.py:208} INFO - Processing /opt/airflow/dags/xcom_dag.py took 0.114 seconds
[2024-11-06T16:55:54.779+0000] {processor.py:186} INFO - Started process (PID=1817) to work on /opt/airflow/dags/xcom_dag.py
[2024-11-06T16:55:54.780+0000] {processor.py:914} INFO - Processing file /opt/airflow/dags/xcom_dag.py for tasks to queue
[2024-11-06T16:55:54.781+0000] {logging_mixin.py:190} INFO - [2024-11-06T16:55:54.781+0000] {dagbag.py:588} INFO - Filling up the DagBag from /opt/airflow/dags/xcom_dag.py
[2024-11-06T16:55:54.846+0000] {processor.py:925} INFO - DAG(s) 'xcom_dag' retrieved from /opt/airflow/dags/xcom_dag.py
[2024-11-06T16:55:54.880+0000] {logging_mixin.py:190} INFO - [2024-11-06T16:55:54.880+0000] {dag.py:3239} INFO - Sync 1 DAGs
[2024-11-06T16:55:54.914+0000] {logging_mixin.py:190} INFO - [2024-11-06T16:55:54.914+0000] {dag.py:4180} INFO - Setting next_dagrun for xcom_dag to 2024-11-06 00:00:00+00:00, run_after=2024-11-07 00:00:00+00:00
[2024-11-06T16:55:54.942+0000] {processor.py:208} INFO - Processing /opt/airflow/dags/xcom_dag.py took 0.173 seconds
[2024-11-06T16:56:25.269+0000] {processor.py:186} INFO - Started process (PID=1835) to work on /opt/airflow/dags/xcom_dag.py
[2024-11-06T16:56:25.270+0000] {processor.py:914} INFO - Processing file /opt/airflow/dags/xcom_dag.py for tasks to queue
[2024-11-06T16:56:25.271+0000] {logging_mixin.py:190} INFO - [2024-11-06T16:56:25.271+0000] {dagbag.py:588} INFO - Filling up the DagBag from /opt/airflow/dags/xcom_dag.py
[2024-11-06T16:56:25.295+0000] {processor.py:925} INFO - DAG(s) 'xcom_dag' retrieved from /opt/airflow/dags/xcom_dag.py
[2024-11-06T16:56:25.320+0000] {logging_mixin.py:190} INFO - [2024-11-06T16:56:25.320+0000] {dag.py:3239} INFO - Sync 1 DAGs
[2024-11-06T16:56:25.352+0000] {logging_mixin.py:190} INFO - [2024-11-06T16:56:25.351+0000] {dag.py:4180} INFO - Setting next_dagrun for xcom_dag to 2024-11-06 00:00:00+00:00, run_after=2024-11-07 00:00:00+00:00
[2024-11-06T16:56:25.372+0000] {processor.py:208} INFO - Processing /opt/airflow/dags/xcom_dag.py took 0.110 seconds
[2024-11-06T16:56:41.767+0000] {processor.py:186} INFO - Started process (PID=1841) to work on /opt/airflow/dags/xcom_dag.py
[2024-11-06T16:56:41.768+0000] {processor.py:914} INFO - Processing file /opt/airflow/dags/xcom_dag.py for tasks to queue
[2024-11-06T16:56:41.771+0000] {logging_mixin.py:190} INFO - [2024-11-06T16:56:41.770+0000] {dagbag.py:588} INFO - Filling up the DagBag from /opt/airflow/dags/xcom_dag.py
[2024-11-06T16:56:41.804+0000] {processor.py:925} INFO - DAG(s) 'xcom_dag' retrieved from /opt/airflow/dags/xcom_dag.py
[2024-11-06T16:56:41.830+0000] {logging_mixin.py:190} INFO - [2024-11-06T16:56:41.830+0000] {dag.py:3239} INFO - Sync 1 DAGs
[2024-11-06T16:56:41.860+0000] {logging_mixin.py:190} INFO - [2024-11-06T16:56:41.860+0000] {dag.py:4180} INFO - Setting next_dagrun for xcom_dag to 2024-11-06 00:00:00+00:00, run_after=2024-11-07 00:00:00+00:00
[2024-11-06T16:56:41.891+0000] {processor.py:208} INFO - Processing /opt/airflow/dags/xcom_dag.py took 0.130 seconds
[2024-11-06T16:56:43.317+0000] {processor.py:186} INFO - Started process (PID=1844) to work on /opt/airflow/dags/xcom_dag.py
[2024-11-06T16:56:43.318+0000] {processor.py:914} INFO - Processing file /opt/airflow/dags/xcom_dag.py for tasks to queue
[2024-11-06T16:56:43.320+0000] {logging_mixin.py:190} INFO - [2024-11-06T16:56:43.320+0000] {dagbag.py:588} INFO - Filling up the DagBag from /opt/airflow/dags/xcom_dag.py
[2024-11-06T16:56:43.351+0000] {processor.py:925} INFO - DAG(s) 'xcom_dag' retrieved from /opt/airflow/dags/xcom_dag.py
[2024-11-06T16:56:43.376+0000] {logging_mixin.py:190} INFO - [2024-11-06T16:56:43.376+0000] {dag.py:3239} INFO - Sync 1 DAGs
[2024-11-06T16:56:43.403+0000] {logging_mixin.py:190} INFO - [2024-11-06T16:56:43.403+0000] {dag.py:4180} INFO - Setting next_dagrun for xcom_dag to 2024-11-06 00:00:00+00:00, run_after=2024-11-07 00:00:00+00:00
[2024-11-06T16:56:43.429+0000] {processor.py:208} INFO - Processing /opt/airflow/dags/xcom_dag.py took 0.119 seconds
[2024-11-06T16:57:00.801+0000] {processor.py:186} INFO - Started process (PID=1855) to work on /opt/airflow/dags/xcom_dag.py
[2024-11-06T16:57:00.802+0000] {processor.py:914} INFO - Processing file /opt/airflow/dags/xcom_dag.py for tasks to queue
[2024-11-06T16:57:00.803+0000] {logging_mixin.py:190} INFO - [2024-11-06T16:57:00.803+0000] {dagbag.py:588} INFO - Filling up the DagBag from /opt/airflow/dags/xcom_dag.py
[2024-11-06T16:57:00.834+0000] {processor.py:925} INFO - DAG(s) 'xcom_dag' retrieved from /opt/airflow/dags/xcom_dag.py
[2024-11-06T16:57:00.861+0000] {logging_mixin.py:190} INFO - [2024-11-06T16:57:00.861+0000] {dag.py:3239} INFO - Sync 1 DAGs
[2024-11-06T16:57:00.893+0000] {logging_mixin.py:190} INFO - [2024-11-06T16:57:00.892+0000] {dag.py:4180} INFO - Setting next_dagrun for xcom_dag to 2024-11-06 00:00:00+00:00, run_after=2024-11-07 00:00:00+00:00
[2024-11-06T16:57:00.919+0000] {processor.py:208} INFO - Processing /opt/airflow/dags/xcom_dag.py took 0.124 seconds
[2024-11-06T16:57:30.990+0000] {processor.py:186} INFO - Started process (PID=1873) to work on /opt/airflow/dags/xcom_dag.py
[2024-11-06T16:57:30.991+0000] {processor.py:914} INFO - Processing file /opt/airflow/dags/xcom_dag.py for tasks to queue
[2024-11-06T16:57:30.993+0000] {logging_mixin.py:190} INFO - [2024-11-06T16:57:30.992+0000] {dagbag.py:588} INFO - Filling up the DagBag from /opt/airflow/dags/xcom_dag.py
[2024-11-06T16:57:31.017+0000] {processor.py:925} INFO - DAG(s) 'xcom_dag' retrieved from /opt/airflow/dags/xcom_dag.py
[2024-11-06T16:57:31.045+0000] {logging_mixin.py:190} INFO - [2024-11-06T16:57:31.045+0000] {dag.py:3239} INFO - Sync 1 DAGs
[2024-11-06T16:57:31.075+0000] {logging_mixin.py:190} INFO - [2024-11-06T16:57:31.075+0000] {dag.py:4180} INFO - Setting next_dagrun for xcom_dag to 2024-11-06 00:00:00+00:00, run_after=2024-11-07 00:00:00+00:00
[2024-11-06T16:57:31.096+0000] {processor.py:208} INFO - Processing /opt/airflow/dags/xcom_dag.py took 0.114 seconds
[2024-11-06T16:58:01.425+0000] {processor.py:186} INFO - Started process (PID=1891) to work on /opt/airflow/dags/xcom_dag.py
[2024-11-06T16:58:01.439+0000] {processor.py:914} INFO - Processing file /opt/airflow/dags/xcom_dag.py for tasks to queue
[2024-11-06T16:58:01.451+0000] {logging_mixin.py:190} INFO - [2024-11-06T16:58:01.447+0000] {dagbag.py:588} INFO - Filling up the DagBag from /opt/airflow/dags/xcom_dag.py
[2024-11-06T16:58:01.507+0000] {processor.py:925} INFO - DAG(s) 'xcom_dag' retrieved from /opt/airflow/dags/xcom_dag.py
[2024-11-06T16:58:01.691+0000] {logging_mixin.py:190} INFO - [2024-11-06T16:58:01.690+0000] {dag.py:3239} INFO - Sync 1 DAGs
[2024-11-06T16:58:01.848+0000] {logging_mixin.py:190} INFO - [2024-11-06T16:58:01.848+0000] {dag.py:4180} INFO - Setting next_dagrun for xcom_dag to 2024-11-06 00:00:00+00:00, run_after=2024-11-07 00:00:00+00:00
[2024-11-06T16:58:01.905+0000] {processor.py:208} INFO - Processing /opt/airflow/dags/xcom_dag.py took 0.599 seconds
