[2024-11-06T11:17:44.072+0000] {local_task_job_runner.py:123} INFO - ::group::Pre task execution logs
[2024-11-06T11:17:44.101+0000] {taskinstance.py:2612} INFO - Dependencies all met for dep_context=non-requeueable deps ti=<TaskInstance: parallel_dag.transform manual__2024-11-06T11:17:19.119523+00:00 [queued]>
[2024-11-06T11:17:44.115+0000] {taskinstance.py:2612} INFO - Dependencies all met for dep_context=requeueable deps ti=<TaskInstance: parallel_dag.transform manual__2024-11-06T11:17:19.119523+00:00 [queued]>
[2024-11-06T11:17:44.116+0000] {taskinstance.py:2865} INFO - Starting attempt 1 of 1
[2024-11-06T11:17:44.138+0000] {taskinstance.py:2888} INFO - Executing <Task(BashOperator): transform> on 2024-11-06 11:17:19.119523+00:00
[2024-11-06T11:17:44.145+0000] {warnings.py:112} WARNING - /home/***/.local/lib/python3.12/site-packages/***/task/task_runner/standard_task_runner.py:70: DeprecationWarning: This process (pid=433) is multi-threaded, use of fork() may lead to deadlocks in the child.
  pid = os.fork()

[2024-11-06T11:17:44.147+0000] {standard_task_runner.py:104} INFO - Running: ['***', 'tasks', 'run', 'parallel_dag', 'transform', 'manual__2024-11-06T11:17:19.119523+00:00', '--job-id', '105', '--raw', '--subdir', 'DAGS_FOLDER/parallel_dag.py', '--cfg-path', '/tmp/tmpj6900o28']
[2024-11-06T11:17:44.150+0000] {standard_task_runner.py:72} INFO - Started process 434 to run task
[2024-11-06T11:17:44.151+0000] {standard_task_runner.py:105} INFO - Job 105: Subtask transform
[2024-11-06T11:17:44.200+0000] {task_command.py:467} INFO - Running <TaskInstance: parallel_dag.transform manual__2024-11-06T11:17:19.119523+00:00 [running]> on host 9fbc70bec143
[2024-11-06T11:17:44.318+0000] {taskinstance.py:3131} INFO - Exporting env vars: AIRFLOW_CTX_DAG_OWNER='***' AIRFLOW_CTX_DAG_ID='parallel_dag' AIRFLOW_CTX_TASK_ID='transform' AIRFLOW_CTX_EXECUTION_DATE='2024-11-06T11:17:19.119523+00:00' AIRFLOW_CTX_TRY_NUMBER='1' AIRFLOW_CTX_DAG_RUN_ID='manual__2024-11-06T11:17:19.119523+00:00'
[2024-11-06T11:17:44.320+0000] {taskinstance.py:731} INFO - ::endgroup::
[2024-11-06T11:17:44.379+0000] {subprocess.py:63} INFO - Tmp dir root location: /tmp
[2024-11-06T11:17:44.382+0000] {subprocess.py:75} INFO - Running command: ['/usr/bin/bash', '-c', 'sleep 30']
[2024-11-06T11:17:44.392+0000] {subprocess.py:86} INFO - Output:
[2024-11-06T11:18:14.395+0000] {subprocess.py:97} INFO - Command exited with return code 0
[2024-11-06T11:18:14.434+0000] {taskinstance.py:340} INFO - ::group::Post task execution logs
[2024-11-06T11:18:14.435+0000] {taskinstance.py:352} INFO - Marking task as SUCCESS. dag_id=parallel_dag, task_id=transform, run_id=manual__2024-11-06T11:17:19.119523+00:00, execution_date=20241106T111719, start_date=20241106T111744, end_date=20241106T111814
[2024-11-06T11:18:14.489+0000] {local_task_job_runner.py:266} INFO - Task exited with return code 0
[2024-11-06T11:18:14.511+0000] {taskinstance.py:3900} INFO - 0 downstream tasks scheduled from follow-on schedule check
[2024-11-06T11:18:14.513+0000] {local_task_job_runner.py:245} INFO - ::endgroup::
