[2024-11-06T10:50:24.242+0000] {local_task_job_runner.py:123} INFO - ::group::Pre task execution logs
[2024-11-06T10:50:24.259+0000] {taskinstance.py:2612} INFO - Dependencies all met for dep_context=non-requeueable deps ti=<TaskInstance: user_processing.create_table manual__2024-11-06T10:50:20.501686+00:00 [queued]>
[2024-11-06T10:50:24.268+0000] {taskinstance.py:2612} INFO - Dependencies all met for dep_context=requeueable deps ti=<TaskInstance: user_processing.create_table manual__2024-11-06T10:50:20.501686+00:00 [queued]>
[2024-11-06T10:50:24.269+0000] {taskinstance.py:2865} INFO - Starting attempt 1 of 1
[2024-11-06T10:50:24.284+0000] {taskinstance.py:2888} INFO - Executing <Task(PostgresOperator): create_table> on 2024-11-06 10:50:20.501686+00:00
[2024-11-06T10:50:24.292+0000] {warnings.py:112} WARNING - /home/***/.local/lib/python3.12/site-packages/***/task/task_runner/standard_task_runner.py:70: DeprecationWarning: This process (pid=82) is multi-threaded, use of fork() may lead to deadlocks in the child.
  pid = os.fork()

[2024-11-06T10:50:24.294+0000] {standard_task_runner.py:72} INFO - Started process 84 to run task
[2024-11-06T10:50:24.294+0000] {standard_task_runner.py:104} INFO - Running: ['***', 'tasks', 'run', 'user_processing', 'create_table', 'manual__2024-11-06T10:50:20.501686+00:00', '--job-id', '80', '--raw', '--subdir', 'DAGS_FOLDER/user-processing.py', '--cfg-path', '/tmp/tmp3y7uuz4v']
[2024-11-06T10:50:24.297+0000] {standard_task_runner.py:105} INFO - Job 80: Subtask create_table
[2024-11-06T10:50:24.345+0000] {task_command.py:467} INFO - Running <TaskInstance: user_processing.create_table manual__2024-11-06T10:50:20.501686+00:00 [running]> on host a664c8dd9839
[2024-11-06T10:50:24.440+0000] {taskinstance.py:3131} INFO - Exporting env vars: AIRFLOW_CTX_DAG_OWNER='***' AIRFLOW_CTX_DAG_ID='user_processing' AIRFLOW_CTX_TASK_ID='create_table' AIRFLOW_CTX_EXECUTION_DATE='2024-11-06T10:50:20.501686+00:00' AIRFLOW_CTX_TRY_NUMBER='1' AIRFLOW_CTX_DAG_RUN_ID='manual__2024-11-06T10:50:20.501686+00:00'
[2024-11-06T10:50:24.442+0000] {taskinstance.py:731} INFO - ::endgroup::
[2024-11-06T10:50:24.476+0000] {sql.py:266} INFO - Executing: 
            CREATE TABLE IF NOT EXISTS users (
                firstname TEXT NOT NULL,
                lastname TEXT NOT NULL,
                country TEXT NOT NULL,
                username TEXT NOT NULL,
                password TEXT NOT NULL,
                email TEXT NOT NULL
            );
        
[2024-11-06T10:50:24.485+0000] {base.py:84} INFO - Retrieving connection 'postgres'
[2024-11-06T10:50:24.492+0000] {base.py:84} INFO - Retrieving connection 'postgres'
[2024-11-06T10:50:24.496+0000] {sql.py:509} INFO - Running statement: 
            CREATE TABLE IF NOT EXISTS users (
                firstname TEXT NOT NULL,
                lastname TEXT NOT NULL,
                country TEXT NOT NULL,
                username TEXT NOT NULL,
                password TEXT NOT NULL,
                email TEXT NOT NULL
            );
        , parameters: None
[2024-11-06T10:50:24.510+0000] {taskinstance.py:340} INFO - ::group::Post task execution logs
[2024-11-06T10:50:24.510+0000] {taskinstance.py:352} INFO - Marking task as SUCCESS. dag_id=user_processing, task_id=create_table, run_id=manual__2024-11-06T10:50:20.501686+00:00, execution_date=20241106T105020, start_date=20241106T105024, end_date=20241106T105024
[2024-11-06T10:50:24.550+0000] {local_task_job_runner.py:266} INFO - Task exited with return code 0
[2024-11-06T10:50:24.562+0000] {warnings.py:112} WARNING - /home/***/.local/lib/python3.12/site-packages/***/models/baseoperator.py:1378: AirflowProviderDeprecationWarning: Call to deprecated class SimpleHttpOperator. (Class `SimpleHttpOperator` is deprecated and will be removed in a future release. Please use `HttpOperator` instead.)
  result = cls.__new__(cls)

[2024-11-06T10:50:24.563+0000] {warnings.py:112} WARNING - /home/***/.local/lib/python3.12/site-packages/***/models/baseoperator.py:1378: AirflowProviderDeprecationWarning: Call to deprecated class PostgresOperator. (Please use `***.providers.common.sql.operators.sql.SQLExecuteQueryOperator`.Also, you can provide `hook_params={'schema': <database>}`.)
  result = cls.__new__(cls)

[2024-11-06T10:50:24.580+0000] {taskinstance.py:3900} INFO - 1 downstream tasks scheduled from follow-on schedule check
[2024-11-06T10:50:24.583+0000] {local_task_job_runner.py:245} INFO - ::endgroup::
