[2024-11-04T14:48:06.302+0000] {local_task_job_runner.py:123} INFO - ::group::Pre task execution logs
[2024-11-04T14:48:06.339+0000] {taskinstance.py:2612} INFO - Dependencies all met for dep_context=non-requeueable deps ti=<TaskInstance: example_bash_operator.runme_2 manual__2024-11-04T14:47:58+00:00 [queued]>
[2024-11-04T14:48:06.360+0000] {taskinstance.py:2612} INFO - Dependencies all met for dep_context=requeueable deps ti=<TaskInstance: example_bash_operator.runme_2 manual__2024-11-04T14:47:58+00:00 [queued]>
[2024-11-04T14:48:06.361+0000] {taskinstance.py:2865} INFO - Starting attempt 1 of 1
[2024-11-04T14:48:06.388+0000] {taskinstance.py:2888} INFO - Executing <Task(BashOperator): runme_2> on 2024-11-04 14:47:58+00:00
[2024-11-04T14:48:06.405+0000] {warnings.py:112} WARNING - /home/***/.local/lib/python3.12/site-packages/***/task/task_runner/standard_task_runner.py:70: DeprecationWarning: This process (pid=383) is multi-threaded, use of fork() may lead to deadlocks in the child.
  pid = os.fork()

[2024-11-04T14:48:06.412+0000] {standard_task_runner.py:72} INFO - Started process 404 to run task
[2024-11-04T14:48:06.413+0000] {standard_task_runner.py:104} INFO - Running: ['***', 'tasks', 'run', 'example_bash_operator', 'runme_2', 'manual__2024-11-04T14:47:58+00:00', '--job-id', '15', '--raw', '--subdir', '/home/***/.local/lib/python3.12/site-packages/***/example_dags/example_bash_operator.py', '--cfg-path', '/tmp/tmpunz1uvwd']
[2024-11-04T14:48:06.415+0000] {standard_task_runner.py:105} INFO - Job 15: Subtask runme_2
[2024-11-04T14:48:06.519+0000] {task_command.py:467} INFO - Running <TaskInstance: example_bash_operator.runme_2 manual__2024-11-04T14:47:58+00:00 [running]> on host 3a4fba066ec8
[2024-11-04T14:48:06.711+0000] {taskinstance.py:3131} INFO - Exporting env vars: AIRFLOW_CTX_DAG_OWNER='***' AIRFLOW_CTX_DAG_ID='example_bash_operator' AIRFLOW_CTX_TASK_ID='runme_2' AIRFLOW_CTX_EXECUTION_DATE='2024-11-04T14:47:58+00:00' AIRFLOW_CTX_TRY_NUMBER='1' AIRFLOW_CTX_DAG_RUN_ID='manual__2024-11-04T14:47:58+00:00'
[2024-11-04T14:48:06.715+0000] {logging_mixin.py:190} INFO - Task instance is in running state
[2024-11-04T14:48:06.716+0000] {logging_mixin.py:190} INFO -  Previous state of the Task instance: queued
[2024-11-04T14:48:06.718+0000] {logging_mixin.py:190} INFO - Current task name:runme_2 state:running start_date:2024-11-04 14:48:06.339924+00:00
[2024-11-04T14:48:06.719+0000] {logging_mixin.py:190} INFO - Dag name:example_bash_operator and current dag run status:running
[2024-11-04T14:48:06.720+0000] {taskinstance.py:731} INFO - ::endgroup::
[2024-11-04T14:48:06.722+0000] {subprocess.py:63} INFO - Tmp dir root location: /tmp
[2024-11-04T14:48:06.726+0000] {subprocess.py:75} INFO - Running command: ['/usr/bin/bash', '-c', 'echo "example_bash_operator__runme_2__20241104" && sleep 1']
[2024-11-04T14:48:06.774+0000] {subprocess.py:86} INFO - Output:
[2024-11-04T14:48:06.780+0000] {subprocess.py:93} INFO - example_bash_operator__runme_2__20241104
[2024-11-04T14:48:07.783+0000] {subprocess.py:97} INFO - Command exited with return code 0
[2024-11-04T14:48:07.816+0000] {taskinstance.py:340} INFO - ::group::Post task execution logs
[2024-11-04T14:48:07.817+0000] {taskinstance.py:352} INFO - Marking task as SUCCESS. dag_id=example_bash_operator, task_id=runme_2, run_id=manual__2024-11-04T14:47:58+00:00, execution_date=20241104T144758, start_date=20241104T144806, end_date=20241104T144807
[2024-11-04T14:48:07.831+0000] {logging_mixin.py:190} INFO - Task instance in success state
[2024-11-04T14:48:07.832+0000] {logging_mixin.py:190} INFO -  Previous state of the Task instance: running
[2024-11-04T14:48:07.832+0000] {logging_mixin.py:190} INFO - Dag name:example_bash_operator queued_at:2024-11-04 14:48:01.204439+00:00
[2024-11-04T14:48:07.833+0000] {logging_mixin.py:190} INFO - Task hostname:3a4fba066ec8 operator:BashOperator
[2024-11-04T14:48:07.881+0000] {local_task_job_runner.py:266} INFO - Task exited with return code 0
[2024-11-04T14:48:07.903+0000] {taskinstance.py:3900} INFO - 1 downstream tasks scheduled from follow-on schedule check
[2024-11-04T14:48:07.907+0000] {local_task_job_runner.py:245} INFO - ::endgroup::
