[2024-11-06T16:25:41.083+0000] {local_task_job_runner.py:123} INFO - ::group::Pre task execution logs
[2024-11-06T16:25:41.523+0000] {taskinstance.py:2612} INFO - Dependencies all met for dep_context=non-requeueable deps ti=<TaskInstance: parent_dag_for_taskgroup.downloads_tg.download_a_tg manual__2024-11-06T16:25:34.571239+00:00 [queued]>
[2024-11-06T16:25:41.648+0000] {taskinstance.py:2612} INFO - Dependencies all met for dep_context=requeueable deps ti=<TaskInstance: parent_dag_for_taskgroup.downloads_tg.download_a_tg manual__2024-11-06T16:25:34.571239+00:00 [queued]>
[2024-11-06T16:25:41.650+0000] {taskinstance.py:2865} INFO - Starting attempt 1 of 1
[2024-11-06T16:25:41.746+0000] {taskinstance.py:2888} INFO - Executing <Task(BashOperator): downloads_tg.download_a_tg> on 2024-11-06 16:25:34.571239+00:00
[2024-11-06T16:25:41.777+0000] {warnings.py:112} WARNING - /home/***/.local/lib/python3.12/site-packages/***/task/task_runner/standard_task_runner.py:70: DeprecationWarning: This process (pid=310) is multi-threaded, use of fork() may lead to deadlocks in the child.
  pid = os.fork()

[2024-11-06T16:25:41.781+0000] {standard_task_runner.py:72} INFO - Started process 321 to run task
[2024-11-06T16:25:41.825+0000] {standard_task_runner.py:104} INFO - Running: ['***', 'tasks', 'run', 'parent_dag_for_taskgroup', 'downloads_tg.download_a_tg', 'manual__2024-11-06T16:25:34.571239+00:00', '--job-id', '119', '--raw', '--subdir', 'DAGS_FOLDER/parent_dag_for_taskgroups.py', '--cfg-path', '/tmp/tmpm7owggon']
[2024-11-06T16:25:41.828+0000] {standard_task_runner.py:105} INFO - Job 119: Subtask downloads_tg.download_a_tg
[2024-11-06T16:25:42.022+0000] {task_command.py:467} INFO - Running <TaskInstance: parent_dag_for_taskgroup.downloads_tg.download_a_tg manual__2024-11-06T16:25:34.571239+00:00 [running]> on host 66acfa37dd15
[2024-11-06T16:25:42.331+0000] {taskinstance.py:3131} INFO - Exporting env vars: AIRFLOW_CTX_DAG_OWNER='***' AIRFLOW_CTX_DAG_ID='parent_dag_for_taskgroup' AIRFLOW_CTX_TASK_ID='downloads_tg.download_a_tg' AIRFLOW_CTX_EXECUTION_DATE='2024-11-06T16:25:34.571239+00:00' AIRFLOW_CTX_TRY_NUMBER='1' AIRFLOW_CTX_DAG_RUN_ID='manual__2024-11-06T16:25:34.571239+00:00'
[2024-11-06T16:25:42.334+0000] {taskinstance.py:731} INFO - ::endgroup::
[2024-11-06T16:25:42.398+0000] {subprocess.py:63} INFO - Tmp dir root location: /tmp
[2024-11-06T16:25:42.402+0000] {subprocess.py:75} INFO - Running command: ['/usr/bin/bash', '-c', 'sleep 10']
[2024-11-06T16:25:42.428+0000] {subprocess.py:86} INFO - Output:
[2024-11-06T16:25:52.436+0000] {subprocess.py:97} INFO - Command exited with return code 0
[2024-11-06T16:25:52.474+0000] {taskinstance.py:340} INFO - ::group::Post task execution logs
[2024-11-06T16:25:52.474+0000] {taskinstance.py:352} INFO - Marking task as SUCCESS. dag_id=parent_dag_for_taskgroup, task_id=downloads_tg.download_a_tg, run_id=manual__2024-11-06T16:25:34.571239+00:00, execution_date=20241106T162534, start_date=20241106T162541, end_date=20241106T162552
[2024-11-06T16:25:52.533+0000] {local_task_job_runner.py:266} INFO - Task exited with return code 0
[2024-11-06T16:25:52.560+0000] {taskinstance.py:3900} INFO - 0 downstream tasks scheduled from follow-on schedule check
[2024-11-06T16:25:52.563+0000] {local_task_job_runner.py:245} INFO - ::endgroup::
