[2024-11-06T16:30:39.106+0000] {local_task_job_runner.py:123} INFO - ::group::Pre task execution logs
[2024-11-06T16:30:39.149+0000] {taskinstance.py:2612} INFO - Dependencies all met for dep_context=non-requeueable deps ti=<TaskInstance: parent_dag_for_subdags.downloads.download_b scheduled__2024-11-05T00:00:00+00:00 [queued]>
[2024-11-06T16:30:39.172+0000] {taskinstance.py:2612} INFO - Dependencies all met for dep_context=requeueable deps ti=<TaskInstance: parent_dag_for_subdags.downloads.download_b scheduled__2024-11-05T00:00:00+00:00 [queued]>
[2024-11-06T16:30:39.173+0000] {taskinstance.py:2865} INFO - Starting attempt 1 of 1
[2024-11-06T16:30:39.196+0000] {taskinstance.py:2888} INFO - Executing <Task(BashOperator): download_b> on 2024-11-05 00:00:00+00:00
[2024-11-06T16:30:39.204+0000] {warnings.py:112} WARNING - /home/***/.local/lib/python3.12/site-packages/***/task/task_runner/standard_task_runner.py:70: DeprecationWarning: This process (pid=438) is multi-threaded, use of fork() may lead to deadlocks in the child.
  pid = os.fork()

[2024-11-06T16:30:39.206+0000] {standard_task_runner.py:104} INFO - Running: ['***', 'tasks', 'run', 'parent_dag_for_subdags.downloads', 'download_b', 'scheduled__2024-11-05T00:00:00+00:00', '--job-id', '136', '--raw', '--subdir', 'DAGS_FOLDER/parent_dag_for_subdags.py', '--cfg-path', '/tmp/tmpuffsqdsd']
[2024-11-06T16:30:39.209+0000] {standard_task_runner.py:72} INFO - Started process 443 to run task
[2024-11-06T16:30:39.209+0000] {standard_task_runner.py:105} INFO - Job 136: Subtask download_b
[2024-11-06T16:30:39.277+0000] {task_command.py:467} INFO - Running <TaskInstance: parent_dag_for_subdags.downloads.download_b scheduled__2024-11-05T00:00:00+00:00 [running]> on host 66acfa37dd15
[2024-11-06T16:30:39.396+0000] {taskinstance.py:3131} INFO - Exporting env vars: AIRFLOW_CTX_DAG_OWNER='***' AIRFLOW_CTX_DAG_ID='parent_dag_for_subdags.downloads' AIRFLOW_CTX_TASK_ID='download_b' AIRFLOW_CTX_EXECUTION_DATE='2024-11-05T00:00:00+00:00' AIRFLOW_CTX_TRY_NUMBER='1' AIRFLOW_CTX_DAG_RUN_ID='scheduled__2024-11-05T00:00:00+00:00'
[2024-11-06T16:30:39.397+0000] {taskinstance.py:731} INFO - ::endgroup::
[2024-11-06T16:30:39.427+0000] {subprocess.py:63} INFO - Tmp dir root location: /tmp
[2024-11-06T16:30:39.430+0000] {subprocess.py:75} INFO - Running command: ['/usr/bin/bash', '-c', 'sleep 10']
[2024-11-06T16:30:39.443+0000] {subprocess.py:86} INFO - Output:
[2024-11-06T16:30:49.446+0000] {subprocess.py:97} INFO - Command exited with return code 0
[2024-11-06T16:30:49.476+0000] {taskinstance.py:340} INFO - ::group::Post task execution logs
[2024-11-06T16:30:49.476+0000] {taskinstance.py:352} INFO - Marking task as SUCCESS. dag_id=parent_dag_for_subdags.downloads, task_id=download_b, run_id=scheduled__2024-11-05T00:00:00+00:00, execution_date=20241105T000000, start_date=20241106T163039, end_date=20241106T163049
[2024-11-06T16:30:49.528+0000] {local_task_job_runner.py:266} INFO - Task exited with return code 0
[2024-11-06T16:30:49.547+0000] {taskinstance.py:3900} INFO - 0 downstream tasks scheduled from follow-on schedule check
[2024-11-06T16:30:49.551+0000] {local_task_job_runner.py:245} INFO - ::endgroup::
