[2024-11-05T14:03:40.658+0000] {local_task_job_runner.py:123} INFO - ::group::Pre task execution logs
[2024-11-05T14:03:40.675+0000] {taskinstance.py:2612} INFO - Dependencies all met for dep_context=non-requeueable deps ti=<TaskInstance: producer.update_dataset manual__2024-11-05T14:03:38.465558+00:00 [queued]>
[2024-11-05T14:03:40.683+0000] {taskinstance.py:2612} INFO - Dependencies all met for dep_context=requeueable deps ti=<TaskInstance: producer.update_dataset manual__2024-11-05T14:03:38.465558+00:00 [queued]>
[2024-11-05T14:03:40.684+0000] {taskinstance.py:2865} INFO - Starting attempt 1 of 1
[2024-11-05T14:03:40.697+0000] {taskinstance.py:2888} INFO - Executing <Task(_PythonDecoratedOperator): update_dataset> on 2024-11-05 14:03:38.465558+00:00
[2024-11-05T14:03:40.704+0000] {warnings.py:112} WARNING - /home/***/.local/lib/python3.12/site-packages/***/task/task_runner/standard_task_runner.py:70: DeprecationWarning: This process (pid=3882) is multi-threaded, use of fork() may lead to deadlocks in the child.
  pid = os.fork()

[2024-11-05T14:03:40.706+0000] {standard_task_runner.py:72} INFO - Started process 3884 to run task
[2024-11-05T14:03:40.706+0000] {standard_task_runner.py:104} INFO - Running: ['***', 'tasks', 'run', 'producer', 'update_dataset', 'manual__2024-11-05T14:03:38.465558+00:00', '--job-id', '56', '--raw', '--subdir', 'DAGS_FOLDER/producer.py', '--cfg-path', '/tmp/tmp2flq1y8_']
[2024-11-05T14:03:40.708+0000] {standard_task_runner.py:105} INFO - Job 56: Subtask update_dataset
[2024-11-05T14:03:40.755+0000] {task_command.py:467} INFO - Running <TaskInstance: producer.update_dataset manual__2024-11-05T14:03:38.465558+00:00 [running]> on host 3a4fba066ec8
[2024-11-05T14:03:40.839+0000] {taskinstance.py:3131} INFO - Exporting env vars: AIRFLOW_CTX_DAG_OWNER='***' AIRFLOW_CTX_DAG_ID='producer' AIRFLOW_CTX_TASK_ID='update_dataset' AIRFLOW_CTX_EXECUTION_DATE='2024-11-05T14:03:38.465558+00:00' AIRFLOW_CTX_TRY_NUMBER='1' AIRFLOW_CTX_DAG_RUN_ID='manual__2024-11-05T14:03:38.465558+00:00'
[2024-11-05T14:03:40.840+0000] {logging_mixin.py:190} INFO - Task instance is in running state
[2024-11-05T14:03:40.841+0000] {logging_mixin.py:190} INFO -  Previous state of the Task instance: queued
[2024-11-05T14:03:40.841+0000] {logging_mixin.py:190} INFO - Current task name:update_dataset state:running start_date:2024-11-05 14:03:40.676595+00:00
[2024-11-05T14:03:40.842+0000] {logging_mixin.py:190} INFO - Dag name:producer and current dag run status:running
[2024-11-05T14:03:40.842+0000] {taskinstance.py:731} INFO - ::endgroup::
[2024-11-05T14:03:40.843+0000] {python.py:240} INFO - Done. Returned value was: None
[2024-11-05T14:03:40.863+0000] {taskinstance.py:340} INFO - ::group::Post task execution logs
[2024-11-05T14:03:40.864+0000] {taskinstance.py:352} INFO - Marking task as SUCCESS. dag_id=producer, task_id=update_dataset, run_id=manual__2024-11-05T14:03:38.465558+00:00, execution_date=20241105T140338, start_date=20241105T140340, end_date=20241105T140340
[2024-11-05T14:03:40.891+0000] {logging_mixin.py:190} INFO - Task instance in success state
[2024-11-05T14:03:40.891+0000] {logging_mixin.py:190} INFO -  Previous state of the Task instance: running
[2024-11-05T14:03:40.892+0000] {logging_mixin.py:190} INFO - Dag name:producer queued_at:2024-11-05 14:03:38.482904+00:00
[2024-11-05T14:03:40.892+0000] {logging_mixin.py:190} INFO - Task hostname:3a4fba066ec8 operator:_PythonDecoratedOperator
[2024-11-05T14:03:40.921+0000] {local_task_job_runner.py:266} INFO - Task exited with return code 0
[2024-11-05T14:03:40.937+0000] {taskinstance.py:3900} INFO - 0 downstream tasks scheduled from follow-on schedule check
[2024-11-05T14:03:40.938+0000] {local_task_job_runner.py:245} INFO - ::endgroup::
