[2024-11-06T08:27:22.470+0000] {local_task_job_runner.py:123} INFO - ::group::Pre task execution logs
[2024-11-06T08:27:22.493+0000] {taskinstance.py:2612} INFO - Dependencies all met for dep_context=non-requeueable deps ti=<TaskInstance: consumer.read_dataset dataset_triggered__2024-11-06T08:27:17.118034+00:00 [queued]>
[2024-11-06T08:27:22.504+0000] {taskinstance.py:2612} INFO - Dependencies all met for dep_context=requeueable deps ti=<TaskInstance: consumer.read_dataset dataset_triggered__2024-11-06T08:27:17.118034+00:00 [queued]>
[2024-11-06T08:27:22.505+0000] {taskinstance.py:2865} INFO - Starting attempt 1 of 1
[2024-11-06T08:27:22.524+0000] {taskinstance.py:2888} INFO - Executing <Task(_PythonDecoratedOperator): read_dataset> on 2024-11-06 08:27:17.118034+00:00
[2024-11-06T08:27:22.536+0000] {warnings.py:112} WARNING - /home/***/.local/lib/python3.12/site-packages/***/task/task_runner/standard_task_runner.py:70: DeprecationWarning: This process (pid=114) is multi-threaded, use of fork() may lead to deadlocks in the child.
  pid = os.fork()

[2024-11-06T08:27:22.541+0000] {standard_task_runner.py:72} INFO - Started process 120 to run task
[2024-11-06T08:27:22.540+0000] {standard_task_runner.py:104} INFO - Running: ['***', 'tasks', 'run', 'consumer', 'read_dataset', 'dataset_triggered__2024-11-06T08:27:17.118034+00:00', '--job-id', '69', '--raw', '--subdir', 'DAGS_FOLDER/consumer.py', '--cfg-path', '/tmp/tmp9gtk4ei9']
[2024-11-06T08:27:22.543+0000] {standard_task_runner.py:105} INFO - Job 69: Subtask read_dataset
[2024-11-06T08:27:22.616+0000] {task_command.py:467} INFO - Running <TaskInstance: consumer.read_dataset dataset_triggered__2024-11-06T08:27:17.118034+00:00 [running]> on host db977aaf14d6
[2024-11-06T08:27:22.755+0000] {taskinstance.py:3131} INFO - Exporting env vars: AIRFLOW_CTX_DAG_OWNER='***' AIRFLOW_CTX_DAG_ID='consumer' AIRFLOW_CTX_TASK_ID='read_dataset' AIRFLOW_CTX_EXECUTION_DATE='2024-11-06T08:27:17.118034+00:00' AIRFLOW_CTX_TRY_NUMBER='1' AIRFLOW_CTX_DAG_RUN_ID='dataset_triggered__2024-11-06T08:27:17.118034+00:00'
[2024-11-06T08:27:22.757+0000] {logging_mixin.py:190} INFO - Task instance is in running state
[2024-11-06T08:27:22.758+0000] {logging_mixin.py:190} INFO -  Previous state of the Task instance: queued
[2024-11-06T08:27:22.758+0000] {logging_mixin.py:190} INFO - Current task name:read_dataset state:running start_date:2024-11-06 08:27:22.494251+00:00
[2024-11-06T08:27:22.759+0000] {logging_mixin.py:190} INFO - Dag name:consumer and current dag run status:running
[2024-11-06T08:27:22.759+0000] {taskinstance.py:731} INFO - ::endgroup::
[2024-11-06T08:27:22.760+0000] {logging_mixin.py:190} INFO - producer_udpate
[2024-11-06T08:27:22.761+0000] {python.py:240} INFO - Done. Returned value was: None
[2024-11-06T08:27:22.777+0000] {taskinstance.py:340} INFO - ::group::Post task execution logs
[2024-11-06T08:27:22.778+0000] {taskinstance.py:352} INFO - Marking task as SUCCESS. dag_id=consumer, task_id=read_dataset, run_id=dataset_triggered__2024-11-06T08:27:17.118034+00:00, execution_date=20241106T082717, start_date=20241106T082722, end_date=20241106T082722
[2024-11-06T08:27:22.791+0000] {logging_mixin.py:190} INFO - Task instance in success state
[2024-11-06T08:27:22.792+0000] {logging_mixin.py:190} INFO -  Previous state of the Task instance: running
[2024-11-06T08:27:22.792+0000] {logging_mixin.py:190} INFO - Dag name:consumer queued_at:2024-11-06 08:27:18.386239+00:00
[2024-11-06T08:27:22.793+0000] {logging_mixin.py:190} INFO - Task hostname:db977aaf14d6 operator:_PythonDecoratedOperator
[2024-11-06T08:27:22.837+0000] {local_task_job_runner.py:266} INFO - Task exited with return code 0
[2024-11-06T08:27:22.850+0000] {local_task_job_runner.py:245} INFO - ::endgroup::
