[2024-11-08T13:24:00.812+0000] {local_task_job_runner.py:123} INFO - ::group::Pre task execution logs
[2024-11-08T13:24:00.832+0000] {taskinstance.py:2612} INFO - Dependencies all met for dep_context=non-requeueable deps ti=<TaskInstance: check_variables.set_variables manual__2024-11-08T13:23:58.802078+00:00 [queued]>
[2024-11-08T13:24:00.842+0000] {taskinstance.py:2612} INFO - Dependencies all met for dep_context=requeueable deps ti=<TaskInstance: check_variables.set_variables manual__2024-11-08T13:23:58.802078+00:00 [queued]>
[2024-11-08T13:24:00.843+0000] {taskinstance.py:2865} INFO - Starting attempt 1 of 1
[2024-11-08T13:24:00.862+0000] {taskinstance.py:2888} INFO - Executing <Task(_PythonDecoratedOperator): set_variables> on 2024-11-08 13:23:58.802078+00:00
[2024-11-08T13:24:00.869+0000] {warnings.py:112} WARNING - /home/***/.local/lib/python3.12/site-packages/***/task/task_runner/standard_task_runner.py:70: DeprecationWarning: This process (pid=564) is multi-threaded, use of fork() may lead to deadlocks in the child.
  pid = os.fork()

[2024-11-08T13:24:00.872+0000] {standard_task_runner.py:72} INFO - Started process 565 to run task
[2024-11-08T13:24:00.871+0000] {standard_task_runner.py:104} INFO - Running: ['***', 'tasks', 'run', 'check_variables', 'set_variables', 'manual__2024-11-08T13:23:58.802078+00:00', '--job-id', '31', '--raw', '--subdir', 'DAGS_FOLDER/check_variables.py', '--cfg-path', '/tmp/tmpsqimlqup']
[2024-11-08T13:24:00.873+0000] {standard_task_runner.py:105} INFO - Job 31: Subtask set_variables
[2024-11-08T13:24:00.931+0000] {task_command.py:467} INFO - Running <TaskInstance: check_variables.set_variables manual__2024-11-08T13:23:58.802078+00:00 [running]> on host ba822abb79dd
[2024-11-08T13:24:01.060+0000] {taskinstance.py:3131} INFO - Exporting env vars: AIRFLOW_CTX_DAG_OWNER='***' AIRFLOW_CTX_DAG_ID='check_variables' AIRFLOW_CTX_TASK_ID='set_variables' AIRFLOW_CTX_EXECUTION_DATE='2024-11-08T13:23:58.802078+00:00' AIRFLOW_CTX_TRY_NUMBER='1' AIRFLOW_CTX_DAG_RUN_ID='manual__2024-11-08T13:23:58.802078+00:00'
[2024-11-08T13:24:01.062+0000] {taskinstance.py:731} INFO - ::endgroup::
[2024-11-08T13:24:01.074+0000] {crypto.py:82} WARNING - empty cryptography key - values will not be stored encrypted.
[2024-11-08T13:24:01.095+0000] {python.py:240} INFO - Done. Returned value was: None
[2024-11-08T13:24:01.107+0000] {taskinstance.py:340} INFO - ::group::Post task execution logs
[2024-11-08T13:24:01.108+0000] {taskinstance.py:352} INFO - Marking task as SUCCESS. dag_id=check_variables, task_id=set_variables, run_id=manual__2024-11-08T13:23:58.802078+00:00, execution_date=20241108T132358, start_date=20241108T132400, end_date=20241108T132401
[2024-11-08T13:24:01.170+0000] {local_task_job_runner.py:266} INFO - Task exited with return code 0
[2024-11-08T13:24:01.199+0000] {taskinstance.py:3900} INFO - 1 downstream tasks scheduled from follow-on schedule check
[2024-11-08T13:24:01.203+0000] {local_task_job_runner.py:245} INFO - ::endgroup::
