[2024-11-05T09:01:04.775+0000] {local_task_job_runner.py:123} INFO - ::group::Pre task execution logs
[2024-11-05T09:01:04.795+0000] {taskinstance.py:2612} INFO - Dependencies all met for dep_context=non-requeueable deps ti=<TaskInstance: example_bash_operator.run_after_loop scheduled__2024-11-04T00:00:00+00:00 [queued]>
[2024-11-05T09:01:04.806+0000] {taskinstance.py:2612} INFO - Dependencies all met for dep_context=requeueable deps ti=<TaskInstance: example_bash_operator.run_after_loop scheduled__2024-11-04T00:00:00+00:00 [queued]>
[2024-11-05T09:01:04.807+0000] {taskinstance.py:2865} INFO - Starting attempt 1 of 1
[2024-11-05T09:01:04.824+0000] {taskinstance.py:2888} INFO - Executing <Task(BashOperator): run_after_loop> on 2024-11-04 00:00:00+00:00
[2024-11-05T09:01:04.836+0000] {warnings.py:112} WARNING - /home/***/.local/lib/python3.12/site-packages/***/task/task_runner/standard_task_runner.py:70: DeprecationWarning: This process (pid=92) is multi-threaded, use of fork() may lead to deadlocks in the child.
  pid = os.fork()

[2024-11-05T09:01:04.838+0000] {standard_task_runner.py:72} INFO - Started process 94 to run task
[2024-11-05T09:01:04.839+0000] {standard_task_runner.py:104} INFO - Running: ['***', 'tasks', 'run', 'example_bash_operator', 'run_after_loop', 'scheduled__2024-11-04T00:00:00+00:00', '--job-id', '30', '--raw', '--subdir', '/home/***/.local/lib/python3.12/site-packages/***/example_dags/example_bash_operator.py', '--cfg-path', '/tmp/tmpkqnnygjp']
[2024-11-05T09:01:04.841+0000] {standard_task_runner.py:105} INFO - Job 30: Subtask run_after_loop
[2024-11-05T09:01:04.909+0000] {task_command.py:467} INFO - Running <TaskInstance: example_bash_operator.run_after_loop scheduled__2024-11-04T00:00:00+00:00 [running]> on host 3a4fba066ec8
[2024-11-05T09:01:05.014+0000] {taskinstance.py:3131} INFO - Exporting env vars: AIRFLOW_CTX_DAG_OWNER='***' AIRFLOW_CTX_DAG_ID='example_bash_operator' AIRFLOW_CTX_TASK_ID='run_after_loop' AIRFLOW_CTX_EXECUTION_DATE='2024-11-04T00:00:00+00:00' AIRFLOW_CTX_TRY_NUMBER='1' AIRFLOW_CTX_DAG_RUN_ID='scheduled__2024-11-04T00:00:00+00:00'
[2024-11-05T09:01:05.018+0000] {logging_mixin.py:190} INFO - Task instance is in running state
[2024-11-05T09:01:05.019+0000] {logging_mixin.py:190} INFO -  Previous state of the Task instance: queued
[2024-11-05T09:01:05.020+0000] {logging_mixin.py:190} INFO - Current task name:run_after_loop state:running start_date:2024-11-05 09:01:04.796305+00:00
[2024-11-05T09:01:05.022+0000] {logging_mixin.py:190} INFO - Dag name:example_bash_operator and current dag run status:running
[2024-11-05T09:01:05.024+0000] {taskinstance.py:731} INFO - ::endgroup::
[2024-11-05T09:01:05.025+0000] {subprocess.py:63} INFO - Tmp dir root location: /tmp
[2024-11-05T09:01:05.028+0000] {subprocess.py:75} INFO - Running command: ['/usr/bin/bash', '-c', 'echo https://***.apache.org/']
[2024-11-05T09:01:05.056+0000] {subprocess.py:86} INFO - Output:
[2024-11-05T09:01:05.059+0000] {subprocess.py:93} INFO - https://***.apache.org/
[2024-11-05T09:01:05.061+0000] {subprocess.py:97} INFO - Command exited with return code 0
[2024-11-05T09:01:05.108+0000] {taskinstance.py:340} INFO - ::group::Post task execution logs
[2024-11-05T09:01:05.109+0000] {taskinstance.py:352} INFO - Marking task as SUCCESS. dag_id=example_bash_operator, task_id=run_after_loop, run_id=scheduled__2024-11-04T00:00:00+00:00, execution_date=20241104T000000, start_date=20241105T090104, end_date=20241105T090105
[2024-11-05T09:01:05.138+0000] {logging_mixin.py:190} INFO - Task instance in success state
[2024-11-05T09:01:05.138+0000] {logging_mixin.py:190} INFO -  Previous state of the Task instance: running
[2024-11-05T09:01:05.139+0000] {logging_mixin.py:190} INFO - Dag name:example_bash_operator queued_at:2024-11-05 09:00:47.055297+00:00
[2024-11-05T09:01:05.140+0000] {logging_mixin.py:190} INFO - Task hostname:3a4fba066ec8 operator:BashOperator
[2024-11-05T09:01:05.174+0000] {local_task_job_runner.py:266} INFO - Task exited with return code 0
[2024-11-05T09:01:05.197+0000] {taskinstance.py:3900} INFO - 0 downstream tasks scheduled from follow-on schedule check
[2024-11-05T09:01:05.199+0000] {local_task_job_runner.py:245} INFO - ::endgroup::
