[2024-11-06T16:31:48.723+0000] {local_task_job_runner.py:123} INFO - ::group::Pre task execution logs
[2024-11-06T16:31:48.750+0000] {taskinstance.py:2612} INFO - Dependencies all met for dep_context=non-requeueable deps ti=<TaskInstance: parent_dag_for_subdags.transforms manual__2024-11-06T16:30:34.237675+00:00 [queued]>
[2024-11-06T16:31:48.767+0000] {taskinstance.py:2612} INFO - Dependencies all met for dep_context=requeueable deps ti=<TaskInstance: parent_dag_for_subdags.transforms manual__2024-11-06T16:30:34.237675+00:00 [queued]>
[2024-11-06T16:31:48.768+0000] {taskinstance.py:2865} INFO - Starting attempt 1 of 1
[2024-11-06T16:31:48.796+0000] {taskinstance.py:2888} INFO - Executing <Task(SubDagOperator): transforms> on 2024-11-06 16:30:34.237675+00:00
[2024-11-06T16:31:48.807+0000] {warnings.py:112} WARNING - /home/***/.local/lib/python3.12/site-packages/***/task/task_runner/standard_task_runner.py:70: DeprecationWarning: This process (pid=471) is multi-threaded, use of fork() may lead to deadlocks in the child.
  pid = os.fork()

[2024-11-06T16:31:48.810+0000] {standard_task_runner.py:72} INFO - Started process 480 to run task
[2024-11-06T16:31:48.810+0000] {standard_task_runner.py:104} INFO - Running: ['***', 'tasks', 'run', 'parent_dag_for_subdags', 'transforms', 'manual__2024-11-06T16:30:34.237675+00:00', '--job-id', '140', '--raw', '--subdir', 'DAGS_FOLDER/parent_dag_for_subdags.py', '--cfg-path', '/tmp/tmp8sm4d_h9']
[2024-11-06T16:31:48.812+0000] {standard_task_runner.py:105} INFO - Job 140: Subtask transforms
[2024-11-06T16:31:48.869+0000] {task_command.py:467} INFO - Running <TaskInstance: parent_dag_for_subdags.transforms manual__2024-11-06T16:30:34.237675+00:00 [running]> on host 66acfa37dd15
[2024-11-06T16:31:48.963+0000] {taskinstance.py:3131} INFO - Exporting env vars: AIRFLOW_CTX_DAG_OWNER='***' AIRFLOW_CTX_DAG_ID='parent_dag_for_subdags' AIRFLOW_CTX_TASK_ID='transforms' AIRFLOW_CTX_EXECUTION_DATE='2024-11-06T16:30:34.237675+00:00' AIRFLOW_CTX_TRY_NUMBER='1' AIRFLOW_CTX_DAG_RUN_ID='manual__2024-11-06T16:30:34.237675+00:00'
[2024-11-06T16:31:48.965+0000] {warnings.py:112} WARNING - /home/***/.local/lib/python3.12/site-packages/***/operators/subdag.py:167: AirflowContextDeprecationWarning: Accessing 'execution_date' from the template is deprecated and will be removed in a future version. Please use 'data_interval_start' or 'logical_date' instead.
  execution_date = context["execution_date"]

[2024-11-06T16:31:49.014+0000] {subdag.py:183} INFO - Created DagRun: scheduled__2024-11-06T16:30:34.237675+00:00
[2024-11-06T16:31:49.014+0000] {taskinstance.py:731} INFO - ::endgroup::
[2024-11-06T16:31:49.034+0000] {warnings.py:112} WARNING - /home/***/.local/lib/python3.12/site-packages/***/operators/subdag.py:190: AirflowContextDeprecationWarning: Accessing 'execution_date' from the template is deprecated and will be removed in a future version. Please use 'data_interval_start' or 'logical_date' instead.
  execution_date = context["execution_date"]

[2024-11-06T16:32:49.045+0000] {base.py:336} INFO - Success criteria met. Exiting.
[2024-11-06T16:32:49.046+0000] {warnings.py:112} WARNING - /home/***/.local/lib/python3.12/site-packages/***/operators/subdag.py:196: AirflowContextDeprecationWarning: Accessing 'execution_date' from the template is deprecated and will be removed in a future version. Please use 'data_interval_start' or 'logical_date' instead.
  execution_date = context["execution_date"]

[2024-11-06T16:32:49.053+0000] {subdag.py:198} INFO - Execution finished. State is success
[2024-11-06T16:32:49.063+0000] {taskinstance.py:340} INFO - ::group::Post task execution logs
[2024-11-06T16:32:49.064+0000] {taskinstance.py:352} INFO - Marking task as SUCCESS. dag_id=parent_dag_for_subdags, task_id=transforms, run_id=manual__2024-11-06T16:30:34.237675+00:00, execution_date=20241106T163034, start_date=20241106T163148, end_date=20241106T163249
[2024-11-06T16:32:49.112+0000] {local_task_job_runner.py:266} INFO - Task exited with return code 0
[2024-11-06T16:32:49.129+0000] {taskinstance.py:3900} INFO - 0 downstream tasks scheduled from follow-on schedule check
[2024-11-06T16:32:49.133+0000] {local_task_job_runner.py:245} INFO - ::endgroup::
