[2024-11-06T10:50:26.391+0000] {local_task_job_runner.py:123} INFO - ::group::Pre task execution logs
[2024-11-06T10:50:26.411+0000] {taskinstance.py:2612} INFO - Dependencies all met for dep_context=non-requeueable deps ti=<TaskInstance: user_processing.is_api_available manual__2024-11-06T10:50:20.501686+00:00 [queued]>
[2024-11-06T10:50:26.423+0000] {taskinstance.py:2612} INFO - Dependencies all met for dep_context=requeueable deps ti=<TaskInstance: user_processing.is_api_available manual__2024-11-06T10:50:20.501686+00:00 [queued]>
[2024-11-06T10:50:26.424+0000] {taskinstance.py:2865} INFO - Starting attempt 1 of 1
[2024-11-06T10:50:26.440+0000] {taskinstance.py:2888} INFO - Executing <Task(HttpSensor): is_api_available> on 2024-11-06 10:50:20.501686+00:00
[2024-11-06T10:50:26.448+0000] {warnings.py:112} WARNING - /home/***/.local/lib/python3.12/site-packages/***/task/task_runner/standard_task_runner.py:70: DeprecationWarning: This process (pid=86) is multi-threaded, use of fork() may lead to deadlocks in the child.
  pid = os.fork()

[2024-11-06T10:50:26.451+0000] {standard_task_runner.py:72} INFO - Started process 88 to run task
[2024-11-06T10:50:26.450+0000] {standard_task_runner.py:104} INFO - Running: ['***', 'tasks', 'run', 'user_processing', 'is_api_available', 'manual__2024-11-06T10:50:20.501686+00:00', '--job-id', '81', '--raw', '--subdir', 'DAGS_FOLDER/user-processing.py', '--cfg-path', '/tmp/tmpg0qhcg0e']
[2024-11-06T10:50:26.454+0000] {standard_task_runner.py:105} INFO - Job 81: Subtask is_api_available
[2024-11-06T10:50:26.694+0000] {task_command.py:467} INFO - Running <TaskInstance: user_processing.is_api_available manual__2024-11-06T10:50:20.501686+00:00 [running]> on host a664c8dd9839
[2024-11-06T10:50:26.787+0000] {taskinstance.py:3131} INFO - Exporting env vars: AIRFLOW_CTX_DAG_OWNER='***' AIRFLOW_CTX_DAG_ID='user_processing' AIRFLOW_CTX_TASK_ID='is_api_available' AIRFLOW_CTX_EXECUTION_DATE='2024-11-06T10:50:20.501686+00:00' AIRFLOW_CTX_TRY_NUMBER='1' AIRFLOW_CTX_DAG_RUN_ID='manual__2024-11-06T10:50:20.501686+00:00'
[2024-11-06T10:50:26.788+0000] {taskinstance.py:731} INFO - ::endgroup::
[2024-11-06T10:50:26.803+0000] {baseoperator.py:405} WARNING - HttpSensor.execute cannot be called outside TaskInstance!
[2024-11-06T10:50:26.804+0000] {http.py:137} INFO - Poking: api/
[2024-11-06T10:50:26.813+0000] {base.py:84} INFO - Retrieving connection 'user_api'
[2024-11-06T10:50:27.576+0000] {base.py:336} INFO - Success criteria met. Exiting.
[2024-11-06T10:50:27.591+0000] {taskinstance.py:340} INFO - ::group::Post task execution logs
[2024-11-06T10:50:27.592+0000] {taskinstance.py:352} INFO - Marking task as SUCCESS. dag_id=user_processing, task_id=is_api_available, run_id=manual__2024-11-06T10:50:20.501686+00:00, execution_date=20241106T105020, start_date=20241106T105026, end_date=20241106T105027
[2024-11-06T10:50:27.629+0000] {local_task_job_runner.py:266} INFO - Task exited with return code 0
[2024-11-06T10:50:27.641+0000] {warnings.py:112} WARNING - /home/***/.local/lib/python3.12/site-packages/***/models/baseoperator.py:1378: AirflowProviderDeprecationWarning: Call to deprecated class SimpleHttpOperator. (Class `SimpleHttpOperator` is deprecated and will be removed in a future release. Please use `HttpOperator` instead.)
  result = cls.__new__(cls)

[2024-11-06T10:50:27.855+0000] {taskinstance.py:3900} INFO - 1 downstream tasks scheduled from follow-on schedule check
[2024-11-06T10:50:27.858+0000] {local_task_job_runner.py:245} INFO - ::endgroup::
