[2024-11-06T08:27:15.174+0000] {local_task_job_runner.py:123} INFO - ::group::Pre task execution logs
[2024-11-06T08:27:15.377+0000] {taskinstance.py:2612} INFO - Dependencies all met for dep_context=non-requeueable deps ti=<TaskInstance: example_bash_operator.runme_0 scheduled__2024-11-05T00:00:00+00:00 [queued]>
[2024-11-06T08:27:15.446+0000] {taskinstance.py:2612} INFO - Dependencies all met for dep_context=requeueable deps ti=<TaskInstance: example_bash_operator.runme_0 scheduled__2024-11-05T00:00:00+00:00 [queued]>
[2024-11-06T08:27:15.451+0000] {taskinstance.py:2865} INFO - Starting attempt 1 of 1
[2024-11-06T08:27:15.653+0000] {taskinstance.py:2888} INFO - Executing <Task(BashOperator): runme_0> on 2024-11-05 00:00:00+00:00
[2024-11-06T08:27:15.711+0000] {warnings.py:112} WARNING - /home/***/.local/lib/python3.12/site-packages/***/task/task_runner/standard_task_runner.py:70: DeprecationWarning: This process (pid=77) is multi-threaded, use of fork() may lead to deadlocks in the child.
  pid = os.fork()

[2024-11-06T08:27:15.718+0000] {standard_task_runner.py:104} INFO - Running: ['***', 'tasks', 'run', 'example_bash_operator', 'runme_0', 'scheduled__2024-11-05T00:00:00+00:00', '--job-id', '64', '--raw', '--subdir', '/home/***/.local/lib/python3.12/site-packages/***/example_dags/example_bash_operator.py', '--cfg-path', '/tmp/tmpwgwt4btr']
[2024-11-06T08:27:15.733+0000] {standard_task_runner.py:72} INFO - Started process 94 to run task
[2024-11-06T08:27:15.734+0000] {standard_task_runner.py:105} INFO - Job 64: Subtask runme_0
[2024-11-06T08:27:16.189+0000] {task_command.py:467} INFO - Running <TaskInstance: example_bash_operator.runme_0 scheduled__2024-11-05T00:00:00+00:00 [running]> on host db977aaf14d6
[2024-11-06T08:27:16.618+0000] {taskinstance.py:3131} INFO - Exporting env vars: AIRFLOW_CTX_DAG_OWNER='***' AIRFLOW_CTX_DAG_ID='example_bash_operator' AIRFLOW_CTX_TASK_ID='runme_0' AIRFLOW_CTX_EXECUTION_DATE='2024-11-05T00:00:00+00:00' AIRFLOW_CTX_TRY_NUMBER='1' AIRFLOW_CTX_DAG_RUN_ID='scheduled__2024-11-05T00:00:00+00:00'
[2024-11-06T08:27:16.620+0000] {logging_mixin.py:190} INFO - Task instance is in running state
[2024-11-06T08:27:16.621+0000] {logging_mixin.py:190} INFO -  Previous state of the Task instance: queued
[2024-11-06T08:27:16.623+0000] {logging_mixin.py:190} INFO - Current task name:runme_0 state:running start_date:2024-11-06 08:27:15.388563+00:00
[2024-11-06T08:27:16.627+0000] {logging_mixin.py:190} INFO - Dag name:example_bash_operator and current dag run status:running
[2024-11-06T08:27:16.641+0000] {taskinstance.py:731} INFO - ::endgroup::
[2024-11-06T08:27:16.644+0000] {subprocess.py:63} INFO - Tmp dir root location: /tmp
[2024-11-06T08:27:16.650+0000] {subprocess.py:75} INFO - Running command: ['/usr/bin/bash', '-c', 'echo "example_bash_operator__runme_0__20241105" && sleep 1']
[2024-11-06T08:27:16.720+0000] {subprocess.py:86} INFO - Output:
[2024-11-06T08:27:16.723+0000] {subprocess.py:93} INFO - example_bash_operator__runme_0__20241105
[2024-11-06T08:27:17.731+0000] {subprocess.py:97} INFO - Command exited with return code 0
[2024-11-06T08:27:17.834+0000] {taskinstance.py:340} INFO - ::group::Post task execution logs
[2024-11-06T08:27:17.835+0000] {taskinstance.py:352} INFO - Marking task as SUCCESS. dag_id=example_bash_operator, task_id=runme_0, run_id=scheduled__2024-11-05T00:00:00+00:00, execution_date=20241105T000000, start_date=20241106T082715, end_date=20241106T082717
[2024-11-06T08:27:17.881+0000] {logging_mixin.py:190} INFO - Task instance in success state
[2024-11-06T08:27:17.883+0000] {logging_mixin.py:190} INFO -  Previous state of the Task instance: running
[2024-11-06T08:27:17.883+0000] {logging_mixin.py:190} INFO - Dag name:example_bash_operator queued_at:2024-11-06 08:26:56.947910+00:00
[2024-11-06T08:27:17.886+0000] {logging_mixin.py:190} INFO - Task hostname:db977aaf14d6 operator:BashOperator
[2024-11-06T08:27:17.928+0000] {local_task_job_runner.py:266} INFO - Task exited with return code 0
[2024-11-06T08:27:17.951+0000] {local_task_job_runner.py:245} INFO - ::endgroup::
