[2024-11-06T16:25:40.995+0000] {local_task_job_runner.py:123} INFO - ::group::Pre task execution logs
[2024-11-06T16:25:41.166+0000] {taskinstance.py:2612} INFO - Dependencies all met for dep_context=non-requeueable deps ti=<TaskInstance: parent_dag_for_taskgroup.downloads_tg.download_c_tg scheduled__2024-11-05T00:00:00+00:00 [queued]>
[2024-11-06T16:25:41.464+0000] {taskinstance.py:2612} INFO - Dependencies all met for dep_context=requeueable deps ti=<TaskInstance: parent_dag_for_taskgroup.downloads_tg.download_c_tg scheduled__2024-11-05T00:00:00+00:00 [queued]>
[2024-11-06T16:25:41.473+0000] {taskinstance.py:2865} INFO - Starting attempt 1 of 1
[2024-11-06T16:25:41.578+0000] {taskinstance.py:2888} INFO - Executing <Task(BashOperator): downloads_tg.download_c_tg> on 2024-11-05 00:00:00+00:00
[2024-11-06T16:25:41.595+0000] {warnings.py:112} WARNING - /home/***/.local/lib/python3.12/site-packages/***/task/task_runner/standard_task_runner.py:70: DeprecationWarning: This process (pid=311) is multi-threaded, use of fork() may lead to deadlocks in the child.
  pid = os.fork()

[2024-11-06T16:25:41.599+0000] {standard_task_runner.py:104} INFO - Running: ['***', 'tasks', 'run', 'parent_dag_for_taskgroup', 'downloads_tg.download_c_tg', 'scheduled__2024-11-05T00:00:00+00:00', '--job-id', '118', '--raw', '--subdir', 'DAGS_FOLDER/parent_dag_for_taskgroups.py', '--cfg-path', '/tmp/tmp2ggiym1d']
[2024-11-06T16:25:41.607+0000] {standard_task_runner.py:72} INFO - Started process 319 to run task
[2024-11-06T16:25:41.608+0000] {standard_task_runner.py:105} INFO - Job 118: Subtask downloads_tg.download_c_tg
[2024-11-06T16:25:41.818+0000] {task_command.py:467} INFO - Running <TaskInstance: parent_dag_for_taskgroup.downloads_tg.download_c_tg scheduled__2024-11-05T00:00:00+00:00 [running]> on host 66acfa37dd15
[2024-11-06T16:25:42.201+0000] {taskinstance.py:3131} INFO - Exporting env vars: AIRFLOW_CTX_DAG_OWNER='***' AIRFLOW_CTX_DAG_ID='parent_dag_for_taskgroup' AIRFLOW_CTX_TASK_ID='downloads_tg.download_c_tg' AIRFLOW_CTX_EXECUTION_DATE='2024-11-05T00:00:00+00:00' AIRFLOW_CTX_TRY_NUMBER='1' AIRFLOW_CTX_DAG_RUN_ID='scheduled__2024-11-05T00:00:00+00:00'
[2024-11-06T16:25:42.204+0000] {taskinstance.py:731} INFO - ::endgroup::
[2024-11-06T16:25:42.295+0000] {subprocess.py:63} INFO - Tmp dir root location: /tmp
[2024-11-06T16:25:42.301+0000] {subprocess.py:75} INFO - Running command: ['/usr/bin/bash', '-c', 'sleep 10']
[2024-11-06T16:25:42.329+0000] {subprocess.py:86} INFO - Output:
[2024-11-06T16:25:52.336+0000] {subprocess.py:97} INFO - Command exited with return code 0
[2024-11-06T16:25:52.369+0000] {taskinstance.py:340} INFO - ::group::Post task execution logs
[2024-11-06T16:25:52.370+0000] {taskinstance.py:352} INFO - Marking task as SUCCESS. dag_id=parent_dag_for_taskgroup, task_id=downloads_tg.download_c_tg, run_id=scheduled__2024-11-05T00:00:00+00:00, execution_date=20241105T000000, start_date=20241106T162541, end_date=20241106T162552
[2024-11-06T16:25:52.425+0000] {local_task_job_runner.py:266} INFO - Task exited with return code 0
[2024-11-06T16:25:52.460+0000] {taskinstance.py:3900} INFO - 0 downstream tasks scheduled from follow-on schedule check
[2024-11-06T16:25:52.465+0000] {local_task_job_runner.py:245} INFO - ::endgroup::
