[2024-11-05T09:11:33.817+0000] {local_task_job_runner.py:123} INFO - ::group::Pre task execution logs
[2024-11-05T09:11:33.834+0000] {taskinstance.py:2612} INFO - Dependencies all met for dep_context=non-requeueable deps ti=<TaskInstance: user_processing.process_user manual__2024-11-05T09:11:22.732475+00:00 [queued]>
[2024-11-05T09:11:33.842+0000] {taskinstance.py:2612} INFO - Dependencies all met for dep_context=requeueable deps ti=<TaskInstance: user_processing.process_user manual__2024-11-05T09:11:22.732475+00:00 [queued]>
[2024-11-05T09:11:33.844+0000] {taskinstance.py:2865} INFO - Starting attempt 1 of 1
[2024-11-05T09:11:33.860+0000] {taskinstance.py:2888} INFO - Executing <Task(PythonOperator): process_user> on 2024-11-05 09:11:22.732475+00:00
[2024-11-05T09:11:33.867+0000] {warnings.py:112} WARNING - /home/***/.local/lib/python3.12/site-packages/***/task/task_runner/standard_task_runner.py:70: DeprecationWarning: This process (pid=299) is multi-threaded, use of fork() may lead to deadlocks in the child.
  pid = os.fork()

[2024-11-05T09:11:33.869+0000] {standard_task_runner.py:72} INFO - Started process 301 to run task
[2024-11-05T09:11:33.870+0000] {standard_task_runner.py:104} INFO - Running: ['***', 'tasks', 'run', 'user_processing', 'process_user', 'manual__2024-11-05T09:11:22.732475+00:00', '--job-id', '48', '--raw', '--subdir', 'DAGS_FOLDER/user-processing.py', '--cfg-path', '/tmp/tmphgkkkv7m']
[2024-11-05T09:11:33.871+0000] {standard_task_runner.py:105} INFO - Job 48: Subtask process_user
[2024-11-05T09:11:33.920+0000] {task_command.py:467} INFO - Running <TaskInstance: user_processing.process_user manual__2024-11-05T09:11:22.732475+00:00 [running]> on host 3a4fba066ec8
[2024-11-05T09:11:34.004+0000] {taskinstance.py:3131} INFO - Exporting env vars: AIRFLOW_CTX_DAG_OWNER='***' AIRFLOW_CTX_DAG_ID='user_processing' AIRFLOW_CTX_TASK_ID='process_user' AIRFLOW_CTX_EXECUTION_DATE='2024-11-05T09:11:22.732475+00:00' AIRFLOW_CTX_TRY_NUMBER='1' AIRFLOW_CTX_DAG_RUN_ID='manual__2024-11-05T09:11:22.732475+00:00'
[2024-11-05T09:11:34.006+0000] {logging_mixin.py:190} INFO - Task instance is in running state
[2024-11-05T09:11:34.006+0000] {logging_mixin.py:190} INFO -  Previous state of the Task instance: queued
[2024-11-05T09:11:34.006+0000] {logging_mixin.py:190} INFO - Current task name:process_user state:running start_date:2024-11-05 09:11:33.835373+00:00
[2024-11-05T09:11:34.007+0000] {logging_mixin.py:190} INFO - Dag name:user_processing and current dag run status:running
[2024-11-05T09:11:34.007+0000] {taskinstance.py:731} INFO - ::endgroup::
[2024-11-05T09:11:34.017+0000] {logging_mixin.py:190} INFO - <class 'dict'>
[2024-11-05T09:11:34.025+0000] {python.py:240} INFO - Done. Returned value was: None
[2024-11-05T09:11:34.034+0000] {taskinstance.py:340} INFO - ::group::Post task execution logs
[2024-11-05T09:11:34.035+0000] {taskinstance.py:352} INFO - Marking task as SUCCESS. dag_id=user_processing, task_id=process_user, run_id=manual__2024-11-05T09:11:22.732475+00:00, execution_date=20241105T091122, start_date=20241105T091133, end_date=20241105T091134
[2024-11-05T09:11:34.045+0000] {logging_mixin.py:190} INFO - Task instance in success state
[2024-11-05T09:11:34.045+0000] {logging_mixin.py:190} INFO -  Previous state of the Task instance: running
[2024-11-05T09:11:34.046+0000] {logging_mixin.py:190} INFO - Dag name:user_processing queued_at:2024-11-05 09:11:22.751012+00:00
[2024-11-05T09:11:34.046+0000] {logging_mixin.py:190} INFO - Task hostname:3a4fba066ec8 operator:PythonOperator
[2024-11-05T09:11:34.084+0000] {local_task_job_runner.py:266} INFO - Task exited with return code 0
[2024-11-05T09:11:34.104+0000] {taskinstance.py:3900} INFO - 1 downstream tasks scheduled from follow-on schedule check
[2024-11-05T09:11:34.108+0000] {local_task_job_runner.py:245} INFO - ::endgroup::
