[2024-11-06T16:31:37.756+0000] {local_task_job_runner.py:123} INFO - ::group::Pre task execution logs
[2024-11-06T16:31:37.784+0000] {taskinstance.py:2612} INFO - Dependencies all met for dep_context=non-requeueable deps ti=<TaskInstance: parent_dag_for_subdags.check_files manual__2024-11-06T16:30:34.237675+00:00 [queued]>
[2024-11-06T16:31:37.797+0000] {taskinstance.py:2612} INFO - Dependencies all met for dep_context=requeueable deps ti=<TaskInstance: parent_dag_for_subdags.check_files manual__2024-11-06T16:30:34.237675+00:00 [queued]>
[2024-11-06T16:31:37.798+0000] {taskinstance.py:2865} INFO - Starting attempt 1 of 1
[2024-11-06T16:31:37.817+0000] {taskinstance.py:2888} INFO - Executing <Task(BashOperator): check_files> on 2024-11-06 16:30:34.237675+00:00
[2024-11-06T16:31:37.823+0000] {warnings.py:112} WARNING - /home/***/.local/lib/python3.12/site-packages/***/task/task_runner/standard_task_runner.py:70: DeprecationWarning: This process (pid=464) is multi-threaded, use of fork() may lead to deadlocks in the child.
  pid = os.fork()

[2024-11-06T16:31:37.825+0000] {standard_task_runner.py:72} INFO - Started process 465 to run task
[2024-11-06T16:31:37.825+0000] {standard_task_runner.py:104} INFO - Running: ['***', 'tasks', 'run', 'parent_dag_for_subdags', 'check_files', 'manual__2024-11-06T16:30:34.237675+00:00', '--job-id', '138', '--raw', '--subdir', 'DAGS_FOLDER/parent_dag_for_subdags.py', '--cfg-path', '/tmp/tmp0_c6kah3']
[2024-11-06T16:31:37.827+0000] {standard_task_runner.py:105} INFO - Job 138: Subtask check_files
[2024-11-06T16:31:37.881+0000] {task_command.py:467} INFO - Running <TaskInstance: parent_dag_for_subdags.check_files manual__2024-11-06T16:30:34.237675+00:00 [running]> on host 66acfa37dd15
[2024-11-06T16:31:37.973+0000] {taskinstance.py:3131} INFO - Exporting env vars: AIRFLOW_CTX_DAG_OWNER='***' AIRFLOW_CTX_DAG_ID='parent_dag_for_subdags' AIRFLOW_CTX_TASK_ID='check_files' AIRFLOW_CTX_EXECUTION_DATE='2024-11-06T16:30:34.237675+00:00' AIRFLOW_CTX_TRY_NUMBER='1' AIRFLOW_CTX_DAG_RUN_ID='manual__2024-11-06T16:30:34.237675+00:00'
[2024-11-06T16:31:37.974+0000] {taskinstance.py:731} INFO - ::endgroup::
[2024-11-06T16:31:37.995+0000] {subprocess.py:63} INFO - Tmp dir root location: /tmp
[2024-11-06T16:31:37.998+0000] {subprocess.py:75} INFO - Running command: ['/usr/bin/bash', '-c', 'sleep 10']
[2024-11-06T16:31:38.010+0000] {subprocess.py:86} INFO - Output:
[2024-11-06T16:31:48.013+0000] {subprocess.py:97} INFO - Command exited with return code 0
[2024-11-06T16:31:48.045+0000] {taskinstance.py:340} INFO - ::group::Post task execution logs
[2024-11-06T16:31:48.046+0000] {taskinstance.py:352} INFO - Marking task as SUCCESS. dag_id=parent_dag_for_subdags, task_id=check_files, run_id=manual__2024-11-06T16:30:34.237675+00:00, execution_date=20241106T163034, start_date=20241106T163137, end_date=20241106T163148
[2024-11-06T16:31:48.115+0000] {local_task_job_runner.py:266} INFO - Task exited with return code 0
[2024-11-06T16:31:48.143+0000] {taskinstance.py:3900} INFO - 0 downstream tasks scheduled from follow-on schedule check
[2024-11-06T16:31:48.147+0000] {local_task_job_runner.py:245} INFO - ::endgroup::
