[2024-11-06T08:27:23.146+0000] {local_task_job_runner.py:123} INFO - ::group::Pre task execution logs
[2024-11-06T08:27:23.166+0000] {taskinstance.py:2612} INFO - Dependencies all met for dep_context=non-requeueable deps ti=<TaskInstance: example_bash_operator.run_after_loop scheduled__2024-11-05T00:00:00+00:00 [queued]>
[2024-11-06T08:27:23.178+0000] {taskinstance.py:2612} INFO - Dependencies all met for dep_context=requeueable deps ti=<TaskInstance: example_bash_operator.run_after_loop scheduled__2024-11-05T00:00:00+00:00 [queued]>
[2024-11-06T08:27:23.179+0000] {taskinstance.py:2865} INFO - Starting attempt 1 of 1
[2024-11-06T08:27:23.199+0000] {taskinstance.py:2888} INFO - Executing <Task(BashOperator): run_after_loop> on 2024-11-05 00:00:00+00:00
[2024-11-06T08:27:23.209+0000] {warnings.py:112} WARNING - /home/***/.local/lib/python3.12/site-packages/***/task/task_runner/standard_task_runner.py:70: DeprecationWarning: This process (pid=115) is multi-threaded, use of fork() may lead to deadlocks in the child.
  pid = os.fork()

[2024-11-06T08:27:23.211+0000] {standard_task_runner.py:72} INFO - Started process 122 to run task
[2024-11-06T08:27:23.213+0000] {standard_task_runner.py:104} INFO - Running: ['***', 'tasks', 'run', 'example_bash_operator', 'run_after_loop', 'scheduled__2024-11-05T00:00:00+00:00', '--job-id', '70', '--raw', '--subdir', '/home/***/.local/lib/python3.12/site-packages/***/example_dags/example_bash_operator.py', '--cfg-path', '/tmp/tmp0bjaz23i']
[2024-11-06T08:27:23.214+0000] {standard_task_runner.py:105} INFO - Job 70: Subtask run_after_loop
[2024-11-06T08:27:23.279+0000] {task_command.py:467} INFO - Running <TaskInstance: example_bash_operator.run_after_loop scheduled__2024-11-05T00:00:00+00:00 [running]> on host db977aaf14d6
[2024-11-06T08:27:23.471+0000] {taskinstance.py:3131} INFO - Exporting env vars: AIRFLOW_CTX_DAG_OWNER='***' AIRFLOW_CTX_DAG_ID='example_bash_operator' AIRFLOW_CTX_TASK_ID='run_after_loop' AIRFLOW_CTX_EXECUTION_DATE='2024-11-05T00:00:00+00:00' AIRFLOW_CTX_TRY_NUMBER='1' AIRFLOW_CTX_DAG_RUN_ID='scheduled__2024-11-05T00:00:00+00:00'
[2024-11-06T08:27:23.475+0000] {logging_mixin.py:190} INFO - Task instance is in running state
[2024-11-06T08:27:23.476+0000] {logging_mixin.py:190} INFO -  Previous state of the Task instance: queued
[2024-11-06T08:27:23.478+0000] {logging_mixin.py:190} INFO - Current task name:run_after_loop state:running start_date:2024-11-06 08:27:23.167408+00:00
[2024-11-06T08:27:23.479+0000] {logging_mixin.py:190} INFO - Dag name:example_bash_operator and current dag run status:running
[2024-11-06T08:27:23.480+0000] {taskinstance.py:731} INFO - ::endgroup::
[2024-11-06T08:27:23.482+0000] {subprocess.py:63} INFO - Tmp dir root location: /tmp
[2024-11-06T08:27:23.484+0000] {subprocess.py:75} INFO - Running command: ['/usr/bin/bash', '-c', 'echo https://***.apache.org/']
[2024-11-06T08:27:23.514+0000] {subprocess.py:86} INFO - Output:
[2024-11-06T08:27:23.517+0000] {subprocess.py:93} INFO - https://***.apache.org/
[2024-11-06T08:27:23.518+0000] {subprocess.py:97} INFO - Command exited with return code 0
[2024-11-06T08:27:23.552+0000] {taskinstance.py:340} INFO - ::group::Post task execution logs
[2024-11-06T08:27:23.552+0000] {taskinstance.py:352} INFO - Marking task as SUCCESS. dag_id=example_bash_operator, task_id=run_after_loop, run_id=scheduled__2024-11-05T00:00:00+00:00, execution_date=20241105T000000, start_date=20241106T082723, end_date=20241106T082723
[2024-11-06T08:27:23.565+0000] {logging_mixin.py:190} INFO - Task instance in success state
[2024-11-06T08:27:23.566+0000] {logging_mixin.py:190} INFO -  Previous state of the Task instance: running
[2024-11-06T08:27:23.567+0000] {logging_mixin.py:190} INFO - Dag name:example_bash_operator queued_at:2024-11-06 08:26:56.947910+00:00
[2024-11-06T08:27:23.567+0000] {logging_mixin.py:190} INFO - Task hostname:db977aaf14d6 operator:BashOperator
[2024-11-06T08:27:23.588+0000] {local_task_job_runner.py:266} INFO - Task exited with return code 0
[2024-11-06T08:27:23.598+0000] {local_task_job_runner.py:245} INFO - ::endgroup::
