[2024-11-06T08:27:26.829+0000] {local_task_job_runner.py:123} INFO - ::group::Pre task execution logs
[2024-11-06T08:27:26.861+0000] {taskinstance.py:2612} INFO - Dependencies all met for dep_context=non-requeueable deps ti=<TaskInstance: user_processing.extract_user scheduled__2024-11-05T00:00:00+00:00 [queued]>
[2024-11-06T08:27:26.875+0000] {taskinstance.py:2612} INFO - Dependencies all met for dep_context=requeueable deps ti=<TaskInstance: user_processing.extract_user scheduled__2024-11-05T00:00:00+00:00 [queued]>
[2024-11-06T08:27:26.876+0000] {taskinstance.py:2865} INFO - Starting attempt 1 of 1
[2024-11-06T08:27:26.892+0000] {taskinstance.py:2888} INFO - Executing <Task(SimpleHttpOperator): extract_user> on 2024-11-05 00:00:00+00:00
[2024-11-06T08:27:26.900+0000] {warnings.py:112} WARNING - /home/***/.local/lib/python3.12/site-packages/***/task/task_runner/standard_task_runner.py:70: DeprecationWarning: This process (pid=125) is multi-threaded, use of fork() may lead to deadlocks in the child.
  pid = os.fork()

[2024-11-06T08:27:26.902+0000] {standard_task_runner.py:72} INFO - Started process 127 to run task
[2024-11-06T08:27:26.902+0000] {standard_task_runner.py:104} INFO - Running: ['***', 'tasks', 'run', 'user_processing', 'extract_user', 'scheduled__2024-11-05T00:00:00+00:00', '--job-id', '71', '--raw', '--subdir', 'DAGS_FOLDER/user-processing.py', '--cfg-path', '/tmp/tmpn57pgbex']
[2024-11-06T08:27:26.903+0000] {standard_task_runner.py:105} INFO - Job 71: Subtask extract_user
[2024-11-06T08:27:26.955+0000] {task_command.py:467} INFO - Running <TaskInstance: user_processing.extract_user scheduled__2024-11-05T00:00:00+00:00 [running]> on host db977aaf14d6
[2024-11-06T08:27:27.066+0000] {taskinstance.py:3131} INFO - Exporting env vars: AIRFLOW_CTX_DAG_OWNER='***' AIRFLOW_CTX_DAG_ID='user_processing' AIRFLOW_CTX_TASK_ID='extract_user' AIRFLOW_CTX_EXECUTION_DATE='2024-11-05T00:00:00+00:00' AIRFLOW_CTX_TRY_NUMBER='1' AIRFLOW_CTX_DAG_RUN_ID='scheduled__2024-11-05T00:00:00+00:00'
[2024-11-06T08:27:27.069+0000] {logging_mixin.py:190} INFO - Task instance is in running state
[2024-11-06T08:27:27.070+0000] {logging_mixin.py:190} INFO -  Previous state of the Task instance: queued
[2024-11-06T08:27:27.071+0000] {logging_mixin.py:190} INFO - Current task name:extract_user state:running start_date:2024-11-06 08:27:26.862361+00:00
[2024-11-06T08:27:27.071+0000] {logging_mixin.py:190} INFO - Dag name:user_processing and current dag run status:running
[2024-11-06T08:27:27.072+0000] {taskinstance.py:731} INFO - ::endgroup::
[2024-11-06T08:27:27.073+0000] {http.py:173} INFO - Calling HTTP method
[2024-11-06T08:27:27.086+0000] {base.py:84} INFO - Retrieving connection 'user_api'
[2024-11-06T08:27:27.102+0000] {base.py:84} INFO - Retrieving connection 'user_api'
[2024-11-06T08:27:27.605+0000] {http.py:222} INFO - {"results":[{"gender":"male","name":{"title":"Mr","first":"Nick","last":"Stender"},"location":{"street":{"number":9308,"name":"Lessingstraße"},"city":"Rauschenberg","state":"Berlin","country":"Germany","postcode":84325,"coordinates":{"latitude":"-53.2784","longitude":"-39.3038"},"timezone":{"offset":"-3:00","description":"Brazil, Buenos Aires, Georgetown"}},"email":"nick.stender@example.com","login":{"uuid":"bd5e9b2d-b90a-46b5-a3ec-760de6996eef","username":"tinysnake516","password":"chargers","salt":"TMbQzTvN","md5":"206ffec56a43ea802a271c21b68e5a22","sha1":"609a7ba473c796522cfb5f54184cd862dc2643d6","sha256":"eb108879559e689f27e12f26020d565b14208b2cd8f899bb0d5ce880d26ddfcd"},"dob":{"date":"1966-11-12T19:07:39.346Z","age":57},"registered":{"date":"2003-04-04T14:44:54.772Z","age":21},"phone":"0936-5398919","cell":"0173-9099399","id":{"name":"SVNR","value":"51 121166 S 265"},"picture":{"large":"https://randomuser.me/api/portraits/men/87.jpg","medium":"https://randomuser.me/api/portraits/med/men/87.jpg","thumbnail":"https://randomuser.me/api/portraits/thumb/men/87.jpg"},"nat":"DE"}],"info":{"seed":"bfd1bb8b1bb09ec0","results":1,"page":1,"version":"1.4"}}
[2024-11-06T08:27:27.630+0000] {taskinstance.py:340} INFO - ::group::Post task execution logs
[2024-11-06T08:27:27.631+0000] {taskinstance.py:352} INFO - Marking task as SUCCESS. dag_id=user_processing, task_id=extract_user, run_id=scheduled__2024-11-05T00:00:00+00:00, execution_date=20241105T000000, start_date=20241106T082726, end_date=20241106T082727
[2024-11-06T08:27:27.642+0000] {logging_mixin.py:190} INFO - Task instance in success state
[2024-11-06T08:27:27.643+0000] {logging_mixin.py:190} INFO -  Previous state of the Task instance: running
[2024-11-06T08:27:27.644+0000] {logging_mixin.py:190} INFO - Dag name:user_processing queued_at:2024-11-06 08:26:56.862585+00:00
[2024-11-06T08:27:27.644+0000] {logging_mixin.py:190} INFO - Task hostname:db977aaf14d6 operator:SimpleHttpOperator
[2024-11-06T08:27:27.679+0000] {local_task_job_runner.py:266} INFO - Task exited with return code 0
[2024-11-06T08:27:27.693+0000] {warnings.py:112} WARNING - /home/***/.local/lib/python3.12/site-packages/***/models/baseoperator.py:1378: AirflowProviderDeprecationWarning: Call to deprecated class SimpleHttpOperator. (Class `SimpleHttpOperator` is deprecated and will be removed in a future release. Please use `HttpOperator` instead.)
  result = cls.__new__(cls)

[2024-11-06T08:27:27.714+0000] {taskinstance.py:3900} INFO - 1 downstream tasks scheduled from follow-on schedule check
[2024-11-06T08:27:27.716+0000] {local_task_job_runner.py:245} INFO - ::endgroup::
