[2024-11-05T09:04:47.156+0000] {local_task_job_runner.py:123} INFO - ::group::Pre task execution logs
[2024-11-05T09:04:47.191+0000] {taskinstance.py:2612} INFO - Dependencies all met for dep_context=non-requeueable deps ti=<TaskInstance: user_processing.extract_user scheduled__2024-11-04T00:00:00+00:00 [queued]>
[2024-11-05T09:04:47.207+0000] {taskinstance.py:2612} INFO - Dependencies all met for dep_context=requeueable deps ti=<TaskInstance: user_processing.extract_user scheduled__2024-11-04T00:00:00+00:00 [queued]>
[2024-11-05T09:04:47.208+0000] {taskinstance.py:2865} INFO - Starting attempt 1 of 1
[2024-11-05T09:04:47.231+0000] {taskinstance.py:2888} INFO - Executing <Task(SimpleHttpOperator): extract_user> on 2024-11-04 00:00:00+00:00
[2024-11-05T09:04:47.244+0000] {warnings.py:112} WARNING - /home/***/.local/lib/python3.12/site-packages/***/task/task_runner/standard_task_runner.py:70: DeprecationWarning: This process (pid=161) is multi-threaded, use of fork() may lead to deadlocks in the child.
  pid = os.fork()

[2024-11-05T09:04:47.247+0000] {standard_task_runner.py:72} INFO - Started process 167 to run task
[2024-11-05T09:04:47.248+0000] {standard_task_runner.py:104} INFO - Running: ['***', 'tasks', 'run', 'user_processing', 'extract_user', 'scheduled__2024-11-04T00:00:00+00:00', '--job-id', '35', '--raw', '--subdir', 'DAGS_FOLDER/user-processing.py', '--cfg-path', '/tmp/tmpw0ksgeyi']
[2024-11-05T09:04:47.249+0000] {standard_task_runner.py:105} INFO - Job 35: Subtask extract_user
[2024-11-05T09:04:47.314+0000] {task_command.py:467} INFO - Running <TaskInstance: user_processing.extract_user scheduled__2024-11-04T00:00:00+00:00 [running]> on host 3a4fba066ec8
[2024-11-05T09:04:47.400+0000] {taskinstance.py:3131} INFO - Exporting env vars: AIRFLOW_CTX_DAG_OWNER='***' AIRFLOW_CTX_DAG_ID='user_processing' AIRFLOW_CTX_TASK_ID='extract_user' AIRFLOW_CTX_EXECUTION_DATE='2024-11-04T00:00:00+00:00' AIRFLOW_CTX_TRY_NUMBER='1' AIRFLOW_CTX_DAG_RUN_ID='scheduled__2024-11-04T00:00:00+00:00'
[2024-11-05T09:04:47.401+0000] {logging_mixin.py:190} INFO - Task instance is in running state
[2024-11-05T09:04:47.403+0000] {logging_mixin.py:190} INFO -  Previous state of the Task instance: queued
[2024-11-05T09:04:47.403+0000] {logging_mixin.py:190} INFO - Current task name:extract_user state:running start_date:2024-11-05 09:04:47.192090+00:00
[2024-11-05T09:04:47.404+0000] {logging_mixin.py:190} INFO - Dag name:user_processing and current dag run status:running
[2024-11-05T09:04:47.404+0000] {taskinstance.py:731} INFO - ::endgroup::
[2024-11-05T09:04:47.405+0000] {http.py:173} INFO - Calling HTTP method
[2024-11-05T09:04:47.413+0000] {base.py:84} INFO - Retrieving connection 'user_api'
[2024-11-05T09:04:47.420+0000] {base.py:84} INFO - Retrieving connection 'user_api'
[2024-11-05T09:04:48.021+0000] {http.py:222} INFO - {"results":[{"gender":"female","name":{"title":"Miss","first":"Arundhati","last":"Kulkarni"},"location":{"street":{"number":2538,"name":"Jagadamba Centre"},"city":"Morbi","state":"Madhya Pradesh","country":"India","postcode":83538,"coordinates":{"latitude":"6.0664","longitude":"35.4205"},"timezone":{"offset":"+2:00","description":"Kaliningrad, South Africa"}},"email":"arundhati.kulkarni@example.com","login":{"uuid":"17484598-d072-4481-a62b-618e31308c91","username":"sadkoala209","password":"borders","salt":"aBjpIfQx","md5":"eb7e46f6b015c9f0636244b0599f80cd","sha1":"5a52b1145b598f88fa9aadf759a629b055046419","sha256":"cbf58ea85427bdf2d4b72899e7c340d718e323d04fa30cd6b9059630ff39c86b"},"dob":{"date":"1976-05-16T03:04:11.936Z","age":48},"registered":{"date":"2020-07-05T23:38:47.438Z","age":4},"phone":"7205761033","cell":"9992109687","id":{"name":"UIDAI","value":"125802659446"},"picture":{"large":"https://randomuser.me/api/portraits/women/22.jpg","medium":"https://randomuser.me/api/portraits/med/women/22.jpg","thumbnail":"https://randomuser.me/api/portraits/thumb/women/22.jpg"},"nat":"IN"}],"info":{"seed":"3f1b7d61cbbc157d","results":1,"page":1,"version":"1.4"}}
[2024-11-05T09:04:48.047+0000] {taskinstance.py:340} INFO - ::group::Post task execution logs
[2024-11-05T09:04:48.047+0000] {taskinstance.py:352} INFO - Marking task as SUCCESS. dag_id=user_processing, task_id=extract_user, run_id=scheduled__2024-11-04T00:00:00+00:00, execution_date=20241104T000000, start_date=20241105T090447, end_date=20241105T090448
[2024-11-05T09:04:48.059+0000] {logging_mixin.py:190} INFO - Task instance in success state
[2024-11-05T09:04:48.060+0000] {logging_mixin.py:190} INFO -  Previous state of the Task instance: running
[2024-11-05T09:04:48.060+0000] {logging_mixin.py:190} INFO - Dag name:user_processing queued_at:2024-11-05 09:04:38.441669+00:00
[2024-11-05T09:04:48.061+0000] {logging_mixin.py:190} INFO - Task hostname:3a4fba066ec8 operator:SimpleHttpOperator
[2024-11-05T09:04:48.105+0000] {local_task_job_runner.py:266} INFO - Task exited with return code 0
[2024-11-05T09:04:48.117+0000] {warnings.py:112} WARNING - /home/***/.local/lib/python3.12/site-packages/***/models/baseoperator.py:1378: AirflowProviderDeprecationWarning: Call to deprecated class SimpleHttpOperator. (Class `SimpleHttpOperator` is deprecated and will be removed in a future release. Please use `HttpOperator` instead.)
  result = cls.__new__(cls)

[2024-11-05T09:04:48.135+0000] {taskinstance.py:3900} INFO - 0 downstream tasks scheduled from follow-on schedule check
[2024-11-05T09:04:48.140+0000] {local_task_job_runner.py:245} INFO - ::endgroup::
