[2024-11-06T08:27:14.574+0000] {local_task_job_runner.py:123} INFO - ::group::Pre task execution logs
[2024-11-06T08:27:14.857+0000] {taskinstance.py:2612} INFO - Dependencies all met for dep_context=non-requeueable deps ti=<TaskInstance: user_processing.create_table scheduled__2024-11-05T00:00:00+00:00 [queued]>
[2024-11-06T08:27:14.920+0000] {taskinstance.py:2612} INFO - Dependencies all met for dep_context=requeueable deps ti=<TaskInstance: user_processing.create_table scheduled__2024-11-05T00:00:00+00:00 [queued]>
[2024-11-06T08:27:14.922+0000] {taskinstance.py:2865} INFO - Starting attempt 1 of 1
[2024-11-06T08:27:14.985+0000] {taskinstance.py:2888} INFO - Executing <Task(PostgresOperator): create_table> on 2024-11-05 00:00:00+00:00
[2024-11-06T08:27:15.046+0000] {warnings.py:112} WARNING - /home/***/.local/lib/python3.12/site-packages/***/task/task_runner/standard_task_runner.py:70: DeprecationWarning: This process (pid=70) is multi-threaded, use of fork() may lead to deadlocks in the child.
  pid = os.fork()

[2024-11-06T08:27:15.063+0000] {standard_task_runner.py:72} INFO - Started process 88 to run task
[2024-11-06T08:27:15.054+0000] {standard_task_runner.py:104} INFO - Running: ['***', 'tasks', 'run', 'user_processing', 'create_table', 'scheduled__2024-11-05T00:00:00+00:00', '--job-id', '62', '--raw', '--subdir', 'DAGS_FOLDER/user-processing.py', '--cfg-path', '/tmp/tmp8q2z8kbi']
[2024-11-06T08:27:15.073+0000] {standard_task_runner.py:105} INFO - Job 62: Subtask create_table
[2024-11-06T08:27:15.635+0000] {task_command.py:467} INFO - Running <TaskInstance: user_processing.create_table scheduled__2024-11-05T00:00:00+00:00 [running]> on host db977aaf14d6
[2024-11-06T08:27:16.207+0000] {taskinstance.py:3131} INFO - Exporting env vars: AIRFLOW_CTX_DAG_OWNER='***' AIRFLOW_CTX_DAG_ID='user_processing' AIRFLOW_CTX_TASK_ID='create_table' AIRFLOW_CTX_EXECUTION_DATE='2024-11-05T00:00:00+00:00' AIRFLOW_CTX_TRY_NUMBER='1' AIRFLOW_CTX_DAG_RUN_ID='scheduled__2024-11-05T00:00:00+00:00'
[2024-11-06T08:27:16.232+0000] {logging_mixin.py:190} INFO - Task instance is in running state
[2024-11-06T08:27:16.241+0000] {logging_mixin.py:190} INFO -  Previous state of the Task instance: queued
[2024-11-06T08:27:16.248+0000] {logging_mixin.py:190} INFO - Current task name:create_table state:running start_date:2024-11-06 08:27:14.862909+00:00
[2024-11-06T08:27:16.256+0000] {logging_mixin.py:190} INFO - Dag name:user_processing and current dag run status:running
[2024-11-06T08:27:16.259+0000] {taskinstance.py:731} INFO - ::endgroup::
[2024-11-06T08:27:16.261+0000] {sql.py:266} INFO - Executing: 
            CREATE TABLE IF NOT EXISTS users (
                firstname TEXT NOT NULL,
                lastname TEXT NOT NULL,
                country TEXT NOT NULL,
                username TEXT NOT NULL,
                password TEXT NOT NULL,
                email TEXT NOT NULL
            );
        
[2024-11-06T08:27:16.378+0000] {base.py:84} INFO - Retrieving connection 'postgres'
[2024-11-06T08:27:16.419+0000] {base.py:84} INFO - Retrieving connection 'postgres'
[2024-11-06T08:27:16.449+0000] {sql.py:509} INFO - Running statement: 
            CREATE TABLE IF NOT EXISTS users (
                firstname TEXT NOT NULL,
                lastname TEXT NOT NULL,
                country TEXT NOT NULL,
                username TEXT NOT NULL,
                password TEXT NOT NULL,
                email TEXT NOT NULL
            );
        , parameters: None
[2024-11-06T08:27:16.544+0000] {taskinstance.py:340} INFO - ::group::Post task execution logs
[2024-11-06T08:27:16.546+0000] {taskinstance.py:352} INFO - Marking task as SUCCESS. dag_id=user_processing, task_id=create_table, run_id=scheduled__2024-11-05T00:00:00+00:00, execution_date=20241105T000000, start_date=20241106T082714, end_date=20241106T082716
[2024-11-06T08:27:16.621+0000] {logging_mixin.py:190} INFO - Task instance in success state
[2024-11-06T08:27:16.628+0000] {logging_mixin.py:190} INFO -  Previous state of the Task instance: running
[2024-11-06T08:27:16.633+0000] {logging_mixin.py:190} INFO - Dag name:user_processing queued_at:2024-11-06 08:26:56.862585+00:00
[2024-11-06T08:27:16.636+0000] {logging_mixin.py:190} INFO - Task hostname:db977aaf14d6 operator:PostgresOperator
[2024-11-06T08:27:16.678+0000] {local_task_job_runner.py:266} INFO - Task exited with return code 0
[2024-11-06T08:27:16.743+0000] {local_task_job_runner.py:245} INFO - ::endgroup::
