[2024-11-06T11:20:06.986+0000] {local_task_job_runner.py:123} INFO - ::group::Pre task execution logs
[2024-11-06T11:20:07.006+0000] {taskinstance.py:2612} INFO - Dependencies all met for dep_context=non-requeueable deps ti=<TaskInstance: parallel_dag.transform manual__2024-11-06T11:19:42.881685+00:00 [queued]>
[2024-11-06T11:20:07.018+0000] {taskinstance.py:2612} INFO - Dependencies all met for dep_context=requeueable deps ti=<TaskInstance: parallel_dag.transform manual__2024-11-06T11:19:42.881685+00:00 [queued]>
[2024-11-06T11:20:07.019+0000] {taskinstance.py:2865} INFO - Starting attempt 1 of 1
[2024-11-06T11:20:07.035+0000] {taskinstance.py:2888} INFO - Executing <Task(BashOperator): transform> on 2024-11-06 11:19:42.881685+00:00
[2024-11-06T11:20:07.040+0000] {warnings.py:112} WARNING - /home/***/.local/lib/python3.12/site-packages/***/task/task_runner/standard_task_runner.py:70: DeprecationWarning: This process (pid=469) is multi-threaded, use of fork() may lead to deadlocks in the child.
  pid = os.fork()

[2024-11-06T11:20:07.042+0000] {standard_task_runner.py:72} INFO - Started process 470 to run task
[2024-11-06T11:20:07.042+0000] {standard_task_runner.py:104} INFO - Running: ['***', 'tasks', 'run', 'parallel_dag', 'transform', 'manual__2024-11-06T11:19:42.881685+00:00', '--job-id', '111', '--raw', '--subdir', 'DAGS_FOLDER/parallel_dag.py', '--cfg-path', '/tmp/tmpz05xlyg_']
[2024-11-06T11:20:07.043+0000] {standard_task_runner.py:105} INFO - Job 111: Subtask transform
[2024-11-06T11:20:07.094+0000] {task_command.py:467} INFO - Running <TaskInstance: parallel_dag.transform manual__2024-11-06T11:19:42.881685+00:00 [running]> on host 9fbc70bec143
[2024-11-06T11:20:07.194+0000] {taskinstance.py:3131} INFO - Exporting env vars: AIRFLOW_CTX_DAG_OWNER='***' AIRFLOW_CTX_DAG_ID='parallel_dag' AIRFLOW_CTX_TASK_ID='transform' AIRFLOW_CTX_EXECUTION_DATE='2024-11-06T11:19:42.881685+00:00' AIRFLOW_CTX_TRY_NUMBER='1' AIRFLOW_CTX_DAG_RUN_ID='manual__2024-11-06T11:19:42.881685+00:00'
[2024-11-06T11:20:07.195+0000] {taskinstance.py:731} INFO - ::endgroup::
[2024-11-06T11:20:07.215+0000] {subprocess.py:63} INFO - Tmp dir root location: /tmp
[2024-11-06T11:20:07.217+0000] {subprocess.py:75} INFO - Running command: ['/usr/bin/bash', '-c', 'sleep 30']
[2024-11-06T11:20:07.228+0000] {subprocess.py:86} INFO - Output:
[2024-11-06T11:20:37.228+0000] {subprocess.py:97} INFO - Command exited with return code 0
[2024-11-06T11:20:37.254+0000] {taskinstance.py:340} INFO - ::group::Post task execution logs
[2024-11-06T11:20:37.255+0000] {taskinstance.py:352} INFO - Marking task as SUCCESS. dag_id=parallel_dag, task_id=transform, run_id=manual__2024-11-06T11:19:42.881685+00:00, execution_date=20241106T111942, start_date=20241106T112007, end_date=20241106T112037
[2024-11-06T11:20:37.310+0000] {local_task_job_runner.py:266} INFO - Task exited with return code 0
[2024-11-06T11:20:37.323+0000] {taskinstance.py:3900} INFO - 0 downstream tasks scheduled from follow-on schedule check
[2024-11-06T11:20:37.325+0000] {local_task_job_runner.py:245} INFO - ::endgroup::
