[2024-11-05T09:04:45.711+0000] {local_task_job_runner.py:123} INFO - ::group::Pre task execution logs
[2024-11-05T09:04:45.731+0000] {taskinstance.py:2612} INFO - Dependencies all met for dep_context=non-requeueable deps ti=<TaskInstance: user_processing.is_api_available manual__2024-11-05T09:04:39.842816+00:00 [queued]>
[2024-11-05T09:04:45.739+0000] {taskinstance.py:2612} INFO - Dependencies all met for dep_context=requeueable deps ti=<TaskInstance: user_processing.is_api_available manual__2024-11-05T09:04:39.842816+00:00 [queued]>
[2024-11-05T09:04:45.740+0000] {taskinstance.py:2865} INFO - Starting attempt 1 of 1
[2024-11-05T09:04:45.755+0000] {taskinstance.py:2888} INFO - Executing <Task(HttpSensor): is_api_available> on 2024-11-05 09:04:39.842816+00:00
[2024-11-05T09:04:45.761+0000] {warnings.py:112} WARNING - /home/***/.local/lib/python3.12/site-packages/***/task/task_runner/standard_task_runner.py:70: DeprecationWarning: This process (pid=159) is multi-threaded, use of fork() may lead to deadlocks in the child.
  pid = os.fork()

[2024-11-05T09:04:45.763+0000] {standard_task_runner.py:72} INFO - Started process 163 to run task
[2024-11-05T09:04:45.764+0000] {standard_task_runner.py:104} INFO - Running: ['***', 'tasks', 'run', 'user_processing', 'is_api_available', 'manual__2024-11-05T09:04:39.842816+00:00', '--job-id', '34', '--raw', '--subdir', 'DAGS_FOLDER/user-processing.py', '--cfg-path', '/tmp/tmphgbjxh01']
[2024-11-05T09:04:45.765+0000] {standard_task_runner.py:105} INFO - Job 34: Subtask is_api_available
[2024-11-05T09:04:45.819+0000] {task_command.py:467} INFO - Running <TaskInstance: user_processing.is_api_available manual__2024-11-05T09:04:39.842816+00:00 [running]> on host 3a4fba066ec8
[2024-11-05T09:04:45.913+0000] {taskinstance.py:3131} INFO - Exporting env vars: AIRFLOW_CTX_DAG_OWNER='***' AIRFLOW_CTX_DAG_ID='user_processing' AIRFLOW_CTX_TASK_ID='is_api_available' AIRFLOW_CTX_EXECUTION_DATE='2024-11-05T09:04:39.842816+00:00' AIRFLOW_CTX_TRY_NUMBER='1' AIRFLOW_CTX_DAG_RUN_ID='manual__2024-11-05T09:04:39.842816+00:00'
[2024-11-05T09:04:45.915+0000] {logging_mixin.py:190} INFO - Task instance is in running state
[2024-11-05T09:04:45.916+0000] {logging_mixin.py:190} INFO -  Previous state of the Task instance: queued
[2024-11-05T09:04:45.916+0000] {logging_mixin.py:190} INFO - Current task name:is_api_available state:running start_date:2024-11-05 09:04:45.731933+00:00
[2024-11-05T09:04:45.917+0000] {logging_mixin.py:190} INFO - Dag name:user_processing and current dag run status:running
[2024-11-05T09:04:45.917+0000] {taskinstance.py:731} INFO - ::endgroup::
[2024-11-05T09:04:45.918+0000] {baseoperator.py:405} WARNING - HttpSensor.execute cannot be called outside TaskInstance!
[2024-11-05T09:04:45.918+0000] {http.py:137} INFO - Poking: api/
[2024-11-05T09:04:45.929+0000] {base.py:84} INFO - Retrieving connection 'user_api'
[2024-11-05T09:04:46.419+0000] {base.py:336} INFO - Success criteria met. Exiting.
[2024-11-05T09:04:46.430+0000] {taskinstance.py:340} INFO - ::group::Post task execution logs
[2024-11-05T09:04:46.431+0000] {taskinstance.py:352} INFO - Marking task as SUCCESS. dag_id=user_processing, task_id=is_api_available, run_id=manual__2024-11-05T09:04:39.842816+00:00, execution_date=20241105T090439, start_date=20241105T090445, end_date=20241105T090446
[2024-11-05T09:04:46.445+0000] {logging_mixin.py:190} INFO - Task instance in success state
[2024-11-05T09:04:46.446+0000] {logging_mixin.py:190} INFO -  Previous state of the Task instance: running
[2024-11-05T09:04:46.446+0000] {logging_mixin.py:190} INFO - Dag name:user_processing queued_at:2024-11-05 09:04:39.880899+00:00
[2024-11-05T09:04:46.447+0000] {logging_mixin.py:190} INFO - Task hostname:3a4fba066ec8 operator:HttpSensor
[2024-11-05T09:04:46.500+0000] {local_task_job_runner.py:266} INFO - Task exited with return code 0
[2024-11-05T09:04:46.510+0000] {warnings.py:112} WARNING - /home/***/.local/lib/python3.12/site-packages/***/models/baseoperator.py:1378: AirflowProviderDeprecationWarning: Call to deprecated class SimpleHttpOperator. (Class `SimpleHttpOperator` is deprecated and will be removed in a future release. Please use `HttpOperator` instead.)
  result = cls.__new__(cls)

[2024-11-05T09:04:46.535+0000] {taskinstance.py:3900} INFO - 1 downstream tasks scheduled from follow-on schedule check
[2024-11-05T09:04:46.539+0000] {local_task_job_runner.py:245} INFO - ::endgroup::
