[2024-11-06T16:50:32.965+0000] {local_task_job_runner.py:123} INFO - ::group::Pre task execution logs
[2024-11-06T16:50:32.984+0000] {taskinstance.py:2612} INFO - Dependencies all met for dep_context=non-requeueable deps ti=<TaskInstance: xcom_dag.t3 manual__2024-11-06T16:49:22.182297+00:00 [queued]>
[2024-11-06T16:50:32.995+0000] {taskinstance.py:2612} INFO - Dependencies all met for dep_context=requeueable deps ti=<TaskInstance: xcom_dag.t3 manual__2024-11-06T16:49:22.182297+00:00 [queued]>
[2024-11-06T16:50:32.996+0000] {taskinstance.py:2865} INFO - Starting attempt 1 of 1
[2024-11-06T16:50:33.011+0000] {taskinstance.py:2888} INFO - Executing <Task(BashOperator): t3> on 2024-11-06 16:49:22.182297+00:00
[2024-11-06T16:50:33.016+0000] {warnings.py:112} WARNING - /home/***/.local/lib/python3.12/site-packages/***/task/task_runner/standard_task_runner.py:70: DeprecationWarning: This process (pid=780) is multi-threaded, use of fork() may lead to deadlocks in the child.
  pid = os.fork()

[2024-11-06T16:50:33.018+0000] {standard_task_runner.py:72} INFO - Started process 788 to run task
[2024-11-06T16:50:33.018+0000] {standard_task_runner.py:104} INFO - Running: ['***', 'tasks', 'run', 'xcom_dag', 't3', 'manual__2024-11-06T16:49:22.182297+00:00', '--job-id', '161', '--raw', '--subdir', 'DAGS_FOLDER/xcom_dag.py', '--cfg-path', '/tmp/tmphck4b14x']
[2024-11-06T16:50:33.019+0000] {standard_task_runner.py:105} INFO - Job 161: Subtask t3
[2024-11-06T16:50:33.067+0000] {task_command.py:467} INFO - Running <TaskInstance: xcom_dag.t3 manual__2024-11-06T16:49:22.182297+00:00 [running]> on host 66acfa37dd15
[2024-11-06T16:50:33.155+0000] {taskinstance.py:3131} INFO - Exporting env vars: AIRFLOW_CTX_DAG_OWNER='***' AIRFLOW_CTX_DAG_ID='xcom_dag' AIRFLOW_CTX_TASK_ID='t3' AIRFLOW_CTX_EXECUTION_DATE='2024-11-06T16:49:22.182297+00:00' AIRFLOW_CTX_TRY_NUMBER='1' AIRFLOW_CTX_DAG_RUN_ID='manual__2024-11-06T16:49:22.182297+00:00'
[2024-11-06T16:50:33.157+0000] {taskinstance.py:731} INFO - ::endgroup::
[2024-11-06T16:50:33.173+0000] {subprocess.py:63} INFO - Tmp dir root location: /tmp
[2024-11-06T16:50:33.175+0000] {subprocess.py:75} INFO - Running command: ['/usr/bin/bash', '-c', "echo ''"]
[2024-11-06T16:50:33.184+0000] {subprocess.py:86} INFO - Output:
[2024-11-06T16:50:33.186+0000] {subprocess.py:93} INFO - 
[2024-11-06T16:50:33.186+0000] {subprocess.py:97} INFO - Command exited with return code 0
[2024-11-06T16:50:33.214+0000] {taskinstance.py:340} INFO - ::group::Post task execution logs
[2024-11-06T16:50:33.214+0000] {taskinstance.py:352} INFO - Marking task as SUCCESS. dag_id=xcom_dag, task_id=t3, run_id=manual__2024-11-06T16:49:22.182297+00:00, execution_date=20241106T164922, start_date=20241106T165032, end_date=20241106T165033
[2024-11-06T16:50:33.234+0000] {local_task_job_runner.py:266} INFO - Task exited with return code 0
[2024-11-06T16:50:33.251+0000] {taskinstance.py:3900} INFO - 0 downstream tasks scheduled from follow-on schedule check
[2024-11-06T16:50:33.253+0000] {local_task_job_runner.py:245} INFO - ::endgroup::
