[2024-11-05T14:03:42.850+0000] {local_task_job_runner.py:123} INFO - ::group::Pre task execution logs
[2024-11-05T14:03:42.866+0000] {taskinstance.py:2612} INFO - Dependencies all met for dep_context=non-requeueable deps ti=<TaskInstance: consumer.read_dataset dataset_triggered__2024-11-05T14:03:40.884100+00:00 [queued]>
[2024-11-05T14:03:42.874+0000] {taskinstance.py:2612} INFO - Dependencies all met for dep_context=requeueable deps ti=<TaskInstance: consumer.read_dataset dataset_triggered__2024-11-05T14:03:40.884100+00:00 [queued]>
[2024-11-05T14:03:42.875+0000] {taskinstance.py:2865} INFO - Starting attempt 1 of 1
[2024-11-05T14:03:42.888+0000] {taskinstance.py:2888} INFO - Executing <Task(_PythonDecoratedOperator): read_dataset> on 2024-11-05 14:03:40.884100+00:00
[2024-11-05T14:03:42.894+0000] {warnings.py:112} WARNING - /home/***/.local/lib/python3.12/site-packages/***/task/task_runner/standard_task_runner.py:70: DeprecationWarning: This process (pid=3886) is multi-threaded, use of fork() may lead to deadlocks in the child.
  pid = os.fork()

[2024-11-05T14:03:42.896+0000] {standard_task_runner.py:72} INFO - Started process 3888 to run task
[2024-11-05T14:03:42.896+0000] {standard_task_runner.py:104} INFO - Running: ['***', 'tasks', 'run', 'consumer', 'read_dataset', 'dataset_triggered__2024-11-05T14:03:40.884100+00:00', '--job-id', '57', '--raw', '--subdir', 'DAGS_FOLDER/consumer.py', '--cfg-path', '/tmp/tmpy8hm9awn']
[2024-11-05T14:03:42.897+0000] {standard_task_runner.py:105} INFO - Job 57: Subtask read_dataset
[2024-11-05T14:03:42.948+0000] {task_command.py:467} INFO - Running <TaskInstance: consumer.read_dataset dataset_triggered__2024-11-05T14:03:40.884100+00:00 [running]> on host 3a4fba066ec8
[2024-11-05T14:03:43.023+0000] {taskinstance.py:3131} INFO - Exporting env vars: AIRFLOW_CTX_DAG_OWNER='***' AIRFLOW_CTX_DAG_ID='consumer' AIRFLOW_CTX_TASK_ID='read_dataset' AIRFLOW_CTX_EXECUTION_DATE='2024-11-05T14:03:40.884100+00:00' AIRFLOW_CTX_TRY_NUMBER='1' AIRFLOW_CTX_DAG_RUN_ID='dataset_triggered__2024-11-05T14:03:40.884100+00:00'
[2024-11-05T14:03:43.024+0000] {logging_mixin.py:190} INFO - Task instance is in running state
[2024-11-05T14:03:43.025+0000] {logging_mixin.py:190} INFO -  Previous state of the Task instance: queued
[2024-11-05T14:03:43.025+0000] {logging_mixin.py:190} INFO - Current task name:read_dataset state:running start_date:2024-11-05 14:03:42.867078+00:00
[2024-11-05T14:03:43.026+0000] {logging_mixin.py:190} INFO - Dag name:consumer and current dag run status:running
[2024-11-05T14:03:43.026+0000] {taskinstance.py:731} INFO - ::endgroup::
[2024-11-05T14:03:43.028+0000] {logging_mixin.py:190} INFO - producer_udpateproducer_udpate
[2024-11-05T14:03:43.028+0000] {python.py:240} INFO - Done. Returned value was: None
[2024-11-05T14:03:43.036+0000] {taskinstance.py:340} INFO - ::group::Post task execution logs
[2024-11-05T14:03:43.036+0000] {taskinstance.py:352} INFO - Marking task as SUCCESS. dag_id=consumer, task_id=read_dataset, run_id=dataset_triggered__2024-11-05T14:03:40.884100+00:00, execution_date=20241105T140340, start_date=20241105T140342, end_date=20241105T140343
[2024-11-05T14:03:43.045+0000] {logging_mixin.py:190} INFO - Task instance in success state
[2024-11-05T14:03:43.045+0000] {logging_mixin.py:190} INFO -  Previous state of the Task instance: running
[2024-11-05T14:03:43.046+0000] {logging_mixin.py:190} INFO - Dag name:consumer queued_at:2024-11-05 14:03:41.391196+00:00
[2024-11-05T14:03:43.046+0000] {logging_mixin.py:190} INFO - Task hostname:3a4fba066ec8 operator:_PythonDecoratedOperator
[2024-11-05T14:03:43.071+0000] {local_task_job_runner.py:266} INFO - Task exited with return code 0
[2024-11-05T14:03:43.085+0000] {taskinstance.py:3900} INFO - 0 downstream tasks scheduled from follow-on schedule check
[2024-11-05T14:03:43.087+0000] {local_task_job_runner.py:245} INFO - ::endgroup::
