[2024-11-05T09:07:04.968+0000] {local_task_job_runner.py:123} INFO - ::group::Pre task execution logs
[2024-11-05T09:07:04.994+0000] {taskinstance.py:2612} INFO - Dependencies all met for dep_context=non-requeueable deps ti=<TaskInstance: user_processing.extract_user manual__2024-11-05T09:06:57.086915+00:00 [queued]>
[2024-11-05T09:07:05.004+0000] {taskinstance.py:2612} INFO - Dependencies all met for dep_context=requeueable deps ti=<TaskInstance: user_processing.extract_user manual__2024-11-05T09:06:57.086915+00:00 [queued]>
[2024-11-05T09:07:05.005+0000] {taskinstance.py:2865} INFO - Starting attempt 1 of 1
[2024-11-05T09:07:05.021+0000] {taskinstance.py:2888} INFO - Executing <Task(SimpleHttpOperator): extract_user> on 2024-11-05 09:06:57.086915+00:00
[2024-11-05T09:07:05.029+0000] {warnings.py:112} WARNING - /home/***/.local/lib/python3.12/site-packages/***/task/task_runner/standard_task_runner.py:70: DeprecationWarning: This process (pid=215) is multi-threaded, use of fork() may lead to deadlocks in the child.
  pid = os.fork()

[2024-11-05T09:07:05.031+0000] {standard_task_runner.py:72} INFO - Started process 217 to run task
[2024-11-05T09:07:05.031+0000] {standard_task_runner.py:104} INFO - Running: ['***', 'tasks', 'run', 'user_processing', 'extract_user', 'manual__2024-11-05T09:06:57.086915+00:00', '--job-id', '41', '--raw', '--subdir', 'DAGS_FOLDER/user-processing.py', '--cfg-path', '/tmp/tmpdn9r07yz']
[2024-11-05T09:07:05.033+0000] {standard_task_runner.py:105} INFO - Job 41: Subtask extract_user
[2024-11-05T09:07:05.084+0000] {task_command.py:467} INFO - Running <TaskInstance: user_processing.extract_user manual__2024-11-05T09:06:57.086915+00:00 [running]> on host 3a4fba066ec8
[2024-11-05T09:07:05.174+0000] {taskinstance.py:3131} INFO - Exporting env vars: AIRFLOW_CTX_DAG_OWNER='***' AIRFLOW_CTX_DAG_ID='user_processing' AIRFLOW_CTX_TASK_ID='extract_user' AIRFLOW_CTX_EXECUTION_DATE='2024-11-05T09:06:57.086915+00:00' AIRFLOW_CTX_TRY_NUMBER='1' AIRFLOW_CTX_DAG_RUN_ID='manual__2024-11-05T09:06:57.086915+00:00'
[2024-11-05T09:07:05.177+0000] {logging_mixin.py:190} INFO - Task instance is in running state
[2024-11-05T09:07:05.177+0000] {logging_mixin.py:190} INFO -  Previous state of the Task instance: queued
[2024-11-05T09:07:05.178+0000] {logging_mixin.py:190} INFO - Current task name:extract_user state:running start_date:2024-11-05 09:07:04.995098+00:00
[2024-11-05T09:07:05.178+0000] {logging_mixin.py:190} INFO - Dag name:user_processing and current dag run status:running
[2024-11-05T09:07:05.179+0000] {taskinstance.py:731} INFO - ::endgroup::
[2024-11-05T09:07:05.179+0000] {http.py:173} INFO - Calling HTTP method
[2024-11-05T09:07:05.188+0000] {base.py:84} INFO - Retrieving connection 'user_api'
[2024-11-05T09:07:05.199+0000] {base.py:84} INFO - Retrieving connection 'user_api'
[2024-11-05T09:07:05.694+0000] {http.py:222} INFO - {"results":[{"gender":"female","name":{"title":"Miss","first":"Vickie","last":"Day"},"location":{"street":{"number":4262,"name":"Daisy Dr"},"city":"Lancaster","state":"Maine","country":"United States","postcode":48931,"coordinates":{"latitude":"83.3430","longitude":"66.3130"},"timezone":{"offset":"+9:30","description":"Adelaide, Darwin"}},"email":"vickie.day@example.com","login":{"uuid":"f31e6275-6228-40b3-9488-ecbb17e3756c","username":"lazytiger826","password":"lakers1","salt":"jkIcQmht","md5":"585c6a69b3171eb3f17c5e3f1c72c502","sha1":"ece07065d17172eb8e56b4e3ae4d009b61789464","sha256":"2fb37142c054cf7c9b0da3345d7c5aa437d43fe222f8868b770737a599fdaee0"},"dob":{"date":"1985-05-04T02:41:03.060Z","age":39},"registered":{"date":"2016-04-24T12:10:41.581Z","age":8},"phone":"(582) 533-7164","cell":"(492) 433-1118","id":{"name":"SSN","value":"352-23-6954"},"picture":{"large":"https://randomuser.me/api/portraits/women/11.jpg","medium":"https://randomuser.me/api/portraits/med/women/11.jpg","thumbnail":"https://randomuser.me/api/portraits/thumb/women/11.jpg"},"nat":"US"}],"info":{"seed":"80f95cdb18e3e0ff","results":1,"page":1,"version":"1.4"}}
[2024-11-05T09:07:05.724+0000] {taskinstance.py:340} INFO - ::group::Post task execution logs
[2024-11-05T09:07:05.725+0000] {taskinstance.py:352} INFO - Marking task as SUCCESS. dag_id=user_processing, task_id=extract_user, run_id=manual__2024-11-05T09:06:57.086915+00:00, execution_date=20241105T090657, start_date=20241105T090704, end_date=20241105T090705
[2024-11-05T09:07:05.740+0000] {logging_mixin.py:190} INFO - Task instance in success state
[2024-11-05T09:07:05.741+0000] {logging_mixin.py:190} INFO -  Previous state of the Task instance: running
[2024-11-05T09:07:05.742+0000] {logging_mixin.py:190} INFO - Dag name:user_processing queued_at:2024-11-05 09:06:57.103893+00:00
[2024-11-05T09:07:05.742+0000] {logging_mixin.py:190} INFO - Task hostname:3a4fba066ec8 operator:SimpleHttpOperator
[2024-11-05T09:07:05.768+0000] {local_task_job_runner.py:266} INFO - Task exited with return code 0
[2024-11-05T09:07:05.786+0000] {warnings.py:112} WARNING - /home/***/.local/lib/python3.12/site-packages/***/models/baseoperator.py:1378: AirflowProviderDeprecationWarning: Call to deprecated class SimpleHttpOperator. (Class `SimpleHttpOperator` is deprecated and will be removed in a future release. Please use `HttpOperator` instead.)
  result = cls.__new__(cls)

[2024-11-05T09:07:05.809+0000] {taskinstance.py:3900} INFO - 1 downstream tasks scheduled from follow-on schedule check
[2024-11-05T09:07:05.813+0000] {local_task_job_runner.py:245} INFO - ::endgroup::
