[2024-11-11T09:48:26.691+0000] {processor.py:186} INFO - Started process (PID=64) to work on /opt/airflow/dags/check_context.py
[2024-11-11T09:48:26.709+0000] {processor.py:914} INFO - Processing file /opt/airflow/dags/check_context.py for tasks to queue
[2024-11-11T09:48:26.723+0000] {logging_mixin.py:190} INFO - [2024-11-11T09:48:26.723+0000] {dagbag.py:588} INFO - Filling up the DagBag from /opt/airflow/dags/check_context.py
[2024-11-11T09:48:26.793+0000] {processor.py:925} INFO - DAG(s) 'check_context' retrieved from /opt/airflow/dags/check_context.py
[2024-11-11T09:48:26.852+0000] {logging_mixin.py:190} INFO - [2024-11-11T09:48:26.851+0000] {dag.py:3239} INFO - Sync 1 DAGs
[2024-11-11T09:48:26.987+0000] {logging_mixin.py:190} INFO - [2024-11-11T09:48:26.987+0000] {dag.py:4180} INFO - Setting next_dagrun for check_context to 2024-11-10 00:00:00+00:00, run_after=2024-11-11 00:00:00+00:00
[2024-11-11T09:48:27.068+0000] {processor.py:208} INFO - Processing /opt/airflow/dags/check_context.py took 0.383 seconds
[2024-11-11T09:49:07.833+0000] {processor.py:186} INFO - Started process (PID=58) to work on /opt/airflow/dags/check_context.py
[2024-11-11T09:49:07.834+0000] {processor.py:914} INFO - Processing file /opt/airflow/dags/check_context.py for tasks to queue
[2024-11-11T09:49:07.836+0000] {logging_mixin.py:190} INFO - [2024-11-11T09:49:07.836+0000] {dagbag.py:588} INFO - Filling up the DagBag from /opt/airflow/dags/check_context.py
[2024-11-11T09:49:07.858+0000] {processor.py:925} INFO - DAG(s) 'check_context' retrieved from /opt/airflow/dags/check_context.py
[2024-11-11T09:49:07.910+0000] {logging_mixin.py:190} INFO - [2024-11-11T09:49:07.906+0000] {dag.py:3239} INFO - Sync 1 DAGs
[2024-11-11T09:49:08.014+0000] {logging_mixin.py:190} INFO - [2024-11-11T09:49:08.013+0000] {dag.py:4180} INFO - Setting next_dagrun for check_context to 2024-11-10 00:00:00+00:00, run_after=2024-11-11 00:00:00+00:00
[2024-11-11T09:49:08.052+0000] {processor.py:208} INFO - Processing /opt/airflow/dags/check_context.py took 0.226 seconds
[2024-11-11T09:49:39.608+0000] {processor.py:186} INFO - Started process (PID=76) to work on /opt/airflow/dags/check_context.py
[2024-11-11T09:49:39.609+0000] {processor.py:914} INFO - Processing file /opt/airflow/dags/check_context.py for tasks to queue
[2024-11-11T09:49:39.612+0000] {logging_mixin.py:190} INFO - [2024-11-11T09:49:39.612+0000] {dagbag.py:588} INFO - Filling up the DagBag from /opt/airflow/dags/check_context.py
[2024-11-11T09:49:39.642+0000] {processor.py:925} INFO - DAG(s) 'check_context' retrieved from /opt/airflow/dags/check_context.py
[2024-11-11T09:49:39.750+0000] {logging_mixin.py:190} INFO - [2024-11-11T09:49:39.749+0000] {dag.py:3239} INFO - Sync 1 DAGs
[2024-11-11T09:49:39.786+0000] {logging_mixin.py:190} INFO - [2024-11-11T09:49:39.785+0000] {dag.py:4180} INFO - Setting next_dagrun for check_context to 2024-11-10 00:00:00+00:00, run_after=2024-11-11 00:00:00+00:00
[2024-11-11T09:49:40.007+0000] {processor.py:208} INFO - Processing /opt/airflow/dags/check_context.py took 0.411 seconds
[2024-11-11T09:51:17.784+0000] {processor.py:186} INFO - Started process (PID=98) to work on /opt/airflow/dags/check_context.py
[2024-11-11T09:51:17.801+0000] {processor.py:914} INFO - Processing file /opt/airflow/dags/check_context.py for tasks to queue
[2024-11-11T09:51:17.829+0000] {logging_mixin.py:190} INFO - [2024-11-11T09:51:17.811+0000] {dagbag.py:588} INFO - Filling up the DagBag from /opt/airflow/dags/check_context.py
[2024-11-11T09:51:18.069+0000] {processor.py:925} INFO - DAG(s) 'check_context' retrieved from /opt/airflow/dags/check_context.py
[2024-11-11T09:51:30.805+0000] {logging_mixin.py:190} INFO - [2024-11-11T09:51:30.780+0000] {dag.py:3239} INFO - Sync 1 DAGs
[2024-11-11T09:51:55.887+0000] {logging_mixin.py:190} INFO - [2024-11-11T09:51:55.886+0000] {dag.py:4180} INFO - Setting next_dagrun for check_context to 2024-11-10 00:00:00+00:00, run_after=2024-11-11 00:00:00+00:00
[2024-11-11T09:52:02.938+0000] {logging_mixin.py:190} INFO - [2024-11-11T09:52:02.938+0000] {process_utils.py:266} INFO - Waiting up to 5 seconds for processes to exit...
