[2024-11-11T09:48:31.956+0000] {processor.py:186} INFO - Started process (PID=73) to work on /opt/airflow/dags/consumer.py
[2024-11-11T09:48:31.962+0000] {processor.py:914} INFO - Processing file /opt/airflow/dags/consumer.py for tasks to queue
[2024-11-11T09:48:31.982+0000] {logging_mixin.py:190} INFO - [2024-11-11T09:48:31.975+0000] {dagbag.py:588} INFO - Filling up the DagBag from /opt/airflow/dags/consumer.py
[2024-11-11T09:48:32.055+0000] {processor.py:925} INFO - DAG(s) 'consumer' retrieved from /opt/airflow/dags/consumer.py
[2024-11-11T09:48:32.169+0000] {logging_mixin.py:190} INFO - [2024-11-11T09:48:32.169+0000] {dag.py:3239} INFO - Sync 1 DAGs
[2024-11-11T09:48:32.346+0000] {logging_mixin.py:190} INFO - [2024-11-11T09:48:32.346+0000] {dag.py:4180} INFO - Setting next_dagrun for consumer to None, run_after=None
[2024-11-11T09:48:32.473+0000] {processor.py:208} INFO - Processing /opt/airflow/dags/consumer.py took 0.561 seconds
[2024-11-11T09:49:09.201+0000] {processor.py:186} INFO - Started process (PID=67) to work on /opt/airflow/dags/consumer.py
[2024-11-11T09:49:09.204+0000] {processor.py:914} INFO - Processing file /opt/airflow/dags/consumer.py for tasks to queue
[2024-11-11T09:49:09.212+0000] {logging_mixin.py:190} INFO - [2024-11-11T09:49:09.211+0000] {dagbag.py:588} INFO - Filling up the DagBag from /opt/airflow/dags/consumer.py
[2024-11-11T09:49:09.245+0000] {processor.py:925} INFO - DAG(s) 'consumer' retrieved from /opt/airflow/dags/consumer.py
[2024-11-11T09:49:09.306+0000] {logging_mixin.py:190} INFO - [2024-11-11T09:49:09.305+0000] {dag.py:3239} INFO - Sync 1 DAGs
[2024-11-11T09:49:09.387+0000] {logging_mixin.py:190} INFO - [2024-11-11T09:49:09.387+0000] {dag.py:4180} INFO - Setting next_dagrun for consumer to None, run_after=None
[2024-11-11T09:49:09.467+0000] {processor.py:208} INFO - Processing /opt/airflow/dags/consumer.py took 0.282 seconds
[2024-11-11T09:49:41.619+0000] {processor.py:186} INFO - Started process (PID=93) to work on /opt/airflow/dags/consumer.py
[2024-11-11T09:49:41.620+0000] {processor.py:914} INFO - Processing file /opt/airflow/dags/consumer.py for tasks to queue
[2024-11-11T09:49:41.623+0000] {logging_mixin.py:190} INFO - [2024-11-11T09:49:41.623+0000] {dagbag.py:588} INFO - Filling up the DagBag from /opt/airflow/dags/consumer.py
[2024-11-11T09:49:41.640+0000] {processor.py:925} INFO - DAG(s) 'consumer' retrieved from /opt/airflow/dags/consumer.py
[2024-11-11T09:49:41.668+0000] {logging_mixin.py:190} INFO - [2024-11-11T09:49:41.667+0000] {dag.py:3239} INFO - Sync 1 DAGs
[2024-11-11T09:49:41.698+0000] {logging_mixin.py:190} INFO - [2024-11-11T09:49:41.698+0000] {dag.py:4180} INFO - Setting next_dagrun for consumer to None, run_after=None
[2024-11-11T09:49:41.914+0000] {processor.py:208} INFO - Processing /opt/airflow/dags/consumer.py took 0.303 seconds
