[2024-11-11T09:48:31.039+0000] {processor.py:186} INFO - Started process (PID=72) to work on /opt/airflow/dags/parallel_dag.py
[2024-11-11T09:48:31.040+0000] {processor.py:914} INFO - Processing file /opt/airflow/dags/parallel_dag.py for tasks to queue
[2024-11-11T09:48:31.057+0000] {logging_mixin.py:190} INFO - [2024-11-11T09:48:31.056+0000] {dagbag.py:588} INFO - Filling up the DagBag from /opt/airflow/dags/parallel_dag.py
[2024-11-11T09:48:31.109+0000] {processor.py:925} INFO - DAG(s) 'parallel_dag' retrieved from /opt/airflow/dags/parallel_dag.py
[2024-11-11T09:48:31.271+0000] {logging_mixin.py:190} INFO - [2024-11-11T09:48:31.270+0000] {dag.py:3239} INFO - Sync 1 DAGs
[2024-11-11T09:48:31.485+0000] {logging_mixin.py:190} INFO - [2024-11-11T09:48:31.485+0000] {dag.py:4180} INFO - Setting next_dagrun for parallel_dag to 2024-11-10 00:00:00+00:00, run_after=2024-11-11 00:00:00+00:00
[2024-11-11T09:48:31.732+0000] {processor.py:208} INFO - Processing /opt/airflow/dags/parallel_dag.py took 0.719 seconds
[2024-11-11T09:49:08.987+0000] {processor.py:186} INFO - Started process (PID=66) to work on /opt/airflow/dags/parallel_dag.py
[2024-11-11T09:49:08.989+0000] {processor.py:914} INFO - Processing file /opt/airflow/dags/parallel_dag.py for tasks to queue
[2024-11-11T09:49:09.001+0000] {logging_mixin.py:190} INFO - [2024-11-11T09:49:09.001+0000] {dagbag.py:588} INFO - Filling up the DagBag from /opt/airflow/dags/parallel_dag.py
[2024-11-11T09:49:09.059+0000] {processor.py:925} INFO - DAG(s) 'parallel_dag' retrieved from /opt/airflow/dags/parallel_dag.py
[2024-11-11T09:49:09.172+0000] {logging_mixin.py:190} INFO - [2024-11-11T09:49:09.171+0000] {dag.py:3239} INFO - Sync 1 DAGs
[2024-11-11T09:49:09.251+0000] {logging_mixin.py:190} INFO - [2024-11-11T09:49:09.250+0000] {dag.py:4180} INFO - Setting next_dagrun for parallel_dag to 2024-11-10 00:00:00+00:00, run_after=2024-11-11 00:00:00+00:00
[2024-11-11T09:49:09.335+0000] {processor.py:208} INFO - Processing /opt/airflow/dags/parallel_dag.py took 0.357 seconds
[2024-11-11T09:49:41.576+0000] {processor.py:186} INFO - Started process (PID=92) to work on /opt/airflow/dags/parallel_dag.py
[2024-11-11T09:49:41.578+0000] {processor.py:914} INFO - Processing file /opt/airflow/dags/parallel_dag.py for tasks to queue
[2024-11-11T09:49:41.581+0000] {logging_mixin.py:190} INFO - [2024-11-11T09:49:41.581+0000] {dagbag.py:588} INFO - Filling up the DagBag from /opt/airflow/dags/parallel_dag.py
[2024-11-11T09:49:41.603+0000] {processor.py:925} INFO - DAG(s) 'parallel_dag' retrieved from /opt/airflow/dags/parallel_dag.py
[2024-11-11T09:49:41.631+0000] {logging_mixin.py:190} INFO - [2024-11-11T09:49:41.630+0000] {dag.py:3239} INFO - Sync 1 DAGs
[2024-11-11T09:49:41.835+0000] {logging_mixin.py:190} INFO - [2024-11-11T09:49:41.835+0000] {dag.py:4180} INFO - Setting next_dagrun for parallel_dag to 2024-11-10 00:00:00+00:00, run_after=2024-11-11 00:00:00+00:00
[2024-11-11T09:49:41.876+0000] {processor.py:208} INFO - Processing /opt/airflow/dags/parallel_dag.py took 0.311 seconds
