[2024-11-11T09:48:28.109+0000] {processor.py:186} INFO - Started process (PID=67) to work on /opt/airflow/dags/parent_dag_for_subdags.py
[2024-11-11T09:48:28.142+0000] {processor.py:914} INFO - Processing file /opt/airflow/dags/parent_dag_for_subdags.py for tasks to queue
[2024-11-11T09:48:28.164+0000] {logging_mixin.py:190} INFO - [2024-11-11T09:48:28.164+0000] {dagbag.py:588} INFO - Filling up the DagBag from /opt/airflow/dags/parent_dag_for_subdags.py
[2024-11-11T09:48:28.390+0000] {processor.py:925} INFO - DAG(s) 'parent_dag_for_subdags.downloads', 'parent_dag_for_subdags.transforms', 'parent_dag_for_subdags' retrieved from /opt/airflow/dags/parent_dag_for_subdags.py
[2024-11-11T09:48:28.546+0000] {logging_mixin.py:190} INFO - [2024-11-11T09:48:28.545+0000] {dag.py:3239} INFO - Sync 3 DAGs
[2024-11-11T09:48:28.688+0000] {logging_mixin.py:190} INFO - [2024-11-11T09:48:28.688+0000] {dag.py:4180} INFO - Setting next_dagrun for parent_dag_for_subdags to 2024-11-10 00:00:00+00:00, run_after=2024-11-11 00:00:00+00:00
[2024-11-11T09:48:28.734+0000] {logging_mixin.py:190} INFO - [2024-11-11T09:48:28.733+0000] {dag.py:4180} INFO - Setting next_dagrun for parent_dag_for_subdags.downloads to None, run_after=None
[2024-11-11T09:48:28.736+0000] {logging_mixin.py:190} INFO - [2024-11-11T09:48:28.736+0000] {dag.py:4180} INFO - Setting next_dagrun for parent_dag_for_subdags.transforms to None, run_after=None
[2024-11-11T09:48:28.784+0000] {logging_mixin.py:190} INFO - [2024-11-11T09:48:28.784+0000] {dag.py:3239} INFO - Sync 2 DAGs
[2024-11-11T09:48:28.827+0000] {logging_mixin.py:190} INFO - [2024-11-11T09:48:28.826+0000] {dag.py:4180} INFO - Setting next_dagrun for parent_dag_for_subdags.downloads to None, run_after=None
[2024-11-11T09:48:28.845+0000] {logging_mixin.py:190} INFO - [2024-11-11T09:48:28.829+0000] {dag.py:4180} INFO - Setting next_dagrun for parent_dag_for_subdags.transforms to None, run_after=None
[2024-11-11T09:48:28.902+0000] {processor.py:208} INFO - Processing /opt/airflow/dags/parent_dag_for_subdags.py took 0.813 seconds
[2024-11-11T09:49:08.398+0000] {processor.py:186} INFO - Started process (PID=61) to work on /opt/airflow/dags/parent_dag_for_subdags.py
[2024-11-11T09:49:08.399+0000] {processor.py:914} INFO - Processing file /opt/airflow/dags/parent_dag_for_subdags.py for tasks to queue
[2024-11-11T09:49:08.402+0000] {logging_mixin.py:190} INFO - [2024-11-11T09:49:08.402+0000] {dagbag.py:588} INFO - Filling up the DagBag from /opt/airflow/dags/parent_dag_for_subdags.py
[2024-11-11T09:49:08.466+0000] {processor.py:925} INFO - DAG(s) 'parent_dag_for_subdags.downloads', 'parent_dag_for_subdags.transforms', 'parent_dag_for_subdags' retrieved from /opt/airflow/dags/parent_dag_for_subdags.py
[2024-11-11T09:49:08.488+0000] {logging_mixin.py:190} INFO - [2024-11-11T09:49:08.487+0000] {dag.py:3239} INFO - Sync 3 DAGs
[2024-11-11T09:49:08.517+0000] {logging_mixin.py:190} INFO - [2024-11-11T09:49:08.516+0000] {dag.py:4180} INFO - Setting next_dagrun for parent_dag_for_subdags to 2024-11-10 00:00:00+00:00, run_after=2024-11-11 00:00:00+00:00
[2024-11-11T09:49:08.521+0000] {logging_mixin.py:190} INFO - [2024-11-11T09:49:08.521+0000] {dag.py:4180} INFO - Setting next_dagrun for parent_dag_for_subdags.downloads to None, run_after=None
[2024-11-11T09:49:08.524+0000] {logging_mixin.py:190} INFO - [2024-11-11T09:49:08.524+0000] {dag.py:4180} INFO - Setting next_dagrun for parent_dag_for_subdags.transforms to None, run_after=None
[2024-11-11T09:49:08.532+0000] {logging_mixin.py:190} INFO - [2024-11-11T09:49:08.532+0000] {dag.py:3239} INFO - Sync 2 DAGs
[2024-11-11T09:49:08.691+0000] {logging_mixin.py:190} INFO - [2024-11-11T09:49:08.691+0000] {dag.py:4180} INFO - Setting next_dagrun for parent_dag_for_subdags.downloads to None, run_after=None
[2024-11-11T09:49:08.692+0000] {logging_mixin.py:190} INFO - [2024-11-11T09:49:08.692+0000] {dag.py:4180} INFO - Setting next_dagrun for parent_dag_for_subdags.transforms to None, run_after=None
[2024-11-11T09:49:08.711+0000] {processor.py:208} INFO - Processing /opt/airflow/dags/parent_dag_for_subdags.py took 0.319 seconds
[2024-11-11T09:49:40.533+0000] {processor.py:186} INFO - Started process (PID=87) to work on /opt/airflow/dags/parent_dag_for_subdags.py
[2024-11-11T09:49:40.535+0000] {processor.py:914} INFO - Processing file /opt/airflow/dags/parent_dag_for_subdags.py for tasks to queue
[2024-11-11T09:49:40.539+0000] {logging_mixin.py:190} INFO - [2024-11-11T09:49:40.539+0000] {dagbag.py:588} INFO - Filling up the DagBag from /opt/airflow/dags/parent_dag_for_subdags.py
[2024-11-11T09:49:40.615+0000] {processor.py:925} INFO - DAG(s) 'parent_dag_for_subdags.downloads', 'parent_dag_for_subdags.transforms', 'parent_dag_for_subdags' retrieved from /opt/airflow/dags/parent_dag_for_subdags.py
[2024-11-11T09:49:40.644+0000] {logging_mixin.py:190} INFO - [2024-11-11T09:49:40.644+0000] {dag.py:3239} INFO - Sync 3 DAGs
[2024-11-11T09:49:40.861+0000] {logging_mixin.py:190} INFO - [2024-11-11T09:49:40.860+0000] {dag.py:4180} INFO - Setting next_dagrun for parent_dag_for_subdags to 2024-11-10 00:00:00+00:00, run_after=2024-11-11 00:00:00+00:00
[2024-11-11T09:49:40.871+0000] {logging_mixin.py:190} INFO - [2024-11-11T09:49:40.870+0000] {dag.py:4180} INFO - Setting next_dagrun for parent_dag_for_subdags.downloads to None, run_after=None
[2024-11-11T09:49:40.873+0000] {logging_mixin.py:190} INFO - [2024-11-11T09:49:40.872+0000] {dag.py:4180} INFO - Setting next_dagrun for parent_dag_for_subdags.transforms to None, run_after=None
[2024-11-11T09:49:40.882+0000] {logging_mixin.py:190} INFO - [2024-11-11T09:49:40.882+0000] {dag.py:3239} INFO - Sync 2 DAGs
[2024-11-11T09:49:40.889+0000] {logging_mixin.py:190} INFO - [2024-11-11T09:49:40.889+0000] {dag.py:4180} INFO - Setting next_dagrun for parent_dag_for_subdags.downloads to None, run_after=None
[2024-11-11T09:49:40.890+0000] {logging_mixin.py:190} INFO - [2024-11-11T09:49:40.890+0000] {dag.py:4180} INFO - Setting next_dagrun for parent_dag_for_subdags.transforms to None, run_after=None
[2024-11-11T09:49:40.903+0000] {processor.py:208} INFO - Processing /opt/airflow/dags/parent_dag_for_subdags.py took 0.378 seconds
