[2024-11-11T09:48:32.900+0000] {processor.py:186} INFO - Started process (PID=78) to work on /opt/airflow/dags/producer.py
[2024-11-11T09:48:32.953+0000] {processor.py:914} INFO - Processing file /opt/airflow/dags/producer.py for tasks to queue
[2024-11-11T09:48:33.009+0000] {logging_mixin.py:190} INFO - [2024-11-11T09:48:32.960+0000] {dagbag.py:588} INFO - Filling up the DagBag from /opt/airflow/dags/producer.py
[2024-11-11T09:48:33.155+0000] {processor.py:925} INFO - DAG(s) 'producer' retrieved from /opt/airflow/dags/producer.py
[2024-11-11T09:48:33.253+0000] {logging_mixin.py:190} INFO - [2024-11-11T09:48:33.253+0000] {dag.py:3239} INFO - Sync 1 DAGs
[2024-11-11T09:48:33.355+0000] {logging_mixin.py:190} INFO - [2024-11-11T09:48:33.354+0000] {dag.py:4180} INFO - Setting next_dagrun for producer to 2024-11-10 00:00:00+00:00, run_after=2024-11-11 00:00:00+00:00
[2024-11-11T09:48:33.522+0000] {processor.py:208} INFO - Processing /opt/airflow/dags/producer.py took 0.779 seconds
[2024-11-11T09:49:09.470+0000] {processor.py:186} INFO - Started process (PID=68) to work on /opt/airflow/dags/producer.py
[2024-11-11T09:49:09.472+0000] {processor.py:914} INFO - Processing file /opt/airflow/dags/producer.py for tasks to queue
[2024-11-11T09:49:09.479+0000] {logging_mixin.py:190} INFO - [2024-11-11T09:49:09.478+0000] {dagbag.py:588} INFO - Filling up the DagBag from /opt/airflow/dags/producer.py
[2024-11-11T09:49:09.510+0000] {processor.py:925} INFO - DAG(s) 'producer' retrieved from /opt/airflow/dags/producer.py
[2024-11-11T09:49:09.538+0000] {logging_mixin.py:190} INFO - [2024-11-11T09:49:09.538+0000] {dag.py:3239} INFO - Sync 1 DAGs
[2024-11-11T09:49:09.571+0000] {logging_mixin.py:190} INFO - [2024-11-11T09:49:09.570+0000] {dag.py:4180} INFO - Setting next_dagrun for producer to 2024-11-10 00:00:00+00:00, run_after=2024-11-11 00:00:00+00:00
[2024-11-11T09:49:09.601+0000] {processor.py:208} INFO - Processing /opt/airflow/dags/producer.py took 0.144 seconds
[2024-11-11T09:49:41.959+0000] {processor.py:186} INFO - Started process (PID=94) to work on /opt/airflow/dags/producer.py
[2024-11-11T09:49:41.960+0000] {processor.py:914} INFO - Processing file /opt/airflow/dags/producer.py for tasks to queue
[2024-11-11T09:49:41.964+0000] {logging_mixin.py:190} INFO - [2024-11-11T09:49:41.963+0000] {dagbag.py:588} INFO - Filling up the DagBag from /opt/airflow/dags/producer.py
[2024-11-11T09:49:41.994+0000] {processor.py:925} INFO - DAG(s) 'producer' retrieved from /opt/airflow/dags/producer.py
[2024-11-11T09:49:42.024+0000] {logging_mixin.py:190} INFO - [2024-11-11T09:49:42.024+0000] {dag.py:3239} INFO - Sync 1 DAGs
[2024-11-11T09:49:42.058+0000] {logging_mixin.py:190} INFO - [2024-11-11T09:49:42.058+0000] {dag.py:4180} INFO - Setting next_dagrun for producer to 2024-11-10 00:00:00+00:00, run_after=2024-11-11 00:00:00+00:00
[2024-11-11T09:49:42.230+0000] {processor.py:208} INFO - Processing /opt/airflow/dags/producer.py took 0.280 seconds
