[2024-11-11T09:48:27.369+0000] {processor.py:186} INFO - Started process (PID=66) to work on /opt/airflow/dags/xcom_dag.py
[2024-11-11T09:48:27.392+0000] {processor.py:914} INFO - Processing file /opt/airflow/dags/xcom_dag.py for tasks to queue
[2024-11-11T09:48:27.403+0000] {logging_mixin.py:190} INFO - [2024-11-11T09:48:27.403+0000] {dagbag.py:588} INFO - Filling up the DagBag from /opt/airflow/dags/xcom_dag.py
[2024-11-11T09:48:27.437+0000] {processor.py:925} INFO - DAG(s) 'xcom_dag' retrieved from /opt/airflow/dags/xcom_dag.py
[2024-11-11T09:48:27.587+0000] {logging_mixin.py:190} INFO - [2024-11-11T09:48:27.586+0000] {dag.py:3239} INFO - Sync 1 DAGs
[2024-11-11T09:48:27.794+0000] {logging_mixin.py:190} INFO - [2024-11-11T09:48:27.794+0000] {dag.py:4180} INFO - Setting next_dagrun for xcom_dag to 2024-11-10 00:00:00+00:00, run_after=2024-11-11 00:00:00+00:00
[2024-11-11T09:48:27.961+0000] {processor.py:208} INFO - Processing /opt/airflow/dags/xcom_dag.py took 0.597 seconds
[2024-11-11T09:49:08.234+0000] {processor.py:186} INFO - Started process (PID=60) to work on /opt/airflow/dags/xcom_dag.py
[2024-11-11T09:49:08.235+0000] {processor.py:914} INFO - Processing file /opt/airflow/dags/xcom_dag.py for tasks to queue
[2024-11-11T09:49:08.238+0000] {logging_mixin.py:190} INFO - [2024-11-11T09:49:08.237+0000] {dagbag.py:588} INFO - Filling up the DagBag from /opt/airflow/dags/xcom_dag.py
[2024-11-11T09:49:08.261+0000] {processor.py:925} INFO - DAG(s) 'xcom_dag' retrieved from /opt/airflow/dags/xcom_dag.py
[2024-11-11T09:49:08.293+0000] {logging_mixin.py:190} INFO - [2024-11-11T09:49:08.292+0000] {dag.py:3239} INFO - Sync 1 DAGs
[2024-11-11T09:49:08.335+0000] {logging_mixin.py:190} INFO - [2024-11-11T09:49:08.335+0000] {dag.py:4180} INFO - Setting next_dagrun for xcom_dag to 2024-11-10 00:00:00+00:00, run_after=2024-11-11 00:00:00+00:00
[2024-11-11T09:49:08.357+0000] {processor.py:208} INFO - Processing /opt/airflow/dags/xcom_dag.py took 0.130 seconds
[2024-11-11T09:49:40.190+0000] {processor.py:186} INFO - Started process (PID=85) to work on /opt/airflow/dags/xcom_dag.py
[2024-11-11T09:49:40.191+0000] {processor.py:914} INFO - Processing file /opt/airflow/dags/xcom_dag.py for tasks to queue
[2024-11-11T09:49:40.194+0000] {logging_mixin.py:190} INFO - [2024-11-11T09:49:40.194+0000] {dagbag.py:588} INFO - Filling up the DagBag from /opt/airflow/dags/xcom_dag.py
[2024-11-11T09:49:40.230+0000] {processor.py:925} INFO - DAG(s) 'xcom_dag' retrieved from /opt/airflow/dags/xcom_dag.py
[2024-11-11T09:49:40.264+0000] {logging_mixin.py:190} INFO - [2024-11-11T09:49:40.264+0000] {dag.py:3239} INFO - Sync 1 DAGs
[2024-11-11T09:49:40.448+0000] {logging_mixin.py:190} INFO - [2024-11-11T09:49:40.448+0000] {dag.py:4180} INFO - Setting next_dagrun for xcom_dag to 2024-11-10 00:00:00+00:00, run_after=2024-11-11 00:00:00+00:00
[2024-11-11T09:49:40.475+0000] {processor.py:208} INFO - Processing /opt/airflow/dags/xcom_dag.py took 0.292 seconds
