[2024-11-08T13:27:57.712+0000] {local_task_job_runner.py:123} INFO - ::group::Pre task execution logs
[2024-11-08T13:27:57.738+0000] {taskinstance.py:2612} INFO - Dependencies all met for dep_context=non-requeueable deps ti=<TaskInstance: check_variables.get_variables_context manual__2024-11-08T13:27:11.281787+00:00 [queued]>
[2024-11-08T13:27:57.749+0000] {taskinstance.py:2612} INFO - Dependencies all met for dep_context=requeueable deps ti=<TaskInstance: check_variables.get_variables_context manual__2024-11-08T13:27:11.281787+00:00 [queued]>
[2024-11-08T13:27:57.750+0000] {taskinstance.py:2865} INFO - Starting attempt 2 of 2
[2024-11-08T13:27:57.769+0000] {taskinstance.py:2888} INFO - Executing <Task(_PythonDecoratedOperator): get_variables_context> on 2024-11-08 13:27:11.281787+00:00
[2024-11-08T13:27:57.775+0000] {warnings.py:112} WARNING - /home/***/.local/lib/python3.12/site-packages/***/task/task_runner/standard_task_runner.py:70: DeprecationWarning: This process (pid=639) is multi-threaded, use of fork() may lead to deadlocks in the child.
  pid = os.fork()

[2024-11-08T13:27:57.777+0000] {standard_task_runner.py:72} INFO - Started process 640 to run task
[2024-11-08T13:27:57.778+0000] {standard_task_runner.py:104} INFO - Running: ['***', 'tasks', 'run', 'check_variables', 'get_variables_context', 'manual__2024-11-08T13:27:11.281787+00:00', '--job-id', '42', '--raw', '--subdir', 'DAGS_FOLDER/check_variables.py', '--cfg-path', '/tmp/tmp1rwmx6m7']
[2024-11-08T13:27:57.779+0000] {standard_task_runner.py:105} INFO - Job 42: Subtask get_variables_context
[2024-11-08T13:27:57.850+0000] {task_command.py:467} INFO - Running <TaskInstance: check_variables.get_variables_context manual__2024-11-08T13:27:11.281787+00:00 [running]> on host ba822abb79dd
[2024-11-08T13:27:58.689+0000] {taskinstance.py:3131} INFO - Exporting env vars: AIRFLOW_CTX_DAG_OWNER='***' AIRFLOW_CTX_DAG_ID='check_variables' AIRFLOW_CTX_TASK_ID='get_variables_context' AIRFLOW_CTX_EXECUTION_DATE='2024-11-08T13:27:11.281787+00:00' AIRFLOW_CTX_TRY_NUMBER='2' AIRFLOW_CTX_DAG_RUN_ID='manual__2024-11-08T13:27:11.281787+00:00'
[2024-11-08T13:27:58.690+0000] {taskinstance.py:731} INFO - ::endgroup::
[2024-11-08T13:27:58.724+0000] {logging_mixin.py:190} INFO - Hi Context! My name is Jerin, I'm 33 years old and I'm working in Aligned Automation
[2024-11-08T13:27:58.725+0000] {python.py:240} INFO - Done. Returned value was: None
[2024-11-08T13:27:58.741+0000] {taskinstance.py:340} INFO - ::group::Post task execution logs
[2024-11-08T13:27:58.742+0000] {taskinstance.py:352} INFO - Marking task as SUCCESS. dag_id=check_variables, task_id=get_variables_context, run_id=manual__2024-11-08T13:27:11.281787+00:00, execution_date=20241108T132711, start_date=20241108T132757, end_date=20241108T132758
[2024-11-08T13:27:58.798+0000] {local_task_job_runner.py:266} INFO - Task exited with return code 0
[2024-11-08T13:27:58.821+0000] {taskinstance.py:3900} INFO - 0 downstream tasks scheduled from follow-on schedule check
[2024-11-08T13:27:58.825+0000] {local_task_job_runner.py:245} INFO - ::endgroup::
