[2024-11-06T16:30:37.490+0000] {local_task_job_runner.py:123} INFO - ::group::Pre task execution logs
[2024-11-06T16:30:37.515+0000] {taskinstance.py:2612} INFO - Dependencies all met for dep_context=non-requeueable deps ti=<TaskInstance: parent_dag_for_subdags.downloads.download_b scheduled__2024-11-06T16:30:34.237675+00:00 [queued]>
[2024-11-06T16:30:37.530+0000] {taskinstance.py:2612} INFO - Dependencies all met for dep_context=requeueable deps ti=<TaskInstance: parent_dag_for_subdags.downloads.download_b scheduled__2024-11-06T16:30:34.237675+00:00 [queued]>
[2024-11-06T16:30:37.531+0000] {taskinstance.py:2865} INFO - Starting attempt 1 of 1
[2024-11-06T16:30:37.554+0000] {taskinstance.py:2888} INFO - Executing <Task(BashOperator): download_b> on 2024-11-06 16:30:34.237675+00:00
[2024-11-06T16:30:37.565+0000] {warnings.py:112} WARNING - /home/***/.local/lib/python3.12/site-packages/***/task/task_runner/standard_task_runner.py:70: DeprecationWarning: This process (pid=428) is multi-threaded, use of fork() may lead to deadlocks in the child.
  pid = os.fork()

[2024-11-06T16:30:37.568+0000] {standard_task_runner.py:72} INFO - Started process 433 to run task
[2024-11-06T16:30:37.568+0000] {standard_task_runner.py:104} INFO - Running: ['***', 'tasks', 'run', 'parent_dag_for_subdags.downloads', 'download_b', 'scheduled__2024-11-06T16:30:34.237675+00:00', '--job-id', '134', '--raw', '--subdir', 'DAGS_FOLDER/parent_dag_for_subdags.py', '--cfg-path', '/tmp/tmpjtohz7dm']
[2024-11-06T16:30:37.573+0000] {standard_task_runner.py:105} INFO - Job 134: Subtask download_b
[2024-11-06T16:30:37.659+0000] {task_command.py:467} INFO - Running <TaskInstance: parent_dag_for_subdags.downloads.download_b scheduled__2024-11-06T16:30:34.237675+00:00 [running]> on host 66acfa37dd15
[2024-11-06T16:30:37.773+0000] {taskinstance.py:3131} INFO - Exporting env vars: AIRFLOW_CTX_DAG_OWNER='***' AIRFLOW_CTX_DAG_ID='parent_dag_for_subdags.downloads' AIRFLOW_CTX_TASK_ID='download_b' AIRFLOW_CTX_EXECUTION_DATE='2024-11-06T16:30:34.237675+00:00' AIRFLOW_CTX_TRY_NUMBER='1' AIRFLOW_CTX_DAG_RUN_ID='scheduled__2024-11-06T16:30:34.237675+00:00'
[2024-11-06T16:30:37.774+0000] {taskinstance.py:731} INFO - ::endgroup::
[2024-11-06T16:30:37.796+0000] {subprocess.py:63} INFO - Tmp dir root location: /tmp
[2024-11-06T16:30:37.799+0000] {subprocess.py:75} INFO - Running command: ['/usr/bin/bash', '-c', 'sleep 10']
[2024-11-06T16:30:37.816+0000] {subprocess.py:86} INFO - Output:
[2024-11-06T16:30:47.820+0000] {subprocess.py:97} INFO - Command exited with return code 0
[2024-11-06T16:30:47.848+0000] {taskinstance.py:340} INFO - ::group::Post task execution logs
[2024-11-06T16:30:47.849+0000] {taskinstance.py:352} INFO - Marking task as SUCCESS. dag_id=parent_dag_for_subdags.downloads, task_id=download_b, run_id=scheduled__2024-11-06T16:30:34.237675+00:00, execution_date=20241106T163034, start_date=20241106T163037, end_date=20241106T163047
[2024-11-06T16:30:47.936+0000] {local_task_job_runner.py:266} INFO - Task exited with return code 0
[2024-11-06T16:30:47.953+0000] {local_task_job_runner.py:245} INFO - ::endgroup::
