[2024-11-06T16:31:48.884+0000] {local_task_job_runner.py:123} INFO - ::group::Pre task execution logs
[2024-11-06T16:31:48.906+0000] {taskinstance.py:2612} INFO - Dependencies all met for dep_context=non-requeueable deps ti=<TaskInstance: parent_dag_for_subdags.transforms scheduled__2024-11-05T00:00:00+00:00 [queued]>
[2024-11-06T16:31:48.919+0000] {taskinstance.py:2612} INFO - Dependencies all met for dep_context=requeueable deps ti=<TaskInstance: parent_dag_for_subdags.transforms scheduled__2024-11-05T00:00:00+00:00 [queued]>
[2024-11-06T16:31:48.920+0000] {taskinstance.py:2865} INFO - Starting attempt 1 of 1
[2024-11-06T16:31:48.937+0000] {taskinstance.py:2888} INFO - Executing <Task(SubDagOperator): transforms> on 2024-11-05 00:00:00+00:00
[2024-11-06T16:31:48.945+0000] {warnings.py:112} WARNING - /home/***/.local/lib/python3.12/site-packages/***/task/task_runner/standard_task_runner.py:70: DeprecationWarning: This process (pid=472) is multi-threaded, use of fork() may lead to deadlocks in the child.
  pid = os.fork()

[2024-11-06T16:31:48.947+0000] {standard_task_runner.py:72} INFO - Started process 482 to run task
[2024-11-06T16:31:48.947+0000] {standard_task_runner.py:104} INFO - Running: ['***', 'tasks', 'run', 'parent_dag_for_subdags', 'transforms', 'scheduled__2024-11-05T00:00:00+00:00', '--job-id', '141', '--raw', '--subdir', 'DAGS_FOLDER/parent_dag_for_subdags.py', '--cfg-path', '/tmp/tmp9cid1k98']
[2024-11-06T16:31:48.948+0000] {standard_task_runner.py:105} INFO - Job 141: Subtask transforms
[2024-11-06T16:31:49.004+0000] {task_command.py:467} INFO - Running <TaskInstance: parent_dag_for_subdags.transforms scheduled__2024-11-05T00:00:00+00:00 [running]> on host 66acfa37dd15
[2024-11-06T16:31:49.091+0000] {taskinstance.py:3131} INFO - Exporting env vars: AIRFLOW_CTX_DAG_OWNER='***' AIRFLOW_CTX_DAG_ID='parent_dag_for_subdags' AIRFLOW_CTX_TASK_ID='transforms' AIRFLOW_CTX_EXECUTION_DATE='2024-11-05T00:00:00+00:00' AIRFLOW_CTX_TRY_NUMBER='1' AIRFLOW_CTX_DAG_RUN_ID='scheduled__2024-11-05T00:00:00+00:00'
[2024-11-06T16:31:49.092+0000] {warnings.py:112} WARNING - /home/***/.local/lib/python3.12/site-packages/***/operators/subdag.py:167: AirflowContextDeprecationWarning: Accessing 'execution_date' from the template is deprecated and will be removed in a future version. Please use 'data_interval_start' or 'logical_date' instead.
  execution_date = context["execution_date"]

[2024-11-06T16:31:49.123+0000] {subdag.py:183} INFO - Created DagRun: scheduled__2024-11-05T00:00:00+00:00
[2024-11-06T16:31:49.124+0000] {taskinstance.py:731} INFO - ::endgroup::
[2024-11-06T16:31:49.138+0000] {warnings.py:112} WARNING - /home/***/.local/lib/python3.12/site-packages/***/operators/subdag.py:190: AirflowContextDeprecationWarning: Accessing 'execution_date' from the template is deprecated and will be removed in a future version. Please use 'data_interval_start' or 'logical_date' instead.
  execution_date = context["execution_date"]

[2024-11-06T16:32:49.150+0000] {base.py:336} INFO - Success criteria met. Exiting.
[2024-11-06T16:32:49.151+0000] {warnings.py:112} WARNING - /home/***/.local/lib/python3.12/site-packages/***/operators/subdag.py:196: AirflowContextDeprecationWarning: Accessing 'execution_date' from the template is deprecated and will be removed in a future version. Please use 'data_interval_start' or 'logical_date' instead.
  execution_date = context["execution_date"]

[2024-11-06T16:32:49.157+0000] {subdag.py:198} INFO - Execution finished. State is success
[2024-11-06T16:32:49.167+0000] {taskinstance.py:340} INFO - ::group::Post task execution logs
[2024-11-06T16:32:49.168+0000] {taskinstance.py:352} INFO - Marking task as SUCCESS. dag_id=parent_dag_for_subdags, task_id=transforms, run_id=scheduled__2024-11-05T00:00:00+00:00, execution_date=20241105T000000, start_date=20241106T163148, end_date=20241106T163249
[2024-11-06T16:32:49.193+0000] {local_task_job_runner.py:266} INFO - Task exited with return code 0
[2024-11-06T16:32:49.208+0000] {taskinstance.py:3900} INFO - 0 downstream tasks scheduled from follow-on schedule check
[2024-11-06T16:32:49.212+0000] {local_task_job_runner.py:245} INFO - ::endgroup::
