[2024-11-05T09:06:59.451+0000] {local_task_job_runner.py:123} INFO - ::group::Pre task execution logs
[2024-11-05T09:06:59.468+0000] {taskinstance.py:2612} INFO - Dependencies all met for dep_context=non-requeueable deps ti=<TaskInstance: user_processing.create_table manual__2024-11-05T09:06:57.086915+00:00 [queued]>
[2024-11-05T09:06:59.476+0000] {taskinstance.py:2612} INFO - Dependencies all met for dep_context=requeueable deps ti=<TaskInstance: user_processing.create_table manual__2024-11-05T09:06:57.086915+00:00 [queued]>
[2024-11-05T09:06:59.477+0000] {taskinstance.py:2865} INFO - Starting attempt 1 of 1
[2024-11-05T09:06:59.492+0000] {taskinstance.py:2888} INFO - Executing <Task(PostgresOperator): create_table> on 2024-11-05 09:06:57.086915+00:00
[2024-11-05T09:06:59.499+0000] {warnings.py:112} WARNING - /home/***/.local/lib/python3.12/site-packages/***/task/task_runner/standard_task_runner.py:70: DeprecationWarning: This process (pid=207) is multi-threaded, use of fork() may lead to deadlocks in the child.
  pid = os.fork()

[2024-11-05T09:06:59.501+0000] {standard_task_runner.py:72} INFO - Started process 209 to run task
[2024-11-05T09:06:59.501+0000] {standard_task_runner.py:104} INFO - Running: ['***', 'tasks', 'run', 'user_processing', 'create_table', 'manual__2024-11-05T09:06:57.086915+00:00', '--job-id', '39', '--raw', '--subdir', 'DAGS_FOLDER/user-processing.py', '--cfg-path', '/tmp/tmpsxsxfhzb']
[2024-11-05T09:06:59.502+0000] {standard_task_runner.py:105} INFO - Job 39: Subtask create_table
[2024-11-05T09:06:59.552+0000] {task_command.py:467} INFO - Running <TaskInstance: user_processing.create_table manual__2024-11-05T09:06:57.086915+00:00 [running]> on host 3a4fba066ec8
[2024-11-05T09:06:59.639+0000] {taskinstance.py:3131} INFO - Exporting env vars: AIRFLOW_CTX_DAG_OWNER='***' AIRFLOW_CTX_DAG_ID='user_processing' AIRFLOW_CTX_TASK_ID='create_table' AIRFLOW_CTX_EXECUTION_DATE='2024-11-05T09:06:57.086915+00:00' AIRFLOW_CTX_TRY_NUMBER='1' AIRFLOW_CTX_DAG_RUN_ID='manual__2024-11-05T09:06:57.086915+00:00'
[2024-11-05T09:06:59.641+0000] {logging_mixin.py:190} INFO - Task instance is in running state
[2024-11-05T09:06:59.642+0000] {logging_mixin.py:190} INFO -  Previous state of the Task instance: queued
[2024-11-05T09:06:59.642+0000] {logging_mixin.py:190} INFO - Current task name:create_table state:running start_date:2024-11-05 09:06:59.469124+00:00
[2024-11-05T09:06:59.643+0000] {logging_mixin.py:190} INFO - Dag name:user_processing and current dag run status:running
[2024-11-05T09:06:59.643+0000] {taskinstance.py:731} INFO - ::endgroup::
[2024-11-05T09:06:59.644+0000] {sql.py:266} INFO - Executing: 
            CREATE TABLE IF NOT EXISTS users (
                firstname TEXT NOT NULL,
                lastname TEXT NOT NULL,
                country TEXT NOT NULL,
                username TEXT NOT NULL,
                password TEXT NOT NULL,
                email TEXT NOT NULL
            );
        
[2024-11-05T09:06:59.652+0000] {base.py:84} INFO - Retrieving connection 'postgres'
[2024-11-05T09:06:59.659+0000] {base.py:84} INFO - Retrieving connection 'postgres'
[2024-11-05T09:06:59.663+0000] {sql.py:509} INFO - Running statement: 
            CREATE TABLE IF NOT EXISTS users (
                firstname TEXT NOT NULL,
                lastname TEXT NOT NULL,
                country TEXT NOT NULL,
                username TEXT NOT NULL,
                password TEXT NOT NULL,
                email TEXT NOT NULL
            );
        , parameters: None
[2024-11-05T09:06:59.672+0000] {taskinstance.py:340} INFO - ::group::Post task execution logs
[2024-11-05T09:06:59.673+0000] {taskinstance.py:352} INFO - Marking task as SUCCESS. dag_id=user_processing, task_id=create_table, run_id=manual__2024-11-05T09:06:57.086915+00:00, execution_date=20241105T090657, start_date=20241105T090659, end_date=20241105T090659
[2024-11-05T09:06:59.683+0000] {logging_mixin.py:190} INFO - Task instance in success state
[2024-11-05T09:06:59.684+0000] {logging_mixin.py:190} INFO -  Previous state of the Task instance: running
[2024-11-05T09:06:59.685+0000] {logging_mixin.py:190} INFO - Dag name:user_processing queued_at:2024-11-05 09:06:57.103893+00:00
[2024-11-05T09:06:59.685+0000] {logging_mixin.py:190} INFO - Task hostname:3a4fba066ec8 operator:PostgresOperator
[2024-11-05T09:06:59.717+0000] {local_task_job_runner.py:266} INFO - Task exited with return code 0
[2024-11-05T09:06:59.727+0000] {warnings.py:112} WARNING - /home/***/.local/lib/python3.12/site-packages/***/models/baseoperator.py:1378: AirflowProviderDeprecationWarning: Call to deprecated class SimpleHttpOperator. (Class `SimpleHttpOperator` is deprecated and will be removed in a future release. Please use `HttpOperator` instead.)
  result = cls.__new__(cls)

[2024-11-05T09:06:59.728+0000] {warnings.py:112} WARNING - /home/***/.local/lib/python3.12/site-packages/***/models/baseoperator.py:1378: AirflowProviderDeprecationWarning: Call to deprecated class PostgresOperator. (Please use `***.providers.common.sql.operators.sql.SQLExecuteQueryOperator`.Also, you can provide `hook_params={'schema': <database>}`.)
  result = cls.__new__(cls)

[2024-11-05T09:06:59.745+0000] {taskinstance.py:3900} INFO - 1 downstream tasks scheduled from follow-on schedule check
[2024-11-05T09:06:59.749+0000] {local_task_job_runner.py:245} INFO - ::endgroup::
