[2024-11-06T16:02:41.760+0000] {processor.py:186} INFO - Started process (PID=72) to work on /opt/airflow/dags/taskgroup/taskgroup_downloads.py
[2024-11-06T16:02:41.766+0000] {processor.py:914} INFO - Processing file /opt/airflow/dags/taskgroup/taskgroup_downloads.py for tasks to queue
[2024-11-06T16:02:41.776+0000] {logging_mixin.py:190} INFO - [2024-11-06T16:02:41.775+0000] {dagbag.py:588} INFO - Filling up the DagBag from /opt/airflow/dags/taskgroup/taskgroup_downloads.py
[2024-11-06T16:02:41.874+0000] {processor.py:927} WARNING - No viable dags retrieved from /opt/airflow/dags/taskgroup/taskgroup_downloads.py
[2024-11-06T16:02:41.932+0000] {processor.py:208} INFO - Processing /opt/airflow/dags/taskgroup/taskgroup_downloads.py took 0.192 seconds
[2024-11-06T16:03:12.425+0000] {processor.py:186} INFO - Started process (PID=89) to work on /opt/airflow/dags/taskgroup/taskgroup_downloads.py
[2024-11-06T16:03:12.426+0000] {processor.py:914} INFO - Processing file /opt/airflow/dags/taskgroup/taskgroup_downloads.py for tasks to queue
[2024-11-06T16:03:12.430+0000] {logging_mixin.py:190} INFO - [2024-11-06T16:03:12.429+0000] {dagbag.py:588} INFO - Filling up the DagBag from /opt/airflow/dags/taskgroup/taskgroup_downloads.py
[2024-11-06T16:03:12.451+0000] {processor.py:927} WARNING - No viable dags retrieved from /opt/airflow/dags/taskgroup/taskgroup_downloads.py
[2024-11-06T16:03:12.467+0000] {processor.py:208} INFO - Processing /opt/airflow/dags/taskgroup/taskgroup_downloads.py took 0.052 seconds
[2024-11-06T16:03:43.155+0000] {processor.py:186} INFO - Started process (PID=106) to work on /opt/airflow/dags/taskgroup/taskgroup_downloads.py
[2024-11-06T16:03:43.157+0000] {processor.py:914} INFO - Processing file /opt/airflow/dags/taskgroup/taskgroup_downloads.py for tasks to queue
[2024-11-06T16:03:43.188+0000] {logging_mixin.py:190} INFO - [2024-11-06T16:03:43.186+0000] {dagbag.py:588} INFO - Filling up the DagBag from /opt/airflow/dags/taskgroup/taskgroup_downloads.py
[2024-11-06T16:03:43.266+0000] {processor.py:927} WARNING - No viable dags retrieved from /opt/airflow/dags/taskgroup/taskgroup_downloads.py
[2024-11-06T16:03:43.310+0000] {processor.py:208} INFO - Processing /opt/airflow/dags/taskgroup/taskgroup_downloads.py took 0.181 seconds
[2024-11-06T16:04:13.395+0000] {processor.py:186} INFO - Started process (PID=121) to work on /opt/airflow/dags/taskgroup/taskgroup_downloads.py
[2024-11-06T16:04:13.396+0000] {processor.py:914} INFO - Processing file /opt/airflow/dags/taskgroup/taskgroup_downloads.py for tasks to queue
[2024-11-06T16:04:13.399+0000] {logging_mixin.py:190} INFO - [2024-11-06T16:04:13.399+0000] {dagbag.py:588} INFO - Filling up the DagBag from /opt/airflow/dags/taskgroup/taskgroup_downloads.py
[2024-11-06T16:04:13.418+0000] {processor.py:927} WARNING - No viable dags retrieved from /opt/airflow/dags/taskgroup/taskgroup_downloads.py
[2024-11-06T16:04:13.434+0000] {processor.py:208} INFO - Processing /opt/airflow/dags/taskgroup/taskgroup_downloads.py took 0.049 seconds
[2024-11-06T16:04:43.495+0000] {processor.py:186} INFO - Started process (PID=138) to work on /opt/airflow/dags/taskgroup/taskgroup_downloads.py
[2024-11-06T16:04:43.496+0000] {processor.py:914} INFO - Processing file /opt/airflow/dags/taskgroup/taskgroup_downloads.py for tasks to queue
[2024-11-06T16:04:43.499+0000] {logging_mixin.py:190} INFO - [2024-11-06T16:04:43.498+0000] {dagbag.py:588} INFO - Filling up the DagBag from /opt/airflow/dags/taskgroup/taskgroup_downloads.py
[2024-11-06T16:04:43.516+0000] {processor.py:927} WARNING - No viable dags retrieved from /opt/airflow/dags/taskgroup/taskgroup_downloads.py
[2024-11-06T16:04:43.529+0000] {processor.py:208} INFO - Processing /opt/airflow/dags/taskgroup/taskgroup_downloads.py took 0.041 seconds
[2024-11-06T16:06:51.645+0000] {processor.py:186} INFO - Started process (PID=73) to work on /opt/airflow/dags/taskgroup/taskgroup_downloads.py
[2024-11-06T16:06:51.646+0000] {processor.py:914} INFO - Processing file /opt/airflow/dags/taskgroup/taskgroup_downloads.py for tasks to queue
[2024-11-06T16:06:51.653+0000] {logging_mixin.py:190} INFO - [2024-11-06T16:06:51.652+0000] {dagbag.py:588} INFO - Filling up the DagBag from /opt/airflow/dags/taskgroup/taskgroup_downloads.py
[2024-11-06T16:06:51.679+0000] {processor.py:927} WARNING - No viable dags retrieved from /opt/airflow/dags/taskgroup/taskgroup_downloads.py
[2024-11-06T16:06:51.705+0000] {processor.py:208} INFO - Processing /opt/airflow/dags/taskgroup/taskgroup_downloads.py took 0.075 seconds
[2024-11-06T16:07:22.347+0000] {processor.py:186} INFO - Started process (PID=90) to work on /opt/airflow/dags/taskgroup/taskgroup_downloads.py
[2024-11-06T16:07:22.348+0000] {processor.py:914} INFO - Processing file /opt/airflow/dags/taskgroup/taskgroup_downloads.py for tasks to queue
[2024-11-06T16:07:22.351+0000] {logging_mixin.py:190} INFO - [2024-11-06T16:07:22.351+0000] {dagbag.py:588} INFO - Filling up the DagBag from /opt/airflow/dags/taskgroup/taskgroup_downloads.py
[2024-11-06T16:07:22.370+0000] {processor.py:927} WARNING - No viable dags retrieved from /opt/airflow/dags/taskgroup/taskgroup_downloads.py
[2024-11-06T16:07:22.386+0000] {processor.py:208} INFO - Processing /opt/airflow/dags/taskgroup/taskgroup_downloads.py took 0.045 seconds
[2024-11-06T16:07:52.533+0000] {processor.py:186} INFO - Started process (PID=107) to work on /opt/airflow/dags/taskgroup/taskgroup_downloads.py
[2024-11-06T16:07:52.534+0000] {processor.py:914} INFO - Processing file /opt/airflow/dags/taskgroup/taskgroup_downloads.py for tasks to queue
[2024-11-06T16:07:52.537+0000] {logging_mixin.py:190} INFO - [2024-11-06T16:07:52.537+0000] {dagbag.py:588} INFO - Filling up the DagBag from /opt/airflow/dags/taskgroup/taskgroup_downloads.py
[2024-11-06T16:07:52.556+0000] {processor.py:927} WARNING - No viable dags retrieved from /opt/airflow/dags/taskgroup/taskgroup_downloads.py
[2024-11-06T16:07:52.571+0000] {processor.py:208} INFO - Processing /opt/airflow/dags/taskgroup/taskgroup_downloads.py took 0.045 seconds
[2024-11-06T16:08:23.131+0000] {processor.py:186} INFO - Started process (PID=125) to work on /opt/airflow/dags/taskgroup/taskgroup_downloads.py
[2024-11-06T16:08:23.132+0000] {processor.py:914} INFO - Processing file /opt/airflow/dags/taskgroup/taskgroup_downloads.py for tasks to queue
[2024-11-06T16:08:23.135+0000] {logging_mixin.py:190} INFO - [2024-11-06T16:08:23.135+0000] {dagbag.py:588} INFO - Filling up the DagBag from /opt/airflow/dags/taskgroup/taskgroup_downloads.py
[2024-11-06T16:08:23.155+0000] {processor.py:927} WARNING - No viable dags retrieved from /opt/airflow/dags/taskgroup/taskgroup_downloads.py
[2024-11-06T16:08:23.172+0000] {processor.py:208} INFO - Processing /opt/airflow/dags/taskgroup/taskgroup_downloads.py took 0.050 seconds
[2024-11-06T16:08:53.475+0000] {processor.py:186} INFO - Started process (PID=142) to work on /opt/airflow/dags/taskgroup/taskgroup_downloads.py
[2024-11-06T16:08:53.476+0000] {processor.py:914} INFO - Processing file /opt/airflow/dags/taskgroup/taskgroup_downloads.py for tasks to queue
[2024-11-06T16:08:53.479+0000] {logging_mixin.py:190} INFO - [2024-11-06T16:08:53.478+0000] {dagbag.py:588} INFO - Filling up the DagBag from /opt/airflow/dags/taskgroup/taskgroup_downloads.py
[2024-11-06T16:08:53.495+0000] {processor.py:927} WARNING - No viable dags retrieved from /opt/airflow/dags/taskgroup/taskgroup_downloads.py
[2024-11-06T16:08:53.510+0000] {processor.py:208} INFO - Processing /opt/airflow/dags/taskgroup/taskgroup_downloads.py took 0.040 seconds
[2024-11-06T16:09:20.418+0000] {processor.py:186} INFO - Started process (PID=159) to work on /opt/airflow/dags/taskgroup/taskgroup_downloads.py
[2024-11-06T16:09:20.419+0000] {processor.py:914} INFO - Processing file /opt/airflow/dags/taskgroup/taskgroup_downloads.py for tasks to queue
[2024-11-06T16:09:20.422+0000] {logging_mixin.py:190} INFO - [2024-11-06T16:09:20.421+0000] {dagbag.py:588} INFO - Filling up the DagBag from /opt/airflow/dags/taskgroup/taskgroup_downloads.py
[2024-11-06T16:09:20.453+0000] {processor.py:927} WARNING - No viable dags retrieved from /opt/airflow/dags/taskgroup/taskgroup_downloads.py
[2024-11-06T16:09:20.465+0000] {processor.py:208} INFO - Processing /opt/airflow/dags/taskgroup/taskgroup_downloads.py took 0.054 seconds
[2024-11-06T16:09:43.581+0000] {processor.py:186} INFO - Started process (PID=175) to work on /opt/airflow/dags/taskgroup/taskgroup_downloads.py
[2024-11-06T16:09:43.582+0000] {processor.py:914} INFO - Processing file /opt/airflow/dags/taskgroup/taskgroup_downloads.py for tasks to queue
[2024-11-06T16:09:43.585+0000] {logging_mixin.py:190} INFO - [2024-11-06T16:09:43.585+0000] {dagbag.py:588} INFO - Filling up the DagBag from /opt/airflow/dags/taskgroup/taskgroup_downloads.py
[2024-11-06T16:09:43.618+0000] {processor.py:927} WARNING - No viable dags retrieved from /opt/airflow/dags/taskgroup/taskgroup_downloads.py
[2024-11-06T16:09:43.630+0000] {processor.py:208} INFO - Processing /opt/airflow/dags/taskgroup/taskgroup_downloads.py took 0.057 seconds
[2024-11-06T16:10:10.497+0000] {processor.py:186} INFO - Started process (PID=186) to work on /opt/airflow/dags/taskgroup/taskgroup_downloads.py
[2024-11-06T16:10:10.498+0000] {processor.py:914} INFO - Processing file /opt/airflow/dags/taskgroup/taskgroup_downloads.py for tasks to queue
[2024-11-06T16:10:10.501+0000] {logging_mixin.py:190} INFO - [2024-11-06T16:10:10.501+0000] {dagbag.py:588} INFO - Filling up the DagBag from /opt/airflow/dags/taskgroup/taskgroup_downloads.py
[2024-11-06T16:10:10.535+0000] {processor.py:927} WARNING - No viable dags retrieved from /opt/airflow/dags/taskgroup/taskgroup_downloads.py
[2024-11-06T16:10:10.550+0000] {processor.py:208} INFO - Processing /opt/airflow/dags/taskgroup/taskgroup_downloads.py took 0.062 seconds
[2024-11-06T16:10:40.755+0000] {processor.py:186} INFO - Started process (PID=202) to work on /opt/airflow/dags/taskgroup/taskgroup_downloads.py
[2024-11-06T16:10:40.756+0000] {processor.py:914} INFO - Processing file /opt/airflow/dags/taskgroup/taskgroup_downloads.py for tasks to queue
[2024-11-06T16:10:40.757+0000] {logging_mixin.py:190} INFO - [2024-11-06T16:10:40.757+0000] {dagbag.py:588} INFO - Filling up the DagBag from /opt/airflow/dags/taskgroup/taskgroup_downloads.py
[2024-11-06T16:10:40.773+0000] {processor.py:927} WARNING - No viable dags retrieved from /opt/airflow/dags/taskgroup/taskgroup_downloads.py
[2024-11-06T16:10:40.785+0000] {processor.py:208} INFO - Processing /opt/airflow/dags/taskgroup/taskgroup_downloads.py took 0.036 seconds
[2024-11-06T16:10:59.817+0000] {processor.py:186} INFO - Started process (PID=216) to work on /opt/airflow/dags/taskgroup/taskgroup_downloads.py
[2024-11-06T16:10:59.818+0000] {processor.py:914} INFO - Processing file /opt/airflow/dags/taskgroup/taskgroup_downloads.py for tasks to queue
[2024-11-06T16:10:59.819+0000] {logging_mixin.py:190} INFO - [2024-11-06T16:10:59.819+0000] {dagbag.py:588} INFO - Filling up the DagBag from /opt/airflow/dags/taskgroup/taskgroup_downloads.py
[2024-11-06T16:10:59.849+0000] {processor.py:927} WARNING - No viable dags retrieved from /opt/airflow/dags/taskgroup/taskgroup_downloads.py
[2024-11-06T16:11:00.003+0000] {processor.py:208} INFO - Processing /opt/airflow/dags/taskgroup/taskgroup_downloads.py took 0.192 seconds
[2024-11-06T16:11:09.174+0000] {processor.py:186} INFO - Started process (PID=219) to work on /opt/airflow/dags/taskgroup/taskgroup_downloads.py
[2024-11-06T16:11:09.174+0000] {processor.py:914} INFO - Processing file /opt/airflow/dags/taskgroup/taskgroup_downloads.py for tasks to queue
[2024-11-06T16:11:09.176+0000] {logging_mixin.py:190} INFO - [2024-11-06T16:11:09.175+0000] {dagbag.py:588} INFO - Filling up the DagBag from /opt/airflow/dags/taskgroup/taskgroup_downloads.py
[2024-11-06T16:11:09.202+0000] {processor.py:927} WARNING - No viable dags retrieved from /opt/airflow/dags/taskgroup/taskgroup_downloads.py
[2024-11-06T16:11:09.216+0000] {processor.py:208} INFO - Processing /opt/airflow/dags/taskgroup/taskgroup_downloads.py took 0.049 seconds
[2024-11-06T16:11:39.628+0000] {processor.py:186} INFO - Started process (PID=235) to work on /opt/airflow/dags/taskgroup/taskgroup_downloads.py
[2024-11-06T16:11:39.629+0000] {processor.py:914} INFO - Processing file /opt/airflow/dags/taskgroup/taskgroup_downloads.py for tasks to queue
[2024-11-06T16:11:39.631+0000] {logging_mixin.py:190} INFO - [2024-11-06T16:11:39.630+0000] {dagbag.py:588} INFO - Filling up the DagBag from /opt/airflow/dags/taskgroup/taskgroup_downloads.py
[2024-11-06T16:11:39.644+0000] {processor.py:927} WARNING - No viable dags retrieved from /opt/airflow/dags/taskgroup/taskgroup_downloads.py
[2024-11-06T16:11:39.657+0000] {processor.py:208} INFO - Processing /opt/airflow/dags/taskgroup/taskgroup_downloads.py took 0.034 seconds
[2024-11-06T16:11:47.794+0000] {processor.py:186} INFO - Started process (PID=243) to work on /opt/airflow/dags/taskgroup/taskgroup_downloads.py
[2024-11-06T16:11:47.795+0000] {processor.py:914} INFO - Processing file /opt/airflow/dags/taskgroup/taskgroup_downloads.py for tasks to queue
[2024-11-06T16:11:47.797+0000] {logging_mixin.py:190} INFO - [2024-11-06T16:11:47.797+0000] {dagbag.py:588} INFO - Filling up the DagBag from /opt/airflow/dags/taskgroup/taskgroup_downloads.py
[2024-11-06T16:11:47.835+0000] {processor.py:927} WARNING - No viable dags retrieved from /opt/airflow/dags/taskgroup/taskgroup_downloads.py
[2024-11-06T16:11:47.849+0000] {processor.py:208} INFO - Processing /opt/airflow/dags/taskgroup/taskgroup_downloads.py took 0.062 seconds
[2024-11-06T16:12:07.674+0000] {processor.py:186} INFO - Started process (PID=253) to work on /opt/airflow/dags/taskgroup/taskgroup_downloads.py
[2024-11-06T16:12:07.676+0000] {processor.py:914} INFO - Processing file /opt/airflow/dags/taskgroup/taskgroup_downloads.py for tasks to queue
[2024-11-06T16:12:07.678+0000] {logging_mixin.py:190} INFO - [2024-11-06T16:12:07.677+0000] {dagbag.py:588} INFO - Filling up the DagBag from /opt/airflow/dags/taskgroup/taskgroup_downloads.py
[2024-11-06T16:12:07.715+0000] {processor.py:927} WARNING - No viable dags retrieved from /opt/airflow/dags/taskgroup/taskgroup_downloads.py
[2024-11-06T16:12:07.729+0000] {processor.py:208} INFO - Processing /opt/airflow/dags/taskgroup/taskgroup_downloads.py took 0.063 seconds
[2024-11-06T16:12:38.123+0000] {processor.py:186} INFO - Started process (PID=272) to work on /opt/airflow/dags/taskgroup/taskgroup_downloads.py
[2024-11-06T16:12:38.124+0000] {processor.py:914} INFO - Processing file /opt/airflow/dags/taskgroup/taskgroup_downloads.py for tasks to queue
[2024-11-06T16:12:38.125+0000] {logging_mixin.py:190} INFO - [2024-11-06T16:12:38.125+0000] {dagbag.py:588} INFO - Filling up the DagBag from /opt/airflow/dags/taskgroup/taskgroup_downloads.py
[2024-11-06T16:12:38.143+0000] {processor.py:927} WARNING - No viable dags retrieved from /opt/airflow/dags/taskgroup/taskgroup_downloads.py
[2024-11-06T16:12:38.155+0000] {processor.py:208} INFO - Processing /opt/airflow/dags/taskgroup/taskgroup_downloads.py took 0.041 seconds
[2024-11-06T16:13:08.350+0000] {processor.py:186} INFO - Started process (PID=290) to work on /opt/airflow/dags/taskgroup/taskgroup_downloads.py
[2024-11-06T16:13:08.351+0000] {processor.py:914} INFO - Processing file /opt/airflow/dags/taskgroup/taskgroup_downloads.py for tasks to queue
[2024-11-06T16:13:08.352+0000] {logging_mixin.py:190} INFO - [2024-11-06T16:13:08.352+0000] {dagbag.py:588} INFO - Filling up the DagBag from /opt/airflow/dags/taskgroup/taskgroup_downloads.py
[2024-11-06T16:13:08.367+0000] {processor.py:927} WARNING - No viable dags retrieved from /opt/airflow/dags/taskgroup/taskgroup_downloads.py
[2024-11-06T16:13:08.382+0000] {processor.py:208} INFO - Processing /opt/airflow/dags/taskgroup/taskgroup_downloads.py took 0.040 seconds
[2024-11-06T16:13:38.725+0000] {processor.py:186} INFO - Started process (PID=307) to work on /opt/airflow/dags/taskgroup/taskgroup_downloads.py
[2024-11-06T16:13:38.726+0000] {processor.py:914} INFO - Processing file /opt/airflow/dags/taskgroup/taskgroup_downloads.py for tasks to queue
[2024-11-06T16:13:38.727+0000] {logging_mixin.py:190} INFO - [2024-11-06T16:13:38.727+0000] {dagbag.py:588} INFO - Filling up the DagBag from /opt/airflow/dags/taskgroup/taskgroup_downloads.py
[2024-11-06T16:13:38.747+0000] {processor.py:927} WARNING - No viable dags retrieved from /opt/airflow/dags/taskgroup/taskgroup_downloads.py
[2024-11-06T16:13:38.762+0000] {processor.py:208} INFO - Processing /opt/airflow/dags/taskgroup/taskgroup_downloads.py took 0.046 seconds
[2024-11-06T16:14:09.009+0000] {processor.py:186} INFO - Started process (PID=325) to work on /opt/airflow/dags/taskgroup/taskgroup_downloads.py
[2024-11-06T16:14:09.010+0000] {processor.py:914} INFO - Processing file /opt/airflow/dags/taskgroup/taskgroup_downloads.py for tasks to queue
[2024-11-06T16:14:09.011+0000] {logging_mixin.py:190} INFO - [2024-11-06T16:14:09.011+0000] {dagbag.py:588} INFO - Filling up the DagBag from /opt/airflow/dags/taskgroup/taskgroup_downloads.py
[2024-11-06T16:14:09.027+0000] {processor.py:927} WARNING - No viable dags retrieved from /opt/airflow/dags/taskgroup/taskgroup_downloads.py
[2024-11-06T16:14:09.041+0000] {processor.py:208} INFO - Processing /opt/airflow/dags/taskgroup/taskgroup_downloads.py took 0.038 seconds
[2024-11-06T16:14:39.872+0000] {processor.py:186} INFO - Started process (PID=343) to work on /opt/airflow/dags/taskgroup/taskgroup_downloads.py
[2024-11-06T16:14:39.873+0000] {processor.py:914} INFO - Processing file /opt/airflow/dags/taskgroup/taskgroup_downloads.py for tasks to queue
[2024-11-06T16:14:39.875+0000] {logging_mixin.py:190} INFO - [2024-11-06T16:14:39.874+0000] {dagbag.py:588} INFO - Filling up the DagBag from /opt/airflow/dags/taskgroup/taskgroup_downloads.py
[2024-11-06T16:14:39.894+0000] {processor.py:927} WARNING - No viable dags retrieved from /opt/airflow/dags/taskgroup/taskgroup_downloads.py
[2024-11-06T16:14:39.909+0000] {processor.py:208} INFO - Processing /opt/airflow/dags/taskgroup/taskgroup_downloads.py took 0.046 seconds
[2024-11-06T16:15:10.167+0000] {processor.py:186} INFO - Started process (PID=360) to work on /opt/airflow/dags/taskgroup/taskgroup_downloads.py
[2024-11-06T16:15:10.168+0000] {processor.py:914} INFO - Processing file /opt/airflow/dags/taskgroup/taskgroup_downloads.py for tasks to queue
[2024-11-06T16:15:10.170+0000] {logging_mixin.py:190} INFO - [2024-11-06T16:15:10.169+0000] {dagbag.py:588} INFO - Filling up the DagBag from /opt/airflow/dags/taskgroup/taskgroup_downloads.py
[2024-11-06T16:15:10.189+0000] {processor.py:927} WARNING - No viable dags retrieved from /opt/airflow/dags/taskgroup/taskgroup_downloads.py
[2024-11-06T16:15:10.203+0000] {processor.py:208} INFO - Processing /opt/airflow/dags/taskgroup/taskgroup_downloads.py took 0.046 seconds
[2024-11-06T16:15:41.057+0000] {processor.py:186} INFO - Started process (PID=382) to work on /opt/airflow/dags/taskgroup/taskgroup_downloads.py
[2024-11-06T16:15:41.058+0000] {processor.py:914} INFO - Processing file /opt/airflow/dags/taskgroup/taskgroup_downloads.py for tasks to queue
[2024-11-06T16:15:41.060+0000] {logging_mixin.py:190} INFO - [2024-11-06T16:15:41.059+0000] {dagbag.py:588} INFO - Filling up the DagBag from /opt/airflow/dags/taskgroup/taskgroup_downloads.py
[2024-11-06T16:15:41.077+0000] {processor.py:927} WARNING - No viable dags retrieved from /opt/airflow/dags/taskgroup/taskgroup_downloads.py
[2024-11-06T16:15:41.092+0000] {processor.py:208} INFO - Processing /opt/airflow/dags/taskgroup/taskgroup_downloads.py took 0.043 seconds
[2024-11-06T16:15:56.562+0000] {processor.py:186} INFO - Started process (PID=392) to work on /opt/airflow/dags/taskgroup/taskgroup_downloads.py
[2024-11-06T16:15:56.563+0000] {processor.py:914} INFO - Processing file /opt/airflow/dags/taskgroup/taskgroup_downloads.py for tasks to queue
[2024-11-06T16:15:56.566+0000] {logging_mixin.py:190} INFO - [2024-11-06T16:15:56.565+0000] {dagbag.py:588} INFO - Filling up the DagBag from /opt/airflow/dags/taskgroup/taskgroup_downloads.py
[2024-11-06T16:15:56.595+0000] {processor.py:927} WARNING - No viable dags retrieved from /opt/airflow/dags/taskgroup/taskgroup_downloads.py
[2024-11-06T16:15:56.609+0000] {processor.py:208} INFO - Processing /opt/airflow/dags/taskgroup/taskgroup_downloads.py took 0.054 seconds
[2024-11-06T16:16:26.809+0000] {processor.py:186} INFO - Started process (PID=409) to work on /opt/airflow/dags/taskgroup/taskgroup_downloads.py
[2024-11-06T16:16:26.810+0000] {processor.py:914} INFO - Processing file /opt/airflow/dags/taskgroup/taskgroup_downloads.py for tasks to queue
[2024-11-06T16:16:26.812+0000] {logging_mixin.py:190} INFO - [2024-11-06T16:16:26.812+0000] {dagbag.py:588} INFO - Filling up the DagBag from /opt/airflow/dags/taskgroup/taskgroup_downloads.py
[2024-11-06T16:16:26.831+0000] {processor.py:927} WARNING - No viable dags retrieved from /opt/airflow/dags/taskgroup/taskgroup_downloads.py
[2024-11-06T16:16:26.844+0000] {processor.py:208} INFO - Processing /opt/airflow/dags/taskgroup/taskgroup_downloads.py took 0.044 seconds
[2024-11-06T16:16:57.194+0000] {processor.py:186} INFO - Started process (PID=427) to work on /opt/airflow/dags/taskgroup/taskgroup_downloads.py
[2024-11-06T16:16:57.195+0000] {processor.py:914} INFO - Processing file /opt/airflow/dags/taskgroup/taskgroup_downloads.py for tasks to queue
[2024-11-06T16:16:57.196+0000] {logging_mixin.py:190} INFO - [2024-11-06T16:16:57.196+0000] {dagbag.py:588} INFO - Filling up the DagBag from /opt/airflow/dags/taskgroup/taskgroup_downloads.py
[2024-11-06T16:16:57.213+0000] {processor.py:927} WARNING - No viable dags retrieved from /opt/airflow/dags/taskgroup/taskgroup_downloads.py
[2024-11-06T16:16:57.227+0000] {processor.py:208} INFO - Processing /opt/airflow/dags/taskgroup/taskgroup_downloads.py took 0.040 seconds
[2024-11-06T16:17:27.450+0000] {processor.py:186} INFO - Started process (PID=444) to work on /opt/airflow/dags/taskgroup/taskgroup_downloads.py
[2024-11-06T16:17:27.451+0000] {processor.py:914} INFO - Processing file /opt/airflow/dags/taskgroup/taskgroup_downloads.py for tasks to queue
[2024-11-06T16:17:27.453+0000] {logging_mixin.py:190} INFO - [2024-11-06T16:17:27.453+0000] {dagbag.py:588} INFO - Filling up the DagBag from /opt/airflow/dags/taskgroup/taskgroup_downloads.py
[2024-11-06T16:17:27.472+0000] {processor.py:927} WARNING - No viable dags retrieved from /opt/airflow/dags/taskgroup/taskgroup_downloads.py
[2024-11-06T16:17:27.488+0000] {processor.py:208} INFO - Processing /opt/airflow/dags/taskgroup/taskgroup_downloads.py took 0.045 seconds
[2024-11-06T16:17:51.199+0000] {processor.py:186} INFO - Started process (PID=459) to work on /opt/airflow/dags/taskgroup/taskgroup_downloads.py
[2024-11-06T16:17:51.200+0000] {processor.py:914} INFO - Processing file /opt/airflow/dags/taskgroup/taskgroup_downloads.py for tasks to queue
[2024-11-06T16:17:51.202+0000] {logging_mixin.py:190} INFO - [2024-11-06T16:17:51.202+0000] {dagbag.py:588} INFO - Filling up the DagBag from /opt/airflow/dags/taskgroup/taskgroup_downloads.py
[2024-11-06T16:17:51.233+0000] {processor.py:927} WARNING - No viable dags retrieved from /opt/airflow/dags/taskgroup/taskgroup_downloads.py
[2024-11-06T16:17:51.246+0000] {processor.py:208} INFO - Processing /opt/airflow/dags/taskgroup/taskgroup_downloads.py took 0.053 seconds
[2024-11-06T16:17:52.264+0000] {processor.py:186} INFO - Started process (PID=460) to work on /opt/airflow/dags/taskgroup/taskgroup_downloads.py
[2024-11-06T16:17:52.265+0000] {processor.py:914} INFO - Processing file /opt/airflow/dags/taskgroup/taskgroup_downloads.py for tasks to queue
[2024-11-06T16:17:52.268+0000] {logging_mixin.py:190} INFO - [2024-11-06T16:17:52.266+0000] {dagbag.py:588} INFO - Filling up the DagBag from /opt/airflow/dags/taskgroup/taskgroup_downloads.py
[2024-11-06T16:17:52.285+0000] {processor.py:927} WARNING - No viable dags retrieved from /opt/airflow/dags/taskgroup/taskgroup_downloads.py
[2024-11-06T16:17:52.298+0000] {processor.py:208} INFO - Processing /opt/airflow/dags/taskgroup/taskgroup_downloads.py took 0.040 seconds
[2024-11-06T16:18:18.330+0000] {processor.py:186} INFO - Started process (PID=482) to work on /opt/airflow/dags/taskgroup/taskgroup_downloads.py
[2024-11-06T16:18:18.332+0000] {processor.py:914} INFO - Processing file /opt/airflow/dags/taskgroup/taskgroup_downloads.py for tasks to queue
[2024-11-06T16:18:18.335+0000] {logging_mixin.py:190} INFO - [2024-11-06T16:18:18.334+0000] {dagbag.py:588} INFO - Filling up the DagBag from /opt/airflow/dags/taskgroup/taskgroup_downloads.py
[2024-11-06T16:18:18.378+0000] {processor.py:927} WARNING - No viable dags retrieved from /opt/airflow/dags/taskgroup/taskgroup_downloads.py
[2024-11-06T16:18:18.391+0000] {processor.py:208} INFO - Processing /opt/airflow/dags/taskgroup/taskgroup_downloads.py took 0.070 seconds
[2024-11-06T16:18:19.454+0000] {processor.py:186} INFO - Started process (PID=483) to work on /opt/airflow/dags/taskgroup/taskgroup_downloads.py
[2024-11-06T16:18:19.455+0000] {processor.py:914} INFO - Processing file /opt/airflow/dags/taskgroup/taskgroup_downloads.py for tasks to queue
[2024-11-06T16:18:19.457+0000] {logging_mixin.py:190} INFO - [2024-11-06T16:18:19.456+0000] {dagbag.py:588} INFO - Filling up the DagBag from /opt/airflow/dags/taskgroup/taskgroup_downloads.py
[2024-11-06T16:18:19.487+0000] {processor.py:927} WARNING - No viable dags retrieved from /opt/airflow/dags/taskgroup/taskgroup_downloads.py
[2024-11-06T16:18:19.500+0000] {processor.py:208} INFO - Processing /opt/airflow/dags/taskgroup/taskgroup_downloads.py took 0.053 seconds
[2024-11-06T16:18:22.517+0000] {processor.py:186} INFO - Started process (PID=484) to work on /opt/airflow/dags/taskgroup/taskgroup_downloads.py
[2024-11-06T16:18:22.518+0000] {processor.py:914} INFO - Processing file /opt/airflow/dags/taskgroup/taskgroup_downloads.py for tasks to queue
[2024-11-06T16:18:22.520+0000] {logging_mixin.py:190} INFO - [2024-11-06T16:18:22.519+0000] {dagbag.py:588} INFO - Filling up the DagBag from /opt/airflow/dags/taskgroup/taskgroup_downloads.py
[2024-11-06T16:18:22.551+0000] {processor.py:927} WARNING - No viable dags retrieved from /opt/airflow/dags/taskgroup/taskgroup_downloads.py
[2024-11-06T16:18:22.565+0000] {processor.py:208} INFO - Processing /opt/airflow/dags/taskgroup/taskgroup_downloads.py took 0.055 seconds
[2024-11-06T16:18:52.644+0000] {processor.py:186} INFO - Started process (PID=501) to work on /opt/airflow/dags/taskgroup/taskgroup_downloads.py
[2024-11-06T16:18:52.645+0000] {processor.py:914} INFO - Processing file /opt/airflow/dags/taskgroup/taskgroup_downloads.py for tasks to queue
[2024-11-06T16:18:52.647+0000] {logging_mixin.py:190} INFO - [2024-11-06T16:18:52.647+0000] {dagbag.py:588} INFO - Filling up the DagBag from /opt/airflow/dags/taskgroup/taskgroup_downloads.py
[2024-11-06T16:18:52.665+0000] {processor.py:927} WARNING - No viable dags retrieved from /opt/airflow/dags/taskgroup/taskgroup_downloads.py
[2024-11-06T16:18:52.679+0000] {processor.py:208} INFO - Processing /opt/airflow/dags/taskgroup/taskgroup_downloads.py took 0.042 seconds
[2024-11-06T16:19:22.992+0000] {processor.py:186} INFO - Started process (PID=519) to work on /opt/airflow/dags/taskgroup/taskgroup_downloads.py
[2024-11-06T16:19:22.993+0000] {processor.py:914} INFO - Processing file /opt/airflow/dags/taskgroup/taskgroup_downloads.py for tasks to queue
[2024-11-06T16:19:22.995+0000] {logging_mixin.py:190} INFO - [2024-11-06T16:19:22.995+0000] {dagbag.py:588} INFO - Filling up the DagBag from /opt/airflow/dags/taskgroup/taskgroup_downloads.py
[2024-11-06T16:19:23.013+0000] {processor.py:927} WARNING - No viable dags retrieved from /opt/airflow/dags/taskgroup/taskgroup_downloads.py
[2024-11-06T16:19:23.032+0000] {processor.py:208} INFO - Processing /opt/airflow/dags/taskgroup/taskgroup_downloads.py took 0.048 seconds
[2024-11-06T16:19:53.539+0000] {processor.py:186} INFO - Started process (PID=533) to work on /opt/airflow/dags/taskgroup/taskgroup_downloads.py
[2024-11-06T16:19:53.543+0000] {processor.py:914} INFO - Processing file /opt/airflow/dags/taskgroup/taskgroup_downloads.py for tasks to queue
[2024-11-06T16:19:53.547+0000] {logging_mixin.py:190} INFO - [2024-11-06T16:19:53.546+0000] {dagbag.py:588} INFO - Filling up the DagBag from /opt/airflow/dags/taskgroup/taskgroup_downloads.py
[2024-11-06T16:19:53.571+0000] {processor.py:927} WARNING - No viable dags retrieved from /opt/airflow/dags/taskgroup/taskgroup_downloads.py
[2024-11-06T16:19:53.613+0000] {processor.py:208} INFO - Processing /opt/airflow/dags/taskgroup/taskgroup_downloads.py took 0.140 seconds
[2024-11-06T16:20:23.718+0000] {processor.py:186} INFO - Started process (PID=547) to work on /opt/airflow/dags/taskgroup/taskgroup_downloads.py
[2024-11-06T16:20:23.720+0000] {processor.py:914} INFO - Processing file /opt/airflow/dags/taskgroup/taskgroup_downloads.py for tasks to queue
[2024-11-06T16:20:23.721+0000] {logging_mixin.py:190} INFO - [2024-11-06T16:20:23.721+0000] {dagbag.py:588} INFO - Filling up the DagBag from /opt/airflow/dags/taskgroup/taskgroup_downloads.py
[2024-11-06T16:20:23.740+0000] {processor.py:927} WARNING - No viable dags retrieved from /opt/airflow/dags/taskgroup/taskgroup_downloads.py
[2024-11-06T16:20:23.765+0000] {processor.py:208} INFO - Processing /opt/airflow/dags/taskgroup/taskgroup_downloads.py took 0.056 seconds
[2024-11-06T16:20:53.956+0000] {processor.py:186} INFO - Started process (PID=561) to work on /opt/airflow/dags/taskgroup/taskgroup_downloads.py
[2024-11-06T16:20:53.958+0000] {processor.py:914} INFO - Processing file /opt/airflow/dags/taskgroup/taskgroup_downloads.py for tasks to queue
[2024-11-06T16:20:53.962+0000] {logging_mixin.py:190} INFO - [2024-11-06T16:20:53.962+0000] {dagbag.py:588} INFO - Filling up the DagBag from /opt/airflow/dags/taskgroup/taskgroup_downloads.py
[2024-11-06T16:20:53.978+0000] {processor.py:927} WARNING - No viable dags retrieved from /opt/airflow/dags/taskgroup/taskgroup_downloads.py
[2024-11-06T16:20:54.057+0000] {processor.py:208} INFO - Processing /opt/airflow/dags/taskgroup/taskgroup_downloads.py took 0.117 seconds
[2024-11-06T16:21:24.429+0000] {processor.py:186} INFO - Started process (PID=575) to work on /opt/airflow/dags/taskgroup/taskgroup_downloads.py
[2024-11-06T16:21:24.430+0000] {processor.py:914} INFO - Processing file /opt/airflow/dags/taskgroup/taskgroup_downloads.py for tasks to queue
[2024-11-06T16:21:24.431+0000] {logging_mixin.py:190} INFO - [2024-11-06T16:21:24.431+0000] {dagbag.py:588} INFO - Filling up the DagBag from /opt/airflow/dags/taskgroup/taskgroup_downloads.py
[2024-11-06T16:21:24.447+0000] {processor.py:927} WARNING - No viable dags retrieved from /opt/airflow/dags/taskgroup/taskgroup_downloads.py
[2024-11-06T16:21:24.460+0000] {processor.py:208} INFO - Processing /opt/airflow/dags/taskgroup/taskgroup_downloads.py took 0.038 seconds
[2024-11-06T16:21:54.841+0000] {processor.py:186} INFO - Started process (PID=589) to work on /opt/airflow/dags/taskgroup/taskgroup_downloads.py
[2024-11-06T16:21:54.842+0000] {processor.py:914} INFO - Processing file /opt/airflow/dags/taskgroup/taskgroup_downloads.py for tasks to queue
[2024-11-06T16:21:54.843+0000] {logging_mixin.py:190} INFO - [2024-11-06T16:21:54.843+0000] {dagbag.py:588} INFO - Filling up the DagBag from /opt/airflow/dags/taskgroup/taskgroup_downloads.py
[2024-11-06T16:21:54.859+0000] {processor.py:927} WARNING - No viable dags retrieved from /opt/airflow/dags/taskgroup/taskgroup_downloads.py
[2024-11-06T16:21:54.873+0000] {processor.py:208} INFO - Processing /opt/airflow/dags/taskgroup/taskgroup_downloads.py took 0.038 seconds
[2024-11-06T16:22:25.020+0000] {processor.py:186} INFO - Started process (PID=603) to work on /opt/airflow/dags/taskgroup/taskgroup_downloads.py
[2024-11-06T16:22:25.021+0000] {processor.py:914} INFO - Processing file /opt/airflow/dags/taskgroup/taskgroup_downloads.py for tasks to queue
[2024-11-06T16:22:25.022+0000] {logging_mixin.py:190} INFO - [2024-11-06T16:22:25.022+0000] {dagbag.py:588} INFO - Filling up the DagBag from /opt/airflow/dags/taskgroup/taskgroup_downloads.py
[2024-11-06T16:22:25.041+0000] {processor.py:927} WARNING - No viable dags retrieved from /opt/airflow/dags/taskgroup/taskgroup_downloads.py
[2024-11-06T16:22:25.056+0000] {processor.py:208} INFO - Processing /opt/airflow/dags/taskgroup/taskgroup_downloads.py took 0.043 seconds
[2024-11-06T16:22:55.288+0000] {processor.py:186} INFO - Started process (PID=617) to work on /opt/airflow/dags/taskgroup/taskgroup_downloads.py
[2024-11-06T16:22:55.290+0000] {processor.py:914} INFO - Processing file /opt/airflow/dags/taskgroup/taskgroup_downloads.py for tasks to queue
[2024-11-06T16:22:55.292+0000] {logging_mixin.py:190} INFO - [2024-11-06T16:22:55.291+0000] {dagbag.py:588} INFO - Filling up the DagBag from /opt/airflow/dags/taskgroup/taskgroup_downloads.py
[2024-11-06T16:22:55.312+0000] {processor.py:927} WARNING - No viable dags retrieved from /opt/airflow/dags/taskgroup/taskgroup_downloads.py
[2024-11-06T16:22:55.324+0000] {processor.py:208} INFO - Processing /opt/airflow/dags/taskgroup/taskgroup_downloads.py took 0.045 seconds
[2024-11-06T16:23:25.632+0000] {processor.py:186} INFO - Started process (PID=631) to work on /opt/airflow/dags/taskgroup/taskgroup_downloads.py
[2024-11-06T16:23:25.633+0000] {processor.py:914} INFO - Processing file /opt/airflow/dags/taskgroup/taskgroup_downloads.py for tasks to queue
[2024-11-06T16:23:25.635+0000] {logging_mixin.py:190} INFO - [2024-11-06T16:23:25.634+0000] {dagbag.py:588} INFO - Filling up the DagBag from /opt/airflow/dags/taskgroup/taskgroup_downloads.py
[2024-11-06T16:23:25.649+0000] {processor.py:927} WARNING - No viable dags retrieved from /opt/airflow/dags/taskgroup/taskgroup_downloads.py
[2024-11-06T16:23:25.659+0000] {processor.py:208} INFO - Processing /opt/airflow/dags/taskgroup/taskgroup_downloads.py took 0.035 seconds
[2024-11-06T16:23:55.866+0000] {processor.py:186} INFO - Started process (PID=645) to work on /opt/airflow/dags/taskgroup/taskgroup_downloads.py
[2024-11-06T16:23:55.867+0000] {processor.py:914} INFO - Processing file /opt/airflow/dags/taskgroup/taskgroup_downloads.py for tasks to queue
[2024-11-06T16:23:55.869+0000] {logging_mixin.py:190} INFO - [2024-11-06T16:23:55.868+0000] {dagbag.py:588} INFO - Filling up the DagBag from /opt/airflow/dags/taskgroup/taskgroup_downloads.py
[2024-11-06T16:23:55.885+0000] {processor.py:927} WARNING - No viable dags retrieved from /opt/airflow/dags/taskgroup/taskgroup_downloads.py
[2024-11-06T16:23:55.899+0000] {processor.py:208} INFO - Processing /opt/airflow/dags/taskgroup/taskgroup_downloads.py took 0.040 seconds
[2024-11-06T16:24:26.248+0000] {processor.py:186} INFO - Started process (PID=659) to work on /opt/airflow/dags/taskgroup/taskgroup_downloads.py
[2024-11-06T16:24:26.249+0000] {processor.py:914} INFO - Processing file /opt/airflow/dags/taskgroup/taskgroup_downloads.py for tasks to queue
[2024-11-06T16:24:26.251+0000] {logging_mixin.py:190} INFO - [2024-11-06T16:24:26.251+0000] {dagbag.py:588} INFO - Filling up the DagBag from /opt/airflow/dags/taskgroup/taskgroup_downloads.py
[2024-11-06T16:24:26.268+0000] {processor.py:927} WARNING - No viable dags retrieved from /opt/airflow/dags/taskgroup/taskgroup_downloads.py
[2024-11-06T16:24:26.283+0000] {processor.py:208} INFO - Processing /opt/airflow/dags/taskgroup/taskgroup_downloads.py took 0.043 seconds
[2024-11-06T16:24:56.371+0000] {processor.py:186} INFO - Started process (PID=674) to work on /opt/airflow/dags/taskgroup/taskgroup_downloads.py
[2024-11-06T16:24:56.373+0000] {processor.py:914} INFO - Processing file /opt/airflow/dags/taskgroup/taskgroup_downloads.py for tasks to queue
[2024-11-06T16:24:56.375+0000] {logging_mixin.py:190} INFO - [2024-11-06T16:24:56.375+0000] {dagbag.py:588} INFO - Filling up the DagBag from /opt/airflow/dags/taskgroup/taskgroup_downloads.py
[2024-11-06T16:24:56.394+0000] {processor.py:927} WARNING - No viable dags retrieved from /opt/airflow/dags/taskgroup/taskgroup_downloads.py
[2024-11-06T16:24:56.409+0000] {processor.py:208} INFO - Processing /opt/airflow/dags/taskgroup/taskgroup_downloads.py took 0.046 seconds
[2024-11-06T16:25:26.789+0000] {processor.py:186} INFO - Started process (PID=688) to work on /opt/airflow/dags/taskgroup/taskgroup_downloads.py
[2024-11-06T16:25:26.790+0000] {processor.py:914} INFO - Processing file /opt/airflow/dags/taskgroup/taskgroup_downloads.py for tasks to queue
[2024-11-06T16:25:26.792+0000] {logging_mixin.py:190} INFO - [2024-11-06T16:25:26.791+0000] {dagbag.py:588} INFO - Filling up the DagBag from /opt/airflow/dags/taskgroup/taskgroup_downloads.py
[2024-11-06T16:25:26.808+0000] {processor.py:927} WARNING - No viable dags retrieved from /opt/airflow/dags/taskgroup/taskgroup_downloads.py
[2024-11-06T16:25:26.825+0000] {processor.py:208} INFO - Processing /opt/airflow/dags/taskgroup/taskgroup_downloads.py took 0.043 seconds
[2024-11-06T16:25:57.077+0000] {processor.py:186} INFO - Started process (PID=710) to work on /opt/airflow/dags/taskgroup/taskgroup_downloads.py
[2024-11-06T16:25:57.079+0000] {processor.py:914} INFO - Processing file /opt/airflow/dags/taskgroup/taskgroup_downloads.py for tasks to queue
[2024-11-06T16:25:57.080+0000] {logging_mixin.py:190} INFO - [2024-11-06T16:25:57.080+0000] {dagbag.py:588} INFO - Filling up the DagBag from /opt/airflow/dags/taskgroup/taskgroup_downloads.py
[2024-11-06T16:25:57.099+0000] {processor.py:927} WARNING - No viable dags retrieved from /opt/airflow/dags/taskgroup/taskgroup_downloads.py
[2024-11-06T16:25:57.117+0000] {processor.py:208} INFO - Processing /opt/airflow/dags/taskgroup/taskgroup_downloads.py took 0.046 seconds
[2024-11-06T16:26:27.499+0000] {processor.py:186} INFO - Started process (PID=734) to work on /opt/airflow/dags/taskgroup/taskgroup_downloads.py
[2024-11-06T16:26:27.500+0000] {processor.py:914} INFO - Processing file /opt/airflow/dags/taskgroup/taskgroup_downloads.py for tasks to queue
[2024-11-06T16:26:27.502+0000] {logging_mixin.py:190} INFO - [2024-11-06T16:26:27.501+0000] {dagbag.py:588} INFO - Filling up the DagBag from /opt/airflow/dags/taskgroup/taskgroup_downloads.py
[2024-11-06T16:26:27.516+0000] {processor.py:927} WARNING - No viable dags retrieved from /opt/airflow/dags/taskgroup/taskgroup_downloads.py
[2024-11-06T16:26:27.530+0000] {processor.py:208} INFO - Processing /opt/airflow/dags/taskgroup/taskgroup_downloads.py took 0.038 seconds
[2024-11-06T16:26:58.512+0000] {processor.py:186} INFO - Started process (PID=757) to work on /opt/airflow/dags/taskgroup/taskgroup_downloads.py
[2024-11-06T16:26:58.513+0000] {processor.py:914} INFO - Processing file /opt/airflow/dags/taskgroup/taskgroup_downloads.py for tasks to queue
[2024-11-06T16:26:58.514+0000] {logging_mixin.py:190} INFO - [2024-11-06T16:26:58.514+0000] {dagbag.py:588} INFO - Filling up the DagBag from /opt/airflow/dags/taskgroup/taskgroup_downloads.py
[2024-11-06T16:26:58.531+0000] {processor.py:927} WARNING - No viable dags retrieved from /opt/airflow/dags/taskgroup/taskgroup_downloads.py
[2024-11-06T16:26:58.544+0000] {processor.py:208} INFO - Processing /opt/airflow/dags/taskgroup/taskgroup_downloads.py took 0.039 seconds
[2024-11-06T16:27:29.206+0000] {processor.py:186} INFO - Started process (PID=775) to work on /opt/airflow/dags/taskgroup/taskgroup_downloads.py
[2024-11-06T16:27:29.207+0000] {processor.py:914} INFO - Processing file /opt/airflow/dags/taskgroup/taskgroup_downloads.py for tasks to queue
[2024-11-06T16:27:29.209+0000] {logging_mixin.py:190} INFO - [2024-11-06T16:27:29.209+0000] {dagbag.py:588} INFO - Filling up the DagBag from /opt/airflow/dags/taskgroup/taskgroup_downloads.py
[2024-11-06T16:27:29.225+0000] {processor.py:927} WARNING - No viable dags retrieved from /opt/airflow/dags/taskgroup/taskgroup_downloads.py
[2024-11-06T16:27:29.238+0000] {processor.py:208} INFO - Processing /opt/airflow/dags/taskgroup/taskgroup_downloads.py took 0.062 seconds
[2024-11-06T16:27:59.671+0000] {processor.py:186} INFO - Started process (PID=793) to work on /opt/airflow/dags/taskgroup/taskgroup_downloads.py
[2024-11-06T16:27:59.673+0000] {processor.py:914} INFO - Processing file /opt/airflow/dags/taskgroup/taskgroup_downloads.py for tasks to queue
[2024-11-06T16:27:59.675+0000] {logging_mixin.py:190} INFO - [2024-11-06T16:27:59.675+0000] {dagbag.py:588} INFO - Filling up the DagBag from /opt/airflow/dags/taskgroup/taskgroup_downloads.py
[2024-11-06T16:27:59.695+0000] {processor.py:927} WARNING - No viable dags retrieved from /opt/airflow/dags/taskgroup/taskgroup_downloads.py
[2024-11-06T16:27:59.715+0000] {processor.py:208} INFO - Processing /opt/airflow/dags/taskgroup/taskgroup_downloads.py took 0.054 seconds
[2024-11-06T16:28:30.316+0000] {processor.py:186} INFO - Started process (PID=812) to work on /opt/airflow/dags/taskgroup/taskgroup_downloads.py
[2024-11-06T16:28:30.317+0000] {processor.py:914} INFO - Processing file /opt/airflow/dags/taskgroup/taskgroup_downloads.py for tasks to queue
[2024-11-06T16:28:30.319+0000] {logging_mixin.py:190} INFO - [2024-11-06T16:28:30.318+0000] {dagbag.py:588} INFO - Filling up the DagBag from /opt/airflow/dags/taskgroup/taskgroup_downloads.py
[2024-11-06T16:28:30.335+0000] {processor.py:927} WARNING - No viable dags retrieved from /opt/airflow/dags/taskgroup/taskgroup_downloads.py
[2024-11-06T16:28:30.349+0000] {processor.py:208} INFO - Processing /opt/airflow/dags/taskgroup/taskgroup_downloads.py took 0.039 seconds
[2024-11-06T16:29:00.786+0000] {processor.py:186} INFO - Started process (PID=829) to work on /opt/airflow/dags/taskgroup/taskgroup_downloads.py
[2024-11-06T16:29:00.789+0000] {processor.py:914} INFO - Processing file /opt/airflow/dags/taskgroup/taskgroup_downloads.py for tasks to queue
[2024-11-06T16:29:00.790+0000] {logging_mixin.py:190} INFO - [2024-11-06T16:29:00.790+0000] {dagbag.py:588} INFO - Filling up the DagBag from /opt/airflow/dags/taskgroup/taskgroup_downloads.py
[2024-11-06T16:29:00.807+0000] {processor.py:927} WARNING - No viable dags retrieved from /opt/airflow/dags/taskgroup/taskgroup_downloads.py
[2024-11-06T16:29:00.820+0000] {processor.py:208} INFO - Processing /opt/airflow/dags/taskgroup/taskgroup_downloads.py took 0.043 seconds
[2024-11-06T16:29:31.056+0000] {processor.py:186} INFO - Started process (PID=846) to work on /opt/airflow/dags/taskgroup/taskgroup_downloads.py
[2024-11-06T16:29:31.057+0000] {processor.py:914} INFO - Processing file /opt/airflow/dags/taskgroup/taskgroup_downloads.py for tasks to queue
[2024-11-06T16:29:31.059+0000] {logging_mixin.py:190} INFO - [2024-11-06T16:29:31.058+0000] {dagbag.py:588} INFO - Filling up the DagBag from /opt/airflow/dags/taskgroup/taskgroup_downloads.py
[2024-11-06T16:29:31.078+0000] {processor.py:927} WARNING - No viable dags retrieved from /opt/airflow/dags/taskgroup/taskgroup_downloads.py
[2024-11-06T16:29:31.092+0000] {processor.py:208} INFO - Processing /opt/airflow/dags/taskgroup/taskgroup_downloads.py took 0.044 seconds
[2024-11-06T16:30:01.448+0000] {processor.py:186} INFO - Started process (PID=864) to work on /opt/airflow/dags/taskgroup/taskgroup_downloads.py
[2024-11-06T16:30:01.450+0000] {processor.py:914} INFO - Processing file /opt/airflow/dags/taskgroup/taskgroup_downloads.py for tasks to queue
[2024-11-06T16:30:01.452+0000] {logging_mixin.py:190} INFO - [2024-11-06T16:30:01.452+0000] {dagbag.py:588} INFO - Filling up the DagBag from /opt/airflow/dags/taskgroup/taskgroup_downloads.py
[2024-11-06T16:30:01.471+0000] {processor.py:927} WARNING - No viable dags retrieved from /opt/airflow/dags/taskgroup/taskgroup_downloads.py
[2024-11-06T16:30:01.487+0000] {processor.py:208} INFO - Processing /opt/airflow/dags/taskgroup/taskgroup_downloads.py took 0.048 seconds
[2024-11-06T16:30:31.599+0000] {processor.py:186} INFO - Started process (PID=882) to work on /opt/airflow/dags/taskgroup/taskgroup_downloads.py
[2024-11-06T16:30:31.601+0000] {processor.py:914} INFO - Processing file /opt/airflow/dags/taskgroup/taskgroup_downloads.py for tasks to queue
[2024-11-06T16:30:31.603+0000] {logging_mixin.py:190} INFO - [2024-11-06T16:30:31.602+0000] {dagbag.py:588} INFO - Filling up the DagBag from /opt/airflow/dags/taskgroup/taskgroup_downloads.py
[2024-11-06T16:30:31.621+0000] {processor.py:927} WARNING - No viable dags retrieved from /opt/airflow/dags/taskgroup/taskgroup_downloads.py
[2024-11-06T16:30:31.635+0000] {processor.py:208} INFO - Processing /opt/airflow/dags/taskgroup/taskgroup_downloads.py took 0.044 seconds
[2024-11-06T16:31:01.858+0000] {processor.py:186} INFO - Started process (PID=911) to work on /opt/airflow/dags/taskgroup/taskgroup_downloads.py
[2024-11-06T16:31:01.859+0000] {processor.py:914} INFO - Processing file /opt/airflow/dags/taskgroup/taskgroup_downloads.py for tasks to queue
[2024-11-06T16:31:01.861+0000] {logging_mixin.py:190} INFO - [2024-11-06T16:31:01.860+0000] {dagbag.py:588} INFO - Filling up the DagBag from /opt/airflow/dags/taskgroup/taskgroup_downloads.py
[2024-11-06T16:31:01.883+0000] {processor.py:927} WARNING - No viable dags retrieved from /opt/airflow/dags/taskgroup/taskgroup_downloads.py
[2024-11-06T16:31:01.899+0000] {processor.py:208} INFO - Processing /opt/airflow/dags/taskgroup/taskgroup_downloads.py took 0.053 seconds
[2024-11-06T16:31:32.161+0000] {processor.py:186} INFO - Started process (PID=928) to work on /opt/airflow/dags/taskgroup/taskgroup_downloads.py
[2024-11-06T16:31:32.162+0000] {processor.py:914} INFO - Processing file /opt/airflow/dags/taskgroup/taskgroup_downloads.py for tasks to queue
[2024-11-06T16:31:32.164+0000] {logging_mixin.py:190} INFO - [2024-11-06T16:31:32.164+0000] {dagbag.py:588} INFO - Filling up the DagBag from /opt/airflow/dags/taskgroup/taskgroup_downloads.py
[2024-11-06T16:31:32.184+0000] {processor.py:927} WARNING - No viable dags retrieved from /opt/airflow/dags/taskgroup/taskgroup_downloads.py
[2024-11-06T16:31:32.198+0000] {processor.py:208} INFO - Processing /opt/airflow/dags/taskgroup/taskgroup_downloads.py took 0.045 seconds
[2024-11-06T16:32:02.432+0000] {processor.py:186} INFO - Started process (PID=958) to work on /opt/airflow/dags/taskgroup/taskgroup_downloads.py
[2024-11-06T16:32:02.433+0000] {processor.py:914} INFO - Processing file /opt/airflow/dags/taskgroup/taskgroup_downloads.py for tasks to queue
[2024-11-06T16:32:02.436+0000] {logging_mixin.py:190} INFO - [2024-11-06T16:32:02.435+0000] {dagbag.py:588} INFO - Filling up the DagBag from /opt/airflow/dags/taskgroup/taskgroup_downloads.py
[2024-11-06T16:32:02.454+0000] {processor.py:927} WARNING - No viable dags retrieved from /opt/airflow/dags/taskgroup/taskgroup_downloads.py
[2024-11-06T16:32:02.469+0000] {processor.py:208} INFO - Processing /opt/airflow/dags/taskgroup/taskgroup_downloads.py took 0.044 seconds
[2024-11-06T16:32:32.797+0000] {processor.py:186} INFO - Started process (PID=975) to work on /opt/airflow/dags/taskgroup/taskgroup_downloads.py
[2024-11-06T16:32:32.798+0000] {processor.py:914} INFO - Processing file /opt/airflow/dags/taskgroup/taskgroup_downloads.py for tasks to queue
[2024-11-06T16:32:32.799+0000] {logging_mixin.py:190} INFO - [2024-11-06T16:32:32.799+0000] {dagbag.py:588} INFO - Filling up the DagBag from /opt/airflow/dags/taskgroup/taskgroup_downloads.py
[2024-11-06T16:32:32.814+0000] {processor.py:927} WARNING - No viable dags retrieved from /opt/airflow/dags/taskgroup/taskgroup_downloads.py
[2024-11-06T16:32:32.828+0000] {processor.py:208} INFO - Processing /opt/airflow/dags/taskgroup/taskgroup_downloads.py took 0.037 seconds
[2024-11-06T16:33:03.238+0000] {processor.py:186} INFO - Started process (PID=992) to work on /opt/airflow/dags/taskgroup/taskgroup_downloads.py
[2024-11-06T16:33:03.239+0000] {processor.py:914} INFO - Processing file /opt/airflow/dags/taskgroup/taskgroup_downloads.py for tasks to queue
[2024-11-06T16:33:03.241+0000] {logging_mixin.py:190} INFO - [2024-11-06T16:33:03.241+0000] {dagbag.py:588} INFO - Filling up the DagBag from /opt/airflow/dags/taskgroup/taskgroup_downloads.py
[2024-11-06T16:33:03.263+0000] {processor.py:927} WARNING - No viable dags retrieved from /opt/airflow/dags/taskgroup/taskgroup_downloads.py
[2024-11-06T16:33:03.317+0000] {processor.py:208} INFO - Processing /opt/airflow/dags/taskgroup/taskgroup_downloads.py took 0.087 seconds
[2024-11-06T16:33:33.660+0000] {processor.py:186} INFO - Started process (PID=1009) to work on /opt/airflow/dags/taskgroup/taskgroup_downloads.py
[2024-11-06T16:33:33.661+0000] {processor.py:914} INFO - Processing file /opt/airflow/dags/taskgroup/taskgroup_downloads.py for tasks to queue
[2024-11-06T16:33:33.663+0000] {logging_mixin.py:190} INFO - [2024-11-06T16:33:33.662+0000] {dagbag.py:588} INFO - Filling up the DagBag from /opt/airflow/dags/taskgroup/taskgroup_downloads.py
[2024-11-06T16:33:33.680+0000] {processor.py:927} WARNING - No viable dags retrieved from /opt/airflow/dags/taskgroup/taskgroup_downloads.py
[2024-11-06T16:33:33.694+0000] {processor.py:208} INFO - Processing /opt/airflow/dags/taskgroup/taskgroup_downloads.py took 0.040 seconds
[2024-11-06T16:34:04.559+0000] {processor.py:186} INFO - Started process (PID=1024) to work on /opt/airflow/dags/taskgroup/taskgroup_downloads.py
[2024-11-06T16:34:04.560+0000] {processor.py:914} INFO - Processing file /opt/airflow/dags/taskgroup/taskgroup_downloads.py for tasks to queue
[2024-11-06T16:34:04.562+0000] {logging_mixin.py:190} INFO - [2024-11-06T16:34:04.562+0000] {dagbag.py:588} INFO - Filling up the DagBag from /opt/airflow/dags/taskgroup/taskgroup_downloads.py
[2024-11-06T16:34:04.583+0000] {processor.py:927} WARNING - No viable dags retrieved from /opt/airflow/dags/taskgroup/taskgroup_downloads.py
[2024-11-06T16:34:04.599+0000] {processor.py:208} INFO - Processing /opt/airflow/dags/taskgroup/taskgroup_downloads.py took 0.049 seconds
[2024-11-06T16:34:34.787+0000] {processor.py:186} INFO - Started process (PID=1041) to work on /opt/airflow/dags/taskgroup/taskgroup_downloads.py
[2024-11-06T16:34:34.788+0000] {processor.py:914} INFO - Processing file /opt/airflow/dags/taskgroup/taskgroup_downloads.py for tasks to queue
[2024-11-06T16:34:34.790+0000] {logging_mixin.py:190} INFO - [2024-11-06T16:34:34.789+0000] {dagbag.py:588} INFO - Filling up the DagBag from /opt/airflow/dags/taskgroup/taskgroup_downloads.py
[2024-11-06T16:34:34.807+0000] {processor.py:927} WARNING - No viable dags retrieved from /opt/airflow/dags/taskgroup/taskgroup_downloads.py
[2024-11-06T16:34:34.820+0000] {processor.py:208} INFO - Processing /opt/airflow/dags/taskgroup/taskgroup_downloads.py took 0.039 seconds
[2024-11-06T16:35:05.086+0000] {processor.py:186} INFO - Started process (PID=1058) to work on /opt/airflow/dags/taskgroup/taskgroup_downloads.py
[2024-11-06T16:35:05.087+0000] {processor.py:914} INFO - Processing file /opt/airflow/dags/taskgroup/taskgroup_downloads.py for tasks to queue
[2024-11-06T16:35:05.088+0000] {logging_mixin.py:190} INFO - [2024-11-06T16:35:05.088+0000] {dagbag.py:588} INFO - Filling up the DagBag from /opt/airflow/dags/taskgroup/taskgroup_downloads.py
[2024-11-06T16:35:05.107+0000] {processor.py:927} WARNING - No viable dags retrieved from /opt/airflow/dags/taskgroup/taskgroup_downloads.py
[2024-11-06T16:35:05.120+0000] {processor.py:208} INFO - Processing /opt/airflow/dags/taskgroup/taskgroup_downloads.py took 0.041 seconds
[2024-11-06T16:35:35.521+0000] {processor.py:186} INFO - Started process (PID=1075) to work on /opt/airflow/dags/taskgroup/taskgroup_downloads.py
[2024-11-06T16:35:35.522+0000] {processor.py:914} INFO - Processing file /opt/airflow/dags/taskgroup/taskgroup_downloads.py for tasks to queue
[2024-11-06T16:35:35.524+0000] {logging_mixin.py:190} INFO - [2024-11-06T16:35:35.524+0000] {dagbag.py:588} INFO - Filling up the DagBag from /opt/airflow/dags/taskgroup/taskgroup_downloads.py
[2024-11-06T16:35:35.542+0000] {processor.py:927} WARNING - No viable dags retrieved from /opt/airflow/dags/taskgroup/taskgroup_downloads.py
[2024-11-06T16:35:35.557+0000] {processor.py:208} INFO - Processing /opt/airflow/dags/taskgroup/taskgroup_downloads.py took 0.044 seconds
[2024-11-06T16:36:06.127+0000] {processor.py:186} INFO - Started process (PID=1092) to work on /opt/airflow/dags/taskgroup/taskgroup_downloads.py
[2024-11-06T16:36:06.128+0000] {processor.py:914} INFO - Processing file /opt/airflow/dags/taskgroup/taskgroup_downloads.py for tasks to queue
[2024-11-06T16:36:06.130+0000] {logging_mixin.py:190} INFO - [2024-11-06T16:36:06.129+0000] {dagbag.py:588} INFO - Filling up the DagBag from /opt/airflow/dags/taskgroup/taskgroup_downloads.py
[2024-11-06T16:36:06.146+0000] {processor.py:927} WARNING - No viable dags retrieved from /opt/airflow/dags/taskgroup/taskgroup_downloads.py
[2024-11-06T16:36:06.160+0000] {processor.py:208} INFO - Processing /opt/airflow/dags/taskgroup/taskgroup_downloads.py took 0.040 seconds
[2024-11-06T16:36:36.619+0000] {processor.py:186} INFO - Started process (PID=1109) to work on /opt/airflow/dags/taskgroup/taskgroup_downloads.py
[2024-11-06T16:36:36.621+0000] {processor.py:914} INFO - Processing file /opt/airflow/dags/taskgroup/taskgroup_downloads.py for tasks to queue
[2024-11-06T16:36:36.622+0000] {logging_mixin.py:190} INFO - [2024-11-06T16:36:36.622+0000] {dagbag.py:588} INFO - Filling up the DagBag from /opt/airflow/dags/taskgroup/taskgroup_downloads.py
[2024-11-06T16:36:36.641+0000] {processor.py:927} WARNING - No viable dags retrieved from /opt/airflow/dags/taskgroup/taskgroup_downloads.py
[2024-11-06T16:36:36.661+0000] {processor.py:208} INFO - Processing /opt/airflow/dags/taskgroup/taskgroup_downloads.py took 0.051 seconds
[2024-11-06T16:37:07.278+0000] {processor.py:186} INFO - Started process (PID=1127) to work on /opt/airflow/dags/taskgroup/taskgroup_downloads.py
[2024-11-06T16:37:07.280+0000] {processor.py:914} INFO - Processing file /opt/airflow/dags/taskgroup/taskgroup_downloads.py for tasks to queue
[2024-11-06T16:37:07.281+0000] {logging_mixin.py:190} INFO - [2024-11-06T16:37:07.281+0000] {dagbag.py:588} INFO - Filling up the DagBag from /opt/airflow/dags/taskgroup/taskgroup_downloads.py
[2024-11-06T16:37:07.301+0000] {processor.py:927} WARNING - No viable dags retrieved from /opt/airflow/dags/taskgroup/taskgroup_downloads.py
[2024-11-06T16:37:07.318+0000] {processor.py:208} INFO - Processing /opt/airflow/dags/taskgroup/taskgroup_downloads.py took 0.050 seconds
[2024-11-06T16:37:37.816+0000] {processor.py:186} INFO - Started process (PID=1145) to work on /opt/airflow/dags/taskgroup/taskgroup_downloads.py
[2024-11-06T16:37:37.817+0000] {processor.py:914} INFO - Processing file /opt/airflow/dags/taskgroup/taskgroup_downloads.py for tasks to queue
[2024-11-06T16:37:37.819+0000] {logging_mixin.py:190} INFO - [2024-11-06T16:37:37.819+0000] {dagbag.py:588} INFO - Filling up the DagBag from /opt/airflow/dags/taskgroup/taskgroup_downloads.py
[2024-11-06T16:37:37.839+0000] {processor.py:927} WARNING - No viable dags retrieved from /opt/airflow/dags/taskgroup/taskgroup_downloads.py
[2024-11-06T16:37:37.853+0000] {processor.py:208} INFO - Processing /opt/airflow/dags/taskgroup/taskgroup_downloads.py took 0.043 seconds
[2024-11-06T16:38:08.604+0000] {processor.py:186} INFO - Started process (PID=1163) to work on /opt/airflow/dags/taskgroup/taskgroup_downloads.py
[2024-11-06T16:38:08.605+0000] {processor.py:914} INFO - Processing file /opt/airflow/dags/taskgroup/taskgroup_downloads.py for tasks to queue
[2024-11-06T16:38:08.606+0000] {logging_mixin.py:190} INFO - [2024-11-06T16:38:08.606+0000] {dagbag.py:588} INFO - Filling up the DagBag from /opt/airflow/dags/taskgroup/taskgroup_downloads.py
[2024-11-06T16:38:08.623+0000] {processor.py:927} WARNING - No viable dags retrieved from /opt/airflow/dags/taskgroup/taskgroup_downloads.py
[2024-11-06T16:38:08.639+0000] {processor.py:208} INFO - Processing /opt/airflow/dags/taskgroup/taskgroup_downloads.py took 0.044 seconds
[2024-11-06T16:38:38.706+0000] {processor.py:186} INFO - Started process (PID=1181) to work on /opt/airflow/dags/taskgroup/taskgroup_downloads.py
[2024-11-06T16:38:38.708+0000] {processor.py:914} INFO - Processing file /opt/airflow/dags/taskgroup/taskgroup_downloads.py for tasks to queue
[2024-11-06T16:38:38.709+0000] {logging_mixin.py:190} INFO - [2024-11-06T16:38:38.709+0000] {dagbag.py:588} INFO - Filling up the DagBag from /opt/airflow/dags/taskgroup/taskgroup_downloads.py
[2024-11-06T16:38:38.729+0000] {processor.py:927} WARNING - No viable dags retrieved from /opt/airflow/dags/taskgroup/taskgroup_downloads.py
[2024-11-06T16:38:38.744+0000] {processor.py:208} INFO - Processing /opt/airflow/dags/taskgroup/taskgroup_downloads.py took 0.046 seconds
[2024-11-06T16:39:09.337+0000] {processor.py:186} INFO - Started process (PID=1200) to work on /opt/airflow/dags/taskgroup/taskgroup_downloads.py
[2024-11-06T16:39:09.338+0000] {processor.py:914} INFO - Processing file /opt/airflow/dags/taskgroup/taskgroup_downloads.py for tasks to queue
[2024-11-06T16:39:09.339+0000] {logging_mixin.py:190} INFO - [2024-11-06T16:39:09.339+0000] {dagbag.py:588} INFO - Filling up the DagBag from /opt/airflow/dags/taskgroup/taskgroup_downloads.py
[2024-11-06T16:39:09.355+0000] {processor.py:927} WARNING - No viable dags retrieved from /opt/airflow/dags/taskgroup/taskgroup_downloads.py
[2024-11-06T16:39:09.368+0000] {processor.py:208} INFO - Processing /opt/airflow/dags/taskgroup/taskgroup_downloads.py took 0.038 seconds
[2024-11-06T16:39:39.941+0000] {processor.py:186} INFO - Started process (PID=1218) to work on /opt/airflow/dags/taskgroup/taskgroup_downloads.py
[2024-11-06T16:39:39.942+0000] {processor.py:914} INFO - Processing file /opt/airflow/dags/taskgroup/taskgroup_downloads.py for tasks to queue
[2024-11-06T16:39:39.944+0000] {logging_mixin.py:190} INFO - [2024-11-06T16:39:39.943+0000] {dagbag.py:588} INFO - Filling up the DagBag from /opt/airflow/dags/taskgroup/taskgroup_downloads.py
[2024-11-06T16:39:39.958+0000] {processor.py:927} WARNING - No viable dags retrieved from /opt/airflow/dags/taskgroup/taskgroup_downloads.py
[2024-11-06T16:39:39.971+0000] {processor.py:208} INFO - Processing /opt/airflow/dags/taskgroup/taskgroup_downloads.py took 0.035 seconds
[2024-11-06T16:40:10.477+0000] {processor.py:186} INFO - Started process (PID=1236) to work on /opt/airflow/dags/taskgroup/taskgroup_downloads.py
[2024-11-06T16:40:10.478+0000] {processor.py:914} INFO - Processing file /opt/airflow/dags/taskgroup/taskgroup_downloads.py for tasks to queue
[2024-11-06T16:40:10.479+0000] {logging_mixin.py:190} INFO - [2024-11-06T16:40:10.479+0000] {dagbag.py:588} INFO - Filling up the DagBag from /opt/airflow/dags/taskgroup/taskgroup_downloads.py
[2024-11-06T16:40:10.493+0000] {processor.py:927} WARNING - No viable dags retrieved from /opt/airflow/dags/taskgroup/taskgroup_downloads.py
[2024-11-06T16:40:10.504+0000] {processor.py:208} INFO - Processing /opt/airflow/dags/taskgroup/taskgroup_downloads.py took 0.033 seconds
[2024-11-06T16:40:40.935+0000] {processor.py:186} INFO - Started process (PID=1254) to work on /opt/airflow/dags/taskgroup/taskgroup_downloads.py
[2024-11-06T16:40:40.936+0000] {processor.py:914} INFO - Processing file /opt/airflow/dags/taskgroup/taskgroup_downloads.py for tasks to queue
[2024-11-06T16:40:40.938+0000] {logging_mixin.py:190} INFO - [2024-11-06T16:40:40.938+0000] {dagbag.py:588} INFO - Filling up the DagBag from /opt/airflow/dags/taskgroup/taskgroup_downloads.py
[2024-11-06T16:40:40.958+0000] {processor.py:927} WARNING - No viable dags retrieved from /opt/airflow/dags/taskgroup/taskgroup_downloads.py
[2024-11-06T16:40:40.975+0000] {processor.py:208} INFO - Processing /opt/airflow/dags/taskgroup/taskgroup_downloads.py took 0.049 seconds
[2024-11-06T16:41:11.774+0000] {processor.py:186} INFO - Started process (PID=1272) to work on /opt/airflow/dags/taskgroup/taskgroup_downloads.py
[2024-11-06T16:41:11.775+0000] {processor.py:914} INFO - Processing file /opt/airflow/dags/taskgroup/taskgroup_downloads.py for tasks to queue
[2024-11-06T16:41:11.777+0000] {logging_mixin.py:190} INFO - [2024-11-06T16:41:11.777+0000] {dagbag.py:588} INFO - Filling up the DagBag from /opt/airflow/dags/taskgroup/taskgroup_downloads.py
[2024-11-06T16:41:11.795+0000] {processor.py:927} WARNING - No viable dags retrieved from /opt/airflow/dags/taskgroup/taskgroup_downloads.py
[2024-11-06T16:41:11.811+0000] {processor.py:208} INFO - Processing /opt/airflow/dags/taskgroup/taskgroup_downloads.py took 0.044 seconds
[2024-11-06T16:41:42.092+0000] {processor.py:186} INFO - Started process (PID=1290) to work on /opt/airflow/dags/taskgroup/taskgroup_downloads.py
[2024-11-06T16:41:42.094+0000] {processor.py:914} INFO - Processing file /opt/airflow/dags/taskgroup/taskgroup_downloads.py for tasks to queue
[2024-11-06T16:41:42.096+0000] {logging_mixin.py:190} INFO - [2024-11-06T16:41:42.095+0000] {dagbag.py:588} INFO - Filling up the DagBag from /opt/airflow/dags/taskgroup/taskgroup_downloads.py
[2024-11-06T16:41:42.117+0000] {processor.py:927} WARNING - No viable dags retrieved from /opt/airflow/dags/taskgroup/taskgroup_downloads.py
[2024-11-06T16:41:42.133+0000] {processor.py:208} INFO - Processing /opt/airflow/dags/taskgroup/taskgroup_downloads.py took 0.048 seconds
[2024-11-06T16:42:12.379+0000] {processor.py:186} INFO - Started process (PID=1308) to work on /opt/airflow/dags/taskgroup/taskgroup_downloads.py
[2024-11-06T16:42:12.381+0000] {processor.py:914} INFO - Processing file /opt/airflow/dags/taskgroup/taskgroup_downloads.py for tasks to queue
[2024-11-06T16:42:12.386+0000] {logging_mixin.py:190} INFO - [2024-11-06T16:42:12.384+0000] {dagbag.py:588} INFO - Filling up the DagBag from /opt/airflow/dags/taskgroup/taskgroup_downloads.py
[2024-11-06T16:42:12.409+0000] {processor.py:927} WARNING - No viable dags retrieved from /opt/airflow/dags/taskgroup/taskgroup_downloads.py
[2024-11-06T16:42:12.428+0000] {processor.py:208} INFO - Processing /opt/airflow/dags/taskgroup/taskgroup_downloads.py took 0.063 seconds
[2024-11-06T16:42:42.682+0000] {processor.py:186} INFO - Started process (PID=1327) to work on /opt/airflow/dags/taskgroup/taskgroup_downloads.py
[2024-11-06T16:42:42.684+0000] {processor.py:914} INFO - Processing file /opt/airflow/dags/taskgroup/taskgroup_downloads.py for tasks to queue
[2024-11-06T16:42:42.686+0000] {logging_mixin.py:190} INFO - [2024-11-06T16:42:42.685+0000] {dagbag.py:588} INFO - Filling up the DagBag from /opt/airflow/dags/taskgroup/taskgroup_downloads.py
[2024-11-06T16:42:42.706+0000] {processor.py:927} WARNING - No viable dags retrieved from /opt/airflow/dags/taskgroup/taskgroup_downloads.py
[2024-11-06T16:42:42.722+0000] {processor.py:208} INFO - Processing /opt/airflow/dags/taskgroup/taskgroup_downloads.py took 0.050 seconds
[2024-11-06T16:43:13.141+0000] {processor.py:186} INFO - Started process (PID=1347) to work on /opt/airflow/dags/taskgroup/taskgroup_downloads.py
[2024-11-06T16:43:13.142+0000] {processor.py:914} INFO - Processing file /opt/airflow/dags/taskgroup/taskgroup_downloads.py for tasks to queue
[2024-11-06T16:43:13.143+0000] {logging_mixin.py:190} INFO - [2024-11-06T16:43:13.143+0000] {dagbag.py:588} INFO - Filling up the DagBag from /opt/airflow/dags/taskgroup/taskgroup_downloads.py
[2024-11-06T16:43:13.160+0000] {processor.py:927} WARNING - No viable dags retrieved from /opt/airflow/dags/taskgroup/taskgroup_downloads.py
[2024-11-06T16:43:13.173+0000] {processor.py:208} INFO - Processing /opt/airflow/dags/taskgroup/taskgroup_downloads.py took 0.039 seconds
[2024-11-06T16:43:43.310+0000] {processor.py:186} INFO - Started process (PID=1367) to work on /opt/airflow/dags/taskgroup/taskgroup_downloads.py
[2024-11-06T16:43:43.312+0000] {processor.py:914} INFO - Processing file /opt/airflow/dags/taskgroup/taskgroup_downloads.py for tasks to queue
[2024-11-06T16:43:43.313+0000] {logging_mixin.py:190} INFO - [2024-11-06T16:43:43.313+0000] {dagbag.py:588} INFO - Filling up the DagBag from /opt/airflow/dags/taskgroup/taskgroup_downloads.py
[2024-11-06T16:43:43.332+0000] {processor.py:927} WARNING - No viable dags retrieved from /opt/airflow/dags/taskgroup/taskgroup_downloads.py
[2024-11-06T16:43:43.347+0000] {processor.py:208} INFO - Processing /opt/airflow/dags/taskgroup/taskgroup_downloads.py took 0.046 seconds
[2024-11-06T16:44:13.897+0000] {processor.py:186} INFO - Started process (PID=1385) to work on /opt/airflow/dags/taskgroup/taskgroup_downloads.py
[2024-11-06T16:44:13.898+0000] {processor.py:914} INFO - Processing file /opt/airflow/dags/taskgroup/taskgroup_downloads.py for tasks to queue
[2024-11-06T16:44:13.899+0000] {logging_mixin.py:190} INFO - [2024-11-06T16:44:13.899+0000] {dagbag.py:588} INFO - Filling up the DagBag from /opt/airflow/dags/taskgroup/taskgroup_downloads.py
[2024-11-06T16:44:13.914+0000] {processor.py:927} WARNING - No viable dags retrieved from /opt/airflow/dags/taskgroup/taskgroup_downloads.py
[2024-11-06T16:44:13.928+0000] {processor.py:208} INFO - Processing /opt/airflow/dags/taskgroup/taskgroup_downloads.py took 0.037 seconds
[2024-11-06T16:44:44.077+0000] {processor.py:186} INFO - Started process (PID=1403) to work on /opt/airflow/dags/taskgroup/taskgroup_downloads.py
[2024-11-06T16:44:44.078+0000] {processor.py:914} INFO - Processing file /opt/airflow/dags/taskgroup/taskgroup_downloads.py for tasks to queue
[2024-11-06T16:44:44.080+0000] {logging_mixin.py:190} INFO - [2024-11-06T16:44:44.080+0000] {dagbag.py:588} INFO - Filling up the DagBag from /opt/airflow/dags/taskgroup/taskgroup_downloads.py
[2024-11-06T16:44:44.103+0000] {processor.py:927} WARNING - No viable dags retrieved from /opt/airflow/dags/taskgroup/taskgroup_downloads.py
[2024-11-06T16:44:44.115+0000] {processor.py:208} INFO - Processing /opt/airflow/dags/taskgroup/taskgroup_downloads.py took 0.046 seconds
[2024-11-06T16:45:14.644+0000] {processor.py:186} INFO - Started process (PID=1422) to work on /opt/airflow/dags/taskgroup/taskgroup_downloads.py
[2024-11-06T16:45:14.646+0000] {processor.py:914} INFO - Processing file /opt/airflow/dags/taskgroup/taskgroup_downloads.py for tasks to queue
[2024-11-06T16:45:14.648+0000] {logging_mixin.py:190} INFO - [2024-11-06T16:45:14.647+0000] {dagbag.py:588} INFO - Filling up the DagBag from /opt/airflow/dags/taskgroup/taskgroup_downloads.py
[2024-11-06T16:45:14.671+0000] {processor.py:927} WARNING - No viable dags retrieved from /opt/airflow/dags/taskgroup/taskgroup_downloads.py
[2024-11-06T16:45:14.686+0000] {processor.py:208} INFO - Processing /opt/airflow/dags/taskgroup/taskgroup_downloads.py took 0.049 seconds
[2024-11-06T16:45:44.754+0000] {processor.py:186} INFO - Started process (PID=1440) to work on /opt/airflow/dags/taskgroup/taskgroup_downloads.py
[2024-11-06T16:45:44.755+0000] {processor.py:914} INFO - Processing file /opt/airflow/dags/taskgroup/taskgroup_downloads.py for tasks to queue
[2024-11-06T16:45:44.757+0000] {logging_mixin.py:190} INFO - [2024-11-06T16:45:44.756+0000] {dagbag.py:588} INFO - Filling up the DagBag from /opt/airflow/dags/taskgroup/taskgroup_downloads.py
[2024-11-06T16:45:44.774+0000] {processor.py:927} WARNING - No viable dags retrieved from /opt/airflow/dags/taskgroup/taskgroup_downloads.py
[2024-11-06T16:45:44.786+0000] {processor.py:208} INFO - Processing /opt/airflow/dags/taskgroup/taskgroup_downloads.py took 0.041 seconds
[2024-11-06T16:46:15.314+0000] {processor.py:186} INFO - Started process (PID=1458) to work on /opt/airflow/dags/taskgroup/taskgroup_downloads.py
[2024-11-06T16:46:15.315+0000] {processor.py:914} INFO - Processing file /opt/airflow/dags/taskgroup/taskgroup_downloads.py for tasks to queue
[2024-11-06T16:46:15.318+0000] {logging_mixin.py:190} INFO - [2024-11-06T16:46:15.317+0000] {dagbag.py:588} INFO - Filling up the DagBag from /opt/airflow/dags/taskgroup/taskgroup_downloads.py
[2024-11-06T16:46:15.341+0000] {processor.py:927} WARNING - No viable dags retrieved from /opt/airflow/dags/taskgroup/taskgroup_downloads.py
[2024-11-06T16:46:15.353+0000] {processor.py:208} INFO - Processing /opt/airflow/dags/taskgroup/taskgroup_downloads.py took 0.049 seconds
[2024-11-06T16:46:45.820+0000] {processor.py:186} INFO - Started process (PID=1476) to work on /opt/airflow/dags/taskgroup/taskgroup_downloads.py
[2024-11-06T16:46:45.821+0000] {processor.py:914} INFO - Processing file /opt/airflow/dags/taskgroup/taskgroup_downloads.py for tasks to queue
[2024-11-06T16:46:45.824+0000] {logging_mixin.py:190} INFO - [2024-11-06T16:46:45.823+0000] {dagbag.py:588} INFO - Filling up the DagBag from /opt/airflow/dags/taskgroup/taskgroup_downloads.py
[2024-11-06T16:46:45.848+0000] {processor.py:927} WARNING - No viable dags retrieved from /opt/airflow/dags/taskgroup/taskgroup_downloads.py
[2024-11-06T16:46:45.870+0000] {processor.py:208} INFO - Processing /opt/airflow/dags/taskgroup/taskgroup_downloads.py took 0.063 seconds
[2024-11-06T16:47:16.219+0000] {processor.py:186} INFO - Started process (PID=1494) to work on /opt/airflow/dags/taskgroup/taskgroup_downloads.py
[2024-11-06T16:47:16.221+0000] {processor.py:914} INFO - Processing file /opt/airflow/dags/taskgroup/taskgroup_downloads.py for tasks to queue
[2024-11-06T16:47:16.223+0000] {logging_mixin.py:190} INFO - [2024-11-06T16:47:16.223+0000] {dagbag.py:588} INFO - Filling up the DagBag from /opt/airflow/dags/taskgroup/taskgroup_downloads.py
[2024-11-06T16:47:16.243+0000] {processor.py:927} WARNING - No viable dags retrieved from /opt/airflow/dags/taskgroup/taskgroup_downloads.py
[2024-11-06T16:47:16.261+0000] {processor.py:208} INFO - Processing /opt/airflow/dags/taskgroup/taskgroup_downloads.py took 0.049 seconds
[2024-11-06T16:47:46.386+0000] {processor.py:186} INFO - Started process (PID=1512) to work on /opt/airflow/dags/taskgroup/taskgroup_downloads.py
[2024-11-06T16:47:46.387+0000] {processor.py:914} INFO - Processing file /opt/airflow/dags/taskgroup/taskgroup_downloads.py for tasks to queue
[2024-11-06T16:47:46.388+0000] {logging_mixin.py:190} INFO - [2024-11-06T16:47:46.388+0000] {dagbag.py:588} INFO - Filling up the DagBag from /opt/airflow/dags/taskgroup/taskgroup_downloads.py
[2024-11-06T16:47:46.405+0000] {processor.py:927} WARNING - No viable dags retrieved from /opt/airflow/dags/taskgroup/taskgroup_downloads.py
[2024-11-06T16:47:46.418+0000] {processor.py:208} INFO - Processing /opt/airflow/dags/taskgroup/taskgroup_downloads.py took 0.039 seconds
[2024-11-06T16:48:16.926+0000] {processor.py:186} INFO - Started process (PID=1530) to work on /opt/airflow/dags/taskgroup/taskgroup_downloads.py
[2024-11-06T16:48:16.927+0000] {processor.py:914} INFO - Processing file /opt/airflow/dags/taskgroup/taskgroup_downloads.py for tasks to queue
[2024-11-06T16:48:16.928+0000] {logging_mixin.py:190} INFO - [2024-11-06T16:48:16.928+0000] {dagbag.py:588} INFO - Filling up the DagBag from /opt/airflow/dags/taskgroup/taskgroup_downloads.py
[2024-11-06T16:48:16.947+0000] {processor.py:927} WARNING - No viable dags retrieved from /opt/airflow/dags/taskgroup/taskgroup_downloads.py
[2024-11-06T16:48:16.960+0000] {processor.py:208} INFO - Processing /opt/airflow/dags/taskgroup/taskgroup_downloads.py took 0.041 seconds
[2024-11-06T16:48:47.495+0000] {processor.py:186} INFO - Started process (PID=1554) to work on /opt/airflow/dags/taskgroup/taskgroup_downloads.py
[2024-11-06T16:48:47.496+0000] {processor.py:914} INFO - Processing file /opt/airflow/dags/taskgroup/taskgroup_downloads.py for tasks to queue
[2024-11-06T16:48:47.497+0000] {logging_mixin.py:190} INFO - [2024-11-06T16:48:47.497+0000] {dagbag.py:588} INFO - Filling up the DagBag from /opt/airflow/dags/taskgroup/taskgroup_downloads.py
[2024-11-06T16:48:47.516+0000] {processor.py:927} WARNING - No viable dags retrieved from /opt/airflow/dags/taskgroup/taskgroup_downloads.py
[2024-11-06T16:48:47.529+0000] {processor.py:208} INFO - Processing /opt/airflow/dags/taskgroup/taskgroup_downloads.py took 0.042 seconds
[2024-11-06T16:49:17.908+0000] {processor.py:186} INFO - Started process (PID=1572) to work on /opt/airflow/dags/taskgroup/taskgroup_downloads.py
[2024-11-06T16:49:17.910+0000] {processor.py:914} INFO - Processing file /opt/airflow/dags/taskgroup/taskgroup_downloads.py for tasks to queue
[2024-11-06T16:49:17.912+0000] {logging_mixin.py:190} INFO - [2024-11-06T16:49:17.912+0000] {dagbag.py:588} INFO - Filling up the DagBag from /opt/airflow/dags/taskgroup/taskgroup_downloads.py
[2024-11-06T16:49:17.931+0000] {processor.py:927} WARNING - No viable dags retrieved from /opt/airflow/dags/taskgroup/taskgroup_downloads.py
[2024-11-06T16:49:17.942+0000] {processor.py:208} INFO - Processing /opt/airflow/dags/taskgroup/taskgroup_downloads.py took 0.041 seconds
[2024-11-06T16:49:48.458+0000] {processor.py:186} INFO - Started process (PID=1590) to work on /opt/airflow/dags/taskgroup/taskgroup_downloads.py
[2024-11-06T16:49:48.459+0000] {processor.py:914} INFO - Processing file /opt/airflow/dags/taskgroup/taskgroup_downloads.py for tasks to queue
[2024-11-06T16:49:48.461+0000] {logging_mixin.py:190} INFO - [2024-11-06T16:49:48.460+0000] {dagbag.py:588} INFO - Filling up the DagBag from /opt/airflow/dags/taskgroup/taskgroup_downloads.py
[2024-11-06T16:49:48.477+0000] {processor.py:927} WARNING - No viable dags retrieved from /opt/airflow/dags/taskgroup/taskgroup_downloads.py
[2024-11-06T16:49:48.492+0000] {processor.py:208} INFO - Processing /opt/airflow/dags/taskgroup/taskgroup_downloads.py took 0.042 seconds
[2024-11-06T16:50:18.583+0000] {processor.py:186} INFO - Started process (PID=1609) to work on /opt/airflow/dags/taskgroup/taskgroup_downloads.py
[2024-11-06T16:50:18.584+0000] {processor.py:914} INFO - Processing file /opt/airflow/dags/taskgroup/taskgroup_downloads.py for tasks to queue
[2024-11-06T16:50:18.586+0000] {logging_mixin.py:190} INFO - [2024-11-06T16:50:18.585+0000] {dagbag.py:588} INFO - Filling up the DagBag from /opt/airflow/dags/taskgroup/taskgroup_downloads.py
[2024-11-06T16:50:18.606+0000] {processor.py:927} WARNING - No viable dags retrieved from /opt/airflow/dags/taskgroup/taskgroup_downloads.py
[2024-11-06T16:50:18.622+0000] {processor.py:208} INFO - Processing /opt/airflow/dags/taskgroup/taskgroup_downloads.py took 0.048 seconds
[2024-11-06T16:50:48.927+0000] {processor.py:186} INFO - Started process (PID=1628) to work on /opt/airflow/dags/taskgroup/taskgroup_downloads.py
[2024-11-06T16:50:48.928+0000] {processor.py:914} INFO - Processing file /opt/airflow/dags/taskgroup/taskgroup_downloads.py for tasks to queue
[2024-11-06T16:50:48.930+0000] {logging_mixin.py:190} INFO - [2024-11-06T16:50:48.929+0000] {dagbag.py:588} INFO - Filling up the DagBag from /opt/airflow/dags/taskgroup/taskgroup_downloads.py
[2024-11-06T16:50:48.944+0000] {processor.py:927} WARNING - No viable dags retrieved from /opt/airflow/dags/taskgroup/taskgroup_downloads.py
[2024-11-06T16:50:48.956+0000] {processor.py:208} INFO - Processing /opt/airflow/dags/taskgroup/taskgroup_downloads.py took 0.035 seconds
[2024-11-06T16:51:19.106+0000] {processor.py:186} INFO - Started process (PID=1648) to work on /opt/airflow/dags/taskgroup/taskgroup_downloads.py
[2024-11-06T16:51:19.108+0000] {processor.py:914} INFO - Processing file /opt/airflow/dags/taskgroup/taskgroup_downloads.py for tasks to queue
[2024-11-06T16:51:19.109+0000] {logging_mixin.py:190} INFO - [2024-11-06T16:51:19.109+0000] {dagbag.py:588} INFO - Filling up the DagBag from /opt/airflow/dags/taskgroup/taskgroup_downloads.py
[2024-11-06T16:51:19.127+0000] {processor.py:927} WARNING - No viable dags retrieved from /opt/airflow/dags/taskgroup/taskgroup_downloads.py
[2024-11-06T16:51:19.140+0000] {processor.py:208} INFO - Processing /opt/airflow/dags/taskgroup/taskgroup_downloads.py took 0.040 seconds
[2024-11-06T16:51:49.705+0000] {processor.py:186} INFO - Started process (PID=1666) to work on /opt/airflow/dags/taskgroup/taskgroup_downloads.py
[2024-11-06T16:51:49.706+0000] {processor.py:914} INFO - Processing file /opt/airflow/dags/taskgroup/taskgroup_downloads.py for tasks to queue
[2024-11-06T16:51:49.708+0000] {logging_mixin.py:190} INFO - [2024-11-06T16:51:49.708+0000] {dagbag.py:588} INFO - Filling up the DagBag from /opt/airflow/dags/taskgroup/taskgroup_downloads.py
[2024-11-06T16:51:49.725+0000] {processor.py:927} WARNING - No viable dags retrieved from /opt/airflow/dags/taskgroup/taskgroup_downloads.py
[2024-11-06T16:51:49.738+0000] {processor.py:208} INFO - Processing /opt/airflow/dags/taskgroup/taskgroup_downloads.py took 0.040 seconds
[2024-11-06T16:52:20.128+0000] {processor.py:186} INFO - Started process (PID=1684) to work on /opt/airflow/dags/taskgroup/taskgroup_downloads.py
[2024-11-06T16:52:20.129+0000] {processor.py:914} INFO - Processing file /opt/airflow/dags/taskgroup/taskgroup_downloads.py for tasks to queue
[2024-11-06T16:52:20.131+0000] {logging_mixin.py:190} INFO - [2024-11-06T16:52:20.130+0000] {dagbag.py:588} INFO - Filling up the DagBag from /opt/airflow/dags/taskgroup/taskgroup_downloads.py
[2024-11-06T16:52:20.151+0000] {processor.py:927} WARNING - No viable dags retrieved from /opt/airflow/dags/taskgroup/taskgroup_downloads.py
[2024-11-06T16:52:20.163+0000] {processor.py:208} INFO - Processing /opt/airflow/dags/taskgroup/taskgroup_downloads.py took 0.042 seconds
[2024-11-06T16:52:50.544+0000] {processor.py:186} INFO - Started process (PID=1702) to work on /opt/airflow/dags/taskgroup/taskgroup_downloads.py
[2024-11-06T16:52:50.545+0000] {processor.py:914} INFO - Processing file /opt/airflow/dags/taskgroup/taskgroup_downloads.py for tasks to queue
[2024-11-06T16:52:50.546+0000] {logging_mixin.py:190} INFO - [2024-11-06T16:52:50.546+0000] {dagbag.py:588} INFO - Filling up the DagBag from /opt/airflow/dags/taskgroup/taskgroup_downloads.py
[2024-11-06T16:52:50.565+0000] {processor.py:927} WARNING - No viable dags retrieved from /opt/airflow/dags/taskgroup/taskgroup_downloads.py
[2024-11-06T16:52:50.578+0000] {processor.py:208} INFO - Processing /opt/airflow/dags/taskgroup/taskgroup_downloads.py took 0.042 seconds
[2024-11-06T16:53:20.879+0000] {processor.py:186} INFO - Started process (PID=1721) to work on /opt/airflow/dags/taskgroup/taskgroup_downloads.py
[2024-11-06T16:53:20.880+0000] {processor.py:914} INFO - Processing file /opt/airflow/dags/taskgroup/taskgroup_downloads.py for tasks to queue
[2024-11-06T16:53:20.881+0000] {logging_mixin.py:190} INFO - [2024-11-06T16:53:20.881+0000] {dagbag.py:588} INFO - Filling up the DagBag from /opt/airflow/dags/taskgroup/taskgroup_downloads.py
[2024-11-06T16:53:20.898+0000] {processor.py:927} WARNING - No viable dags retrieved from /opt/airflow/dags/taskgroup/taskgroup_downloads.py
[2024-11-06T16:53:20.918+0000] {processor.py:208} INFO - Processing /opt/airflow/dags/taskgroup/taskgroup_downloads.py took 0.044 seconds
[2024-11-06T16:53:51.199+0000] {processor.py:186} INFO - Started process (PID=1742) to work on /opt/airflow/dags/taskgroup/taskgroup_downloads.py
[2024-11-06T16:53:51.200+0000] {processor.py:914} INFO - Processing file /opt/airflow/dags/taskgroup/taskgroup_downloads.py for tasks to queue
[2024-11-06T16:53:51.201+0000] {logging_mixin.py:190} INFO - [2024-11-06T16:53:51.201+0000] {dagbag.py:588} INFO - Filling up the DagBag from /opt/airflow/dags/taskgroup/taskgroup_downloads.py
[2024-11-06T16:53:51.218+0000] {processor.py:927} WARNING - No viable dags retrieved from /opt/airflow/dags/taskgroup/taskgroup_downloads.py
[2024-11-06T16:53:51.232+0000] {processor.py:208} INFO - Processing /opt/airflow/dags/taskgroup/taskgroup_downloads.py took 0.040 seconds
[2024-11-06T16:54:21.696+0000] {processor.py:186} INFO - Started process (PID=1760) to work on /opt/airflow/dags/taskgroup/taskgroup_downloads.py
[2024-11-06T16:54:21.697+0000] {processor.py:914} INFO - Processing file /opt/airflow/dags/taskgroup/taskgroup_downloads.py for tasks to queue
[2024-11-06T16:54:21.699+0000] {logging_mixin.py:190} INFO - [2024-11-06T16:54:21.698+0000] {dagbag.py:588} INFO - Filling up the DagBag from /opt/airflow/dags/taskgroup/taskgroup_downloads.py
[2024-11-06T16:54:21.717+0000] {processor.py:927} WARNING - No viable dags retrieved from /opt/airflow/dags/taskgroup/taskgroup_downloads.py
[2024-11-06T16:54:21.730+0000] {processor.py:208} INFO - Processing /opt/airflow/dags/taskgroup/taskgroup_downloads.py took 0.041 seconds
[2024-11-06T16:54:51.916+0000] {processor.py:186} INFO - Started process (PID=1778) to work on /opt/airflow/dags/taskgroup/taskgroup_downloads.py
[2024-11-06T16:54:51.918+0000] {processor.py:914} INFO - Processing file /opt/airflow/dags/taskgroup/taskgroup_downloads.py for tasks to queue
[2024-11-06T16:54:51.919+0000] {logging_mixin.py:190} INFO - [2024-11-06T16:54:51.919+0000] {dagbag.py:588} INFO - Filling up the DagBag from /opt/airflow/dags/taskgroup/taskgroup_downloads.py
[2024-11-06T16:54:51.938+0000] {processor.py:927} WARNING - No viable dags retrieved from /opt/airflow/dags/taskgroup/taskgroup_downloads.py
[2024-11-06T16:54:51.952+0000] {processor.py:208} INFO - Processing /opt/airflow/dags/taskgroup/taskgroup_downloads.py took 0.044 seconds
[2024-11-06T16:55:22.188+0000] {processor.py:186} INFO - Started process (PID=1798) to work on /opt/airflow/dags/taskgroup/taskgroup_downloads.py
[2024-11-06T16:55:22.189+0000] {processor.py:914} INFO - Processing file /opt/airflow/dags/taskgroup/taskgroup_downloads.py for tasks to queue
[2024-11-06T16:55:22.192+0000] {logging_mixin.py:190} INFO - [2024-11-06T16:55:22.191+0000] {dagbag.py:588} INFO - Filling up the DagBag from /opt/airflow/dags/taskgroup/taskgroup_downloads.py
[2024-11-06T16:55:22.217+0000] {processor.py:927} WARNING - No viable dags retrieved from /opt/airflow/dags/taskgroup/taskgroup_downloads.py
[2024-11-06T16:55:22.240+0000] {processor.py:208} INFO - Processing /opt/airflow/dags/taskgroup/taskgroup_downloads.py took 0.062 seconds
[2024-11-06T16:55:52.683+0000] {processor.py:186} INFO - Started process (PID=1816) to work on /opt/airflow/dags/taskgroup/taskgroup_downloads.py
[2024-11-06T16:55:52.684+0000] {processor.py:914} INFO - Processing file /opt/airflow/dags/taskgroup/taskgroup_downloads.py for tasks to queue
[2024-11-06T16:55:52.685+0000] {logging_mixin.py:190} INFO - [2024-11-06T16:55:52.685+0000] {dagbag.py:588} INFO - Filling up the DagBag from /opt/airflow/dags/taskgroup/taskgroup_downloads.py
[2024-11-06T16:55:52.701+0000] {processor.py:927} WARNING - No viable dags retrieved from /opt/airflow/dags/taskgroup/taskgroup_downloads.py
[2024-11-06T16:55:52.715+0000] {processor.py:208} INFO - Processing /opt/airflow/dags/taskgroup/taskgroup_downloads.py took 0.039 seconds
[2024-11-06T16:56:23.218+0000] {processor.py:186} INFO - Started process (PID=1834) to work on /opt/airflow/dags/taskgroup/taskgroup_downloads.py
[2024-11-06T16:56:23.220+0000] {processor.py:914} INFO - Processing file /opt/airflow/dags/taskgroup/taskgroup_downloads.py for tasks to queue
[2024-11-06T16:56:23.221+0000] {logging_mixin.py:190} INFO - [2024-11-06T16:56:23.221+0000] {dagbag.py:588} INFO - Filling up the DagBag from /opt/airflow/dags/taskgroup/taskgroup_downloads.py
[2024-11-06T16:56:23.240+0000] {processor.py:927} WARNING - No viable dags retrieved from /opt/airflow/dags/taskgroup/taskgroup_downloads.py
[2024-11-06T16:56:23.253+0000] {processor.py:208} INFO - Processing /opt/airflow/dags/taskgroup/taskgroup_downloads.py took 0.043 seconds
[2024-11-06T16:56:53.330+0000] {processor.py:186} INFO - Started process (PID=1854) to work on /opt/airflow/dags/taskgroup/taskgroup_downloads.py
[2024-11-06T16:56:53.331+0000] {processor.py:914} INFO - Processing file /opt/airflow/dags/taskgroup/taskgroup_downloads.py for tasks to queue
[2024-11-06T16:56:53.332+0000] {logging_mixin.py:190} INFO - [2024-11-06T16:56:53.332+0000] {dagbag.py:588} INFO - Filling up the DagBag from /opt/airflow/dags/taskgroup/taskgroup_downloads.py
[2024-11-06T16:56:53.352+0000] {processor.py:927} WARNING - No viable dags retrieved from /opt/airflow/dags/taskgroup/taskgroup_downloads.py
[2024-11-06T16:56:53.365+0000] {processor.py:208} INFO - Processing /opt/airflow/dags/taskgroup/taskgroup_downloads.py took 0.043 seconds
[2024-11-06T16:57:23.794+0000] {processor.py:186} INFO - Started process (PID=1872) to work on /opt/airflow/dags/taskgroup/taskgroup_downloads.py
[2024-11-06T16:57:23.795+0000] {processor.py:914} INFO - Processing file /opt/airflow/dags/taskgroup/taskgroup_downloads.py for tasks to queue
[2024-11-06T16:57:23.797+0000] {logging_mixin.py:190} INFO - [2024-11-06T16:57:23.796+0000] {dagbag.py:588} INFO - Filling up the DagBag from /opt/airflow/dags/taskgroup/taskgroup_downloads.py
[2024-11-06T16:57:23.817+0000] {processor.py:927} WARNING - No viable dags retrieved from /opt/airflow/dags/taskgroup/taskgroup_downloads.py
[2024-11-06T16:57:23.835+0000] {processor.py:208} INFO - Processing /opt/airflow/dags/taskgroup/taskgroup_downloads.py took 0.048 seconds
[2024-11-06T16:57:54.114+0000] {processor.py:186} INFO - Started process (PID=1890) to work on /opt/airflow/dags/taskgroup/taskgroup_downloads.py
[2024-11-06T16:57:54.115+0000] {processor.py:914} INFO - Processing file /opt/airflow/dags/taskgroup/taskgroup_downloads.py for tasks to queue
[2024-11-06T16:57:54.117+0000] {logging_mixin.py:190} INFO - [2024-11-06T16:57:54.116+0000] {dagbag.py:588} INFO - Filling up the DagBag from /opt/airflow/dags/taskgroup/taskgroup_downloads.py
[2024-11-06T16:57:54.135+0000] {processor.py:927} WARNING - No viable dags retrieved from /opt/airflow/dags/taskgroup/taskgroup_downloads.py
[2024-11-06T16:57:54.148+0000] {processor.py:208} INFO - Processing /opt/airflow/dags/taskgroup/taskgroup_downloads.py took 0.041 seconds
