[2024-11-06T16:11:52.054+0000] {processor.py:186} INFO - Started process (PID=244) to work on /opt/airflow/dags/taskgroup/taskgroup_transforms.py
[2024-11-06T16:11:52.056+0000] {processor.py:914} INFO - Processing file /opt/airflow/dags/taskgroup/taskgroup_transforms.py for tasks to queue
[2024-11-06T16:11:52.057+0000] {logging_mixin.py:190} INFO - [2024-11-06T16:11:52.057+0000] {dagbag.py:588} INFO - Filling up the DagBag from /opt/airflow/dags/taskgroup/taskgroup_transforms.py
[2024-11-06T16:11:52.082+0000] {processor.py:927} WARNING - No viable dags retrieved from /opt/airflow/dags/taskgroup/taskgroup_transforms.py
[2024-11-06T16:11:52.097+0000] {processor.py:208} INFO - Processing /opt/airflow/dags/taskgroup/taskgroup_transforms.py took 0.049 seconds
[2024-11-06T16:12:05.627+0000] {processor.py:186} INFO - Started process (PID=252) to work on /opt/airflow/dags/taskgroup/taskgroup_transforms.py
[2024-11-06T16:12:05.628+0000] {processor.py:914} INFO - Processing file /opt/airflow/dags/taskgroup/taskgroup_transforms.py for tasks to queue
[2024-11-06T16:12:05.629+0000] {logging_mixin.py:190} INFO - [2024-11-06T16:12:05.629+0000] {dagbag.py:588} INFO - Filling up the DagBag from /opt/airflow/dags/taskgroup/taskgroup_transforms.py
[2024-11-06T16:12:05.658+0000] {processor.py:927} WARNING - No viable dags retrieved from /opt/airflow/dags/taskgroup/taskgroup_transforms.py
[2024-11-06T16:12:05.672+0000] {processor.py:208} INFO - Processing /opt/airflow/dags/taskgroup/taskgroup_transforms.py took 0.052 seconds
[2024-11-06T16:12:36.001+0000] {processor.py:186} INFO - Started process (PID=270) to work on /opt/airflow/dags/taskgroup/taskgroup_transforms.py
[2024-11-06T16:12:36.002+0000] {processor.py:914} INFO - Processing file /opt/airflow/dags/taskgroup/taskgroup_transforms.py for tasks to queue
[2024-11-06T16:12:36.004+0000] {logging_mixin.py:190} INFO - [2024-11-06T16:12:36.004+0000] {dagbag.py:588} INFO - Filling up the DagBag from /opt/airflow/dags/taskgroup/taskgroup_transforms.py
[2024-11-06T16:12:36.022+0000] {processor.py:927} WARNING - No viable dags retrieved from /opt/airflow/dags/taskgroup/taskgroup_transforms.py
[2024-11-06T16:12:36.035+0000] {processor.py:208} INFO - Processing /opt/airflow/dags/taskgroup/taskgroup_transforms.py took 0.041 seconds
[2024-11-06T16:13:06.306+0000] {processor.py:186} INFO - Started process (PID=289) to work on /opt/airflow/dags/taskgroup/taskgroup_transforms.py
[2024-11-06T16:13:06.307+0000] {processor.py:914} INFO - Processing file /opt/airflow/dags/taskgroup/taskgroup_transforms.py for tasks to queue
[2024-11-06T16:13:06.308+0000] {logging_mixin.py:190} INFO - [2024-11-06T16:13:06.308+0000] {dagbag.py:588} INFO - Filling up the DagBag from /opt/airflow/dags/taskgroup/taskgroup_transforms.py
[2024-11-06T16:13:06.324+0000] {processor.py:927} WARNING - No viable dags retrieved from /opt/airflow/dags/taskgroup/taskgroup_transforms.py
[2024-11-06T16:13:06.337+0000] {processor.py:208} INFO - Processing /opt/airflow/dags/taskgroup/taskgroup_transforms.py took 0.038 seconds
[2024-11-06T16:13:36.678+0000] {processor.py:186} INFO - Started process (PID=306) to work on /opt/airflow/dags/taskgroup/taskgroup_transforms.py
[2024-11-06T16:13:36.679+0000] {processor.py:914} INFO - Processing file /opt/airflow/dags/taskgroup/taskgroup_transforms.py for tasks to queue
[2024-11-06T16:13:36.681+0000] {logging_mixin.py:190} INFO - [2024-11-06T16:13:36.681+0000] {dagbag.py:588} INFO - Filling up the DagBag from /opt/airflow/dags/taskgroup/taskgroup_transforms.py
[2024-11-06T16:13:36.700+0000] {processor.py:927} WARNING - No viable dags retrieved from /opt/airflow/dags/taskgroup/taskgroup_transforms.py
[2024-11-06T16:13:36.714+0000] {processor.py:208} INFO - Processing /opt/airflow/dags/taskgroup/taskgroup_transforms.py took 0.043 seconds
[2024-11-06T16:14:06.962+0000] {processor.py:186} INFO - Started process (PID=323) to work on /opt/airflow/dags/taskgroup/taskgroup_transforms.py
[2024-11-06T16:14:06.963+0000] {processor.py:914} INFO - Processing file /opt/airflow/dags/taskgroup/taskgroup_transforms.py for tasks to queue
[2024-11-06T16:14:06.965+0000] {logging_mixin.py:190} INFO - [2024-11-06T16:14:06.964+0000] {dagbag.py:588} INFO - Filling up the DagBag from /opt/airflow/dags/taskgroup/taskgroup_transforms.py
[2024-11-06T16:14:06.980+0000] {processor.py:927} WARNING - No viable dags retrieved from /opt/airflow/dags/taskgroup/taskgroup_transforms.py
[2024-11-06T16:14:06.994+0000] {processor.py:208} INFO - Processing /opt/airflow/dags/taskgroup/taskgroup_transforms.py took 0.040 seconds
[2024-11-06T16:14:37.831+0000] {processor.py:186} INFO - Started process (PID=342) to work on /opt/airflow/dags/taskgroup/taskgroup_transforms.py
[2024-11-06T16:14:37.833+0000] {processor.py:914} INFO - Processing file /opt/airflow/dags/taskgroup/taskgroup_transforms.py for tasks to queue
[2024-11-06T16:14:37.836+0000] {logging_mixin.py:190} INFO - [2024-11-06T16:14:37.835+0000] {dagbag.py:588} INFO - Filling up the DagBag from /opt/airflow/dags/taskgroup/taskgroup_transforms.py
[2024-11-06T16:14:37.857+0000] {processor.py:927} WARNING - No viable dags retrieved from /opt/airflow/dags/taskgroup/taskgroup_transforms.py
[2024-11-06T16:14:37.879+0000] {processor.py:208} INFO - Processing /opt/airflow/dags/taskgroup/taskgroup_transforms.py took 0.056 seconds
[2024-11-06T16:15:08.123+0000] {processor.py:186} INFO - Started process (PID=359) to work on /opt/airflow/dags/taskgroup/taskgroup_transforms.py
[2024-11-06T16:15:08.125+0000] {processor.py:914} INFO - Processing file /opt/airflow/dags/taskgroup/taskgroup_transforms.py for tasks to queue
[2024-11-06T16:15:08.127+0000] {logging_mixin.py:190} INFO - [2024-11-06T16:15:08.126+0000] {dagbag.py:588} INFO - Filling up the DagBag from /opt/airflow/dags/taskgroup/taskgroup_transforms.py
[2024-11-06T16:15:08.147+0000] {processor.py:927} WARNING - No viable dags retrieved from /opt/airflow/dags/taskgroup/taskgroup_transforms.py
[2024-11-06T16:15:08.161+0000] {processor.py:208} INFO - Processing /opt/airflow/dags/taskgroup/taskgroup_transforms.py took 0.047 seconds
[2024-11-06T16:15:38.982+0000] {processor.py:186} INFO - Started process (PID=380) to work on /opt/airflow/dags/taskgroup/taskgroup_transforms.py
[2024-11-06T16:15:38.983+0000] {processor.py:914} INFO - Processing file /opt/airflow/dags/taskgroup/taskgroup_transforms.py for tasks to queue
[2024-11-06T16:15:38.984+0000] {logging_mixin.py:190} INFO - [2024-11-06T16:15:38.984+0000] {dagbag.py:588} INFO - Filling up the DagBag from /opt/airflow/dags/taskgroup/taskgroup_transforms.py
[2024-11-06T16:15:39.000+0000] {processor.py:927} WARNING - No viable dags retrieved from /opt/airflow/dags/taskgroup/taskgroup_transforms.py
[2024-11-06T16:15:39.012+0000] {processor.py:208} INFO - Processing /opt/airflow/dags/taskgroup/taskgroup_transforms.py took 0.036 seconds
[2024-11-06T16:16:09.219+0000] {processor.py:186} INFO - Started process (PID=399) to work on /opt/airflow/dags/taskgroup/taskgroup_transforms.py
[2024-11-06T16:16:09.220+0000] {processor.py:914} INFO - Processing file /opt/airflow/dags/taskgroup/taskgroup_transforms.py for tasks to queue
[2024-11-06T16:16:09.222+0000] {logging_mixin.py:190} INFO - [2024-11-06T16:16:09.222+0000] {dagbag.py:588} INFO - Filling up the DagBag from /opt/airflow/dags/taskgroup/taskgroup_transforms.py
[2024-11-06T16:16:09.253+0000] {processor.py:927} WARNING - No viable dags retrieved from /opt/airflow/dags/taskgroup/taskgroup_transforms.py
[2024-11-06T16:16:09.267+0000] {processor.py:208} INFO - Processing /opt/airflow/dags/taskgroup/taskgroup_transforms.py took 0.055 seconds
[2024-11-06T16:16:39.450+0000] {processor.py:186} INFO - Started process (PID=416) to work on /opt/airflow/dags/taskgroup/taskgroup_transforms.py
[2024-11-06T16:16:39.451+0000] {processor.py:914} INFO - Processing file /opt/airflow/dags/taskgroup/taskgroup_transforms.py for tasks to queue
[2024-11-06T16:16:39.453+0000] {logging_mixin.py:190} INFO - [2024-11-06T16:16:39.452+0000] {dagbag.py:588} INFO - Filling up the DagBag from /opt/airflow/dags/taskgroup/taskgroup_transforms.py
[2024-11-06T16:16:39.467+0000] {processor.py:927} WARNING - No viable dags retrieved from /opt/airflow/dags/taskgroup/taskgroup_transforms.py
[2024-11-06T16:16:39.479+0000] {processor.py:208} INFO - Processing /opt/airflow/dags/taskgroup/taskgroup_transforms.py took 0.036 seconds
[2024-11-06T16:17:09.658+0000] {processor.py:186} INFO - Started process (PID=434) to work on /opt/airflow/dags/taskgroup/taskgroup_transforms.py
[2024-11-06T16:17:09.660+0000] {processor.py:914} INFO - Processing file /opt/airflow/dags/taskgroup/taskgroup_transforms.py for tasks to queue
[2024-11-06T16:17:09.661+0000] {logging_mixin.py:190} INFO - [2024-11-06T16:17:09.661+0000] {dagbag.py:588} INFO - Filling up the DagBag from /opt/airflow/dags/taskgroup/taskgroup_transforms.py
[2024-11-06T16:17:09.677+0000] {processor.py:927} WARNING - No viable dags retrieved from /opt/airflow/dags/taskgroup/taskgroup_transforms.py
[2024-11-06T16:17:09.688+0000] {processor.py:208} INFO - Processing /opt/airflow/dags/taskgroup/taskgroup_transforms.py took 0.037 seconds
[2024-11-06T16:17:39.943+0000] {processor.py:186} INFO - Started process (PID=451) to work on /opt/airflow/dags/taskgroup/taskgroup_transforms.py
[2024-11-06T16:17:39.944+0000] {processor.py:914} INFO - Processing file /opt/airflow/dags/taskgroup/taskgroup_transforms.py for tasks to queue
[2024-11-06T16:17:39.946+0000] {logging_mixin.py:190} INFO - [2024-11-06T16:17:39.946+0000] {dagbag.py:588} INFO - Filling up the DagBag from /opt/airflow/dags/taskgroup/taskgroup_transforms.py
[2024-11-06T16:17:39.962+0000] {processor.py:927} WARNING - No viable dags retrieved from /opt/airflow/dags/taskgroup/taskgroup_transforms.py
[2024-11-06T16:17:39.976+0000] {processor.py:208} INFO - Processing /opt/airflow/dags/taskgroup/taskgroup_transforms.py took 0.040 seconds
[2024-11-06T16:17:57.428+0000] {processor.py:186} INFO - Started process (PID=463) to work on /opt/airflow/dags/taskgroup/taskgroup_transforms.py
[2024-11-06T16:17:57.429+0000] {processor.py:914} INFO - Processing file /opt/airflow/dags/taskgroup/taskgroup_transforms.py for tasks to queue
[2024-11-06T16:17:57.431+0000] {logging_mixin.py:190} INFO - [2024-11-06T16:17:57.430+0000] {dagbag.py:588} INFO - Filling up the DagBag from /opt/airflow/dags/taskgroup/taskgroup_transforms.py
[2024-11-06T16:17:57.464+0000] {processor.py:927} WARNING - No viable dags retrieved from /opt/airflow/dags/taskgroup/taskgroup_transforms.py
[2024-11-06T16:17:57.478+0000] {processor.py:208} INFO - Processing /opt/airflow/dags/taskgroup/taskgroup_transforms.py took 0.059 seconds
[2024-11-06T16:17:59.470+0000] {processor.py:186} INFO - Started process (PID=464) to work on /opt/airflow/dags/taskgroup/taskgroup_transforms.py
[2024-11-06T16:17:59.471+0000] {processor.py:914} INFO - Processing file /opt/airflow/dags/taskgroup/taskgroup_transforms.py for tasks to queue
[2024-11-06T16:17:59.472+0000] {logging_mixin.py:190} INFO - [2024-11-06T16:17:59.472+0000] {dagbag.py:588} INFO - Filling up the DagBag from /opt/airflow/dags/taskgroup/taskgroup_transforms.py
[2024-11-06T16:17:59.502+0000] {processor.py:927} WARNING - No viable dags retrieved from /opt/airflow/dags/taskgroup/taskgroup_transforms.py
[2024-11-06T16:17:59.519+0000] {processor.py:208} INFO - Processing /opt/airflow/dags/taskgroup/taskgroup_transforms.py took 0.057 seconds
[2024-11-06T16:18:02.646+0000] {processor.py:186} INFO - Started process (PID=468) to work on /opt/airflow/dags/taskgroup/taskgroup_transforms.py
[2024-11-06T16:18:02.647+0000] {processor.py:914} INFO - Processing file /opt/airflow/dags/taskgroup/taskgroup_transforms.py for tasks to queue
[2024-11-06T16:18:02.648+0000] {logging_mixin.py:190} INFO - [2024-11-06T16:18:02.648+0000] {dagbag.py:588} INFO - Filling up the DagBag from /opt/airflow/dags/taskgroup/taskgroup_transforms.py
[2024-11-06T16:18:02.681+0000] {processor.py:927} WARNING - No viable dags retrieved from /opt/airflow/dags/taskgroup/taskgroup_transforms.py
[2024-11-06T16:18:02.692+0000] {processor.py:208} INFO - Processing /opt/airflow/dags/taskgroup/taskgroup_transforms.py took 0.055 seconds
[2024-11-06T16:18:05.889+0000] {processor.py:186} INFO - Started process (PID=472) to work on /opt/airflow/dags/taskgroup/taskgroup_transforms.py
[2024-11-06T16:18:05.890+0000] {processor.py:914} INFO - Processing file /opt/airflow/dags/taskgroup/taskgroup_transforms.py for tasks to queue
[2024-11-06T16:18:05.891+0000] {logging_mixin.py:190} INFO - [2024-11-06T16:18:05.891+0000] {dagbag.py:588} INFO - Filling up the DagBag from /opt/airflow/dags/taskgroup/taskgroup_transforms.py
[2024-11-06T16:18:05.919+0000] {processor.py:927} WARNING - No viable dags retrieved from /opt/airflow/dags/taskgroup/taskgroup_transforms.py
[2024-11-06T16:18:05.932+0000] {processor.py:208} INFO - Processing /opt/airflow/dags/taskgroup/taskgroup_transforms.py took 0.049 seconds
[2024-11-06T16:18:07.936+0000] {processor.py:186} INFO - Started process (PID=473) to work on /opt/airflow/dags/taskgroup/taskgroup_transforms.py
[2024-11-06T16:18:07.937+0000] {processor.py:914} INFO - Processing file /opt/airflow/dags/taskgroup/taskgroup_transforms.py for tasks to queue
[2024-11-06T16:18:07.939+0000] {logging_mixin.py:190} INFO - [2024-11-06T16:18:07.938+0000] {dagbag.py:588} INFO - Filling up the DagBag from /opt/airflow/dags/taskgroup/taskgroup_transforms.py
[2024-11-06T16:18:07.979+0000] {processor.py:927} WARNING - No viable dags retrieved from /opt/airflow/dags/taskgroup/taskgroup_transforms.py
[2024-11-06T16:18:07.992+0000] {processor.py:208} INFO - Processing /opt/airflow/dags/taskgroup/taskgroup_transforms.py took 0.064 seconds
[2024-11-06T16:18:10.048+0000] {processor.py:186} INFO - Started process (PID=474) to work on /opt/airflow/dags/taskgroup/taskgroup_transforms.py
[2024-11-06T16:18:10.049+0000] {processor.py:914} INFO - Processing file /opt/airflow/dags/taskgroup/taskgroup_transforms.py for tasks to queue
[2024-11-06T16:18:10.051+0000] {logging_mixin.py:190} INFO - [2024-11-06T16:18:10.050+0000] {dagbag.py:588} INFO - Filling up the DagBag from /opt/airflow/dags/taskgroup/taskgroup_transforms.py
[2024-11-06T16:18:10.088+0000] {processor.py:927} WARNING - No viable dags retrieved from /opt/airflow/dags/taskgroup/taskgroup_transforms.py
[2024-11-06T16:18:10.102+0000] {processor.py:208} INFO - Processing /opt/airflow/dags/taskgroup/taskgroup_transforms.py took 0.061 seconds
[2024-11-06T16:18:40.277+0000] {processor.py:186} INFO - Started process (PID=493) to work on /opt/airflow/dags/taskgroup/taskgroup_transforms.py
[2024-11-06T16:18:40.278+0000] {processor.py:914} INFO - Processing file /opt/airflow/dags/taskgroup/taskgroup_transforms.py for tasks to queue
[2024-11-06T16:18:40.280+0000] {logging_mixin.py:190} INFO - [2024-11-06T16:18:40.280+0000] {dagbag.py:588} INFO - Filling up the DagBag from /opt/airflow/dags/taskgroup/taskgroup_transforms.py
[2024-11-06T16:18:40.298+0000] {processor.py:927} WARNING - No viable dags retrieved from /opt/airflow/dags/taskgroup/taskgroup_transforms.py
[2024-11-06T16:18:40.312+0000] {processor.py:208} INFO - Processing /opt/airflow/dags/taskgroup/taskgroup_transforms.py took 0.043 seconds
[2024-11-06T16:19:10.679+0000] {processor.py:186} INFO - Started process (PID=510) to work on /opt/airflow/dags/taskgroup/taskgroup_transforms.py
[2024-11-06T16:19:10.681+0000] {processor.py:914} INFO - Processing file /opt/airflow/dags/taskgroup/taskgroup_transforms.py for tasks to queue
[2024-11-06T16:19:10.682+0000] {logging_mixin.py:190} INFO - [2024-11-06T16:19:10.682+0000] {dagbag.py:588} INFO - Filling up the DagBag from /opt/airflow/dags/taskgroup/taskgroup_transforms.py
[2024-11-06T16:19:10.700+0000] {processor.py:927} WARNING - No viable dags retrieved from /opt/airflow/dags/taskgroup/taskgroup_transforms.py
[2024-11-06T16:19:10.714+0000] {processor.py:208} INFO - Processing /opt/airflow/dags/taskgroup/taskgroup_transforms.py took 0.042 seconds
[2024-11-06T16:19:40.956+0000] {processor.py:186} INFO - Started process (PID=525) to work on /opt/airflow/dags/taskgroup/taskgroup_transforms.py
[2024-11-06T16:19:40.957+0000] {processor.py:914} INFO - Processing file /opt/airflow/dags/taskgroup/taskgroup_transforms.py for tasks to queue
[2024-11-06T16:19:40.962+0000] {logging_mixin.py:190} INFO - [2024-11-06T16:19:40.960+0000] {dagbag.py:588} INFO - Filling up the DagBag from /opt/airflow/dags/taskgroup/taskgroup_transforms.py
[2024-11-06T16:19:40.990+0000] {processor.py:927} WARNING - No viable dags retrieved from /opt/airflow/dags/taskgroup/taskgroup_transforms.py
[2024-11-06T16:19:41.008+0000] {processor.py:208} INFO - Processing /opt/airflow/dags/taskgroup/taskgroup_transforms.py took 0.062 seconds
[2024-11-06T16:20:11.344+0000] {processor.py:186} INFO - Started process (PID=539) to work on /opt/airflow/dags/taskgroup/taskgroup_transforms.py
[2024-11-06T16:20:11.354+0000] {processor.py:914} INFO - Processing file /opt/airflow/dags/taskgroup/taskgroup_transforms.py for tasks to queue
[2024-11-06T16:20:11.362+0000] {logging_mixin.py:190} INFO - [2024-11-06T16:20:11.359+0000] {dagbag.py:588} INFO - Filling up the DagBag from /opt/airflow/dags/taskgroup/taskgroup_transforms.py
[2024-11-06T16:20:11.386+0000] {processor.py:927} WARNING - No viable dags retrieved from /opt/airflow/dags/taskgroup/taskgroup_transforms.py
[2024-11-06T16:20:11.403+0000] {processor.py:208} INFO - Processing /opt/airflow/dags/taskgroup/taskgroup_transforms.py took 0.086 seconds
[2024-11-06T16:20:41.723+0000] {processor.py:186} INFO - Started process (PID=553) to work on /opt/airflow/dags/taskgroup/taskgroup_transforms.py
[2024-11-06T16:20:41.725+0000] {processor.py:914} INFO - Processing file /opt/airflow/dags/taskgroup/taskgroup_transforms.py for tasks to queue
[2024-11-06T16:20:41.728+0000] {logging_mixin.py:190} INFO - [2024-11-06T16:20:41.727+0000] {dagbag.py:588} INFO - Filling up the DagBag from /opt/airflow/dags/taskgroup/taskgroup_transforms.py
[2024-11-06T16:20:41.746+0000] {processor.py:927} WARNING - No viable dags retrieved from /opt/airflow/dags/taskgroup/taskgroup_transforms.py
[2024-11-06T16:20:41.760+0000] {processor.py:208} INFO - Processing /opt/airflow/dags/taskgroup/taskgroup_transforms.py took 0.045 seconds
[2024-11-06T16:21:12.145+0000] {processor.py:186} INFO - Started process (PID=567) to work on /opt/airflow/dags/taskgroup/taskgroup_transforms.py
[2024-11-06T16:21:12.147+0000] {processor.py:914} INFO - Processing file /opt/airflow/dags/taskgroup/taskgroup_transforms.py for tasks to queue
[2024-11-06T16:21:12.149+0000] {logging_mixin.py:190} INFO - [2024-11-06T16:21:12.148+0000] {dagbag.py:588} INFO - Filling up the DagBag from /opt/airflow/dags/taskgroup/taskgroup_transforms.py
[2024-11-06T16:21:12.186+0000] {processor.py:927} WARNING - No viable dags retrieved from /opt/airflow/dags/taskgroup/taskgroup_transforms.py
[2024-11-06T16:21:12.222+0000] {processor.py:208} INFO - Processing /opt/airflow/dags/taskgroup/taskgroup_transforms.py took 0.088 seconds
[2024-11-06T16:21:42.476+0000] {processor.py:186} INFO - Started process (PID=581) to work on /opt/airflow/dags/taskgroup/taskgroup_transforms.py
[2024-11-06T16:21:42.477+0000] {processor.py:914} INFO - Processing file /opt/airflow/dags/taskgroup/taskgroup_transforms.py for tasks to queue
[2024-11-06T16:21:42.479+0000] {logging_mixin.py:190} INFO - [2024-11-06T16:21:42.478+0000] {dagbag.py:588} INFO - Filling up the DagBag from /opt/airflow/dags/taskgroup/taskgroup_transforms.py
[2024-11-06T16:21:42.497+0000] {processor.py:927} WARNING - No viable dags retrieved from /opt/airflow/dags/taskgroup/taskgroup_transforms.py
[2024-11-06T16:21:42.511+0000] {processor.py:208} INFO - Processing /opt/airflow/dags/taskgroup/taskgroup_transforms.py took 0.042 seconds
[2024-11-06T16:22:12.774+0000] {processor.py:186} INFO - Started process (PID=595) to work on /opt/airflow/dags/taskgroup/taskgroup_transforms.py
[2024-11-06T16:22:12.774+0000] {processor.py:914} INFO - Processing file /opt/airflow/dags/taskgroup/taskgroup_transforms.py for tasks to queue
[2024-11-06T16:22:12.776+0000] {logging_mixin.py:190} INFO - [2024-11-06T16:22:12.776+0000] {dagbag.py:588} INFO - Filling up the DagBag from /opt/airflow/dags/taskgroup/taskgroup_transforms.py
[2024-11-06T16:22:12.795+0000] {processor.py:927} WARNING - No viable dags retrieved from /opt/airflow/dags/taskgroup/taskgroup_transforms.py
[2024-11-06T16:22:12.810+0000] {processor.py:208} INFO - Processing /opt/airflow/dags/taskgroup/taskgroup_transforms.py took 0.042 seconds
[2024-11-06T16:22:43.041+0000] {processor.py:186} INFO - Started process (PID=609) to work on /opt/airflow/dags/taskgroup/taskgroup_transforms.py
[2024-11-06T16:22:43.042+0000] {processor.py:914} INFO - Processing file /opt/airflow/dags/taskgroup/taskgroup_transforms.py for tasks to queue
[2024-11-06T16:22:43.043+0000] {logging_mixin.py:190} INFO - [2024-11-06T16:22:43.043+0000] {dagbag.py:588} INFO - Filling up the DagBag from /opt/airflow/dags/taskgroup/taskgroup_transforms.py
[2024-11-06T16:22:43.063+0000] {processor.py:927} WARNING - No viable dags retrieved from /opt/airflow/dags/taskgroup/taskgroup_transforms.py
[2024-11-06T16:22:43.077+0000] {processor.py:208} INFO - Processing /opt/airflow/dags/taskgroup/taskgroup_transforms.py took 0.045 seconds
[2024-11-06T16:23:13.377+0000] {processor.py:186} INFO - Started process (PID=623) to work on /opt/airflow/dags/taskgroup/taskgroup_transforms.py
[2024-11-06T16:23:13.378+0000] {processor.py:914} INFO - Processing file /opt/airflow/dags/taskgroup/taskgroup_transforms.py for tasks to queue
[2024-11-06T16:23:13.380+0000] {logging_mixin.py:190} INFO - [2024-11-06T16:23:13.379+0000] {dagbag.py:588} INFO - Filling up the DagBag from /opt/airflow/dags/taskgroup/taskgroup_transforms.py
[2024-11-06T16:23:13.399+0000] {processor.py:927} WARNING - No viable dags retrieved from /opt/airflow/dags/taskgroup/taskgroup_transforms.py
[2024-11-06T16:23:13.411+0000] {processor.py:208} INFO - Processing /opt/airflow/dags/taskgroup/taskgroup_transforms.py took 0.042 seconds
[2024-11-06T16:23:43.624+0000] {processor.py:186} INFO - Started process (PID=637) to work on /opt/airflow/dags/taskgroup/taskgroup_transforms.py
[2024-11-06T16:23:43.625+0000] {processor.py:914} INFO - Processing file /opt/airflow/dags/taskgroup/taskgroup_transforms.py for tasks to queue
[2024-11-06T16:23:43.626+0000] {logging_mixin.py:190} INFO - [2024-11-06T16:23:43.626+0000] {dagbag.py:588} INFO - Filling up the DagBag from /opt/airflow/dags/taskgroup/taskgroup_transforms.py
[2024-11-06T16:23:43.643+0000] {processor.py:927} WARNING - No viable dags retrieved from /opt/airflow/dags/taskgroup/taskgroup_transforms.py
[2024-11-06T16:23:43.659+0000] {processor.py:208} INFO - Processing /opt/airflow/dags/taskgroup/taskgroup_transforms.py took 0.043 seconds
[2024-11-06T16:24:12.993+0000] {processor.py:186} INFO - Started process (PID=651) to work on /opt/airflow/dags/taskgroup/taskgroup_transforms.py
[2024-11-06T16:24:12.994+0000] {processor.py:914} INFO - Processing file /opt/airflow/dags/taskgroup/taskgroup_transforms.py for tasks to queue
[2024-11-06T16:24:12.996+0000] {logging_mixin.py:190} INFO - [2024-11-06T16:24:12.995+0000] {dagbag.py:588} INFO - Filling up the DagBag from /opt/airflow/dags/taskgroup/taskgroup_transforms.py
[2024-11-06T16:24:13.027+0000] {processor.py:927} WARNING - No viable dags retrieved from /opt/airflow/dags/taskgroup/taskgroup_transforms.py
[2024-11-06T16:24:13.042+0000] {processor.py:208} INFO - Processing /opt/airflow/dags/taskgroup/taskgroup_transforms.py took 0.056 seconds
[2024-11-06T16:24:43.124+0000] {processor.py:186} INFO - Started process (PID=665) to work on /opt/airflow/dags/taskgroup/taskgroup_transforms.py
[2024-11-06T16:24:43.125+0000] {processor.py:914} INFO - Processing file /opt/airflow/dags/taskgroup/taskgroup_transforms.py for tasks to queue
[2024-11-06T16:24:43.127+0000] {logging_mixin.py:190} INFO - [2024-11-06T16:24:43.127+0000] {dagbag.py:588} INFO - Filling up the DagBag from /opt/airflow/dags/taskgroup/taskgroup_transforms.py
[2024-11-06T16:24:43.147+0000] {processor.py:927} WARNING - No viable dags retrieved from /opt/airflow/dags/taskgroup/taskgroup_transforms.py
[2024-11-06T16:24:43.160+0000] {processor.py:208} INFO - Processing /opt/airflow/dags/taskgroup/taskgroup_transforms.py took 0.044 seconds
[2024-11-06T16:25:13.538+0000] {processor.py:186} INFO - Started process (PID=680) to work on /opt/airflow/dags/taskgroup/taskgroup_transforms.py
[2024-11-06T16:25:13.540+0000] {processor.py:914} INFO - Processing file /opt/airflow/dags/taskgroup/taskgroup_transforms.py for tasks to queue
[2024-11-06T16:25:13.542+0000] {logging_mixin.py:190} INFO - [2024-11-06T16:25:13.541+0000] {dagbag.py:588} INFO - Filling up the DagBag from /opt/airflow/dags/taskgroup/taskgroup_transforms.py
[2024-11-06T16:25:13.563+0000] {processor.py:927} WARNING - No viable dags retrieved from /opt/airflow/dags/taskgroup/taskgroup_transforms.py
[2024-11-06T16:25:13.578+0000] {processor.py:208} INFO - Processing /opt/airflow/dags/taskgroup/taskgroup_transforms.py took 0.048 seconds
[2024-11-06T16:25:43.761+0000] {processor.py:186} INFO - Started process (PID=700) to work on /opt/airflow/dags/taskgroup/taskgroup_transforms.py
[2024-11-06T16:25:43.764+0000] {processor.py:914} INFO - Processing file /opt/airflow/dags/taskgroup/taskgroup_transforms.py for tasks to queue
[2024-11-06T16:25:43.768+0000] {logging_mixin.py:190} INFO - [2024-11-06T16:25:43.766+0000] {dagbag.py:588} INFO - Filling up the DagBag from /opt/airflow/dags/taskgroup/taskgroup_transforms.py
[2024-11-06T16:25:43.790+0000] {processor.py:927} WARNING - No viable dags retrieved from /opt/airflow/dags/taskgroup/taskgroup_transforms.py
[2024-11-06T16:25:43.823+0000] {processor.py:208} INFO - Processing /opt/airflow/dags/taskgroup/taskgroup_transforms.py took 0.091 seconds
[2024-11-06T16:26:14.473+0000] {processor.py:186} INFO - Started process (PID=724) to work on /opt/airflow/dags/taskgroup/taskgroup_transforms.py
[2024-11-06T16:26:14.474+0000] {processor.py:914} INFO - Processing file /opt/airflow/dags/taskgroup/taskgroup_transforms.py for tasks to queue
[2024-11-06T16:26:14.476+0000] {logging_mixin.py:190} INFO - [2024-11-06T16:26:14.475+0000] {dagbag.py:588} INFO - Filling up the DagBag from /opt/airflow/dags/taskgroup/taskgroup_transforms.py
[2024-11-06T16:26:14.494+0000] {processor.py:927} WARNING - No viable dags retrieved from /opt/airflow/dags/taskgroup/taskgroup_transforms.py
[2024-11-06T16:26:14.509+0000] {processor.py:208} INFO - Processing /opt/airflow/dags/taskgroup/taskgroup_transforms.py took 0.042 seconds
[2024-11-06T16:26:44.907+0000] {processor.py:186} INFO - Started process (PID=744) to work on /opt/airflow/dags/taskgroup/taskgroup_transforms.py
[2024-11-06T16:26:44.908+0000] {processor.py:914} INFO - Processing file /opt/airflow/dags/taskgroup/taskgroup_transforms.py for tasks to queue
[2024-11-06T16:26:44.909+0000] {logging_mixin.py:190} INFO - [2024-11-06T16:26:44.909+0000] {dagbag.py:588} INFO - Filling up the DagBag from /opt/airflow/dags/taskgroup/taskgroup_transforms.py
[2024-11-06T16:26:44.927+0000] {processor.py:927} WARNING - No viable dags retrieved from /opt/airflow/dags/taskgroup/taskgroup_transforms.py
[2024-11-06T16:26:44.941+0000] {processor.py:208} INFO - Processing /opt/airflow/dags/taskgroup/taskgroup_transforms.py took 0.041 seconds
[2024-11-06T16:27:15.650+0000] {processor.py:186} INFO - Started process (PID=761) to work on /opt/airflow/dags/taskgroup/taskgroup_transforms.py
[2024-11-06T16:27:15.659+0000] {processor.py:914} INFO - Processing file /opt/airflow/dags/taskgroup/taskgroup_transforms.py for tasks to queue
[2024-11-06T16:27:15.663+0000] {logging_mixin.py:190} INFO - [2024-11-06T16:27:15.662+0000] {dagbag.py:588} INFO - Filling up the DagBag from /opt/airflow/dags/taskgroup/taskgroup_transforms.py
[2024-11-06T16:27:15.688+0000] {processor.py:927} WARNING - No viable dags retrieved from /opt/airflow/dags/taskgroup/taskgroup_transforms.py
[2024-11-06T16:27:15.787+0000] {processor.py:208} INFO - Processing /opt/airflow/dags/taskgroup/taskgroup_transforms.py took 0.180 seconds
[2024-11-06T16:27:45.908+0000] {processor.py:186} INFO - Started process (PID=780) to work on /opt/airflow/dags/taskgroup/taskgroup_transforms.py
[2024-11-06T16:27:45.909+0000] {processor.py:914} INFO - Processing file /opt/airflow/dags/taskgroup/taskgroup_transforms.py for tasks to queue
[2024-11-06T16:27:45.911+0000] {logging_mixin.py:190} INFO - [2024-11-06T16:27:45.911+0000] {dagbag.py:588} INFO - Filling up the DagBag from /opt/airflow/dags/taskgroup/taskgroup_transforms.py
[2024-11-06T16:27:45.931+0000] {processor.py:927} WARNING - No viable dags retrieved from /opt/airflow/dags/taskgroup/taskgroup_transforms.py
[2024-11-06T16:27:45.944+0000] {processor.py:208} INFO - Processing /opt/airflow/dags/taskgroup/taskgroup_transforms.py took 0.043 seconds
[2024-11-06T16:28:16.149+0000] {processor.py:186} INFO - Started process (PID=803) to work on /opt/airflow/dags/taskgroup/taskgroup_transforms.py
[2024-11-06T16:28:16.150+0000] {processor.py:914} INFO - Processing file /opt/airflow/dags/taskgroup/taskgroup_transforms.py for tasks to queue
[2024-11-06T16:28:16.152+0000] {logging_mixin.py:190} INFO - [2024-11-06T16:28:16.151+0000] {dagbag.py:588} INFO - Filling up the DagBag from /opt/airflow/dags/taskgroup/taskgroup_transforms.py
[2024-11-06T16:28:16.171+0000] {processor.py:927} WARNING - No viable dags retrieved from /opt/airflow/dags/taskgroup/taskgroup_transforms.py
[2024-11-06T16:28:16.185+0000] {processor.py:208} INFO - Processing /opt/airflow/dags/taskgroup/taskgroup_transforms.py took 0.044 seconds
[2024-11-06T16:28:46.873+0000] {processor.py:186} INFO - Started process (PID=822) to work on /opt/airflow/dags/taskgroup/taskgroup_transforms.py
[2024-11-06T16:28:46.874+0000] {processor.py:914} INFO - Processing file /opt/airflow/dags/taskgroup/taskgroup_transforms.py for tasks to queue
[2024-11-06T16:28:46.876+0000] {logging_mixin.py:190} INFO - [2024-11-06T16:28:46.876+0000] {dagbag.py:588} INFO - Filling up the DagBag from /opt/airflow/dags/taskgroup/taskgroup_transforms.py
[2024-11-06T16:28:46.894+0000] {processor.py:927} WARNING - No viable dags retrieved from /opt/airflow/dags/taskgroup/taskgroup_transforms.py
[2024-11-06T16:28:46.909+0000] {processor.py:208} INFO - Processing /opt/airflow/dags/taskgroup/taskgroup_transforms.py took 0.044 seconds
[2024-11-06T16:29:17.252+0000] {processor.py:186} INFO - Started process (PID=839) to work on /opt/airflow/dags/taskgroup/taskgroup_transforms.py
[2024-11-06T16:29:17.253+0000] {processor.py:914} INFO - Processing file /opt/airflow/dags/taskgroup/taskgroup_transforms.py for tasks to queue
[2024-11-06T16:29:17.255+0000] {logging_mixin.py:190} INFO - [2024-11-06T16:29:17.254+0000] {dagbag.py:588} INFO - Filling up the DagBag from /opt/airflow/dags/taskgroup/taskgroup_transforms.py
[2024-11-06T16:29:17.271+0000] {processor.py:927} WARNING - No viable dags retrieved from /opt/airflow/dags/taskgroup/taskgroup_transforms.py
[2024-11-06T16:29:17.285+0000] {processor.py:208} INFO - Processing /opt/airflow/dags/taskgroup/taskgroup_transforms.py took 0.040 seconds
[2024-11-06T16:29:47.508+0000] {processor.py:186} INFO - Started process (PID=856) to work on /opt/airflow/dags/taskgroup/taskgroup_transforms.py
[2024-11-06T16:29:47.509+0000] {processor.py:914} INFO - Processing file /opt/airflow/dags/taskgroup/taskgroup_transforms.py for tasks to queue
[2024-11-06T16:29:47.511+0000] {logging_mixin.py:190} INFO - [2024-11-06T16:29:47.511+0000] {dagbag.py:588} INFO - Filling up the DagBag from /opt/airflow/dags/taskgroup/taskgroup_transforms.py
[2024-11-06T16:29:47.531+0000] {processor.py:927} WARNING - No viable dags retrieved from /opt/airflow/dags/taskgroup/taskgroup_transforms.py
[2024-11-06T16:29:47.546+0000] {processor.py:208} INFO - Processing /opt/airflow/dags/taskgroup/taskgroup_transforms.py took 0.046 seconds
[2024-11-06T16:30:18.043+0000] {processor.py:186} INFO - Started process (PID=875) to work on /opt/airflow/dags/taskgroup/taskgroup_transforms.py
[2024-11-06T16:30:18.045+0000] {processor.py:914} INFO - Processing file /opt/airflow/dags/taskgroup/taskgroup_transforms.py for tasks to queue
[2024-11-06T16:30:18.047+0000] {logging_mixin.py:190} INFO - [2024-11-06T16:30:18.047+0000] {dagbag.py:588} INFO - Filling up the DagBag from /opt/airflow/dags/taskgroup/taskgroup_transforms.py
[2024-11-06T16:30:18.065+0000] {processor.py:927} WARNING - No viable dags retrieved from /opt/airflow/dags/taskgroup/taskgroup_transforms.py
[2024-11-06T16:30:18.080+0000] {processor.py:208} INFO - Processing /opt/airflow/dags/taskgroup/taskgroup_transforms.py took 0.045 seconds
[2024-11-06T16:30:48.315+0000] {processor.py:186} INFO - Started process (PID=904) to work on /opt/airflow/dags/taskgroup/taskgroup_transforms.py
[2024-11-06T16:30:48.317+0000] {processor.py:914} INFO - Processing file /opt/airflow/dags/taskgroup/taskgroup_transforms.py for tasks to queue
[2024-11-06T16:30:48.320+0000] {logging_mixin.py:190} INFO - [2024-11-06T16:30:48.319+0000] {dagbag.py:588} INFO - Filling up the DagBag from /opt/airflow/dags/taskgroup/taskgroup_transforms.py
[2024-11-06T16:30:48.340+0000] {processor.py:927} WARNING - No viable dags retrieved from /opt/airflow/dags/taskgroup/taskgroup_transforms.py
[2024-11-06T16:30:48.356+0000] {processor.py:208} INFO - Processing /opt/airflow/dags/taskgroup/taskgroup_transforms.py took 0.050 seconds
[2024-11-06T16:31:18.591+0000] {processor.py:186} INFO - Started process (PID=921) to work on /opt/airflow/dags/taskgroup/taskgroup_transforms.py
[2024-11-06T16:31:18.594+0000] {processor.py:914} INFO - Processing file /opt/airflow/dags/taskgroup/taskgroup_transforms.py for tasks to queue
[2024-11-06T16:31:18.597+0000] {logging_mixin.py:190} INFO - [2024-11-06T16:31:18.596+0000] {dagbag.py:588} INFO - Filling up the DagBag from /opt/airflow/dags/taskgroup/taskgroup_transforms.py
[2024-11-06T16:31:18.618+0000] {processor.py:927} WARNING - No viable dags retrieved from /opt/airflow/dags/taskgroup/taskgroup_transforms.py
[2024-11-06T16:31:18.634+0000] {processor.py:208} INFO - Processing /opt/airflow/dags/taskgroup/taskgroup_transforms.py took 0.052 seconds
[2024-11-06T16:31:48.754+0000] {processor.py:186} INFO - Started process (PID=943) to work on /opt/airflow/dags/taskgroup/taskgroup_transforms.py
[2024-11-06T16:31:48.755+0000] {processor.py:914} INFO - Processing file /opt/airflow/dags/taskgroup/taskgroup_transforms.py for tasks to queue
[2024-11-06T16:31:48.757+0000] {logging_mixin.py:190} INFO - [2024-11-06T16:31:48.757+0000] {dagbag.py:588} INFO - Filling up the DagBag from /opt/airflow/dags/taskgroup/taskgroup_transforms.py
[2024-11-06T16:31:48.783+0000] {processor.py:927} WARNING - No viable dags retrieved from /opt/airflow/dags/taskgroup/taskgroup_transforms.py
[2024-11-06T16:31:48.802+0000] {processor.py:208} INFO - Processing /opt/airflow/dags/taskgroup/taskgroup_transforms.py took 0.057 seconds
[2024-11-06T16:32:18.974+0000] {processor.py:186} INFO - Started process (PID=968) to work on /opt/airflow/dags/taskgroup/taskgroup_transforms.py
[2024-11-06T16:32:18.976+0000] {processor.py:914} INFO - Processing file /opt/airflow/dags/taskgroup/taskgroup_transforms.py for tasks to queue
[2024-11-06T16:32:18.977+0000] {logging_mixin.py:190} INFO - [2024-11-06T16:32:18.977+0000] {dagbag.py:588} INFO - Filling up the DagBag from /opt/airflow/dags/taskgroup/taskgroup_transforms.py
[2024-11-06T16:32:18.992+0000] {processor.py:927} WARNING - No viable dags retrieved from /opt/airflow/dags/taskgroup/taskgroup_transforms.py
[2024-11-06T16:32:19.005+0000] {processor.py:208} INFO - Processing /opt/airflow/dags/taskgroup/taskgroup_transforms.py took 0.039 seconds
[2024-11-06T16:32:49.313+0000] {processor.py:186} INFO - Started process (PID=985) to work on /opt/airflow/dags/taskgroup/taskgroup_transforms.py
[2024-11-06T16:32:49.314+0000] {processor.py:914} INFO - Processing file /opt/airflow/dags/taskgroup/taskgroup_transforms.py for tasks to queue
[2024-11-06T16:32:49.316+0000] {logging_mixin.py:190} INFO - [2024-11-06T16:32:49.315+0000] {dagbag.py:588} INFO - Filling up the DagBag from /opt/airflow/dags/taskgroup/taskgroup_transforms.py
[2024-11-06T16:32:49.335+0000] {processor.py:927} WARNING - No viable dags retrieved from /opt/airflow/dags/taskgroup/taskgroup_transforms.py
[2024-11-06T16:32:49.350+0000] {processor.py:208} INFO - Processing /opt/airflow/dags/taskgroup/taskgroup_transforms.py took 0.045 seconds
[2024-11-06T16:33:19.712+0000] {processor.py:186} INFO - Started process (PID=1002) to work on /opt/airflow/dags/taskgroup/taskgroup_transforms.py
[2024-11-06T16:33:19.714+0000] {processor.py:914} INFO - Processing file /opt/airflow/dags/taskgroup/taskgroup_transforms.py for tasks to queue
[2024-11-06T16:33:19.715+0000] {logging_mixin.py:190} INFO - [2024-11-06T16:33:19.715+0000] {dagbag.py:588} INFO - Filling up the DagBag from /opt/airflow/dags/taskgroup/taskgroup_transforms.py
[2024-11-06T16:33:19.737+0000] {processor.py:927} WARNING - No viable dags retrieved from /opt/airflow/dags/taskgroup/taskgroup_transforms.py
[2024-11-06T16:33:19.754+0000] {processor.py:208} INFO - Processing /opt/airflow/dags/taskgroup/taskgroup_transforms.py took 0.049 seconds
[2024-11-06T16:33:50.171+0000] {processor.py:186} INFO - Started process (PID=1019) to work on /opt/airflow/dags/taskgroup/taskgroup_transforms.py
[2024-11-06T16:33:50.172+0000] {processor.py:914} INFO - Processing file /opt/airflow/dags/taskgroup/taskgroup_transforms.py for tasks to queue
[2024-11-06T16:33:50.175+0000] {logging_mixin.py:190} INFO - [2024-11-06T16:33:50.175+0000] {dagbag.py:588} INFO - Filling up the DagBag from /opt/airflow/dags/taskgroup/taskgroup_transforms.py
[2024-11-06T16:33:50.193+0000] {processor.py:927} WARNING - No viable dags retrieved from /opt/airflow/dags/taskgroup/taskgroup_transforms.py
[2024-11-06T16:33:50.209+0000] {processor.py:208} INFO - Processing /opt/airflow/dags/taskgroup/taskgroup_transforms.py took 0.046 seconds
[2024-11-06T16:34:20.456+0000] {processor.py:186} INFO - Started process (PID=1036) to work on /opt/airflow/dags/taskgroup/taskgroup_transforms.py
[2024-11-06T16:34:20.457+0000] {processor.py:914} INFO - Processing file /opt/airflow/dags/taskgroup/taskgroup_transforms.py for tasks to queue
[2024-11-06T16:34:20.458+0000] {logging_mixin.py:190} INFO - [2024-11-06T16:34:20.458+0000] {dagbag.py:588} INFO - Filling up the DagBag from /opt/airflow/dags/taskgroup/taskgroup_transforms.py
[2024-11-06T16:34:20.474+0000] {processor.py:927} WARNING - No viable dags retrieved from /opt/airflow/dags/taskgroup/taskgroup_transforms.py
[2024-11-06T16:34:20.486+0000] {processor.py:208} INFO - Processing /opt/airflow/dags/taskgroup/taskgroup_transforms.py took 0.036 seconds
[2024-11-06T16:34:50.738+0000] {processor.py:186} INFO - Started process (PID=1053) to work on /opt/airflow/dags/taskgroup/taskgroup_transforms.py
[2024-11-06T16:34:50.739+0000] {processor.py:914} INFO - Processing file /opt/airflow/dags/taskgroup/taskgroup_transforms.py for tasks to queue
[2024-11-06T16:34:50.741+0000] {logging_mixin.py:190} INFO - [2024-11-06T16:34:50.740+0000] {dagbag.py:588} INFO - Filling up the DagBag from /opt/airflow/dags/taskgroup/taskgroup_transforms.py
[2024-11-06T16:34:50.758+0000] {processor.py:927} WARNING - No viable dags retrieved from /opt/airflow/dags/taskgroup/taskgroup_transforms.py
[2024-11-06T16:34:50.773+0000] {processor.py:208} INFO - Processing /opt/airflow/dags/taskgroup/taskgroup_transforms.py took 0.042 seconds
[2024-11-06T16:35:21.130+0000] {processor.py:186} INFO - Started process (PID=1070) to work on /opt/airflow/dags/taskgroup/taskgroup_transforms.py
[2024-11-06T16:35:21.132+0000] {processor.py:914} INFO - Processing file /opt/airflow/dags/taskgroup/taskgroup_transforms.py for tasks to queue
[2024-11-06T16:35:21.134+0000] {logging_mixin.py:190} INFO - [2024-11-06T16:35:21.133+0000] {dagbag.py:588} INFO - Filling up the DagBag from /opt/airflow/dags/taskgroup/taskgroup_transforms.py
[2024-11-06T16:35:21.153+0000] {processor.py:927} WARNING - No viable dags retrieved from /opt/airflow/dags/taskgroup/taskgroup_transforms.py
[2024-11-06T16:35:21.171+0000] {processor.py:208} INFO - Processing /opt/airflow/dags/taskgroup/taskgroup_transforms.py took 0.050 seconds
[2024-11-06T16:35:51.501+0000] {processor.py:186} INFO - Started process (PID=1087) to work on /opt/airflow/dags/taskgroup/taskgroup_transforms.py
[2024-11-06T16:35:51.502+0000] {processor.py:914} INFO - Processing file /opt/airflow/dags/taskgroup/taskgroup_transforms.py for tasks to queue
[2024-11-06T16:35:51.504+0000] {logging_mixin.py:190} INFO - [2024-11-06T16:35:51.504+0000] {dagbag.py:588} INFO - Filling up the DagBag from /opt/airflow/dags/taskgroup/taskgroup_transforms.py
[2024-11-06T16:35:51.522+0000] {processor.py:927} WARNING - No viable dags retrieved from /opt/airflow/dags/taskgroup/taskgroup_transforms.py
[2024-11-06T16:35:51.535+0000] {processor.py:208} INFO - Processing /opt/airflow/dags/taskgroup/taskgroup_transforms.py took 0.043 seconds
[2024-11-06T16:36:22.119+0000] {processor.py:186} INFO - Started process (PID=1104) to work on /opt/airflow/dags/taskgroup/taskgroup_transforms.py
[2024-11-06T16:36:22.121+0000] {processor.py:914} INFO - Processing file /opt/airflow/dags/taskgroup/taskgroup_transforms.py for tasks to queue
[2024-11-06T16:36:22.123+0000] {logging_mixin.py:190} INFO - [2024-11-06T16:36:22.122+0000] {dagbag.py:588} INFO - Filling up the DagBag from /opt/airflow/dags/taskgroup/taskgroup_transforms.py
[2024-11-06T16:36:22.143+0000] {processor.py:927} WARNING - No viable dags retrieved from /opt/airflow/dags/taskgroup/taskgroup_transforms.py
[2024-11-06T16:36:22.160+0000] {processor.py:208} INFO - Processing /opt/airflow/dags/taskgroup/taskgroup_transforms.py took 0.048 seconds
[2024-11-06T16:36:52.697+0000] {processor.py:186} INFO - Started process (PID=1121) to work on /opt/airflow/dags/taskgroup/taskgroup_transforms.py
[2024-11-06T16:36:52.699+0000] {processor.py:914} INFO - Processing file /opt/airflow/dags/taskgroup/taskgroup_transforms.py for tasks to queue
[2024-11-06T16:36:52.700+0000] {logging_mixin.py:190} INFO - [2024-11-06T16:36:52.700+0000] {dagbag.py:588} INFO - Filling up the DagBag from /opt/airflow/dags/taskgroup/taskgroup_transforms.py
[2024-11-06T16:36:52.723+0000] {processor.py:927} WARNING - No viable dags retrieved from /opt/airflow/dags/taskgroup/taskgroup_transforms.py
[2024-11-06T16:36:52.741+0000] {processor.py:208} INFO - Processing /opt/airflow/dags/taskgroup/taskgroup_transforms.py took 0.054 seconds
[2024-11-06T16:37:23.239+0000] {processor.py:186} INFO - Started process (PID=1139) to work on /opt/airflow/dags/taskgroup/taskgroup_transforms.py
[2024-11-06T16:37:23.241+0000] {processor.py:914} INFO - Processing file /opt/airflow/dags/taskgroup/taskgroup_transforms.py for tasks to queue
[2024-11-06T16:37:23.242+0000] {logging_mixin.py:190} INFO - [2024-11-06T16:37:23.242+0000] {dagbag.py:588} INFO - Filling up the DagBag from /opt/airflow/dags/taskgroup/taskgroup_transforms.py
[2024-11-06T16:37:23.260+0000] {processor.py:927} WARNING - No viable dags retrieved from /opt/airflow/dags/taskgroup/taskgroup_transforms.py
[2024-11-06T16:37:23.274+0000] {processor.py:208} INFO - Processing /opt/airflow/dags/taskgroup/taskgroup_transforms.py took 0.041 seconds
[2024-11-06T16:37:53.876+0000] {processor.py:186} INFO - Started process (PID=1157) to work on /opt/airflow/dags/taskgroup/taskgroup_transforms.py
[2024-11-06T16:37:53.877+0000] {processor.py:914} INFO - Processing file /opt/airflow/dags/taskgroup/taskgroup_transforms.py for tasks to queue
[2024-11-06T16:37:53.879+0000] {logging_mixin.py:190} INFO - [2024-11-06T16:37:53.879+0000] {dagbag.py:588} INFO - Filling up the DagBag from /opt/airflow/dags/taskgroup/taskgroup_transforms.py
[2024-11-06T16:37:53.901+0000] {processor.py:927} WARNING - No viable dags retrieved from /opt/airflow/dags/taskgroup/taskgroup_transforms.py
[2024-11-06T16:37:53.912+0000] {processor.py:208} INFO - Processing /opt/airflow/dags/taskgroup/taskgroup_transforms.py took 0.042 seconds
[2024-11-06T16:38:24.128+0000] {processor.py:186} INFO - Started process (PID=1175) to work on /opt/airflow/dags/taskgroup/taskgroup_transforms.py
[2024-11-06T16:38:24.129+0000] {processor.py:914} INFO - Processing file /opt/airflow/dags/taskgroup/taskgroup_transforms.py for tasks to queue
[2024-11-06T16:38:24.131+0000] {logging_mixin.py:190} INFO - [2024-11-06T16:38:24.130+0000] {dagbag.py:588} INFO - Filling up the DagBag from /opt/airflow/dags/taskgroup/taskgroup_transforms.py
[2024-11-06T16:38:24.148+0000] {processor.py:927} WARNING - No viable dags retrieved from /opt/airflow/dags/taskgroup/taskgroup_transforms.py
[2024-11-06T16:38:24.164+0000] {processor.py:208} INFO - Processing /opt/airflow/dags/taskgroup/taskgroup_transforms.py took 0.044 seconds
[2024-11-06T16:38:54.767+0000] {processor.py:186} INFO - Started process (PID=1194) to work on /opt/airflow/dags/taskgroup/taskgroup_transforms.py
[2024-11-06T16:38:54.768+0000] {processor.py:914} INFO - Processing file /opt/airflow/dags/taskgroup/taskgroup_transforms.py for tasks to queue
[2024-11-06T16:38:54.770+0000] {logging_mixin.py:190} INFO - [2024-11-06T16:38:54.770+0000] {dagbag.py:588} INFO - Filling up the DagBag from /opt/airflow/dags/taskgroup/taskgroup_transforms.py
[2024-11-06T16:38:54.788+0000] {processor.py:927} WARNING - No viable dags retrieved from /opt/airflow/dags/taskgroup/taskgroup_transforms.py
[2024-11-06T16:38:54.801+0000] {processor.py:208} INFO - Processing /opt/airflow/dags/taskgroup/taskgroup_transforms.py took 0.040 seconds
[2024-11-06T16:39:25.391+0000] {processor.py:186} INFO - Started process (PID=1212) to work on /opt/airflow/dags/taskgroup/taskgroup_transforms.py
[2024-11-06T16:39:25.393+0000] {processor.py:914} INFO - Processing file /opt/airflow/dags/taskgroup/taskgroup_transforms.py for tasks to queue
[2024-11-06T16:39:25.395+0000] {logging_mixin.py:190} INFO - [2024-11-06T16:39:25.395+0000] {dagbag.py:588} INFO - Filling up the DagBag from /opt/airflow/dags/taskgroup/taskgroup_transforms.py
[2024-11-06T16:39:25.415+0000] {processor.py:927} WARNING - No viable dags retrieved from /opt/airflow/dags/taskgroup/taskgroup_transforms.py
[2024-11-06T16:39:25.432+0000] {processor.py:208} INFO - Processing /opt/airflow/dags/taskgroup/taskgroup_transforms.py took 0.050 seconds
[2024-11-06T16:39:55.901+0000] {processor.py:186} INFO - Started process (PID=1230) to work on /opt/airflow/dags/taskgroup/taskgroup_transforms.py
[2024-11-06T16:39:55.902+0000] {processor.py:914} INFO - Processing file /opt/airflow/dags/taskgroup/taskgroup_transforms.py for tasks to queue
[2024-11-06T16:39:55.903+0000] {logging_mixin.py:190} INFO - [2024-11-06T16:39:55.903+0000] {dagbag.py:588} INFO - Filling up the DagBag from /opt/airflow/dags/taskgroup/taskgroup_transforms.py
[2024-11-06T16:39:55.919+0000] {processor.py:927} WARNING - No viable dags retrieved from /opt/airflow/dags/taskgroup/taskgroup_transforms.py
[2024-11-06T16:39:55.933+0000] {processor.py:208} INFO - Processing /opt/airflow/dags/taskgroup/taskgroup_transforms.py took 0.040 seconds
[2024-11-06T16:40:26.438+0000] {processor.py:186} INFO - Started process (PID=1248) to work on /opt/airflow/dags/taskgroup/taskgroup_transforms.py
[2024-11-06T16:40:26.439+0000] {processor.py:914} INFO - Processing file /opt/airflow/dags/taskgroup/taskgroup_transforms.py for tasks to queue
[2024-11-06T16:40:26.441+0000] {logging_mixin.py:190} INFO - [2024-11-06T16:40:26.440+0000] {dagbag.py:588} INFO - Filling up the DagBag from /opt/airflow/dags/taskgroup/taskgroup_transforms.py
[2024-11-06T16:40:26.464+0000] {processor.py:927} WARNING - No viable dags retrieved from /opt/airflow/dags/taskgroup/taskgroup_transforms.py
[2024-11-06T16:40:26.479+0000] {processor.py:208} INFO - Processing /opt/airflow/dags/taskgroup/taskgroup_transforms.py took 0.048 seconds
[2024-11-06T16:40:57.121+0000] {processor.py:186} INFO - Started process (PID=1266) to work on /opt/airflow/dags/taskgroup/taskgroup_transforms.py
[2024-11-06T16:40:57.122+0000] {processor.py:914} INFO - Processing file /opt/airflow/dags/taskgroup/taskgroup_transforms.py for tasks to queue
[2024-11-06T16:40:57.124+0000] {logging_mixin.py:190} INFO - [2024-11-06T16:40:57.124+0000] {dagbag.py:588} INFO - Filling up the DagBag from /opt/airflow/dags/taskgroup/taskgroup_transforms.py
[2024-11-06T16:40:57.143+0000] {processor.py:927} WARNING - No viable dags retrieved from /opt/airflow/dags/taskgroup/taskgroup_transforms.py
[2024-11-06T16:40:57.160+0000] {processor.py:208} INFO - Processing /opt/airflow/dags/taskgroup/taskgroup_transforms.py took 0.046 seconds
[2024-11-06T16:41:27.317+0000] {processor.py:186} INFO - Started process (PID=1284) to work on /opt/airflow/dags/taskgroup/taskgroup_transforms.py
[2024-11-06T16:41:27.318+0000] {processor.py:914} INFO - Processing file /opt/airflow/dags/taskgroup/taskgroup_transforms.py for tasks to queue
[2024-11-06T16:41:27.320+0000] {logging_mixin.py:190} INFO - [2024-11-06T16:41:27.320+0000] {dagbag.py:588} INFO - Filling up the DagBag from /opt/airflow/dags/taskgroup/taskgroup_transforms.py
[2024-11-06T16:41:27.339+0000] {processor.py:927} WARNING - No viable dags retrieved from /opt/airflow/dags/taskgroup/taskgroup_transforms.py
[2024-11-06T16:41:27.355+0000] {processor.py:208} INFO - Processing /opt/airflow/dags/taskgroup/taskgroup_transforms.py took 0.048 seconds
[2024-11-06T16:41:57.607+0000] {processor.py:186} INFO - Started process (PID=1302) to work on /opt/airflow/dags/taskgroup/taskgroup_transforms.py
[2024-11-06T16:41:57.610+0000] {processor.py:914} INFO - Processing file /opt/airflow/dags/taskgroup/taskgroup_transforms.py for tasks to queue
[2024-11-06T16:41:57.612+0000] {logging_mixin.py:190} INFO - [2024-11-06T16:41:57.611+0000] {dagbag.py:588} INFO - Filling up the DagBag from /opt/airflow/dags/taskgroup/taskgroup_transforms.py
[2024-11-06T16:41:57.633+0000] {processor.py:927} WARNING - No viable dags retrieved from /opt/airflow/dags/taskgroup/taskgroup_transforms.py
[2024-11-06T16:41:57.650+0000] {processor.py:208} INFO - Processing /opt/airflow/dags/taskgroup/taskgroup_transforms.py took 0.051 seconds
[2024-11-06T16:42:27.964+0000] {processor.py:186} INFO - Started process (PID=1320) to work on /opt/airflow/dags/taskgroup/taskgroup_transforms.py
[2024-11-06T16:42:27.965+0000] {processor.py:914} INFO - Processing file /opt/airflow/dags/taskgroup/taskgroup_transforms.py for tasks to queue
[2024-11-06T16:42:27.966+0000] {logging_mixin.py:190} INFO - [2024-11-06T16:42:27.966+0000] {dagbag.py:588} INFO - Filling up the DagBag from /opt/airflow/dags/taskgroup/taskgroup_transforms.py
[2024-11-06T16:42:27.986+0000] {processor.py:927} WARNING - No viable dags retrieved from /opt/airflow/dags/taskgroup/taskgroup_transforms.py
[2024-11-06T16:42:28.002+0000] {processor.py:208} INFO - Processing /opt/airflow/dags/taskgroup/taskgroup_transforms.py took 0.046 seconds
[2024-11-06T16:42:58.391+0000] {processor.py:186} INFO - Started process (PID=1340) to work on /opt/airflow/dags/taskgroup/taskgroup_transforms.py
[2024-11-06T16:42:58.393+0000] {processor.py:914} INFO - Processing file /opt/airflow/dags/taskgroup/taskgroup_transforms.py for tasks to queue
[2024-11-06T16:42:58.394+0000] {logging_mixin.py:190} INFO - [2024-11-06T16:42:58.394+0000] {dagbag.py:588} INFO - Filling up the DagBag from /opt/airflow/dags/taskgroup/taskgroup_transforms.py
[2024-11-06T16:42:58.415+0000] {processor.py:927} WARNING - No viable dags retrieved from /opt/airflow/dags/taskgroup/taskgroup_transforms.py
[2024-11-06T16:42:58.433+0000] {processor.py:208} INFO - Processing /opt/airflow/dags/taskgroup/taskgroup_transforms.py took 0.048 seconds
[2024-11-06T16:43:28.776+0000] {processor.py:186} INFO - Started process (PID=1361) to work on /opt/airflow/dags/taskgroup/taskgroup_transforms.py
[2024-11-06T16:43:28.777+0000] {processor.py:914} INFO - Processing file /opt/airflow/dags/taskgroup/taskgroup_transforms.py for tasks to queue
[2024-11-06T16:43:28.781+0000] {logging_mixin.py:190} INFO - [2024-11-06T16:43:28.780+0000] {dagbag.py:588} INFO - Filling up the DagBag from /opt/airflow/dags/taskgroup/taskgroup_transforms.py
[2024-11-06T16:43:28.799+0000] {processor.py:927} WARNING - No viable dags retrieved from /opt/airflow/dags/taskgroup/taskgroup_transforms.py
[2024-11-06T16:43:28.813+0000] {processor.py:208} INFO - Processing /opt/airflow/dags/taskgroup/taskgroup_transforms.py took 0.045 seconds
[2024-11-06T16:43:59.170+0000] {processor.py:186} INFO - Started process (PID=1379) to work on /opt/airflow/dags/taskgroup/taskgroup_transforms.py
[2024-11-06T16:43:59.172+0000] {processor.py:914} INFO - Processing file /opt/airflow/dags/taskgroup/taskgroup_transforms.py for tasks to queue
[2024-11-06T16:43:59.173+0000] {logging_mixin.py:190} INFO - [2024-11-06T16:43:59.173+0000] {dagbag.py:588} INFO - Filling up the DagBag from /opt/airflow/dags/taskgroup/taskgroup_transforms.py
[2024-11-06T16:43:59.190+0000] {processor.py:927} WARNING - No viable dags retrieved from /opt/airflow/dags/taskgroup/taskgroup_transforms.py
[2024-11-06T16:43:59.204+0000] {processor.py:208} INFO - Processing /opt/airflow/dags/taskgroup/taskgroup_transforms.py took 0.041 seconds
[2024-11-06T16:44:29.397+0000] {processor.py:186} INFO - Started process (PID=1397) to work on /opt/airflow/dags/taskgroup/taskgroup_transforms.py
[2024-11-06T16:44:29.398+0000] {processor.py:914} INFO - Processing file /opt/airflow/dags/taskgroup/taskgroup_transforms.py for tasks to queue
[2024-11-06T16:44:29.399+0000] {logging_mixin.py:190} INFO - [2024-11-06T16:44:29.399+0000] {dagbag.py:588} INFO - Filling up the DagBag from /opt/airflow/dags/taskgroup/taskgroup_transforms.py
[2024-11-06T16:44:29.415+0000] {processor.py:927} WARNING - No viable dags retrieved from /opt/airflow/dags/taskgroup/taskgroup_transforms.py
[2024-11-06T16:44:29.427+0000] {processor.py:208} INFO - Processing /opt/airflow/dags/taskgroup/taskgroup_transforms.py took 0.037 seconds
[2024-11-06T16:44:59.793+0000] {processor.py:186} INFO - Started process (PID=1415) to work on /opt/airflow/dags/taskgroup/taskgroup_transforms.py
[2024-11-06T16:44:59.794+0000] {processor.py:914} INFO - Processing file /opt/airflow/dags/taskgroup/taskgroup_transforms.py for tasks to queue
[2024-11-06T16:44:59.795+0000] {logging_mixin.py:190} INFO - [2024-11-06T16:44:59.795+0000] {dagbag.py:588} INFO - Filling up the DagBag from /opt/airflow/dags/taskgroup/taskgroup_transforms.py
[2024-11-06T16:44:59.816+0000] {processor.py:927} WARNING - No viable dags retrieved from /opt/airflow/dags/taskgroup/taskgroup_transforms.py
[2024-11-06T16:44:59.835+0000] {processor.py:208} INFO - Processing /opt/airflow/dags/taskgroup/taskgroup_transforms.py took 0.051 seconds
[2024-11-06T16:45:30.145+0000] {processor.py:186} INFO - Started process (PID=1434) to work on /opt/airflow/dags/taskgroup/taskgroup_transforms.py
[2024-11-06T16:45:30.146+0000] {processor.py:914} INFO - Processing file /opt/airflow/dags/taskgroup/taskgroup_transforms.py for tasks to queue
[2024-11-06T16:45:30.148+0000] {logging_mixin.py:190} INFO - [2024-11-06T16:45:30.147+0000] {dagbag.py:588} INFO - Filling up the DagBag from /opt/airflow/dags/taskgroup/taskgroup_transforms.py
[2024-11-06T16:45:30.166+0000] {processor.py:927} WARNING - No viable dags retrieved from /opt/airflow/dags/taskgroup/taskgroup_transforms.py
[2024-11-06T16:45:30.180+0000] {processor.py:208} INFO - Processing /opt/airflow/dags/taskgroup/taskgroup_transforms.py took 0.043 seconds
[2024-11-06T16:46:00.730+0000] {processor.py:186} INFO - Started process (PID=1452) to work on /opt/airflow/dags/taskgroup/taskgroup_transforms.py
[2024-11-06T16:46:00.731+0000] {processor.py:914} INFO - Processing file /opt/airflow/dags/taskgroup/taskgroup_transforms.py for tasks to queue
[2024-11-06T16:46:00.733+0000] {logging_mixin.py:190} INFO - [2024-11-06T16:46:00.732+0000] {dagbag.py:588} INFO - Filling up the DagBag from /opt/airflow/dags/taskgroup/taskgroup_transforms.py
[2024-11-06T16:46:00.752+0000] {processor.py:927} WARNING - No viable dags retrieved from /opt/airflow/dags/taskgroup/taskgroup_transforms.py
[2024-11-06T16:46:00.766+0000] {processor.py:208} INFO - Processing /opt/airflow/dags/taskgroup/taskgroup_transforms.py took 0.044 seconds
[2024-11-06T16:46:31.312+0000] {processor.py:186} INFO - Started process (PID=1470) to work on /opt/airflow/dags/taskgroup/taskgroup_transforms.py
[2024-11-06T16:46:31.313+0000] {processor.py:914} INFO - Processing file /opt/airflow/dags/taskgroup/taskgroup_transforms.py for tasks to queue
[2024-11-06T16:46:31.315+0000] {logging_mixin.py:190} INFO - [2024-11-06T16:46:31.314+0000] {dagbag.py:588} INFO - Filling up the DagBag from /opt/airflow/dags/taskgroup/taskgroup_transforms.py
[2024-11-06T16:46:31.332+0000] {processor.py:927} WARNING - No viable dags retrieved from /opt/airflow/dags/taskgroup/taskgroup_transforms.py
[2024-11-06T16:46:31.346+0000] {processor.py:208} INFO - Processing /opt/airflow/dags/taskgroup/taskgroup_transforms.py took 0.041 seconds
[2024-11-06T16:47:01.557+0000] {processor.py:186} INFO - Started process (PID=1488) to work on /opt/airflow/dags/taskgroup/taskgroup_transforms.py
[2024-11-06T16:47:01.558+0000] {processor.py:914} INFO - Processing file /opt/airflow/dags/taskgroup/taskgroup_transforms.py for tasks to queue
[2024-11-06T16:47:01.560+0000] {logging_mixin.py:190} INFO - [2024-11-06T16:47:01.559+0000] {dagbag.py:588} INFO - Filling up the DagBag from /opt/airflow/dags/taskgroup/taskgroup_transforms.py
[2024-11-06T16:47:01.580+0000] {processor.py:927} WARNING - No viable dags retrieved from /opt/airflow/dags/taskgroup/taskgroup_transforms.py
[2024-11-06T16:47:01.596+0000] {processor.py:208} INFO - Processing /opt/airflow/dags/taskgroup/taskgroup_transforms.py took 0.046 seconds
[2024-11-06T16:47:31.761+0000] {processor.py:186} INFO - Started process (PID=1506) to work on /opt/airflow/dags/taskgroup/taskgroup_transforms.py
[2024-11-06T16:47:31.762+0000] {processor.py:914} INFO - Processing file /opt/airflow/dags/taskgroup/taskgroup_transforms.py for tasks to queue
[2024-11-06T16:47:31.764+0000] {logging_mixin.py:190} INFO - [2024-11-06T16:47:31.764+0000] {dagbag.py:588} INFO - Filling up the DagBag from /opt/airflow/dags/taskgroup/taskgroup_transforms.py
[2024-11-06T16:47:31.779+0000] {processor.py:927} WARNING - No viable dags retrieved from /opt/airflow/dags/taskgroup/taskgroup_transforms.py
[2024-11-06T16:47:31.792+0000] {processor.py:208} INFO - Processing /opt/airflow/dags/taskgroup/taskgroup_transforms.py took 0.039 seconds
[2024-11-06T16:48:02.350+0000] {processor.py:186} INFO - Started process (PID=1524) to work on /opt/airflow/dags/taskgroup/taskgroup_transforms.py
[2024-11-06T16:48:02.351+0000] {processor.py:914} INFO - Processing file /opt/airflow/dags/taskgroup/taskgroup_transforms.py for tasks to queue
[2024-11-06T16:48:02.353+0000] {logging_mixin.py:190} INFO - [2024-11-06T16:48:02.352+0000] {dagbag.py:588} INFO - Filling up the DagBag from /opt/airflow/dags/taskgroup/taskgroup_transforms.py
[2024-11-06T16:48:02.372+0000] {processor.py:927} WARNING - No viable dags retrieved from /opt/airflow/dags/taskgroup/taskgroup_transforms.py
[2024-11-06T16:48:02.386+0000] {processor.py:208} INFO - Processing /opt/airflow/dags/taskgroup/taskgroup_transforms.py took 0.043 seconds
[2024-11-06T16:48:32.909+0000] {processor.py:186} INFO - Started process (PID=1543) to work on /opt/airflow/dags/taskgroup/taskgroup_transforms.py
[2024-11-06T16:48:32.910+0000] {processor.py:914} INFO - Processing file /opt/airflow/dags/taskgroup/taskgroup_transforms.py for tasks to queue
[2024-11-06T16:48:32.911+0000] {logging_mixin.py:190} INFO - [2024-11-06T16:48:32.911+0000] {dagbag.py:588} INFO - Filling up the DagBag from /opt/airflow/dags/taskgroup/taskgroup_transforms.py
[2024-11-06T16:48:32.930+0000] {processor.py:927} WARNING - No viable dags retrieved from /opt/airflow/dags/taskgroup/taskgroup_transforms.py
[2024-11-06T16:48:32.943+0000] {processor.py:208} INFO - Processing /opt/airflow/dags/taskgroup/taskgroup_transforms.py took 0.042 seconds
[2024-11-06T16:49:03.466+0000] {processor.py:186} INFO - Started process (PID=1561) to work on /opt/airflow/dags/taskgroup/taskgroup_transforms.py
[2024-11-06T16:49:03.467+0000] {processor.py:914} INFO - Processing file /opt/airflow/dags/taskgroup/taskgroup_transforms.py for tasks to queue
[2024-11-06T16:49:03.470+0000] {logging_mixin.py:190} INFO - [2024-11-06T16:49:03.470+0000] {dagbag.py:588} INFO - Filling up the DagBag from /opt/airflow/dags/taskgroup/taskgroup_transforms.py
[2024-11-06T16:49:03.487+0000] {processor.py:927} WARNING - No viable dags retrieved from /opt/airflow/dags/taskgroup/taskgroup_transforms.py
[2024-11-06T16:49:03.500+0000] {processor.py:208} INFO - Processing /opt/airflow/dags/taskgroup/taskgroup_transforms.py took 0.040 seconds
[2024-11-06T16:49:34.105+0000] {processor.py:186} INFO - Started process (PID=1579) to work on /opt/airflow/dags/taskgroup/taskgroup_transforms.py
[2024-11-06T16:49:34.106+0000] {processor.py:914} INFO - Processing file /opt/airflow/dags/taskgroup/taskgroup_transforms.py for tasks to queue
[2024-11-06T16:49:34.107+0000] {logging_mixin.py:190} INFO - [2024-11-06T16:49:34.107+0000] {dagbag.py:588} INFO - Filling up the DagBag from /opt/airflow/dags/taskgroup/taskgroup_transforms.py
[2024-11-06T16:49:34.121+0000] {processor.py:927} WARNING - No viable dags retrieved from /opt/airflow/dags/taskgroup/taskgroup_transforms.py
[2024-11-06T16:49:34.132+0000] {processor.py:208} INFO - Processing /opt/airflow/dags/taskgroup/taskgroup_transforms.py took 0.034 seconds
[2024-11-06T16:50:04.807+0000] {processor.py:186} INFO - Started process (PID=1598) to work on /opt/airflow/dags/taskgroup/taskgroup_transforms.py
[2024-11-06T16:50:04.808+0000] {processor.py:914} INFO - Processing file /opt/airflow/dags/taskgroup/taskgroup_transforms.py for tasks to queue
[2024-11-06T16:50:04.811+0000] {logging_mixin.py:190} INFO - [2024-11-06T16:50:04.810+0000] {dagbag.py:588} INFO - Filling up the DagBag from /opt/airflow/dags/taskgroup/taskgroup_transforms.py
[2024-11-06T16:50:04.826+0000] {processor.py:927} WARNING - No viable dags retrieved from /opt/airflow/dags/taskgroup/taskgroup_transforms.py
[2024-11-06T16:50:04.839+0000] {processor.py:208} INFO - Processing /opt/airflow/dags/taskgroup/taskgroup_transforms.py took 0.039 seconds
[2024-11-06T16:50:35.339+0000] {processor.py:186} INFO - Started process (PID=1616) to work on /opt/airflow/dags/taskgroup/taskgroup_transforms.py
[2024-11-06T16:50:35.340+0000] {processor.py:914} INFO - Processing file /opt/airflow/dags/taskgroup/taskgroup_transforms.py for tasks to queue
[2024-11-06T16:50:35.343+0000] {logging_mixin.py:190} INFO - [2024-11-06T16:50:35.342+0000] {dagbag.py:588} INFO - Filling up the DagBag from /opt/airflow/dags/taskgroup/taskgroup_transforms.py
[2024-11-06T16:50:35.361+0000] {processor.py:927} WARNING - No viable dags retrieved from /opt/airflow/dags/taskgroup/taskgroup_transforms.py
[2024-11-06T16:50:35.375+0000] {processor.py:208} INFO - Processing /opt/airflow/dags/taskgroup/taskgroup_transforms.py took 0.044 seconds
[2024-11-06T16:51:05.671+0000] {processor.py:186} INFO - Started process (PID=1637) to work on /opt/airflow/dags/taskgroup/taskgroup_transforms.py
[2024-11-06T16:51:05.672+0000] {processor.py:914} INFO - Processing file /opt/airflow/dags/taskgroup/taskgroup_transforms.py for tasks to queue
[2024-11-06T16:51:05.674+0000] {logging_mixin.py:190} INFO - [2024-11-06T16:51:05.673+0000] {dagbag.py:588} INFO - Filling up the DagBag from /opt/airflow/dags/taskgroup/taskgroup_transforms.py
[2024-11-06T16:51:05.695+0000] {processor.py:927} WARNING - No viable dags retrieved from /opt/airflow/dags/taskgroup/taskgroup_transforms.py
[2024-11-06T16:51:05.712+0000] {processor.py:208} INFO - Processing /opt/airflow/dags/taskgroup/taskgroup_transforms.py took 0.052 seconds
[2024-11-06T16:51:36.259+0000] {processor.py:186} INFO - Started process (PID=1655) to work on /opt/airflow/dags/taskgroup/taskgroup_transforms.py
[2024-11-06T16:51:36.260+0000] {processor.py:914} INFO - Processing file /opt/airflow/dags/taskgroup/taskgroup_transforms.py for tasks to queue
[2024-11-06T16:51:36.262+0000] {logging_mixin.py:190} INFO - [2024-11-06T16:51:36.261+0000] {dagbag.py:588} INFO - Filling up the DagBag from /opt/airflow/dags/taskgroup/taskgroup_transforms.py
[2024-11-06T16:51:36.280+0000] {processor.py:927} WARNING - No viable dags retrieved from /opt/airflow/dags/taskgroup/taskgroup_transforms.py
[2024-11-06T16:51:36.293+0000] {processor.py:208} INFO - Processing /opt/airflow/dags/taskgroup/taskgroup_transforms.py took 0.041 seconds
[2024-11-06T16:52:06.616+0000] {processor.py:186} INFO - Started process (PID=1673) to work on /opt/airflow/dags/taskgroup/taskgroup_transforms.py
[2024-11-06T16:52:06.617+0000] {processor.py:914} INFO - Processing file /opt/airflow/dags/taskgroup/taskgroup_transforms.py for tasks to queue
[2024-11-06T16:52:06.618+0000] {logging_mixin.py:190} INFO - [2024-11-06T16:52:06.618+0000] {dagbag.py:588} INFO - Filling up the DagBag from /opt/airflow/dags/taskgroup/taskgroup_transforms.py
[2024-11-06T16:52:06.635+0000] {processor.py:927} WARNING - No viable dags retrieved from /opt/airflow/dags/taskgroup/taskgroup_transforms.py
[2024-11-06T16:52:06.649+0000] {processor.py:208} INFO - Processing /opt/airflow/dags/taskgroup/taskgroup_transforms.py took 0.041 seconds
[2024-11-06T16:52:37.127+0000] {processor.py:186} INFO - Started process (PID=1691) to work on /opt/airflow/dags/taskgroup/taskgroup_transforms.py
[2024-11-06T16:52:37.128+0000] {processor.py:914} INFO - Processing file /opt/airflow/dags/taskgroup/taskgroup_transforms.py for tasks to queue
[2024-11-06T16:52:37.130+0000] {logging_mixin.py:190} INFO - [2024-11-06T16:52:37.129+0000] {dagbag.py:588} INFO - Filling up the DagBag from /opt/airflow/dags/taskgroup/taskgroup_transforms.py
[2024-11-06T16:52:37.146+0000] {processor.py:927} WARNING - No viable dags retrieved from /opt/airflow/dags/taskgroup/taskgroup_transforms.py
[2024-11-06T16:52:37.158+0000] {processor.py:208} INFO - Processing /opt/airflow/dags/taskgroup/taskgroup_transforms.py took 0.038 seconds
[2024-11-06T16:53:07.342+0000] {processor.py:186} INFO - Started process (PID=1709) to work on /opt/airflow/dags/taskgroup/taskgroup_transforms.py
[2024-11-06T16:53:07.343+0000] {processor.py:914} INFO - Processing file /opt/airflow/dags/taskgroup/taskgroup_transforms.py for tasks to queue
[2024-11-06T16:53:07.345+0000] {logging_mixin.py:190} INFO - [2024-11-06T16:53:07.344+0000] {dagbag.py:588} INFO - Filling up the DagBag from /opt/airflow/dags/taskgroup/taskgroup_transforms.py
[2024-11-06T16:53:07.361+0000] {processor.py:927} WARNING - No viable dags retrieved from /opt/airflow/dags/taskgroup/taskgroup_transforms.py
[2024-11-06T16:53:07.379+0000] {processor.py:208} INFO - Processing /opt/airflow/dags/taskgroup/taskgroup_transforms.py took 0.043 seconds
[2024-11-06T16:53:37.816+0000] {processor.py:186} INFO - Started process (PID=1731) to work on /opt/airflow/dags/taskgroup/taskgroup_transforms.py
[2024-11-06T16:53:37.817+0000] {processor.py:914} INFO - Processing file /opt/airflow/dags/taskgroup/taskgroup_transforms.py for tasks to queue
[2024-11-06T16:53:37.819+0000] {logging_mixin.py:190} INFO - [2024-11-06T16:53:37.819+0000] {dagbag.py:588} INFO - Filling up the DagBag from /opt/airflow/dags/taskgroup/taskgroup_transforms.py
[2024-11-06T16:53:37.836+0000] {processor.py:927} WARNING - No viable dags retrieved from /opt/airflow/dags/taskgroup/taskgroup_transforms.py
[2024-11-06T16:53:37.851+0000] {processor.py:208} INFO - Processing /opt/airflow/dags/taskgroup/taskgroup_transforms.py took 0.043 seconds
[2024-11-06T16:54:08.043+0000] {processor.py:186} INFO - Started process (PID=1747) to work on /opt/airflow/dags/taskgroup/taskgroup_transforms.py
[2024-11-06T16:54:08.045+0000] {processor.py:914} INFO - Processing file /opt/airflow/dags/taskgroup/taskgroup_transforms.py for tasks to queue
[2024-11-06T16:54:08.047+0000] {logging_mixin.py:190} INFO - [2024-11-06T16:54:08.047+0000] {dagbag.py:588} INFO - Filling up the DagBag from /opt/airflow/dags/taskgroup/taskgroup_transforms.py
[2024-11-06T16:54:08.074+0000] {processor.py:927} WARNING - No viable dags retrieved from /opt/airflow/dags/taskgroup/taskgroup_transforms.py
[2024-11-06T16:54:08.098+0000] {processor.py:208} INFO - Processing /opt/airflow/dags/taskgroup/taskgroup_transforms.py took 0.065 seconds
[2024-11-06T16:54:38.355+0000] {processor.py:186} INFO - Started process (PID=1765) to work on /opt/airflow/dags/taskgroup/taskgroup_transforms.py
[2024-11-06T16:54:38.356+0000] {processor.py:914} INFO - Processing file /opt/airflow/dags/taskgroup/taskgroup_transforms.py for tasks to queue
[2024-11-06T16:54:38.358+0000] {logging_mixin.py:190} INFO - [2024-11-06T16:54:38.358+0000] {dagbag.py:588} INFO - Filling up the DagBag from /opt/airflow/dags/taskgroup/taskgroup_transforms.py
[2024-11-06T16:54:38.378+0000] {processor.py:927} WARNING - No viable dags retrieved from /opt/airflow/dags/taskgroup/taskgroup_transforms.py
[2024-11-06T16:54:38.391+0000] {processor.py:208} INFO - Processing /opt/airflow/dags/taskgroup/taskgroup_transforms.py took 0.042 seconds
[2024-11-06T16:55:08.600+0000] {processor.py:186} INFO - Started process (PID=1784) to work on /opt/airflow/dags/taskgroup/taskgroup_transforms.py
[2024-11-06T16:55:08.602+0000] {processor.py:914} INFO - Processing file /opt/airflow/dags/taskgroup/taskgroup_transforms.py for tasks to queue
[2024-11-06T16:55:08.604+0000] {logging_mixin.py:190} INFO - [2024-11-06T16:55:08.603+0000] {dagbag.py:588} INFO - Filling up the DagBag from /opt/airflow/dags/taskgroup/taskgroup_transforms.py
[2024-11-06T16:55:08.624+0000] {processor.py:927} WARNING - No viable dags retrieved from /opt/airflow/dags/taskgroup/taskgroup_transforms.py
[2024-11-06T16:55:08.640+0000] {processor.py:208} INFO - Processing /opt/airflow/dags/taskgroup/taskgroup_transforms.py took 0.051 seconds
[2024-11-06T16:55:38.770+0000] {processor.py:186} INFO - Started process (PID=1802) to work on /opt/airflow/dags/taskgroup/taskgroup_transforms.py
[2024-11-06T16:55:38.771+0000] {processor.py:914} INFO - Processing file /opt/airflow/dags/taskgroup/taskgroup_transforms.py for tasks to queue
[2024-11-06T16:55:38.773+0000] {logging_mixin.py:190} INFO - [2024-11-06T16:55:38.772+0000] {dagbag.py:588} INFO - Filling up the DagBag from /opt/airflow/dags/taskgroup/taskgroup_transforms.py
[2024-11-06T16:55:38.790+0000] {processor.py:927} WARNING - No viable dags retrieved from /opt/airflow/dags/taskgroup/taskgroup_transforms.py
[2024-11-06T16:55:38.804+0000] {processor.py:208} INFO - Processing /opt/airflow/dags/taskgroup/taskgroup_transforms.py took 0.041 seconds
[2024-11-06T16:56:09.277+0000] {processor.py:186} INFO - Started process (PID=1821) to work on /opt/airflow/dags/taskgroup/taskgroup_transforms.py
[2024-11-06T16:56:09.279+0000] {processor.py:914} INFO - Processing file /opt/airflow/dags/taskgroup/taskgroup_transforms.py for tasks to queue
[2024-11-06T16:56:09.280+0000] {logging_mixin.py:190} INFO - [2024-11-06T16:56:09.280+0000] {dagbag.py:588} INFO - Filling up the DagBag from /opt/airflow/dags/taskgroup/taskgroup_transforms.py
[2024-11-06T16:56:09.298+0000] {processor.py:927} WARNING - No viable dags retrieved from /opt/airflow/dags/taskgroup/taskgroup_transforms.py
[2024-11-06T16:56:09.313+0000] {processor.py:208} INFO - Processing /opt/airflow/dags/taskgroup/taskgroup_transforms.py took 0.042 seconds
[2024-11-06T16:56:39.720+0000] {processor.py:186} INFO - Started process (PID=1839) to work on /opt/airflow/dags/taskgroup/taskgroup_transforms.py
[2024-11-06T16:56:39.721+0000] {processor.py:914} INFO - Processing file /opt/airflow/dags/taskgroup/taskgroup_transforms.py for tasks to queue
[2024-11-06T16:56:39.723+0000] {logging_mixin.py:190} INFO - [2024-11-06T16:56:39.722+0000] {dagbag.py:588} INFO - Filling up the DagBag from /opt/airflow/dags/taskgroup/taskgroup_transforms.py
[2024-11-06T16:56:39.740+0000] {processor.py:927} WARNING - No viable dags retrieved from /opt/airflow/dags/taskgroup/taskgroup_transforms.py
[2024-11-06T16:56:39.754+0000] {processor.py:208} INFO - Processing /opt/airflow/dags/taskgroup/taskgroup_transforms.py took 0.041 seconds
[2024-11-06T16:57:10.223+0000] {processor.py:186} INFO - Started process (PID=1859) to work on /opt/airflow/dags/taskgroup/taskgroup_transforms.py
[2024-11-06T16:57:10.225+0000] {processor.py:914} INFO - Processing file /opt/airflow/dags/taskgroup/taskgroup_transforms.py for tasks to queue
[2024-11-06T16:57:10.226+0000] {logging_mixin.py:190} INFO - [2024-11-06T16:57:10.226+0000] {dagbag.py:588} INFO - Filling up the DagBag from /opt/airflow/dags/taskgroup/taskgroup_transforms.py
[2024-11-06T16:57:10.246+0000] {processor.py:927} WARNING - No viable dags retrieved from /opt/airflow/dags/taskgroup/taskgroup_transforms.py
[2024-11-06T16:57:10.261+0000] {processor.py:208} INFO - Processing /opt/airflow/dags/taskgroup/taskgroup_transforms.py took 0.045 seconds
[2024-11-06T16:57:40.527+0000] {processor.py:186} INFO - Started process (PID=1877) to work on /opt/airflow/dags/taskgroup/taskgroup_transforms.py
[2024-11-06T16:57:40.529+0000] {processor.py:914} INFO - Processing file /opt/airflow/dags/taskgroup/taskgroup_transforms.py for tasks to queue
[2024-11-06T16:57:40.531+0000] {logging_mixin.py:190} INFO - [2024-11-06T16:57:40.531+0000] {dagbag.py:588} INFO - Filling up the DagBag from /opt/airflow/dags/taskgroup/taskgroup_transforms.py
[2024-11-06T16:57:40.551+0000] {processor.py:927} WARNING - No viable dags retrieved from /opt/airflow/dags/taskgroup/taskgroup_transforms.py
[2024-11-06T16:57:40.566+0000] {processor.py:208} INFO - Processing /opt/airflow/dags/taskgroup/taskgroup_transforms.py took 0.045 seconds
