[2024-11-06T16:25:39.686+0000] {local_task_job_runner.py:123} INFO - ::group::Pre task execution logs
[2024-11-06T16:25:39.733+0000] {taskinstance.py:2612} INFO - Dependencies all met for dep_context=non-requeueable deps ti=<TaskInstance: parent_dag_for_taskgroup.downloads_tg.download_b_tg manual__2024-11-06T16:25:34.571239+00:00 [queued]>
[2024-11-06T16:25:39.751+0000] {taskinstance.py:2612} INFO - Dependencies all met for dep_context=requeueable deps ti=<TaskInstance: parent_dag_for_taskgroup.downloads_tg.download_b_tg manual__2024-11-06T16:25:34.571239+00:00 [queued]>
[2024-11-06T16:25:39.752+0000] {taskinstance.py:2865} INFO - Starting attempt 1 of 1
[2024-11-06T16:25:40.119+0000] {taskinstance.py:2888} INFO - Executing <Task(BashOperator): downloads_tg.download_b_tg> on 2024-11-06 16:25:34.571239+00:00
[2024-11-06T16:25:40.137+0000] {standard_task_runner.py:104} INFO - Running: ['***', 'tasks', 'run', 'parent_dag_for_taskgroup', 'downloads_tg.download_b_tg', 'manual__2024-11-06T16:25:34.571239+00:00', '--job-id', '117', '--raw', '--subdir', 'DAGS_FOLDER/parent_dag_for_taskgroups.py', '--cfg-path', '/tmp/tmp44ettwec']
[2024-11-06T16:25:40.146+0000] {standard_task_runner.py:105} INFO - Job 117: Subtask downloads_tg.download_b_tg
[2024-11-06T16:25:40.149+0000] {warnings.py:112} WARNING - /home/***/.local/lib/python3.12/site-packages/***/task/task_runner/standard_task_runner.py:70: DeprecationWarning: This process (pid=308) is multi-threaded, use of fork() may lead to deadlocks in the child.
  pid = os.fork()

[2024-11-06T16:25:40.161+0000] {standard_task_runner.py:72} INFO - Started process 314 to run task
[2024-11-06T16:25:40.370+0000] {task_command.py:467} INFO - Running <TaskInstance: parent_dag_for_taskgroup.downloads_tg.download_b_tg manual__2024-11-06T16:25:34.571239+00:00 [running]> on host 66acfa37dd15
[2024-11-06T16:25:40.619+0000] {taskinstance.py:3131} INFO - Exporting env vars: AIRFLOW_CTX_DAG_OWNER='***' AIRFLOW_CTX_DAG_ID='parent_dag_for_taskgroup' AIRFLOW_CTX_TASK_ID='downloads_tg.download_b_tg' AIRFLOW_CTX_EXECUTION_DATE='2024-11-06T16:25:34.571239+00:00' AIRFLOW_CTX_TRY_NUMBER='1' AIRFLOW_CTX_DAG_RUN_ID='manual__2024-11-06T16:25:34.571239+00:00'
[2024-11-06T16:25:40.622+0000] {taskinstance.py:731} INFO - ::endgroup::
[2024-11-06T16:25:40.770+0000] {subprocess.py:63} INFO - Tmp dir root location: /tmp
[2024-11-06T16:25:40.778+0000] {subprocess.py:75} INFO - Running command: ['/usr/bin/bash', '-c', 'sleep 10']
[2024-11-06T16:25:40.826+0000] {subprocess.py:86} INFO - Output:
[2024-11-06T16:25:50.903+0000] {subprocess.py:97} INFO - Command exited with return code 0
[2024-11-06T16:25:50.939+0000] {taskinstance.py:340} INFO - ::group::Post task execution logs
[2024-11-06T16:25:50.939+0000] {taskinstance.py:352} INFO - Marking task as SUCCESS. dag_id=parent_dag_for_taskgroup, task_id=downloads_tg.download_b_tg, run_id=manual__2024-11-06T16:25:34.571239+00:00, execution_date=20241106T162534, start_date=20241106T162539, end_date=20241106T162550
[2024-11-06T16:25:50.982+0000] {local_task_job_runner.py:266} INFO - Task exited with return code 0
[2024-11-06T16:25:51.014+0000] {taskinstance.py:3900} INFO - 0 downstream tasks scheduled from follow-on schedule check
[2024-11-06T16:25:51.018+0000] {local_task_job_runner.py:245} INFO - ::endgroup::
