[2024-11-06T11:05:21.948+0000] {local_task_job_runner.py:123} INFO - ::group::Pre task execution logs
[2024-11-06T11:05:21.969+0000] {taskinstance.py:2612} INFO - Dependencies all met for dep_context=non-requeueable deps ti=<TaskInstance: parallel_dag.load_b scheduled__2024-11-05T00:00:00+00:00 [queued]>
[2024-11-06T11:05:21.980+0000] {taskinstance.py:2612} INFO - Dependencies all met for dep_context=requeueable deps ti=<TaskInstance: parallel_dag.load_b scheduled__2024-11-05T00:00:00+00:00 [queued]>
[2024-11-06T11:05:21.980+0000] {taskinstance.py:2865} INFO - Starting attempt 1 of 1
[2024-11-06T11:05:21.997+0000] {taskinstance.py:2888} INFO - Executing <Task(BashOperator): load_b> on 2024-11-05 00:00:00+00:00
[2024-11-06T11:05:22.004+0000] {warnings.py:112} WARNING - /home/***/.local/lib/python3.12/site-packages/***/task/task_runner/standard_task_runner.py:70: DeprecationWarning: This process (pid=300) is multi-threaded, use of fork() may lead to deadlocks in the child.
  pid = os.fork()

[2024-11-06T11:05:22.006+0000] {standard_task_runner.py:72} INFO - Started process 304 to run task
[2024-11-06T11:05:22.006+0000] {standard_task_runner.py:104} INFO - Running: ['***', 'tasks', 'run', 'parallel_dag', 'load_b', 'scheduled__2024-11-05T00:00:00+00:00', '--job-id', '88', '--raw', '--subdir', 'DAGS_FOLDER/parallel_dag.py', '--cfg-path', '/tmp/tmpwklq44kk']
[2024-11-06T11:05:22.007+0000] {standard_task_runner.py:105} INFO - Job 88: Subtask load_b
[2024-11-06T11:05:22.062+0000] {task_command.py:467} INFO - Running <TaskInstance: parallel_dag.load_b scheduled__2024-11-05T00:00:00+00:00 [running]> on host a664c8dd9839
[2024-11-06T11:05:22.144+0000] {taskinstance.py:3131} INFO - Exporting env vars: AIRFLOW_CTX_DAG_OWNER='***' AIRFLOW_CTX_DAG_ID='parallel_dag' AIRFLOW_CTX_TASK_ID='load_b' AIRFLOW_CTX_EXECUTION_DATE='2024-11-05T00:00:00+00:00' AIRFLOW_CTX_TRY_NUMBER='1' AIRFLOW_CTX_DAG_RUN_ID='scheduled__2024-11-05T00:00:00+00:00'
[2024-11-06T11:05:22.145+0000] {taskinstance.py:731} INFO - ::endgroup::
[2024-11-06T11:05:22.163+0000] {subprocess.py:63} INFO - Tmp dir root location: /tmp
[2024-11-06T11:05:22.165+0000] {subprocess.py:75} INFO - Running command: ['/usr/bin/bash', '-c', 'sleep 1']
[2024-11-06T11:05:22.177+0000] {subprocess.py:86} INFO - Output:
[2024-11-06T11:05:23.181+0000] {subprocess.py:97} INFO - Command exited with return code 0
[2024-11-06T11:05:23.243+0000] {taskinstance.py:340} INFO - ::group::Post task execution logs
[2024-11-06T11:05:23.244+0000] {taskinstance.py:352} INFO - Marking task as SUCCESS. dag_id=parallel_dag, task_id=load_b, run_id=scheduled__2024-11-05T00:00:00+00:00, execution_date=20241105T000000, start_date=20241106T110521, end_date=20241106T110523
[2024-11-06T11:05:23.264+0000] {local_task_job_runner.py:266} INFO - Task exited with return code 0
[2024-11-06T11:05:23.292+0000] {taskinstance.py:3900} INFO - 1 downstream tasks scheduled from follow-on schedule check
[2024-11-06T11:05:23.294+0000] {local_task_job_runner.py:245} INFO - ::endgroup::
