[2024-11-06T16:31:51.194+0000] {local_task_job_runner.py:123} INFO - ::group::Pre task execution logs
[2024-11-06T16:31:51.227+0000] {taskinstance.py:2612} INFO - Dependencies all met for dep_context=non-requeueable deps ti=<TaskInstance: parent_dag_for_subdags.transforms.transform_b scheduled__2024-11-06T16:30:34.237675+00:00 [queued]>
[2024-11-06T16:31:51.246+0000] {taskinstance.py:2612} INFO - Dependencies all met for dep_context=requeueable deps ti=<TaskInstance: parent_dag_for_subdags.transforms.transform_b scheduled__2024-11-06T16:30:34.237675+00:00 [queued]>
[2024-11-06T16:31:51.247+0000] {taskinstance.py:2865} INFO - Starting attempt 1 of 1
[2024-11-06T16:31:51.274+0000] {taskinstance.py:2888} INFO - Executing <Task(BashOperator): transform_b> on 2024-11-06 16:30:34.237675+00:00
[2024-11-06T16:31:51.286+0000] {warnings.py:112} WARNING - /home/***/.local/lib/python3.12/site-packages/***/task/task_runner/standard_task_runner.py:70: DeprecationWarning: This process (pid=485) is multi-threaded, use of fork() may lead to deadlocks in the child.
  pid = os.fork()

[2024-11-06T16:31:51.289+0000] {standard_task_runner.py:72} INFO - Started process 494 to run task
[2024-11-06T16:31:51.289+0000] {standard_task_runner.py:104} INFO - Running: ['***', 'tasks', 'run', 'parent_dag_for_subdags.transforms', 'transform_b', 'scheduled__2024-11-06T16:30:34.237675+00:00', '--job-id', '144', '--raw', '--subdir', 'DAGS_FOLDER/parent_dag_for_subdags.py', '--cfg-path', '/tmp/tmpq7qkux9a']
[2024-11-06T16:31:51.291+0000] {standard_task_runner.py:105} INFO - Job 144: Subtask transform_b
[2024-11-06T16:31:51.401+0000] {task_command.py:467} INFO - Running <TaskInstance: parent_dag_for_subdags.transforms.transform_b scheduled__2024-11-06T16:30:34.237675+00:00 [running]> on host 66acfa37dd15
[2024-11-06T16:31:51.620+0000] {taskinstance.py:3131} INFO - Exporting env vars: AIRFLOW_CTX_DAG_OWNER='***' AIRFLOW_CTX_DAG_ID='parent_dag_for_subdags.transforms' AIRFLOW_CTX_TASK_ID='transform_b' AIRFLOW_CTX_EXECUTION_DATE='2024-11-06T16:30:34.237675+00:00' AIRFLOW_CTX_TRY_NUMBER='1' AIRFLOW_CTX_DAG_RUN_ID='scheduled__2024-11-06T16:30:34.237675+00:00'
[2024-11-06T16:31:51.622+0000] {taskinstance.py:731} INFO - ::endgroup::
[2024-11-06T16:31:51.660+0000] {subprocess.py:63} INFO - Tmp dir root location: /tmp
[2024-11-06T16:31:51.664+0000] {subprocess.py:75} INFO - Running command: ['/usr/bin/bash', '-c', 'sleep 10']
[2024-11-06T16:31:51.689+0000] {subprocess.py:86} INFO - Output:
[2024-11-06T16:32:01.693+0000] {subprocess.py:97} INFO - Command exited with return code 0
[2024-11-06T16:32:01.720+0000] {taskinstance.py:340} INFO - ::group::Post task execution logs
[2024-11-06T16:32:01.721+0000] {taskinstance.py:352} INFO - Marking task as SUCCESS. dag_id=parent_dag_for_subdags.transforms, task_id=transform_b, run_id=scheduled__2024-11-06T16:30:34.237675+00:00, execution_date=20241106T163034, start_date=20241106T163151, end_date=20241106T163201
[2024-11-06T16:32:01.775+0000] {local_task_job_runner.py:266} INFO - Task exited with return code 0
[2024-11-06T16:32:01.794+0000] {taskinstance.py:3900} INFO - 0 downstream tasks scheduled from follow-on schedule check
[2024-11-06T16:32:01.803+0000] {local_task_job_runner.py:245} INFO - ::endgroup::
