[2024-11-08T13:24:02.152+0000] {local_task_job_runner.py:123} INFO - ::group::Pre task execution logs
[2024-11-08T13:24:02.171+0000] {taskinstance.py:2612} INFO - Dependencies all met for dep_context=non-requeueable deps ti=<TaskInstance: check_variables.get_variables manual__2024-11-08T13:23:58.802078+00:00 [queued]>
[2024-11-08T13:24:02.183+0000] {taskinstance.py:2612} INFO - Dependencies all met for dep_context=requeueable deps ti=<TaskInstance: check_variables.get_variables manual__2024-11-08T13:23:58.802078+00:00 [queued]>
[2024-11-08T13:24:02.184+0000] {taskinstance.py:2865} INFO - Starting attempt 1 of 1
[2024-11-08T13:24:02.202+0000] {taskinstance.py:2888} INFO - Executing <Task(_PythonDecoratedOperator): get_variables> on 2024-11-08 13:23:58.802078+00:00
[2024-11-08T13:24:02.208+0000] {warnings.py:112} WARNING - /home/***/.local/lib/python3.12/site-packages/***/task/task_runner/standard_task_runner.py:70: DeprecationWarning: This process (pid=567) is multi-threaded, use of fork() may lead to deadlocks in the child.
  pid = os.fork()

[2024-11-08T13:24:02.211+0000] {standard_task_runner.py:72} INFO - Started process 568 to run task
[2024-11-08T13:24:02.211+0000] {standard_task_runner.py:104} INFO - Running: ['***', 'tasks', 'run', 'check_variables', 'get_variables', 'manual__2024-11-08T13:23:58.802078+00:00', '--job-id', '32', '--raw', '--subdir', 'DAGS_FOLDER/check_variables.py', '--cfg-path', '/tmp/tmp5v7s6cxq']
[2024-11-08T13:24:02.213+0000] {standard_task_runner.py:105} INFO - Job 32: Subtask get_variables
[2024-11-08T13:24:02.272+0000] {task_command.py:467} INFO - Running <TaskInstance: check_variables.get_variables manual__2024-11-08T13:23:58.802078+00:00 [running]> on host ba822abb79dd
[2024-11-08T13:24:02.432+0000] {taskinstance.py:3131} INFO - Exporting env vars: AIRFLOW_CTX_DAG_OWNER='***' AIRFLOW_CTX_DAG_ID='check_variables' AIRFLOW_CTX_TASK_ID='get_variables' AIRFLOW_CTX_EXECUTION_DATE='2024-11-08T13:23:58.802078+00:00' AIRFLOW_CTX_TRY_NUMBER='1' AIRFLOW_CTX_DAG_RUN_ID='manual__2024-11-08T13:23:58.802078+00:00'
[2024-11-08T13:24:02.434+0000] {taskinstance.py:731} INFO - ::endgroup::
[2024-11-08T13:24:02.461+0000] {logging_mixin.py:190} INFO - Hi! My name is Jerin, I'm 33 years old and I'm working in Aligned Automation
[2024-11-08T13:24:02.462+0000] {python.py:240} INFO - Done. Returned value was: None
[2024-11-08T13:24:02.475+0000] {taskinstance.py:340} INFO - ::group::Post task execution logs
[2024-11-08T13:24:02.477+0000] {taskinstance.py:352} INFO - Marking task as SUCCESS. dag_id=check_variables, task_id=get_variables, run_id=manual__2024-11-08T13:23:58.802078+00:00, execution_date=20241108T132358, start_date=20241108T132402, end_date=20241108T132402
[2024-11-08T13:24:02.507+0000] {local_task_job_runner.py:266} INFO - Task exited with return code 0
[2024-11-08T13:24:02.534+0000] {taskinstance.py:3900} INFO - 1 downstream tasks scheduled from follow-on schedule check
[2024-11-08T13:24:02.538+0000] {local_task_job_runner.py:245} INFO - ::endgroup::
