[2024-11-04T14:48:09.977+0000] {local_task_job_runner.py:123} INFO - ::group::Pre task execution logs
[2024-11-04T14:48:09.993+0000] {taskinstance.py:2612} INFO - Dependencies all met for dep_context=non-requeueable deps ti=<TaskInstance: example_bash_operator.run_after_loop manual__2024-11-04T14:47:58+00:00 [queued]>
[2024-11-04T14:48:10.002+0000] {taskinstance.py:2612} INFO - Dependencies all met for dep_context=requeueable deps ti=<TaskInstance: example_bash_operator.run_after_loop manual__2024-11-04T14:47:58+00:00 [queued]>
[2024-11-04T14:48:10.003+0000] {taskinstance.py:2865} INFO - Starting attempt 1 of 1
[2024-11-04T14:48:10.018+0000] {taskinstance.py:2888} INFO - Executing <Task(BashOperator): run_after_loop> on 2024-11-04 14:47:58+00:00
[2024-11-04T14:48:10.027+0000] {warnings.py:112} WARNING - /home/***/.local/lib/python3.12/site-packages/***/task/task_runner/standard_task_runner.py:70: DeprecationWarning: This process (pid=411) is multi-threaded, use of fork() may lead to deadlocks in the child.
  pid = os.fork()

[2024-11-04T14:48:10.029+0000] {standard_task_runner.py:72} INFO - Started process 413 to run task
[2024-11-04T14:48:10.029+0000] {standard_task_runner.py:104} INFO - Running: ['***', 'tasks', 'run', 'example_bash_operator', 'run_after_loop', 'manual__2024-11-04T14:47:58+00:00', '--job-id', '16', '--raw', '--subdir', '/home/***/.local/lib/python3.12/site-packages/***/example_dags/example_bash_operator.py', '--cfg-path', '/tmp/tmp8f4qzb5a']
[2024-11-04T14:48:10.031+0000] {standard_task_runner.py:105} INFO - Job 16: Subtask run_after_loop
[2024-11-04T14:48:10.082+0000] {task_command.py:467} INFO - Running <TaskInstance: example_bash_operator.run_after_loop manual__2024-11-04T14:47:58+00:00 [running]> on host 3a4fba066ec8
[2024-11-04T14:48:10.172+0000] {taskinstance.py:3131} INFO - Exporting env vars: AIRFLOW_CTX_DAG_OWNER='***' AIRFLOW_CTX_DAG_ID='example_bash_operator' AIRFLOW_CTX_TASK_ID='run_after_loop' AIRFLOW_CTX_EXECUTION_DATE='2024-11-04T14:47:58+00:00' AIRFLOW_CTX_TRY_NUMBER='1' AIRFLOW_CTX_DAG_RUN_ID='manual__2024-11-04T14:47:58+00:00'
[2024-11-04T14:48:10.174+0000] {logging_mixin.py:190} INFO - Task instance is in running state
[2024-11-04T14:48:10.175+0000] {logging_mixin.py:190} INFO -  Previous state of the Task instance: queued
[2024-11-04T14:48:10.175+0000] {logging_mixin.py:190} INFO - Current task name:run_after_loop state:running start_date:2024-11-04 14:48:09.994519+00:00
[2024-11-04T14:48:10.176+0000] {logging_mixin.py:190} INFO - Dag name:example_bash_operator and current dag run status:running
[2024-11-04T14:48:10.176+0000] {taskinstance.py:731} INFO - ::endgroup::
[2024-11-04T14:48:10.177+0000] {subprocess.py:63} INFO - Tmp dir root location: /tmp
[2024-11-04T14:48:10.178+0000] {subprocess.py:75} INFO - Running command: ['/usr/bin/bash', '-c', 'echo https://***.apache.org/']
[2024-11-04T14:48:10.192+0000] {subprocess.py:86} INFO - Output:
[2024-11-04T14:48:10.194+0000] {subprocess.py:93} INFO - https://***.apache.org/
[2024-11-04T14:48:10.194+0000] {subprocess.py:97} INFO - Command exited with return code 0
[2024-11-04T14:48:10.226+0000] {taskinstance.py:340} INFO - ::group::Post task execution logs
[2024-11-04T14:48:10.227+0000] {taskinstance.py:352} INFO - Marking task as SUCCESS. dag_id=example_bash_operator, task_id=run_after_loop, run_id=manual__2024-11-04T14:47:58+00:00, execution_date=20241104T144758, start_date=20241104T144809, end_date=20241104T144810
[2024-11-04T14:48:10.242+0000] {logging_mixin.py:190} INFO - Task instance in success state
[2024-11-04T14:48:10.243+0000] {logging_mixin.py:190} INFO -  Previous state of the Task instance: running
[2024-11-04T14:48:10.244+0000] {logging_mixin.py:190} INFO - Dag name:example_bash_operator queued_at:2024-11-04 14:48:01.204439+00:00
[2024-11-04T14:48:10.244+0000] {logging_mixin.py:190} INFO - Task hostname:3a4fba066ec8 operator:BashOperator
[2024-11-04T14:48:10.285+0000] {local_task_job_runner.py:266} INFO - Task exited with return code 0
[2024-11-04T14:48:10.305+0000] {taskinstance.py:3900} INFO - 0 downstream tasks scheduled from follow-on schedule check
[2024-11-04T14:48:10.310+0000] {local_task_job_runner.py:245} INFO - ::endgroup::
