[2024-11-04T14:46:53.853+0000] {local_task_job_runner.py:123} INFO - ::group::Pre task execution logs
[2024-11-04T14:46:53.879+0000] {taskinstance.py:2612} INFO - Dependencies all met for dep_context=non-requeueable deps ti=<TaskInstance: example_bash_operator.run_after_loop scheduled__2024-11-03T00:00:00+00:00 [queued]>
[2024-11-04T14:46:53.891+0000] {taskinstance.py:2612} INFO - Dependencies all met for dep_context=requeueable deps ti=<TaskInstance: example_bash_operator.run_after_loop scheduled__2024-11-03T00:00:00+00:00 [queued]>
[2024-11-04T14:46:53.892+0000] {taskinstance.py:2865} INFO - Starting attempt 1 of 1
[2024-11-04T14:46:53.919+0000] {taskinstance.py:2888} INFO - Executing <Task(BashOperator): run_after_loop> on 2024-11-03 00:00:00+00:00
[2024-11-04T14:46:53.930+0000] {warnings.py:112} WARNING - /home/***/.local/lib/python3.12/site-packages/***/task/task_runner/standard_task_runner.py:70: DeprecationWarning: This process (pid=360) is multi-threaded, use of fork() may lead to deadlocks in the child.
  pid = os.fork()

[2024-11-04T14:46:53.932+0000] {standard_task_runner.py:72} INFO - Started process 362 to run task
[2024-11-04T14:46:53.933+0000] {standard_task_runner.py:104} INFO - Running: ['***', 'tasks', 'run', 'example_bash_operator', 'run_after_loop', 'scheduled__2024-11-03T00:00:00+00:00', '--job-id', '10', '--raw', '--subdir', '/home/***/.local/lib/python3.12/site-packages/***/example_dags/example_bash_operator.py', '--cfg-path', '/tmp/tmpbkqbfca0']
[2024-11-04T14:46:53.936+0000] {standard_task_runner.py:105} INFO - Job 10: Subtask run_after_loop
[2024-11-04T14:46:54.015+0000] {task_command.py:467} INFO - Running <TaskInstance: example_bash_operator.run_after_loop scheduled__2024-11-03T00:00:00+00:00 [running]> on host 3a4fba066ec8
[2024-11-04T14:46:54.115+0000] {taskinstance.py:3131} INFO - Exporting env vars: AIRFLOW_CTX_DAG_OWNER='***' AIRFLOW_CTX_DAG_ID='example_bash_operator' AIRFLOW_CTX_TASK_ID='run_after_loop' AIRFLOW_CTX_EXECUTION_DATE='2024-11-03T00:00:00+00:00' AIRFLOW_CTX_TRY_NUMBER='1' AIRFLOW_CTX_DAG_RUN_ID='scheduled__2024-11-03T00:00:00+00:00'
[2024-11-04T14:46:54.117+0000] {logging_mixin.py:190} INFO - Task instance is in running state
[2024-11-04T14:46:54.118+0000] {logging_mixin.py:190} INFO -  Previous state of the Task instance: queued
[2024-11-04T14:46:54.118+0000] {logging_mixin.py:190} INFO - Current task name:run_after_loop state:running start_date:2024-11-04 14:46:53.880555+00:00
[2024-11-04T14:46:54.118+0000] {logging_mixin.py:190} INFO - Dag name:example_bash_operator and current dag run status:running
[2024-11-04T14:46:54.119+0000] {taskinstance.py:731} INFO - ::endgroup::
[2024-11-04T14:46:54.120+0000] {subprocess.py:63} INFO - Tmp dir root location: /tmp
[2024-11-04T14:46:54.121+0000] {subprocess.py:75} INFO - Running command: ['/usr/bin/bash', '-c', 'echo https://***.apache.org/']
[2024-11-04T14:46:54.136+0000] {subprocess.py:86} INFO - Output:
[2024-11-04T14:46:54.137+0000] {subprocess.py:93} INFO - https://***.apache.org/
[2024-11-04T14:46:54.138+0000] {subprocess.py:97} INFO - Command exited with return code 0
[2024-11-04T14:46:54.167+0000] {taskinstance.py:340} INFO - ::group::Post task execution logs
[2024-11-04T14:46:54.167+0000] {taskinstance.py:352} INFO - Marking task as SUCCESS. dag_id=example_bash_operator, task_id=run_after_loop, run_id=scheduled__2024-11-03T00:00:00+00:00, execution_date=20241103T000000, start_date=20241104T144653, end_date=20241104T144654
[2024-11-04T14:46:54.180+0000] {logging_mixin.py:190} INFO - Task instance in success state
[2024-11-04T14:46:54.180+0000] {logging_mixin.py:190} INFO -  Previous state of the Task instance: running
[2024-11-04T14:46:54.181+0000] {logging_mixin.py:190} INFO - Dag name:example_bash_operator queued_at:2024-11-04 14:46:33.616160+00:00
[2024-11-04T14:46:54.181+0000] {logging_mixin.py:190} INFO - Task hostname:3a4fba066ec8 operator:BashOperator
[2024-11-04T14:46:54.230+0000] {local_task_job_runner.py:266} INFO - Task exited with return code 0
[2024-11-04T14:46:54.246+0000] {taskinstance.py:3900} INFO - 0 downstream tasks scheduled from follow-on schedule check
[2024-11-04T14:46:54.250+0000] {local_task_job_runner.py:245} INFO - ::endgroup::
