[2024-11-04T14:48:31.800+0000] {local_task_job_runner.py:123} INFO - ::group::Pre task execution logs
[2024-11-04T14:48:31.822+0000] {taskinstance.py:2612} INFO - Dependencies all met for dep_context=non-requeueable deps ti=<TaskInstance: example_bash_operator.runme_0 manual__2024-11-04T14:48:27+00:00 [queued]>
[2024-11-04T14:48:31.836+0000] {taskinstance.py:2612} INFO - Dependencies all met for dep_context=requeueable deps ti=<TaskInstance: example_bash_operator.runme_0 manual__2024-11-04T14:48:27+00:00 [queued]>
[2024-11-04T14:48:31.837+0000] {taskinstance.py:2865} INFO - Starting attempt 1 of 1
[2024-11-04T14:48:31.866+0000] {taskinstance.py:2888} INFO - Executing <Task(BashOperator): runme_0> on 2024-11-04 14:48:27+00:00
[2024-11-04T14:48:31.882+0000] {warnings.py:112} WARNING - /home/***/.local/lib/python3.12/site-packages/***/task/task_runner/standard_task_runner.py:70: DeprecationWarning: This process (pid=417) is multi-threaded, use of fork() may lead to deadlocks in the child.
  pid = os.fork()

[2024-11-04T14:48:31.885+0000] {standard_task_runner.py:72} INFO - Started process 434 to run task
[2024-11-04T14:48:31.887+0000] {standard_task_runner.py:104} INFO - Running: ['***', 'tasks', 'run', 'example_bash_operator', 'runme_0', 'manual__2024-11-04T14:48:27+00:00', '--job-id', '21', '--raw', '--subdir', '/home/***/.local/lib/python3.12/site-packages/***/example_dags/example_bash_operator.py', '--cfg-path', '/tmp/tmprz6lvf2s']
[2024-11-04T14:48:31.889+0000] {standard_task_runner.py:105} INFO - Job 21: Subtask runme_0
[2024-11-04T14:48:31.972+0000] {task_command.py:467} INFO - Running <TaskInstance: example_bash_operator.runme_0 manual__2024-11-04T14:48:27+00:00 [running]> on host 3a4fba066ec8
[2024-11-04T14:48:32.129+0000] {taskinstance.py:3131} INFO - Exporting env vars: AIRFLOW_CTX_DAG_OWNER='***' AIRFLOW_CTX_DAG_ID='example_bash_operator' AIRFLOW_CTX_TASK_ID='runme_0' AIRFLOW_CTX_EXECUTION_DATE='2024-11-04T14:48:27+00:00' AIRFLOW_CTX_TRY_NUMBER='1' AIRFLOW_CTX_DAG_RUN_ID='manual__2024-11-04T14:48:27+00:00'
[2024-11-04T14:48:32.131+0000] {logging_mixin.py:190} INFO - Task instance is in running state
[2024-11-04T14:48:32.133+0000] {logging_mixin.py:190} INFO -  Previous state of the Task instance: queued
[2024-11-04T14:48:32.134+0000] {logging_mixin.py:190} INFO - Current task name:runme_0 state:running start_date:2024-11-04 14:48:31.823832+00:00
[2024-11-04T14:48:32.135+0000] {logging_mixin.py:190} INFO - Dag name:example_bash_operator and current dag run status:running
[2024-11-04T14:48:32.135+0000] {taskinstance.py:731} INFO - ::endgroup::
[2024-11-04T14:48:32.137+0000] {subprocess.py:63} INFO - Tmp dir root location: /tmp
[2024-11-04T14:48:32.139+0000] {subprocess.py:75} INFO - Running command: ['/usr/bin/bash', '-c', 'echo "example_bash_operator__runme_0__20241104" && sleep 1']
[2024-11-04T14:48:32.162+0000] {subprocess.py:86} INFO - Output:
[2024-11-04T14:48:32.166+0000] {subprocess.py:93} INFO - example_bash_operator__runme_0__20241104
[2024-11-04T14:48:33.169+0000] {subprocess.py:97} INFO - Command exited with return code 0
[2024-11-04T14:48:33.201+0000] {taskinstance.py:340} INFO - ::group::Post task execution logs
[2024-11-04T14:48:33.202+0000] {taskinstance.py:352} INFO - Marking task as SUCCESS. dag_id=example_bash_operator, task_id=runme_0, run_id=manual__2024-11-04T14:48:27+00:00, execution_date=20241104T144827, start_date=20241104T144831, end_date=20241104T144833
[2024-11-04T14:48:33.216+0000] {logging_mixin.py:190} INFO - Task instance in success state
[2024-11-04T14:48:33.217+0000] {logging_mixin.py:190} INFO -  Previous state of the Task instance: running
[2024-11-04T14:48:33.218+0000] {logging_mixin.py:190} INFO - Dag name:example_bash_operator queued_at:2024-11-04 14:48:28.839172+00:00
[2024-11-04T14:48:33.218+0000] {logging_mixin.py:190} INFO - Task hostname:3a4fba066ec8 operator:BashOperator
[2024-11-04T14:48:33.267+0000] {local_task_job_runner.py:266} INFO - Task exited with return code 0
[2024-11-04T14:48:33.285+0000] {taskinstance.py:3900} INFO - 0 downstream tasks scheduled from follow-on schedule check
[2024-11-04T14:48:33.289+0000] {local_task_job_runner.py:245} INFO - ::endgroup::
