[2024-11-06T11:17:26.704+0000] {local_task_job_runner.py:123} INFO - ::group::Pre task execution logs
[2024-11-06T11:17:26.741+0000] {taskinstance.py:2612} INFO - Dependencies all met for dep_context=non-requeueable deps ti=<TaskInstance: parallel_dag.extract_b manual__2024-11-06T11:17:23.457683+00:00 [queued]>
[2024-11-06T11:17:26.757+0000] {taskinstance.py:2612} INFO - Dependencies all met for dep_context=requeueable deps ti=<TaskInstance: parallel_dag.extract_b manual__2024-11-06T11:17:23.457683+00:00 [queued]>
[2024-11-06T11:17:26.758+0000] {taskinstance.py:2865} INFO - Starting attempt 1 of 1
[2024-11-06T11:17:26.781+0000] {taskinstance.py:2888} INFO - Executing <Task(BashOperator): extract_b> on 2024-11-06 11:17:23.457683+00:00
[2024-11-06T11:17:26.787+0000] {warnings.py:112} WARNING - /home/***/.local/lib/python3.12/site-packages/***/task/task_runner/standard_task_runner.py:70: DeprecationWarning: This process (pid=504) is multi-threaded, use of fork() may lead to deadlocks in the child.
  pid = os.fork()

[2024-11-06T11:17:26.791+0000] {standard_task_runner.py:72} INFO - Started process 507 to run task
[2024-11-06T11:17:26.802+0000] {standard_task_runner.py:104} INFO - Running: ['***', 'tasks', 'run', 'parallel_dag', 'extract_b', 'manual__2024-11-06T11:17:23.457683+00:00', '--job-id', '100', '--raw', '--subdir', 'DAGS_FOLDER/parallel_dag.py', '--cfg-path', '/tmp/tmphytgco4_']
[2024-11-06T11:17:26.805+0000] {standard_task_runner.py:105} INFO - Job 100: Subtask extract_b
[2024-11-06T11:17:26.906+0000] {task_command.py:467} INFO - Running <TaskInstance: parallel_dag.extract_b manual__2024-11-06T11:17:23.457683+00:00 [running]> on host a664c8dd9839
[2024-11-06T11:17:27.082+0000] {taskinstance.py:3131} INFO - Exporting env vars: AIRFLOW_CTX_DAG_OWNER='***' AIRFLOW_CTX_DAG_ID='parallel_dag' AIRFLOW_CTX_TASK_ID='extract_b' AIRFLOW_CTX_EXECUTION_DATE='2024-11-06T11:17:23.457683+00:00' AIRFLOW_CTX_TRY_NUMBER='1' AIRFLOW_CTX_DAG_RUN_ID='manual__2024-11-06T11:17:23.457683+00:00'
[2024-11-06T11:17:27.084+0000] {taskinstance.py:731} INFO - ::endgroup::
[2024-11-06T11:17:27.157+0000] {subprocess.py:63} INFO - Tmp dir root location: /tmp
[2024-11-06T11:17:27.168+0000] {subprocess.py:75} INFO - Running command: ['/usr/bin/bash', '-c', 'sleep 10']
[2024-11-06T11:17:27.182+0000] {subprocess.py:86} INFO - Output:
[2024-11-06T11:17:37.734+0000] {subprocess.py:97} INFO - Command exited with return code 0
[2024-11-06T11:17:38.462+0000] {taskinstance.py:340} INFO - ::group::Post task execution logs
[2024-11-06T11:17:38.464+0000] {taskinstance.py:352} INFO - Marking task as SUCCESS. dag_id=parallel_dag, task_id=extract_b, run_id=manual__2024-11-06T11:17:23.457683+00:00, execution_date=20241106T111723, start_date=20241106T111726, end_date=20241106T111738
[2024-11-06T11:17:38.518+0000] {local_task_job_runner.py:266} INFO - Task exited with return code 0
[2024-11-06T11:17:38.566+0000] {taskinstance.py:3900} INFO - 1 downstream tasks scheduled from follow-on schedule check
[2024-11-06T11:17:38.568+0000] {local_task_job_runner.py:245} INFO - ::endgroup::
