[2024-11-07T14:02:52.227+0000] {local_task_job_runner.py:123} INFO - ::group::Pre task execution logs
[2024-11-07T14:02:52.263+0000] {taskinstance.py:2612} INFO - Dependencies all met for dep_context=non-requeueable deps ti=<TaskInstance: xcom_dag.t4 manual__2024-11-07T14:02:05.264167+00:00 [queued]>
[2024-11-07T14:02:52.284+0000] {taskinstance.py:2612} INFO - Dependencies all met for dep_context=requeueable deps ti=<TaskInstance: xcom_dag.t4 manual__2024-11-07T14:02:05.264167+00:00 [queued]>
[2024-11-07T14:02:52.285+0000] {taskinstance.py:2865} INFO - Starting attempt 1 of 1
[2024-11-07T14:02:52.329+0000] {taskinstance.py:2888} INFO - Executing <Task(BashOperator): t4> on 2024-11-07 14:02:05.264167+00:00
[2024-11-07T14:02:52.345+0000] {warnings.py:112} WARNING - /home/***/.local/lib/python3.12/site-packages/***/task/task_runner/standard_task_runner.py:70: DeprecationWarning: This process (pid=270) is multi-threaded, use of fork() may lead to deadlocks in the child.
  pid = os.fork()

[2024-11-07T14:02:52.349+0000] {standard_task_runner.py:72} INFO - Started process 271 to run task
[2024-11-07T14:02:52.349+0000] {standard_task_runner.py:104} INFO - Running: ['***', 'tasks', 'run', 'xcom_dag', 't4', 'manual__2024-11-07T14:02:05.264167+00:00', '--job-id', '14', '--raw', '--subdir', 'DAGS_FOLDER/xcom_dag.py', '--cfg-path', '/tmp/tmpp1jl7xen']
[2024-11-07T14:02:52.352+0000] {standard_task_runner.py:105} INFO - Job 14: Subtask t4
[2024-11-07T14:02:52.472+0000] {task_command.py:467} INFO - Running <TaskInstance: xcom_dag.t4 manual__2024-11-07T14:02:05.264167+00:00 [running]> on host 8ce93de23833
[2024-11-07T14:02:52.647+0000] {taskinstance.py:3131} INFO - Exporting env vars: AIRFLOW_CTX_DAG_OWNER='***' AIRFLOW_CTX_DAG_ID='xcom_dag' AIRFLOW_CTX_TASK_ID='t4' AIRFLOW_CTX_EXECUTION_DATE='2024-11-07T14:02:05.264167+00:00' AIRFLOW_CTX_TRY_NUMBER='1' AIRFLOW_CTX_DAG_RUN_ID='manual__2024-11-07T14:02:05.264167+00:00'
[2024-11-07T14:02:52.649+0000] {taskinstance.py:731} INFO - ::endgroup::
[2024-11-07T14:02:52.683+0000] {subprocess.py:63} INFO - Tmp dir root location: /tmp
[2024-11-07T14:02:52.686+0000] {subprocess.py:75} INFO - Running command: ['/usr/bin/bash', '-c', "echo ''"]
[2024-11-07T14:02:52.702+0000] {subprocess.py:86} INFO - Output:
[2024-11-07T14:02:52.712+0000] {subprocess.py:93} INFO - 
[2024-11-07T14:02:52.714+0000] {subprocess.py:97} INFO - Command exited with return code 0
[2024-11-07T14:02:52.777+0000] {taskinstance.py:340} INFO - ::group::Post task execution logs
[2024-11-07T14:02:52.778+0000] {taskinstance.py:352} INFO - Marking task as SUCCESS. dag_id=xcom_dag, task_id=t4, run_id=manual__2024-11-07T14:02:05.264167+00:00, execution_date=20241107T140205, start_date=20241107T140252, end_date=20241107T140252
[2024-11-07T14:02:52.850+0000] {local_task_job_runner.py:266} INFO - Task exited with return code 0
[2024-11-07T14:02:52.890+0000] {taskinstance.py:3900} INFO - 0 downstream tasks scheduled from follow-on schedule check
[2024-11-07T14:02:52.896+0000] {local_task_job_runner.py:245} INFO - ::endgroup::
