[2024-11-06T08:27:13.520+0000] {local_task_job_runner.py:123} INFO - ::group::Pre task execution logs
[2024-11-06T08:27:13.628+0000] {taskinstance.py:2612} INFO - Dependencies all met for dep_context=non-requeueable deps ti=<TaskInstance: example_bash_operator.also_run_this scheduled__2024-11-05T00:00:00+00:00 [queued]>
[2024-11-06T08:27:13.672+0000] {taskinstance.py:2612} INFO - Dependencies all met for dep_context=requeueable deps ti=<TaskInstance: example_bash_operator.also_run_this scheduled__2024-11-05T00:00:00+00:00 [queued]>
[2024-11-06T08:27:13.676+0000] {taskinstance.py:2865} INFO - Starting attempt 1 of 1
[2024-11-06T08:27:13.750+0000] {taskinstance.py:2888} INFO - Executing <Task(BashOperator): also_run_this> on 2024-11-05 00:00:00+00:00
[2024-11-06T08:27:13.797+0000] {warnings.py:112} WARNING - /home/***/.local/lib/python3.12/site-packages/***/task/task_runner/standard_task_runner.py:70: DeprecationWarning: This process (pid=68) is multi-threaded, use of fork() may lead to deadlocks in the child.
  pid = os.fork()

[2024-11-06T08:27:13.815+0000] {standard_task_runner.py:72} INFO - Started process 85 to run task
[2024-11-06T08:27:13.934+0000] {standard_task_runner.py:104} INFO - Running: ['***', 'tasks', 'run', 'example_bash_operator', 'also_run_this', 'scheduled__2024-11-05T00:00:00+00:00', '--job-id', '61', '--raw', '--subdir', '/home/***/.local/lib/python3.12/site-packages/***/example_dags/example_bash_operator.py', '--cfg-path', '/tmp/tmpm1n2_ahn']
[2024-11-06T08:27:13.948+0000] {standard_task_runner.py:105} INFO - Job 61: Subtask also_run_this
[2024-11-06T08:27:14.919+0000] {task_command.py:467} INFO - Running <TaskInstance: example_bash_operator.also_run_this scheduled__2024-11-05T00:00:00+00:00 [running]> on host db977aaf14d6
[2024-11-06T08:27:15.714+0000] {taskinstance.py:3131} INFO - Exporting env vars: AIRFLOW_CTX_DAG_OWNER='***' AIRFLOW_CTX_DAG_ID='example_bash_operator' AIRFLOW_CTX_TASK_ID='also_run_this' AIRFLOW_CTX_EXECUTION_DATE='2024-11-05T00:00:00+00:00' AIRFLOW_CTX_TRY_NUMBER='1' AIRFLOW_CTX_DAG_RUN_ID='scheduled__2024-11-05T00:00:00+00:00'
[2024-11-06T08:27:15.722+0000] {logging_mixin.py:190} INFO - Task instance is in running state
[2024-11-06T08:27:15.729+0000] {logging_mixin.py:190} INFO -  Previous state of the Task instance: queued
[2024-11-06T08:27:15.737+0000] {logging_mixin.py:190} INFO - Current task name:also_run_this state:running start_date:2024-11-06 08:27:13.630515+00:00
[2024-11-06T08:27:15.740+0000] {logging_mixin.py:190} INFO - Dag name:example_bash_operator and current dag run status:running
[2024-11-06T08:27:15.749+0000] {taskinstance.py:731} INFO - ::endgroup::
[2024-11-06T08:27:15.754+0000] {subprocess.py:63} INFO - Tmp dir root location: /tmp
[2024-11-06T08:27:15.776+0000] {subprocess.py:75} INFO - Running command: ['/usr/bin/bash', '-c', 'echo "ti_key=example_bash_operator__also_run_this__20241105"']
[2024-11-06T08:27:15.853+0000] {subprocess.py:86} INFO - Output:
[2024-11-06T08:27:15.907+0000] {subprocess.py:93} INFO - ti_key=example_bash_operator__also_run_this__20241105
[2024-11-06T08:27:15.912+0000] {subprocess.py:97} INFO - Command exited with return code 0
[2024-11-06T08:27:16.334+0000] {taskinstance.py:340} INFO - ::group::Post task execution logs
[2024-11-06T08:27:16.339+0000] {taskinstance.py:352} INFO - Marking task as SUCCESS. dag_id=example_bash_operator, task_id=also_run_this, run_id=scheduled__2024-11-05T00:00:00+00:00, execution_date=20241105T000000, start_date=20241106T082713, end_date=20241106T082716
[2024-11-06T08:27:16.400+0000] {logging_mixin.py:190} INFO - Task instance in success state
[2024-11-06T08:27:16.423+0000] {logging_mixin.py:190} INFO -  Previous state of the Task instance: running
[2024-11-06T08:27:16.425+0000] {logging_mixin.py:190} INFO - Dag name:example_bash_operator queued_at:2024-11-06 08:26:56.947910+00:00
[2024-11-06T08:27:16.428+0000] {logging_mixin.py:190} INFO - Task hostname:db977aaf14d6 operator:BashOperator
[2024-11-06T08:27:16.478+0000] {local_task_job_runner.py:266} INFO - Task exited with return code 0
[2024-11-06T08:27:16.554+0000] {taskinstance.py:3900} INFO - 0 downstream tasks scheduled from follow-on schedule check
[2024-11-06T08:27:16.570+0000] {local_task_job_runner.py:245} INFO - ::endgroup::
