[2024-11-06T16:30:36.152+0000] {local_task_job_runner.py:123} INFO - ::group::Pre task execution logs
[2024-11-06T16:30:36.177+0000] {taskinstance.py:2612} INFO - Dependencies all met for dep_context=non-requeueable deps ti=<TaskInstance: parent_dag_for_subdags.downloads scheduled__2024-11-05T00:00:00+00:00 [queued]>
[2024-11-06T16:30:36.189+0000] {taskinstance.py:2612} INFO - Dependencies all met for dep_context=requeueable deps ti=<TaskInstance: parent_dag_for_subdags.downloads scheduled__2024-11-05T00:00:00+00:00 [queued]>
[2024-11-06T16:30:36.190+0000] {taskinstance.py:2865} INFO - Starting attempt 1 of 1
[2024-11-06T16:30:36.209+0000] {taskinstance.py:2888} INFO - Executing <Task(SubDagOperator): downloads> on 2024-11-05 00:00:00+00:00
[2024-11-06T16:30:36.216+0000] {warnings.py:112} WARNING - /home/***/.local/lib/python3.12/site-packages/***/task/task_runner/standard_task_runner.py:70: DeprecationWarning: This process (pid=420) is multi-threaded, use of fork() may lead to deadlocks in the child.
  pid = os.fork()

[2024-11-06T16:30:36.217+0000] {standard_task_runner.py:72} INFO - Started process 422 to run task
[2024-11-06T16:30:36.218+0000] {standard_task_runner.py:104} INFO - Running: ['***', 'tasks', 'run', 'parent_dag_for_subdags', 'downloads', 'scheduled__2024-11-05T00:00:00+00:00', '--job-id', '131', '--raw', '--subdir', 'DAGS_FOLDER/parent_dag_for_subdags.py', '--cfg-path', '/tmp/tmpt4yt7l9z']
[2024-11-06T16:30:36.219+0000] {standard_task_runner.py:105} INFO - Job 131: Subtask downloads
[2024-11-06T16:30:36.277+0000] {task_command.py:467} INFO - Running <TaskInstance: parent_dag_for_subdags.downloads scheduled__2024-11-05T00:00:00+00:00 [running]> on host 66acfa37dd15
[2024-11-06T16:30:36.370+0000] {taskinstance.py:3131} INFO - Exporting env vars: AIRFLOW_CTX_DAG_OWNER='***' AIRFLOW_CTX_DAG_ID='parent_dag_for_subdags' AIRFLOW_CTX_TASK_ID='downloads' AIRFLOW_CTX_EXECUTION_DATE='2024-11-05T00:00:00+00:00' AIRFLOW_CTX_TRY_NUMBER='1' AIRFLOW_CTX_DAG_RUN_ID='scheduled__2024-11-05T00:00:00+00:00'
[2024-11-06T16:30:36.372+0000] {warnings.py:112} WARNING - /home/***/.local/lib/python3.12/site-packages/***/operators/subdag.py:167: AirflowContextDeprecationWarning: Accessing 'execution_date' from the template is deprecated and will be removed in a future version. Please use 'data_interval_start' or 'logical_date' instead.
  execution_date = context["execution_date"]

[2024-11-06T16:30:36.431+0000] {subdag.py:183} INFO - Created DagRun: scheduled__2024-11-05T00:00:00+00:00
[2024-11-06T16:30:36.432+0000] {taskinstance.py:731} INFO - ::endgroup::
[2024-11-06T16:30:36.453+0000] {warnings.py:112} WARNING - /home/***/.local/lib/python3.12/site-packages/***/operators/subdag.py:190: AirflowContextDeprecationWarning: Accessing 'execution_date' from the template is deprecated and will be removed in a future version. Please use 'data_interval_start' or 'logical_date' instead.
  execution_date = context["execution_date"]

[2024-11-06T16:31:36.466+0000] {base.py:336} INFO - Success criteria met. Exiting.
[2024-11-06T16:31:36.467+0000] {warnings.py:112} WARNING - /home/***/.local/lib/python3.12/site-packages/***/operators/subdag.py:196: AirflowContextDeprecationWarning: Accessing 'execution_date' from the template is deprecated and will be removed in a future version. Please use 'data_interval_start' or 'logical_date' instead.
  execution_date = context["execution_date"]

[2024-11-06T16:31:36.475+0000] {subdag.py:198} INFO - Execution finished. State is success
[2024-11-06T16:31:36.485+0000] {taskinstance.py:340} INFO - ::group::Post task execution logs
[2024-11-06T16:31:36.486+0000] {taskinstance.py:352} INFO - Marking task as SUCCESS. dag_id=parent_dag_for_subdags, task_id=downloads, run_id=scheduled__2024-11-05T00:00:00+00:00, execution_date=20241105T000000, start_date=20241106T163036, end_date=20241106T163136
[2024-11-06T16:31:36.528+0000] {local_task_job_runner.py:266} INFO - Task exited with return code 0
[2024-11-06T16:31:36.570+0000] {taskinstance.py:3900} INFO - 1 downstream tasks scheduled from follow-on schedule check
[2024-11-06T16:31:36.577+0000] {local_task_job_runner.py:245} INFO - ::endgroup::
