[2024-11-08T13:26:15.482+0000] {local_task_job_runner.py:123} INFO - ::group::Pre task execution logs
[2024-11-08T13:26:15.508+0000] {taskinstance.py:2612} INFO - Dependencies all met for dep_context=non-requeueable deps ti=<TaskInstance: check_variables.get_variables_context manual__2024-11-08T13:25:03.551411+00:00 [queued]>
[2024-11-08T13:26:15.520+0000] {taskinstance.py:2612} INFO - Dependencies all met for dep_context=requeueable deps ti=<TaskInstance: check_variables.get_variables_context manual__2024-11-08T13:25:03.551411+00:00 [queued]>
[2024-11-08T13:26:15.521+0000] {taskinstance.py:2865} INFO - Starting attempt 2 of 2
[2024-11-08T13:26:15.539+0000] {taskinstance.py:2888} INFO - Executing <Task(_PythonDecoratedOperator): get_variables_context> on 2024-11-08 13:25:03.551411+00:00
[2024-11-08T13:26:15.546+0000] {warnings.py:112} WARNING - /home/***/.local/lib/python3.12/site-packages/***/task/task_runner/standard_task_runner.py:70: DeprecationWarning: This process (pid=610) is multi-threaded, use of fork() may lead to deadlocks in the child.
  pid = os.fork()

[2024-11-08T13:26:15.549+0000] {standard_task_runner.py:72} INFO - Started process 611 to run task
[2024-11-08T13:26:15.549+0000] {standard_task_runner.py:104} INFO - Running: ['***', 'tasks', 'run', 'check_variables', 'get_variables_context', 'manual__2024-11-08T13:25:03.551411+00:00', '--job-id', '37', '--raw', '--subdir', 'DAGS_FOLDER/check_variables.py', '--cfg-path', '/tmp/tmp83gvtuns']
[2024-11-08T13:26:15.550+0000] {standard_task_runner.py:105} INFO - Job 37: Subtask get_variables_context
[2024-11-08T13:26:15.608+0000] {task_command.py:467} INFO - Running <TaskInstance: check_variables.get_variables_context manual__2024-11-08T13:25:03.551411+00:00 [running]> on host ba822abb79dd
[2024-11-08T13:26:15.752+0000] {taskinstance.py:3131} INFO - Exporting env vars: AIRFLOW_CTX_DAG_OWNER='***' AIRFLOW_CTX_DAG_ID='check_variables' AIRFLOW_CTX_TASK_ID='get_variables_context' AIRFLOW_CTX_EXECUTION_DATE='2024-11-08T13:25:03.551411+00:00' AIRFLOW_CTX_TRY_NUMBER='2' AIRFLOW_CTX_DAG_RUN_ID='manual__2024-11-08T13:25:03.551411+00:00'
[2024-11-08T13:26:15.754+0000] {taskinstance.py:731} INFO - ::endgroup::
[2024-11-08T13:26:15.785+0000] {logging_mixin.py:190} INFO - Hi Context! My name is Jerin, I'm {
  "Age": 33,
  "Company": "Aligned Automation"
} years old and I'm working in {
  "Age": 33,
  "Company": "Aligned Automation"
}
[2024-11-08T13:26:15.786+0000] {python.py:240} INFO - Done. Returned value was: None
[2024-11-08T13:26:15.800+0000] {taskinstance.py:340} INFO - ::group::Post task execution logs
[2024-11-08T13:26:15.801+0000] {taskinstance.py:352} INFO - Marking task as SUCCESS. dag_id=check_variables, task_id=get_variables_context, run_id=manual__2024-11-08T13:25:03.551411+00:00, execution_date=20241108T132503, start_date=20241108T132615, end_date=20241108T132615
[2024-11-08T13:26:15.844+0000] {local_task_job_runner.py:266} INFO - Task exited with return code 0
[2024-11-08T13:26:15.863+0000] {taskinstance.py:3900} INFO - 0 downstream tasks scheduled from follow-on schedule check
[2024-11-08T13:26:15.868+0000] {local_task_job_runner.py:245} INFO - ::endgroup::
