[2024-11-06T16:26:06.832+0000] {local_task_job_runner.py:123} INFO - ::group::Pre task execution logs
[2024-11-06T16:26:06.852+0000] {taskinstance.py:2612} INFO - Dependencies all met for dep_context=non-requeueable deps ti=<TaskInstance: parent_dag_for_taskgroup.transforms_tg.transform_c_tg scheduled__2024-11-05T00:00:00+00:00 [queued]>
[2024-11-06T16:26:06.862+0000] {taskinstance.py:2612} INFO - Dependencies all met for dep_context=requeueable deps ti=<TaskInstance: parent_dag_for_taskgroup.transforms_tg.transform_c_tg scheduled__2024-11-05T00:00:00+00:00 [queued]>
[2024-11-06T16:26:06.863+0000] {taskinstance.py:2865} INFO - Starting attempt 1 of 1
[2024-11-06T16:26:06.883+0000] {taskinstance.py:2888} INFO - Executing <Task(BashOperator): transforms_tg.transform_c_tg> on 2024-11-05 00:00:00+00:00
[2024-11-06T16:26:06.892+0000] {warnings.py:112} WARNING - /home/***/.local/lib/python3.12/site-packages/***/task/task_runner/standard_task_runner.py:70: DeprecationWarning: This process (pid=351) is multi-threaded, use of fork() may lead to deadlocks in the child.
  pid = os.fork()

[2024-11-06T16:26:06.894+0000] {standard_task_runner.py:72} INFO - Started process 354 to run task
[2024-11-06T16:26:06.894+0000] {standard_task_runner.py:104} INFO - Running: ['***', 'tasks', 'run', 'parent_dag_for_taskgroup', 'transforms_tg.transform_c_tg', 'scheduled__2024-11-05T00:00:00+00:00', '--job-id', '127', '--raw', '--subdir', 'DAGS_FOLDER/parent_dag_for_taskgroups.py', '--cfg-path', '/tmp/tmpf3ii9abu']
[2024-11-06T16:26:06.896+0000] {standard_task_runner.py:105} INFO - Job 127: Subtask transforms_tg.transform_c_tg
[2024-11-06T16:26:06.972+0000] {task_command.py:467} INFO - Running <TaskInstance: parent_dag_for_taskgroup.transforms_tg.transform_c_tg scheduled__2024-11-05T00:00:00+00:00 [running]> on host 66acfa37dd15
[2024-11-06T16:26:07.068+0000] {taskinstance.py:3131} INFO - Exporting env vars: AIRFLOW_CTX_DAG_OWNER='***' AIRFLOW_CTX_DAG_ID='parent_dag_for_taskgroup' AIRFLOW_CTX_TASK_ID='transforms_tg.transform_c_tg' AIRFLOW_CTX_EXECUTION_DATE='2024-11-05T00:00:00+00:00' AIRFLOW_CTX_TRY_NUMBER='1' AIRFLOW_CTX_DAG_RUN_ID='scheduled__2024-11-05T00:00:00+00:00'
[2024-11-06T16:26:07.069+0000] {taskinstance.py:731} INFO - ::endgroup::
[2024-11-06T16:26:07.088+0000] {subprocess.py:63} INFO - Tmp dir root location: /tmp
[2024-11-06T16:26:07.089+0000] {subprocess.py:75} INFO - Running command: ['/usr/bin/bash', '-c', 'sleep 10']
[2024-11-06T16:26:07.100+0000] {subprocess.py:86} INFO - Output:
[2024-11-06T16:26:17.103+0000] {subprocess.py:97} INFO - Command exited with return code 0
[2024-11-06T16:26:17.175+0000] {taskinstance.py:340} INFO - ::group::Post task execution logs
[2024-11-06T16:26:17.176+0000] {taskinstance.py:352} INFO - Marking task as SUCCESS. dag_id=parent_dag_for_taskgroup, task_id=transforms_tg.transform_c_tg, run_id=scheduled__2024-11-05T00:00:00+00:00, execution_date=20241105T000000, start_date=20241106T162606, end_date=20241106T162617
[2024-11-06T16:26:17.264+0000] {local_task_job_runner.py:266} INFO - Task exited with return code 0
[2024-11-06T16:26:17.301+0000] {taskinstance.py:3900} INFO - 0 downstream tasks scheduled from follow-on schedule check
[2024-11-06T16:26:17.348+0000] {local_task_job_runner.py:245} INFO - ::endgroup::
