[2024-11-06T08:27:15.347+0000] {local_task_job_runner.py:123} INFO - ::group::Pre task execution logs
[2024-11-06T08:27:15.464+0000] {taskinstance.py:2612} INFO - Dependencies all met for dep_context=non-requeueable deps ti=<TaskInstance: example_bash_operator.runme_2 scheduled__2024-11-05T00:00:00+00:00 [queued]>
[2024-11-06T08:27:15.539+0000] {taskinstance.py:2612} INFO - Dependencies all met for dep_context=requeueable deps ti=<TaskInstance: example_bash_operator.runme_2 scheduled__2024-11-05T00:00:00+00:00 [queued]>
[2024-11-06T08:27:15.558+0000] {taskinstance.py:2865} INFO - Starting attempt 1 of 1
[2024-11-06T08:27:15.628+0000] {taskinstance.py:2888} INFO - Executing <Task(BashOperator): runme_2> on 2024-11-05 00:00:00+00:00
[2024-11-06T08:27:15.665+0000] {warnings.py:112} WARNING - /home/***/.local/lib/python3.12/site-packages/***/task/task_runner/standard_task_runner.py:70: DeprecationWarning: This process (pid=74) is multi-threaded, use of fork() may lead to deadlocks in the child.
  pid = os.fork()

[2024-11-06T08:27:15.681+0000] {standard_task_runner.py:104} INFO - Running: ['***', 'tasks', 'run', 'example_bash_operator', 'runme_2', 'scheduled__2024-11-05T00:00:00+00:00', '--job-id', '65', '--raw', '--subdir', '/home/***/.local/lib/python3.12/site-packages/***/example_dags/example_bash_operator.py', '--cfg-path', '/tmp/tmpr22fm2o6']
[2024-11-06T08:27:15.687+0000] {standard_task_runner.py:105} INFO - Job 65: Subtask runme_2
[2024-11-06T08:27:15.700+0000] {standard_task_runner.py:72} INFO - Started process 92 to run task
[2024-11-06T08:27:16.017+0000] {task_command.py:467} INFO - Running <TaskInstance: example_bash_operator.runme_2 scheduled__2024-11-05T00:00:00+00:00 [running]> on host db977aaf14d6
[2024-11-06T08:27:16.593+0000] {taskinstance.py:3131} INFO - Exporting env vars: AIRFLOW_CTX_DAG_OWNER='***' AIRFLOW_CTX_DAG_ID='example_bash_operator' AIRFLOW_CTX_TASK_ID='runme_2' AIRFLOW_CTX_EXECUTION_DATE='2024-11-05T00:00:00+00:00' AIRFLOW_CTX_TRY_NUMBER='1' AIRFLOW_CTX_DAG_RUN_ID='scheduled__2024-11-05T00:00:00+00:00'
[2024-11-06T08:27:16.603+0000] {logging_mixin.py:190} INFO - Task instance is in running state
[2024-11-06T08:27:16.604+0000] {logging_mixin.py:190} INFO -  Previous state of the Task instance: queued
[2024-11-06T08:27:16.606+0000] {logging_mixin.py:190} INFO - Current task name:runme_2 state:running start_date:2024-11-06 08:27:15.466040+00:00
[2024-11-06T08:27:16.608+0000] {logging_mixin.py:190} INFO - Dag name:example_bash_operator and current dag run status:running
[2024-11-06T08:27:16.610+0000] {taskinstance.py:731} INFO - ::endgroup::
[2024-11-06T08:27:16.617+0000] {subprocess.py:63} INFO - Tmp dir root location: /tmp
[2024-11-06T08:27:16.619+0000] {subprocess.py:75} INFO - Running command: ['/usr/bin/bash', '-c', 'echo "example_bash_operator__runme_2__20241105" && sleep 1']
[2024-11-06T08:27:16.688+0000] {subprocess.py:86} INFO - Output:
[2024-11-06T08:27:16.700+0000] {subprocess.py:93} INFO - example_bash_operator__runme_2__20241105
[2024-11-06T08:27:17.698+0000] {subprocess.py:97} INFO - Command exited with return code 0
[2024-11-06T08:27:17.822+0000] {taskinstance.py:340} INFO - ::group::Post task execution logs
[2024-11-06T08:27:17.824+0000] {taskinstance.py:352} INFO - Marking task as SUCCESS. dag_id=example_bash_operator, task_id=runme_2, run_id=scheduled__2024-11-05T00:00:00+00:00, execution_date=20241105T000000, start_date=20241106T082715, end_date=20241106T082717
[2024-11-06T08:27:17.867+0000] {logging_mixin.py:190} INFO - Task instance in success state
[2024-11-06T08:27:17.869+0000] {logging_mixin.py:190} INFO -  Previous state of the Task instance: running
[2024-11-06T08:27:17.869+0000] {logging_mixin.py:190} INFO - Dag name:example_bash_operator queued_at:2024-11-06 08:26:56.947910+00:00
[2024-11-06T08:27:17.870+0000] {logging_mixin.py:190} INFO - Task hostname:db977aaf14d6 operator:BashOperator
[2024-11-06T08:27:17.926+0000] {local_task_job_runner.py:266} INFO - Task exited with return code 0
[2024-11-06T08:27:17.996+0000] {taskinstance.py:3900} INFO - 1 downstream tasks scheduled from follow-on schedule check
[2024-11-06T08:27:18.045+0000] {local_task_job_runner.py:245} INFO - ::endgroup::
