[2024-11-06T11:17:30.985+0000] {local_task_job_runner.py:123} INFO - ::group::Pre task execution logs
[2024-11-06T11:17:31.003+0000] {taskinstance.py:2612} INFO - Dependencies all met for dep_context=non-requeueable deps ti=<TaskInstance: parallel_dag.load_a manual__2024-11-06T11:17:19.119523+00:00 [queued]>
[2024-11-06T11:17:31.014+0000] {taskinstance.py:2612} INFO - Dependencies all met for dep_context=requeueable deps ti=<TaskInstance: parallel_dag.load_a manual__2024-11-06T11:17:19.119523+00:00 [queued]>
[2024-11-06T11:17:31.014+0000] {taskinstance.py:2865} INFO - Starting attempt 1 of 1
[2024-11-06T11:17:31.028+0000] {taskinstance.py:2888} INFO - Executing <Task(BashOperator): load_a> on 2024-11-06 11:17:19.119523+00:00
[2024-11-06T11:17:31.033+0000] {warnings.py:112} WARNING - /home/***/.local/lib/python3.12/site-packages/***/task/task_runner/standard_task_runner.py:70: DeprecationWarning: This process (pid=512) is multi-threaded, use of fork() may lead to deadlocks in the child.
  pid = os.fork()

[2024-11-06T11:17:31.035+0000] {standard_task_runner.py:72} INFO - Started process 513 to run task
[2024-11-06T11:17:31.035+0000] {standard_task_runner.py:104} INFO - Running: ['***', 'tasks', 'run', 'parallel_dag', 'load_a', 'manual__2024-11-06T11:17:19.119523+00:00', '--job-id', '102', '--raw', '--subdir', 'DAGS_FOLDER/parallel_dag.py', '--cfg-path', '/tmp/tmpql7pylgy']
[2024-11-06T11:17:31.036+0000] {standard_task_runner.py:105} INFO - Job 102: Subtask load_a
[2024-11-06T11:17:31.083+0000] {task_command.py:467} INFO - Running <TaskInstance: parallel_dag.load_a manual__2024-11-06T11:17:19.119523+00:00 [running]> on host a664c8dd9839
[2024-11-06T11:17:31.194+0000] {taskinstance.py:3131} INFO - Exporting env vars: AIRFLOW_CTX_DAG_OWNER='***' AIRFLOW_CTX_DAG_ID='parallel_dag' AIRFLOW_CTX_TASK_ID='load_a' AIRFLOW_CTX_EXECUTION_DATE='2024-11-06T11:17:19.119523+00:00' AIRFLOW_CTX_TRY_NUMBER='1' AIRFLOW_CTX_DAG_RUN_ID='manual__2024-11-06T11:17:19.119523+00:00'
[2024-11-06T11:17:31.196+0000] {taskinstance.py:731} INFO - ::endgroup::
[2024-11-06T11:17:31.222+0000] {subprocess.py:63} INFO - Tmp dir root location: /tmp
[2024-11-06T11:17:31.225+0000] {subprocess.py:75} INFO - Running command: ['/usr/bin/bash', '-c', 'sleep 10']
[2024-11-06T11:17:31.240+0000] {subprocess.py:86} INFO - Output:
[2024-11-06T11:17:41.241+0000] {subprocess.py:97} INFO - Command exited with return code 0
[2024-11-06T11:17:41.281+0000] {taskinstance.py:340} INFO - ::group::Post task execution logs
[2024-11-06T11:17:41.281+0000] {taskinstance.py:352} INFO - Marking task as SUCCESS. dag_id=parallel_dag, task_id=load_a, run_id=manual__2024-11-06T11:17:19.119523+00:00, execution_date=20241106T111719, start_date=20241106T111731, end_date=20241106T111741
[2024-11-06T11:17:41.338+0000] {local_task_job_runner.py:266} INFO - Task exited with return code 0
[2024-11-06T11:17:41.362+0000] {taskinstance.py:3900} INFO - 1 downstream tasks scheduled from follow-on schedule check
[2024-11-06T11:17:41.364+0000] {local_task_job_runner.py:245} INFO - ::endgroup::
