[2024-11-08T10:33:06.699+0000] {local_task_job_runner.py:123} INFO - ::group::Pre task execution logs
[2024-11-08T10:33:06.720+0000] {taskinstance.py:2612} INFO - Dependencies all met for dep_context=non-requeueable deps ti=<TaskInstance: xcom_dag.t4 scheduled__2024-11-07T00:00:00+00:00 [queued]>
[2024-11-08T10:33:06.731+0000] {taskinstance.py:2612} INFO - Dependencies all met for dep_context=requeueable deps ti=<TaskInstance: xcom_dag.t4 scheduled__2024-11-07T00:00:00+00:00 [queued]>
[2024-11-08T10:33:06.731+0000] {taskinstance.py:2865} INFO - Starting attempt 1 of 1
[2024-11-08T10:33:06.749+0000] {taskinstance.py:2888} INFO - Executing <Task(BashOperator): t4> on 2024-11-07 00:00:00+00:00
[2024-11-08T10:33:06.758+0000] {warnings.py:112} WARNING - /home/***/.local/lib/python3.12/site-packages/***/task/task_runner/standard_task_runner.py:70: DeprecationWarning: This process (pid=77) is multi-threaded, use of fork() may lead to deadlocks in the child.
  pid = os.fork()

[2024-11-08T10:33:06.760+0000] {standard_task_runner.py:72} INFO - Started process 78 to run task
[2024-11-08T10:33:06.761+0000] {standard_task_runner.py:104} INFO - Running: ['***', 'tasks', 'run', 'xcom_dag', 't4', 'scheduled__2024-11-07T00:00:00+00:00', '--job-id', '20', '--raw', '--subdir', 'DAGS_FOLDER/xcom_dag.py', '--cfg-path', '/tmp/tmpx8elg2h5']
[2024-11-08T10:33:06.762+0000] {standard_task_runner.py:105} INFO - Job 20: Subtask t4
[2024-11-08T10:33:06.818+0000] {task_command.py:467} INFO - Running <TaskInstance: xcom_dag.t4 scheduled__2024-11-07T00:00:00+00:00 [running]> on host 8be5978291e0
[2024-11-08T10:33:06.918+0000] {taskinstance.py:3131} INFO - Exporting env vars: AIRFLOW_CTX_DAG_OWNER='***' AIRFLOW_CTX_DAG_ID='xcom_dag' AIRFLOW_CTX_TASK_ID='t4' AIRFLOW_CTX_EXECUTION_DATE='2024-11-07T00:00:00+00:00' AIRFLOW_CTX_TRY_NUMBER='1' AIRFLOW_CTX_DAG_RUN_ID='scheduled__2024-11-07T00:00:00+00:00'
[2024-11-08T10:33:06.919+0000] {taskinstance.py:731} INFO - ::endgroup::
[2024-11-08T10:33:06.942+0000] {subprocess.py:63} INFO - Tmp dir root location: /tmp
[2024-11-08T10:33:06.943+0000] {subprocess.py:75} INFO - Running command: ['/usr/bin/bash', '-c', "echo ''"]
[2024-11-08T10:33:06.956+0000] {subprocess.py:86} INFO - Output:
[2024-11-08T10:33:06.958+0000] {subprocess.py:93} INFO - 
[2024-11-08T10:33:06.959+0000] {subprocess.py:97} INFO - Command exited with return code 0
[2024-11-08T10:33:06.994+0000] {taskinstance.py:340} INFO - ::group::Post task execution logs
[2024-11-08T10:33:06.995+0000] {taskinstance.py:352} INFO - Marking task as SUCCESS. dag_id=xcom_dag, task_id=t4, run_id=scheduled__2024-11-07T00:00:00+00:00, execution_date=20241107T000000, start_date=20241108T103306, end_date=20241108T103306
[2024-11-08T10:33:07.056+0000] {local_task_job_runner.py:266} INFO - Task exited with return code 0
[2024-11-08T10:33:07.074+0000] {taskinstance.py:3900} INFO - 0 downstream tasks scheduled from follow-on schedule check
[2024-11-08T10:33:07.077+0000] {local_task_job_runner.py:245} INFO - ::endgroup::
