[2024-11-07T14:00:33.203+0000] {local_task_job_runner.py:123} INFO - ::group::Pre task execution logs
[2024-11-07T14:00:33.231+0000] {taskinstance.py:2612} INFO - Dependencies all met for dep_context=non-requeueable deps ti=<TaskInstance: xcom_dag.branch scheduled__2024-11-06T00:00:00+00:00 [queued]>
[2024-11-07T14:00:33.250+0000] {taskinstance.py:2612} INFO - Dependencies all met for dep_context=requeueable deps ti=<TaskInstance: xcom_dag.branch scheduled__2024-11-06T00:00:00+00:00 [queued]>
[2024-11-07T14:00:33.251+0000] {taskinstance.py:2865} INFO - Starting attempt 1 of 1
[2024-11-07T14:00:33.280+0000] {taskinstance.py:2888} INFO - Executing <Task(BranchPythonOperator): branch> on 2024-11-06 00:00:00+00:00
[2024-11-07T14:00:33.289+0000] {warnings.py:112} WARNING - /home/***/.local/lib/python3.12/site-packages/***/task/task_runner/standard_task_runner.py:70: DeprecationWarning: This process (pid=225) is multi-threaded, use of fork() may lead to deadlocks in the child.
  pid = os.fork()

[2024-11-07T14:00:33.292+0000] {standard_task_runner.py:72} INFO - Started process 226 to run task
[2024-11-07T14:00:33.292+0000] {standard_task_runner.py:104} INFO - Running: ['***', 'tasks', 'run', 'xcom_dag', 'branch', 'scheduled__2024-11-06T00:00:00+00:00', '--job-id', '6', '--raw', '--subdir', 'DAGS_FOLDER/xcom_dag.py', '--cfg-path', '/tmp/tmp81qciteu']
[2024-11-07T14:00:33.295+0000] {standard_task_runner.py:105} INFO - Job 6: Subtask branch
[2024-11-07T14:00:33.402+0000] {task_command.py:467} INFO - Running <TaskInstance: xcom_dag.branch scheduled__2024-11-06T00:00:00+00:00 [running]> on host 8ce93de23833
[2024-11-07T14:00:33.553+0000] {taskinstance.py:3131} INFO - Exporting env vars: AIRFLOW_CTX_DAG_OWNER='***' AIRFLOW_CTX_DAG_ID='xcom_dag' AIRFLOW_CTX_TASK_ID='branch' AIRFLOW_CTX_EXECUTION_DATE='2024-11-06T00:00:00+00:00' AIRFLOW_CTX_TRY_NUMBER='1' AIRFLOW_CTX_DAG_RUN_ID='scheduled__2024-11-06T00:00:00+00:00'
[2024-11-07T14:00:33.555+0000] {taskinstance.py:731} INFO - ::endgroup::
[2024-11-07T14:00:33.582+0000] {baseoperator.py:405} WARNING - BranchPythonOperator.execute cannot be called outside TaskInstance!
[2024-11-07T14:00:33.598+0000] {python.py:240} INFO - Done. Returned value was: t2
[2024-11-07T14:00:33.599+0000] {branch.py:38} INFO - Branch into t2
[2024-11-07T14:00:33.600+0000] {skipmixin.py:230} INFO - Following branch ('t2',)
[2024-11-07T14:00:33.618+0000] {skipmixin.py:278} INFO - Skipping tasks [('t3', -1)]
[2024-11-07T14:00:33.663+0000] {taskinstance.py:340} INFO - ::group::Post task execution logs
[2024-11-07T14:00:33.664+0000] {taskinstance.py:352} INFO - Marking task as SUCCESS. dag_id=xcom_dag, task_id=branch, run_id=scheduled__2024-11-06T00:00:00+00:00, execution_date=20241106T000000, start_date=20241107T140033, end_date=20241107T140033
[2024-11-07T14:00:33.712+0000] {local_task_job_runner.py:266} INFO - Task exited with return code 0
[2024-11-07T14:00:33.756+0000] {taskinstance.py:3900} INFO - 1 downstream tasks scheduled from follow-on schedule check
[2024-11-07T14:00:33.763+0000] {local_task_job_runner.py:245} INFO - ::endgroup::
