[2024-11-06T08:27:29.679+0000] {local_task_job_runner.py:123} INFO - ::group::Pre task execution logs
[2024-11-06T08:27:29.698+0000] {taskinstance.py:2612} INFO - Dependencies all met for dep_context=non-requeueable deps ti=<TaskInstance: user_processing.process_user scheduled__2024-11-05T00:00:00+00:00 [queued]>
[2024-11-06T08:27:29.709+0000] {taskinstance.py:2612} INFO - Dependencies all met for dep_context=requeueable deps ti=<TaskInstance: user_processing.process_user scheduled__2024-11-05T00:00:00+00:00 [queued]>
[2024-11-06T08:27:29.710+0000] {taskinstance.py:2865} INFO - Starting attempt 1 of 1
[2024-11-06T08:27:29.726+0000] {taskinstance.py:2888} INFO - Executing <Task(PythonOperator): process_user> on 2024-11-05 00:00:00+00:00
[2024-11-06T08:27:29.736+0000] {warnings.py:112} WARNING - /home/***/.local/lib/python3.12/site-packages/***/task/task_runner/standard_task_runner.py:70: DeprecationWarning: This process (pid=129) is multi-threaded, use of fork() may lead to deadlocks in the child.
  pid = os.fork()

[2024-11-06T08:27:29.738+0000] {standard_task_runner.py:72} INFO - Started process 131 to run task
[2024-11-06T08:27:29.739+0000] {standard_task_runner.py:104} INFO - Running: ['***', 'tasks', 'run', 'user_processing', 'process_user', 'scheduled__2024-11-05T00:00:00+00:00', '--job-id', '72', '--raw', '--subdir', 'DAGS_FOLDER/user-processing.py', '--cfg-path', '/tmp/tmptru1tib2']
[2024-11-06T08:27:29.740+0000] {standard_task_runner.py:105} INFO - Job 72: Subtask process_user
[2024-11-06T08:27:29.800+0000] {task_command.py:467} INFO - Running <TaskInstance: user_processing.process_user scheduled__2024-11-05T00:00:00+00:00 [running]> on host db977aaf14d6
[2024-11-06T08:27:29.929+0000] {taskinstance.py:3131} INFO - Exporting env vars: AIRFLOW_CTX_DAG_OWNER='***' AIRFLOW_CTX_DAG_ID='user_processing' AIRFLOW_CTX_TASK_ID='process_user' AIRFLOW_CTX_EXECUTION_DATE='2024-11-05T00:00:00+00:00' AIRFLOW_CTX_TRY_NUMBER='1' AIRFLOW_CTX_DAG_RUN_ID='scheduled__2024-11-05T00:00:00+00:00'
[2024-11-06T08:27:29.933+0000] {logging_mixin.py:190} INFO - Task instance is in running state
[2024-11-06T08:27:29.934+0000] {logging_mixin.py:190} INFO -  Previous state of the Task instance: queued
[2024-11-06T08:27:29.937+0000] {logging_mixin.py:190} INFO - Current task name:process_user state:running start_date:2024-11-06 08:27:29.699030+00:00
[2024-11-06T08:27:29.938+0000] {logging_mixin.py:190} INFO - Dag name:user_processing and current dag run status:running
[2024-11-06T08:27:29.940+0000] {taskinstance.py:731} INFO - ::endgroup::
[2024-11-06T08:27:29.960+0000] {logging_mixin.py:190} INFO - <class 'dict'>
[2024-11-06T08:27:29.986+0000] {python.py:240} INFO - Done. Returned value was: None
[2024-11-06T08:27:30.001+0000] {taskinstance.py:340} INFO - ::group::Post task execution logs
[2024-11-06T08:27:30.002+0000] {taskinstance.py:352} INFO - Marking task as SUCCESS. dag_id=user_processing, task_id=process_user, run_id=scheduled__2024-11-05T00:00:00+00:00, execution_date=20241105T000000, start_date=20241106T082729, end_date=20241106T082730
[2024-11-06T08:27:30.018+0000] {logging_mixin.py:190} INFO - Task instance in success state
[2024-11-06T08:27:30.019+0000] {logging_mixin.py:190} INFO -  Previous state of the Task instance: running
[2024-11-06T08:27:30.019+0000] {logging_mixin.py:190} INFO - Dag name:user_processing queued_at:2024-11-06 08:26:56.862585+00:00
[2024-11-06T08:27:30.020+0000] {logging_mixin.py:190} INFO - Task hostname:db977aaf14d6 operator:PythonOperator
[2024-11-06T08:27:30.036+0000] {local_task_job_runner.py:266} INFO - Task exited with return code 0
[2024-11-06T08:27:30.070+0000] {taskinstance.py:3900} INFO - 1 downstream tasks scheduled from follow-on schedule check
[2024-11-06T08:27:30.073+0000] {local_task_job_runner.py:245} INFO - ::endgroup::
