[2024-11-06T11:11:29.398+0000] {local_task_job_runner.py:123} INFO - ::group::Pre task execution logs
[2024-11-06T11:11:29.418+0000] {taskinstance.py:2612} INFO - Dependencies all met for dep_context=non-requeueable deps ti=<TaskInstance: parallel_dag.load_a manual__2024-11-06T11:11:16.469591+00:00 [queued]>
[2024-11-06T11:11:29.432+0000] {taskinstance.py:2612} INFO - Dependencies all met for dep_context=requeueable deps ti=<TaskInstance: parallel_dag.load_a manual__2024-11-06T11:11:16.469591+00:00 [queued]>
[2024-11-06T11:11:29.433+0000] {taskinstance.py:2865} INFO - Starting attempt 1 of 1
[2024-11-06T11:11:29.456+0000] {taskinstance.py:2888} INFO - Executing <Task(BashOperator): load_a> on 2024-11-06 11:11:16.469591+00:00
[2024-11-06T11:11:29.463+0000] {warnings.py:112} WARNING - /home/***/.local/lib/python3.12/site-packages/***/task/task_runner/standard_task_runner.py:70: DeprecationWarning: This process (pid=410) is multi-threaded, use of fork() may lead to deadlocks in the child.
  pid = os.fork()

[2024-11-06T11:11:29.466+0000] {standard_task_runner.py:72} INFO - Started process 411 to run task
[2024-11-06T11:11:29.467+0000] {standard_task_runner.py:104} INFO - Running: ['***', 'tasks', 'run', 'parallel_dag', 'load_a', 'manual__2024-11-06T11:11:16.469591+00:00', '--job-id', '96', '--raw', '--subdir', 'DAGS_FOLDER/parallel_dag.py', '--cfg-path', '/tmp/tmpth2_5p3m']
[2024-11-06T11:11:29.469+0000] {standard_task_runner.py:105} INFO - Job 96: Subtask load_a
[2024-11-06T11:11:29.531+0000] {task_command.py:467} INFO - Running <TaskInstance: parallel_dag.load_a manual__2024-11-06T11:11:16.469591+00:00 [running]> on host a664c8dd9839
[2024-11-06T11:11:29.622+0000] {taskinstance.py:3131} INFO - Exporting env vars: AIRFLOW_CTX_DAG_OWNER='***' AIRFLOW_CTX_DAG_ID='parallel_dag' AIRFLOW_CTX_TASK_ID='load_a' AIRFLOW_CTX_EXECUTION_DATE='2024-11-06T11:11:16.469591+00:00' AIRFLOW_CTX_TRY_NUMBER='1' AIRFLOW_CTX_DAG_RUN_ID='manual__2024-11-06T11:11:16.469591+00:00'
[2024-11-06T11:11:29.623+0000] {taskinstance.py:731} INFO - ::endgroup::
[2024-11-06T11:11:29.640+0000] {subprocess.py:63} INFO - Tmp dir root location: /tmp
[2024-11-06T11:11:29.641+0000] {subprocess.py:75} INFO - Running command: ['/usr/bin/bash', '-c', 'sleep 10']
[2024-11-06T11:11:29.658+0000] {subprocess.py:86} INFO - Output:
[2024-11-06T11:11:39.659+0000] {subprocess.py:97} INFO - Command exited with return code 0
[2024-11-06T11:11:39.688+0000] {taskinstance.py:340} INFO - ::group::Post task execution logs
[2024-11-06T11:11:39.689+0000] {taskinstance.py:352} INFO - Marking task as SUCCESS. dag_id=parallel_dag, task_id=load_a, run_id=manual__2024-11-06T11:11:16.469591+00:00, execution_date=20241106T111116, start_date=20241106T111129, end_date=20241106T111139
[2024-11-06T11:11:39.747+0000] {local_task_job_runner.py:266} INFO - Task exited with return code 0
[2024-11-06T11:11:39.767+0000] {taskinstance.py:3900} INFO - 0 downstream tasks scheduled from follow-on schedule check
[2024-11-06T11:11:39.769+0000] {local_task_job_runner.py:245} INFO - ::endgroup::
