[2024-11-06T16:50:50.407+0000] {local_task_job_runner.py:123} INFO - ::group::Pre task execution logs
[2024-11-06T16:50:50.484+0000] {taskinstance.py:2612} INFO - Dependencies all met for dep_context=non-requeueable deps ti=<TaskInstance: xcom_dag.t3 manual__2024-11-06T16:47:53.381859+00:00 [queued]>
[2024-11-06T16:50:50.511+0000] {taskinstance.py:2612} INFO - Dependencies all met for dep_context=requeueable deps ti=<TaskInstance: xcom_dag.t3 manual__2024-11-06T16:47:53.381859+00:00 [queued]>
[2024-11-06T16:50:50.512+0000] {taskinstance.py:2865} INFO - Starting attempt 1 of 1
[2024-11-06T16:50:50.540+0000] {taskinstance.py:2888} INFO - Executing <Task(BashOperator): t3> on 2024-11-06 16:47:53.381859+00:00
[2024-11-06T16:50:50.555+0000] {standard_task_runner.py:104} INFO - Running: ['***', 'tasks', 'run', 'xcom_dag', 't3', 'manual__2024-11-06T16:47:53.381859+00:00', '--job-id', '167', '--raw', '--subdir', 'DAGS_FOLDER/xcom_dag.py', '--cfg-path', '/tmp/tmpft84l4e8']
[2024-11-06T16:50:50.550+0000] {warnings.py:112} WARNING - /home/***/.local/lib/python3.12/site-packages/***/task/task_runner/standard_task_runner.py:70: DeprecationWarning: This process (pid=808) is multi-threaded, use of fork() may lead to deadlocks in the child.
  pid = os.fork()

[2024-11-06T16:50:50.557+0000] {standard_task_runner.py:105} INFO - Job 167: Subtask t3
[2024-11-06T16:50:50.558+0000] {standard_task_runner.py:72} INFO - Started process 809 to run task
[2024-11-06T16:50:50.622+0000] {task_command.py:467} INFO - Running <TaskInstance: xcom_dag.t3 manual__2024-11-06T16:47:53.381859+00:00 [running]> on host 66acfa37dd15
[2024-11-06T16:50:50.724+0000] {taskinstance.py:3131} INFO - Exporting env vars: AIRFLOW_CTX_DAG_OWNER='***' AIRFLOW_CTX_DAG_ID='xcom_dag' AIRFLOW_CTX_TASK_ID='t3' AIRFLOW_CTX_EXECUTION_DATE='2024-11-06T16:47:53.381859+00:00' AIRFLOW_CTX_TRY_NUMBER='1' AIRFLOW_CTX_DAG_RUN_ID='manual__2024-11-06T16:47:53.381859+00:00'
[2024-11-06T16:50:50.725+0000] {taskinstance.py:731} INFO - ::endgroup::
[2024-11-06T16:50:50.743+0000] {subprocess.py:63} INFO - Tmp dir root location: /tmp
[2024-11-06T16:50:50.744+0000] {subprocess.py:75} INFO - Running command: ['/usr/bin/bash', '-c', "echo ''"]
[2024-11-06T16:50:50.755+0000] {subprocess.py:86} INFO - Output:
[2024-11-06T16:50:50.756+0000] {subprocess.py:93} INFO - 
[2024-11-06T16:50:50.757+0000] {subprocess.py:97} INFO - Command exited with return code 0
[2024-11-06T16:50:50.784+0000] {taskinstance.py:340} INFO - ::group::Post task execution logs
[2024-11-06T16:50:50.784+0000] {taskinstance.py:352} INFO - Marking task as SUCCESS. dag_id=xcom_dag, task_id=t3, run_id=manual__2024-11-06T16:47:53.381859+00:00, execution_date=20241106T164753, start_date=20241106T165050, end_date=20241106T165050
[2024-11-06T16:50:50.815+0000] {local_task_job_runner.py:266} INFO - Task exited with return code 0
[2024-11-06T16:50:50.831+0000] {taskinstance.py:3900} INFO - 0 downstream tasks scheduled from follow-on schedule check
[2024-11-06T16:50:50.833+0000] {local_task_job_runner.py:245} INFO - ::endgroup::
