[2024-11-06T16:48:52.037+0000] {local_task_job_runner.py:123} INFO - ::group::Pre task execution logs
[2024-11-06T16:48:52.058+0000] {taskinstance.py:2612} INFO - Dependencies all met for dep_context=non-requeueable deps ti=<TaskInstance: xcom_dag.t3 manual__2024-11-06T16:48:48.796487+00:00 [queued]>
[2024-11-06T16:48:52.068+0000] {taskinstance.py:2612} INFO - Dependencies all met for dep_context=requeueable deps ti=<TaskInstance: xcom_dag.t3 manual__2024-11-06T16:48:48.796487+00:00 [queued]>
[2024-11-06T16:48:52.069+0000] {taskinstance.py:2865} INFO - Starting attempt 1 of 1
[2024-11-06T16:48:52.086+0000] {taskinstance.py:2888} INFO - Executing <Task(BashOperator): t3> on 2024-11-06 16:48:48.796487+00:00
[2024-11-06T16:48:52.093+0000] {warnings.py:112} WARNING - /home/***/.local/lib/python3.12/site-packages/***/task/task_runner/standard_task_runner.py:70: DeprecationWarning: This process (pid=746) is multi-threaded, use of fork() may lead to deadlocks in the child.
  pid = os.fork()

[2024-11-06T16:48:52.095+0000] {standard_task_runner.py:72} INFO - Started process 747 to run task
[2024-11-06T16:48:52.095+0000] {standard_task_runner.py:104} INFO - Running: ['***', 'tasks', 'run', 'xcom_dag', 't3', 'manual__2024-11-06T16:48:48.796487+00:00', '--job-id', '157', '--raw', '--subdir', 'DAGS_FOLDER/xcom_dag.py', '--cfg-path', '/tmp/tmpt6rwtl4e']
[2024-11-06T16:48:52.097+0000] {standard_task_runner.py:105} INFO - Job 157: Subtask t3
[2024-11-06T16:48:52.149+0000] {task_command.py:467} INFO - Running <TaskInstance: xcom_dag.t3 manual__2024-11-06T16:48:48.796487+00:00 [running]> on host 66acfa37dd15
[2024-11-06T16:48:52.233+0000] {taskinstance.py:3131} INFO - Exporting env vars: AIRFLOW_CTX_DAG_OWNER='***' AIRFLOW_CTX_DAG_ID='xcom_dag' AIRFLOW_CTX_TASK_ID='t3' AIRFLOW_CTX_EXECUTION_DATE='2024-11-06T16:48:48.796487+00:00' AIRFLOW_CTX_TRY_NUMBER='1' AIRFLOW_CTX_DAG_RUN_ID='manual__2024-11-06T16:48:48.796487+00:00'
[2024-11-06T16:48:52.234+0000] {taskinstance.py:731} INFO - ::endgroup::
[2024-11-06T16:48:52.250+0000] {subprocess.py:63} INFO - Tmp dir root location: /tmp
[2024-11-06T16:48:52.252+0000] {subprocess.py:75} INFO - Running command: ['/usr/bin/bash', '-c', "echo ''"]
[2024-11-06T16:48:52.266+0000] {subprocess.py:86} INFO - Output:
[2024-11-06T16:48:52.274+0000] {subprocess.py:93} INFO - 
[2024-11-06T16:48:52.275+0000] {subprocess.py:97} INFO - Command exited with return code 0
[2024-11-06T16:48:52.301+0000] {taskinstance.py:340} INFO - ::group::Post task execution logs
[2024-11-06T16:48:52.302+0000] {taskinstance.py:352} INFO - Marking task as SUCCESS. dag_id=xcom_dag, task_id=t3, run_id=manual__2024-11-06T16:48:48.796487+00:00, execution_date=20241106T164848, start_date=20241106T164852, end_date=20241106T164852
[2024-11-06T16:48:52.350+0000] {local_task_job_runner.py:266} INFO - Task exited with return code 0
[2024-11-06T16:48:52.367+0000] {taskinstance.py:3900} INFO - 0 downstream tasks scheduled from follow-on schedule check
[2024-11-06T16:48:52.369+0000] {local_task_job_runner.py:245} INFO - ::endgroup::
