[2024-11-06T16:31:51.179+0000] {local_task_job_runner.py:123} INFO - ::group::Pre task execution logs
[2024-11-06T16:31:51.213+0000] {taskinstance.py:2612} INFO - Dependencies all met for dep_context=non-requeueable deps ti=<TaskInstance: parent_dag_for_subdags.transforms.transform_c scheduled__2024-11-06T16:30:34.237675+00:00 [queued]>
[2024-11-06T16:31:51.231+0000] {taskinstance.py:2612} INFO - Dependencies all met for dep_context=requeueable deps ti=<TaskInstance: parent_dag_for_subdags.transforms.transform_c scheduled__2024-11-06T16:30:34.237675+00:00 [queued]>
[2024-11-06T16:31:51.233+0000] {taskinstance.py:2865} INFO - Starting attempt 1 of 1
[2024-11-06T16:31:51.258+0000] {taskinstance.py:2888} INFO - Executing <Task(BashOperator): transform_c> on 2024-11-06 16:30:34.237675+00:00
[2024-11-06T16:31:51.268+0000] {warnings.py:112} WARNING - /home/***/.local/lib/python3.12/site-packages/***/task/task_runner/standard_task_runner.py:70: DeprecationWarning: This process (pid=486) is multi-threaded, use of fork() may lead to deadlocks in the child.
  pid = os.fork()

[2024-11-06T16:31:51.270+0000] {standard_task_runner.py:72} INFO - Started process 490 to run task
[2024-11-06T16:31:51.271+0000] {standard_task_runner.py:104} INFO - Running: ['***', 'tasks', 'run', 'parent_dag_for_subdags.transforms', 'transform_c', 'scheduled__2024-11-06T16:30:34.237675+00:00', '--job-id', '142', '--raw', '--subdir', 'DAGS_FOLDER/parent_dag_for_subdags.py', '--cfg-path', '/tmp/tmpj3s706nf']
[2024-11-06T16:31:51.273+0000] {standard_task_runner.py:105} INFO - Job 142: Subtask transform_c
[2024-11-06T16:31:51.372+0000] {task_command.py:467} INFO - Running <TaskInstance: parent_dag_for_subdags.transforms.transform_c scheduled__2024-11-06T16:30:34.237675+00:00 [running]> on host 66acfa37dd15
[2024-11-06T16:31:51.570+0000] {taskinstance.py:3131} INFO - Exporting env vars: AIRFLOW_CTX_DAG_OWNER='***' AIRFLOW_CTX_DAG_ID='parent_dag_for_subdags.transforms' AIRFLOW_CTX_TASK_ID='transform_c' AIRFLOW_CTX_EXECUTION_DATE='2024-11-06T16:30:34.237675+00:00' AIRFLOW_CTX_TRY_NUMBER='1' AIRFLOW_CTX_DAG_RUN_ID='scheduled__2024-11-06T16:30:34.237675+00:00'
[2024-11-06T16:31:51.580+0000] {taskinstance.py:731} INFO - ::endgroup::
[2024-11-06T16:31:51.623+0000] {subprocess.py:63} INFO - Tmp dir root location: /tmp
[2024-11-06T16:31:51.625+0000] {subprocess.py:75} INFO - Running command: ['/usr/bin/bash', '-c', 'sleep 10']
[2024-11-06T16:31:51.654+0000] {subprocess.py:86} INFO - Output:
[2024-11-06T16:32:01.658+0000] {subprocess.py:97} INFO - Command exited with return code 0
[2024-11-06T16:32:01.681+0000] {taskinstance.py:340} INFO - ::group::Post task execution logs
[2024-11-06T16:32:01.682+0000] {taskinstance.py:352} INFO - Marking task as SUCCESS. dag_id=parent_dag_for_subdags.transforms, task_id=transform_c, run_id=scheduled__2024-11-06T16:30:34.237675+00:00, execution_date=20241106T163034, start_date=20241106T163151, end_date=20241106T163201
[2024-11-06T16:32:01.709+0000] {local_task_job_runner.py:266} INFO - Task exited with return code 0
[2024-11-06T16:32:01.730+0000] {taskinstance.py:3900} INFO - 0 downstream tasks scheduled from follow-on schedule check
[2024-11-06T16:32:01.734+0000] {local_task_job_runner.py:245} INFO - ::endgroup::
