[2024-11-05T09:11:28.092+0000] {local_task_job_runner.py:123} INFO - ::group::Pre task execution logs
[2024-11-05T09:11:28.109+0000] {taskinstance.py:2612} INFO - Dependencies all met for dep_context=non-requeueable deps ti=<TaskInstance: user_processing.is_api_available manual__2024-11-05T09:11:22.732475+00:00 [queued]>
[2024-11-05T09:11:28.117+0000] {taskinstance.py:2612} INFO - Dependencies all met for dep_context=requeueable deps ti=<TaskInstance: user_processing.is_api_available manual__2024-11-05T09:11:22.732475+00:00 [queued]>
[2024-11-05T09:11:28.118+0000] {taskinstance.py:2865} INFO - Starting attempt 1 of 1
[2024-11-05T09:11:28.133+0000] {taskinstance.py:2888} INFO - Executing <Task(HttpSensor): is_api_available> on 2024-11-05 09:11:22.732475+00:00
[2024-11-05T09:11:28.140+0000] {warnings.py:112} WARNING - /home/***/.local/lib/python3.12/site-packages/***/task/task_runner/standard_task_runner.py:70: DeprecationWarning: This process (pid=289) is multi-threaded, use of fork() may lead to deadlocks in the child.
  pid = os.fork()

[2024-11-05T09:11:28.142+0000] {standard_task_runner.py:72} INFO - Started process 293 to run task
[2024-11-05T09:11:28.142+0000] {standard_task_runner.py:104} INFO - Running: ['***', 'tasks', 'run', 'user_processing', 'is_api_available', 'manual__2024-11-05T09:11:22.732475+00:00', '--job-id', '46', '--raw', '--subdir', 'DAGS_FOLDER/user-processing.py', '--cfg-path', '/tmp/tmpi6bpknnn']
[2024-11-05T09:11:28.143+0000] {standard_task_runner.py:105} INFO - Job 46: Subtask is_api_available
[2024-11-05T09:11:28.196+0000] {task_command.py:467} INFO - Running <TaskInstance: user_processing.is_api_available manual__2024-11-05T09:11:22.732475+00:00 [running]> on host 3a4fba066ec8
[2024-11-05T09:11:28.299+0000] {taskinstance.py:3131} INFO - Exporting env vars: AIRFLOW_CTX_DAG_OWNER='***' AIRFLOW_CTX_DAG_ID='user_processing' AIRFLOW_CTX_TASK_ID='is_api_available' AIRFLOW_CTX_EXECUTION_DATE='2024-11-05T09:11:22.732475+00:00' AIRFLOW_CTX_TRY_NUMBER='1' AIRFLOW_CTX_DAG_RUN_ID='manual__2024-11-05T09:11:22.732475+00:00'
[2024-11-05T09:11:28.301+0000] {logging_mixin.py:190} INFO - Task instance is in running state
[2024-11-05T09:11:28.302+0000] {logging_mixin.py:190} INFO -  Previous state of the Task instance: queued
[2024-11-05T09:11:28.302+0000] {logging_mixin.py:190} INFO - Current task name:is_api_available state:running start_date:2024-11-05 09:11:28.110577+00:00
[2024-11-05T09:11:28.303+0000] {logging_mixin.py:190} INFO - Dag name:user_processing and current dag run status:running
[2024-11-05T09:11:28.304+0000] {taskinstance.py:731} INFO - ::endgroup::
[2024-11-05T09:11:28.304+0000] {baseoperator.py:405} WARNING - HttpSensor.execute cannot be called outside TaskInstance!
[2024-11-05T09:11:28.305+0000] {http.py:137} INFO - Poking: api/
[2024-11-05T09:11:28.314+0000] {base.py:84} INFO - Retrieving connection 'user_api'
[2024-11-05T09:11:28.904+0000] {base.py:336} INFO - Success criteria met. Exiting.
[2024-11-05T09:11:28.914+0000] {taskinstance.py:340} INFO - ::group::Post task execution logs
[2024-11-05T09:11:28.915+0000] {taskinstance.py:352} INFO - Marking task as SUCCESS. dag_id=user_processing, task_id=is_api_available, run_id=manual__2024-11-05T09:11:22.732475+00:00, execution_date=20241105T091122, start_date=20241105T091128, end_date=20241105T091128
[2024-11-05T09:11:28.926+0000] {logging_mixin.py:190} INFO - Task instance in success state
[2024-11-05T09:11:28.927+0000] {logging_mixin.py:190} INFO -  Previous state of the Task instance: running
[2024-11-05T09:11:28.927+0000] {logging_mixin.py:190} INFO - Dag name:user_processing queued_at:2024-11-05 09:11:22.751012+00:00
[2024-11-05T09:11:28.928+0000] {logging_mixin.py:190} INFO - Task hostname:3a4fba066ec8 operator:HttpSensor
[2024-11-05T09:11:28.961+0000] {local_task_job_runner.py:266} INFO - Task exited with return code 0
[2024-11-05T09:11:28.970+0000] {warnings.py:112} WARNING - /home/***/.local/lib/python3.12/site-packages/***/models/baseoperator.py:1378: AirflowProviderDeprecationWarning: Call to deprecated class SimpleHttpOperator. (Class `SimpleHttpOperator` is deprecated and will be removed in a future release. Please use `HttpOperator` instead.)
  result = cls.__new__(cls)

[2024-11-05T09:11:28.996+0000] {taskinstance.py:3900} INFO - 1 downstream tasks scheduled from follow-on schedule check
[2024-11-05T09:11:28.999+0000] {local_task_job_runner.py:245} INFO - ::endgroup::
