[2024-11-06T11:05:25.512+0000] {local_task_job_runner.py:123} INFO - ::group::Pre task execution logs
[2024-11-06T11:05:25.535+0000] {taskinstance.py:2612} INFO - Dependencies all met for dep_context=non-requeueable deps ti=<TaskInstance: parallel_dag.extract_b manual__2024-11-06T11:05:24.380376+00:00 [queued]>
[2024-11-06T11:05:25.544+0000] {taskinstance.py:2612} INFO - Dependencies all met for dep_context=requeueable deps ti=<TaskInstance: parallel_dag.extract_b manual__2024-11-06T11:05:24.380376+00:00 [queued]>
[2024-11-06T11:05:25.545+0000] {taskinstance.py:2865} INFO - Starting attempt 1 of 1
[2024-11-06T11:05:25.561+0000] {taskinstance.py:2888} INFO - Executing <Task(BashOperator): extract_b> on 2024-11-06 11:05:24.380376+00:00
[2024-11-06T11:05:25.567+0000] {warnings.py:112} WARNING - /home/***/.local/lib/python3.12/site-packages/***/task/task_runner/standard_task_runner.py:70: DeprecationWarning: This process (pid=308) is multi-threaded, use of fork() may lead to deadlocks in the child.
  pid = os.fork()

[2024-11-06T11:05:25.569+0000] {standard_task_runner.py:104} INFO - Running: ['***', 'tasks', 'run', 'parallel_dag', 'extract_b', 'manual__2024-11-06T11:05:24.380376+00:00', '--job-id', '89', '--raw', '--subdir', 'DAGS_FOLDER/parallel_dag.py', '--cfg-path', '/tmp/tmp09usay9a']
[2024-11-06T11:05:25.570+0000] {standard_task_runner.py:72} INFO - Started process 312 to run task
[2024-11-06T11:05:25.571+0000] {standard_task_runner.py:105} INFO - Job 89: Subtask extract_b
[2024-11-06T11:05:25.626+0000] {task_command.py:467} INFO - Running <TaskInstance: parallel_dag.extract_b manual__2024-11-06T11:05:24.380376+00:00 [running]> on host a664c8dd9839
[2024-11-06T11:05:25.722+0000] {taskinstance.py:3131} INFO - Exporting env vars: AIRFLOW_CTX_DAG_OWNER='***' AIRFLOW_CTX_DAG_ID='parallel_dag' AIRFLOW_CTX_TASK_ID='extract_b' AIRFLOW_CTX_EXECUTION_DATE='2024-11-06T11:05:24.380376+00:00' AIRFLOW_CTX_TRY_NUMBER='1' AIRFLOW_CTX_DAG_RUN_ID='manual__2024-11-06T11:05:24.380376+00:00'
[2024-11-06T11:05:25.723+0000] {taskinstance.py:731} INFO - ::endgroup::
[2024-11-06T11:05:25.746+0000] {subprocess.py:63} INFO - Tmp dir root location: /tmp
[2024-11-06T11:05:25.748+0000] {subprocess.py:75} INFO - Running command: ['/usr/bin/bash', '-c', 'sleep 1']
[2024-11-06T11:05:25.765+0000] {subprocess.py:86} INFO - Output:
[2024-11-06T11:05:26.769+0000] {subprocess.py:97} INFO - Command exited with return code 0
[2024-11-06T11:05:26.806+0000] {taskinstance.py:340} INFO - ::group::Post task execution logs
[2024-11-06T11:05:26.809+0000] {taskinstance.py:352} INFO - Marking task as SUCCESS. dag_id=parallel_dag, task_id=extract_b, run_id=manual__2024-11-06T11:05:24.380376+00:00, execution_date=20241106T110524, start_date=20241106T110525, end_date=20241106T110526
[2024-11-06T11:05:26.870+0000] {local_task_job_runner.py:266} INFO - Task exited with return code 0
[2024-11-06T11:05:26.881+0000] {local_task_job_runner.py:245} INFO - ::endgroup::
