[2024-11-05T09:04:43.780+0000] {local_task_job_runner.py:123} INFO - ::group::Pre task execution logs
[2024-11-05T09:04:43.806+0000] {taskinstance.py:2612} INFO - Dependencies all met for dep_context=non-requeueable deps ti=<TaskInstance: user_processing.is_api_available scheduled__2024-11-04T00:00:00+00:00 [queued]>
[2024-11-05T09:04:43.817+0000] {taskinstance.py:2612} INFO - Dependencies all met for dep_context=requeueable deps ti=<TaskInstance: user_processing.is_api_available scheduled__2024-11-04T00:00:00+00:00 [queued]>
[2024-11-05T09:04:43.818+0000] {taskinstance.py:2865} INFO - Starting attempt 1 of 1
[2024-11-05T09:04:43.836+0000] {taskinstance.py:2888} INFO - Executing <Task(HttpSensor): is_api_available> on 2024-11-04 00:00:00+00:00
[2024-11-05T09:04:43.845+0000] {warnings.py:112} WARNING - /home/***/.local/lib/python3.12/site-packages/***/task/task_runner/standard_task_runner.py:70: DeprecationWarning: This process (pid=152) is multi-threaded, use of fork() may lead to deadlocks in the child.
  pid = os.fork()

[2024-11-05T09:04:43.847+0000] {standard_task_runner.py:72} INFO - Started process 157 to run task
[2024-11-05T09:04:43.847+0000] {standard_task_runner.py:104} INFO - Running: ['***', 'tasks', 'run', 'user_processing', 'is_api_available', 'scheduled__2024-11-04T00:00:00+00:00', '--job-id', '33', '--raw', '--subdir', 'DAGS_FOLDER/user-processing.py', '--cfg-path', '/tmp/tmp6w69z3id']
[2024-11-05T09:04:43.849+0000] {standard_task_runner.py:105} INFO - Job 33: Subtask is_api_available
[2024-11-05T09:04:43.910+0000] {task_command.py:467} INFO - Running <TaskInstance: user_processing.is_api_available scheduled__2024-11-04T00:00:00+00:00 [running]> on host 3a4fba066ec8
[2024-11-05T09:04:44.009+0000] {taskinstance.py:3131} INFO - Exporting env vars: AIRFLOW_CTX_DAG_OWNER='***' AIRFLOW_CTX_DAG_ID='user_processing' AIRFLOW_CTX_TASK_ID='is_api_available' AIRFLOW_CTX_EXECUTION_DATE='2024-11-04T00:00:00+00:00' AIRFLOW_CTX_TRY_NUMBER='1' AIRFLOW_CTX_DAG_RUN_ID='scheduled__2024-11-04T00:00:00+00:00'
[2024-11-05T09:04:44.012+0000] {logging_mixin.py:190} INFO - Task instance is in running state
[2024-11-05T09:04:44.013+0000] {logging_mixin.py:190} INFO -  Previous state of the Task instance: queued
[2024-11-05T09:04:44.013+0000] {logging_mixin.py:190} INFO - Current task name:is_api_available state:running start_date:2024-11-05 09:04:43.807018+00:00
[2024-11-05T09:04:44.014+0000] {logging_mixin.py:190} INFO - Dag name:user_processing and current dag run status:running
[2024-11-05T09:04:44.014+0000] {taskinstance.py:731} INFO - ::endgroup::
[2024-11-05T09:04:44.015+0000] {baseoperator.py:405} WARNING - HttpSensor.execute cannot be called outside TaskInstance!
[2024-11-05T09:04:44.016+0000] {http.py:137} INFO - Poking: api/
[2024-11-05T09:04:44.027+0000] {base.py:84} INFO - Retrieving connection 'user_api'
[2024-11-05T09:04:44.590+0000] {base.py:336} INFO - Success criteria met. Exiting.
[2024-11-05T09:04:44.604+0000] {taskinstance.py:340} INFO - ::group::Post task execution logs
[2024-11-05T09:04:44.605+0000] {taskinstance.py:352} INFO - Marking task as SUCCESS. dag_id=user_processing, task_id=is_api_available, run_id=scheduled__2024-11-04T00:00:00+00:00, execution_date=20241104T000000, start_date=20241105T090443, end_date=20241105T090444
[2024-11-05T09:04:44.617+0000] {logging_mixin.py:190} INFO - Task instance in success state
[2024-11-05T09:04:44.617+0000] {logging_mixin.py:190} INFO -  Previous state of the Task instance: running
[2024-11-05T09:04:44.618+0000] {logging_mixin.py:190} INFO - Dag name:user_processing queued_at:2024-11-05 09:04:38.441669+00:00
[2024-11-05T09:04:44.618+0000] {logging_mixin.py:190} INFO - Task hostname:3a4fba066ec8 operator:HttpSensor
[2024-11-05T09:04:44.629+0000] {local_task_job_runner.py:266} INFO - Task exited with return code 0
[2024-11-05T09:04:44.638+0000] {warnings.py:112} WARNING - /home/***/.local/lib/python3.12/site-packages/***/models/baseoperator.py:1378: AirflowProviderDeprecationWarning: Call to deprecated class SimpleHttpOperator. (Class `SimpleHttpOperator` is deprecated and will be removed in a future release. Please use `HttpOperator` instead.)
  result = cls.__new__(cls)

[2024-11-05T09:04:44.666+0000] {taskinstance.py:3900} INFO - 1 downstream tasks scheduled from follow-on schedule check
[2024-11-05T09:04:44.670+0000] {local_task_job_runner.py:245} INFO - ::endgroup::
