[2024-11-08T11:13:21.125+0000] {local_task_job_runner.py:123} INFO - ::group::Pre task execution logs
[2024-11-08T11:13:21.151+0000] {taskinstance.py:2612} INFO - Dependencies all met for dep_context=non-requeueable deps ti=<TaskInstance: check_params.t1 manual__2024-11-08T11:13:10+00:00 [queued]>
[2024-11-08T11:13:21.169+0000] {taskinstance.py:2612} INFO - Dependencies all met for dep_context=requeueable deps ti=<TaskInstance: check_params.t1 manual__2024-11-08T11:13:10+00:00 [queued]>
[2024-11-08T11:13:21.170+0000] {taskinstance.py:2865} INFO - Starting attempt 1 of 1
[2024-11-08T11:13:21.193+0000] {taskinstance.py:2888} INFO - Executing <Task(PythonOperator): t1> on 2024-11-08 11:13:10+00:00
[2024-11-08T11:13:21.200+0000] {warnings.py:112} WARNING - /home/***/.local/lib/python3.12/site-packages/***/task/task_runner/standard_task_runner.py:70: DeprecationWarning: This process (pid=578) is multi-threaded, use of fork() may lead to deadlocks in the child.
  pid = os.fork()

[2024-11-08T11:13:21.202+0000] {standard_task_runner.py:72} INFO - Started process 586 to run task
[2024-11-08T11:13:21.203+0000] {standard_task_runner.py:104} INFO - Running: ['***', 'tasks', 'run', 'check_params', 't1', 'manual__2024-11-08T11:13:10+00:00', '--job-id', '28', '--raw', '--subdir', 'DAGS_FOLDER/check_params.py', '--cfg-path', '/tmp/tmplmzq5sps']
[2024-11-08T11:13:21.204+0000] {standard_task_runner.py:105} INFO - Job 28: Subtask t1
[2024-11-08T11:13:21.277+0000] {task_command.py:467} INFO - Running <TaskInstance: check_params.t1 manual__2024-11-08T11:13:10+00:00 [running]> on host 8be5978291e0
[2024-11-08T11:13:21.383+0000] {taskinstance.py:3131} INFO - Exporting env vars: AIRFLOW_CTX_DAG_OWNER='***' AIRFLOW_CTX_DAG_ID='check_params' AIRFLOW_CTX_TASK_ID='t1' AIRFLOW_CTX_EXECUTION_DATE='2024-11-08T11:13:10+00:00' AIRFLOW_CTX_TRY_NUMBER='1' AIRFLOW_CTX_DAG_RUN_ID='manual__2024-11-08T11:13:10+00:00'
[2024-11-08T11:13:21.384+0000] {taskinstance.py:731} INFO - ::endgroup::
[2024-11-08T11:13:21.404+0000] {logging_mixin.py:190} INFO - ----------------------------------------------------------------------------------------------------
[2024-11-08T11:13:21.405+0000] {logging_mixin.py:190} INFO - Jerin
[2024-11-08T11:13:21.406+0000] {logging_mixin.py:190} INFO - ----------------------------------------------------------------------------------------------------
[2024-11-08T11:13:21.406+0000] {logging_mixin.py:190} INFO - 33
[2024-11-08T11:13:21.407+0000] {python.py:240} INFO - Done. Returned value was: None
[2024-11-08T11:13:21.424+0000] {taskinstance.py:340} INFO - ::group::Post task execution logs
[2024-11-08T11:13:21.425+0000] {taskinstance.py:352} INFO - Marking task as SUCCESS. dag_id=check_params, task_id=t1, run_id=manual__2024-11-08T11:13:10+00:00, execution_date=20241108T111310, start_date=20241108T111321, end_date=20241108T111321
[2024-11-08T11:13:21.459+0000] {local_task_job_runner.py:266} INFO - Task exited with return code 0
[2024-11-08T11:13:21.471+0000] {local_task_job_runner.py:245} INFO - ::endgroup::
