[2024-11-06T16:26:05.630+0000] {local_task_job_runner.py:123} INFO - ::group::Pre task execution logs
[2024-11-06T16:26:05.652+0000] {taskinstance.py:2612} INFO - Dependencies all met for dep_context=non-requeueable deps ti=<TaskInstance: parent_dag_for_taskgroup.transforms_tg.transform_a_tg manual__2024-11-06T16:25:34.571239+00:00 [queued]>
[2024-11-06T16:26:05.663+0000] {taskinstance.py:2612} INFO - Dependencies all met for dep_context=requeueable deps ti=<TaskInstance: parent_dag_for_taskgroup.transforms_tg.transform_a_tg manual__2024-11-06T16:25:34.571239+00:00 [queued]>
[2024-11-06T16:26:05.664+0000] {taskinstance.py:2865} INFO - Starting attempt 1 of 1
[2024-11-06T16:26:05.687+0000] {taskinstance.py:2888} INFO - Executing <Task(BashOperator): transforms_tg.transform_a_tg> on 2024-11-06 16:25:34.571239+00:00
[2024-11-06T16:26:05.695+0000] {warnings.py:112} WARNING - /home/***/.local/lib/python3.12/site-packages/***/task/task_runner/standard_task_runner.py:70: DeprecationWarning: This process (pid=339) is multi-threaded, use of fork() may lead to deadlocks in the child.
  pid = os.fork()

[2024-11-06T16:26:05.697+0000] {standard_task_runner.py:72} INFO - Started process 343 to run task
[2024-11-06T16:26:05.697+0000] {standard_task_runner.py:104} INFO - Running: ['***', 'tasks', 'run', 'parent_dag_for_taskgroup', 'transforms_tg.transform_a_tg', 'manual__2024-11-06T16:25:34.571239+00:00', '--job-id', '124', '--raw', '--subdir', 'DAGS_FOLDER/parent_dag_for_taskgroups.py', '--cfg-path', '/tmp/tmp3kj2d97a']
[2024-11-06T16:26:05.699+0000] {standard_task_runner.py:105} INFO - Job 124: Subtask transforms_tg.transform_a_tg
[2024-11-06T16:26:05.760+0000] {task_command.py:467} INFO - Running <TaskInstance: parent_dag_for_taskgroup.transforms_tg.transform_a_tg manual__2024-11-06T16:25:34.571239+00:00 [running]> on host 66acfa37dd15
[2024-11-06T16:26:05.848+0000] {taskinstance.py:3131} INFO - Exporting env vars: AIRFLOW_CTX_DAG_OWNER='***' AIRFLOW_CTX_DAG_ID='parent_dag_for_taskgroup' AIRFLOW_CTX_TASK_ID='transforms_tg.transform_a_tg' AIRFLOW_CTX_EXECUTION_DATE='2024-11-06T16:25:34.571239+00:00' AIRFLOW_CTX_TRY_NUMBER='1' AIRFLOW_CTX_DAG_RUN_ID='manual__2024-11-06T16:25:34.571239+00:00'
[2024-11-06T16:26:05.849+0000] {taskinstance.py:731} INFO - ::endgroup::
[2024-11-06T16:26:05.865+0000] {subprocess.py:63} INFO - Tmp dir root location: /tmp
[2024-11-06T16:26:05.866+0000] {subprocess.py:75} INFO - Running command: ['/usr/bin/bash', '-c', 'sleep 10']
[2024-11-06T16:26:05.876+0000] {subprocess.py:86} INFO - Output:
[2024-11-06T16:26:15.879+0000] {subprocess.py:97} INFO - Command exited with return code 0
[2024-11-06T16:26:15.915+0000] {taskinstance.py:340} INFO - ::group::Post task execution logs
[2024-11-06T16:26:15.916+0000] {taskinstance.py:352} INFO - Marking task as SUCCESS. dag_id=parent_dag_for_taskgroup, task_id=transforms_tg.transform_a_tg, run_id=manual__2024-11-06T16:25:34.571239+00:00, execution_date=20241106T162534, start_date=20241106T162605, end_date=20241106T162615
[2024-11-06T16:26:15.975+0000] {local_task_job_runner.py:266} INFO - Task exited with return code 0
[2024-11-06T16:26:15.984+0000] {local_task_job_runner.py:245} INFO - ::endgroup::
