[2024-11-04T14:48:05.952+0000] {local_task_job_runner.py:123} INFO - ::group::Pre task execution logs
[2024-11-04T14:48:06.107+0000] {taskinstance.py:2612} INFO - Dependencies all met for dep_context=non-requeueable deps ti=<TaskInstance: example_bash_operator.also_run_this manual__2024-11-04T14:47:58+00:00 [queued]>
[2024-11-04T14:48:06.126+0000] {taskinstance.py:2612} INFO - Dependencies all met for dep_context=requeueable deps ti=<TaskInstance: example_bash_operator.also_run_this manual__2024-11-04T14:47:58+00:00 [queued]>
[2024-11-04T14:48:06.127+0000] {taskinstance.py:2865} INFO - Starting attempt 1 of 1
[2024-11-04T14:48:06.155+0000] {taskinstance.py:2888} INFO - Executing <Task(BashOperator): also_run_this> on 2024-11-04 14:47:58+00:00
[2024-11-04T14:48:06.170+0000] {warnings.py:112} WARNING - /home/***/.local/lib/python3.12/site-packages/***/task/task_runner/standard_task_runner.py:70: DeprecationWarning: This process (pid=379) is multi-threaded, use of fork() may lead to deadlocks in the child.
  pid = os.fork()

[2024-11-04T14:48:06.175+0000] {standard_task_runner.py:72} INFO - Started process 396 to run task
[2024-11-04T14:48:06.174+0000] {standard_task_runner.py:104} INFO - Running: ['***', 'tasks', 'run', 'example_bash_operator', 'also_run_this', 'manual__2024-11-04T14:47:58+00:00', '--job-id', '11', '--raw', '--subdir', '/home/***/.local/lib/python3.12/site-packages/***/example_dags/example_bash_operator.py', '--cfg-path', '/tmp/tmp_9g5tfok']
[2024-11-04T14:48:06.176+0000] {standard_task_runner.py:105} INFO - Job 11: Subtask also_run_this
[2024-11-04T14:48:06.271+0000] {task_command.py:467} INFO - Running <TaskInstance: example_bash_operator.also_run_this manual__2024-11-04T14:47:58+00:00 [running]> on host 3a4fba066ec8
[2024-11-04T14:48:06.463+0000] {taskinstance.py:3131} INFO - Exporting env vars: AIRFLOW_CTX_DAG_OWNER='***' AIRFLOW_CTX_DAG_ID='example_bash_operator' AIRFLOW_CTX_TASK_ID='also_run_this' AIRFLOW_CTX_EXECUTION_DATE='2024-11-04T14:47:58+00:00' AIRFLOW_CTX_TRY_NUMBER='1' AIRFLOW_CTX_DAG_RUN_ID='manual__2024-11-04T14:47:58+00:00'
[2024-11-04T14:48:06.466+0000] {logging_mixin.py:190} INFO - Task instance is in running state
[2024-11-04T14:48:06.467+0000] {logging_mixin.py:190} INFO -  Previous state of the Task instance: queued
[2024-11-04T14:48:06.468+0000] {logging_mixin.py:190} INFO - Current task name:also_run_this state:running start_date:2024-11-04 14:48:06.109098+00:00
[2024-11-04T14:48:06.470+0000] {logging_mixin.py:190} INFO - Dag name:example_bash_operator and current dag run status:running
[2024-11-04T14:48:06.471+0000] {taskinstance.py:731} INFO - ::endgroup::
[2024-11-04T14:48:06.476+0000] {subprocess.py:63} INFO - Tmp dir root location: /tmp
[2024-11-04T14:48:06.478+0000] {subprocess.py:75} INFO - Running command: ['/usr/bin/bash', '-c', 'echo "ti_key=example_bash_operator__also_run_this__20241104"']
[2024-11-04T14:48:06.509+0000] {subprocess.py:86} INFO - Output:
[2024-11-04T14:48:06.512+0000] {subprocess.py:93} INFO - ti_key=example_bash_operator__also_run_this__20241104
[2024-11-04T14:48:06.513+0000] {subprocess.py:97} INFO - Command exited with return code 0
[2024-11-04T14:48:06.561+0000] {taskinstance.py:340} INFO - ::group::Post task execution logs
[2024-11-04T14:48:06.563+0000] {taskinstance.py:352} INFO - Marking task as SUCCESS. dag_id=example_bash_operator, task_id=also_run_this, run_id=manual__2024-11-04T14:47:58+00:00, execution_date=20241104T144758, start_date=20241104T144806, end_date=20241104T144806
[2024-11-04T14:48:06.583+0000] {logging_mixin.py:190} INFO - Task instance in success state
[2024-11-04T14:48:06.585+0000] {logging_mixin.py:190} INFO -  Previous state of the Task instance: running
[2024-11-04T14:48:06.587+0000] {logging_mixin.py:190} INFO - Dag name:example_bash_operator queued_at:2024-11-04 14:48:01.204439+00:00
[2024-11-04T14:48:06.588+0000] {logging_mixin.py:190} INFO - Task hostname:3a4fba066ec8 operator:BashOperator
[2024-11-04T14:48:06.633+0000] {local_task_job_runner.py:266} INFO - Task exited with return code 0
[2024-11-04T14:48:06.706+0000] {taskinstance.py:3900} INFO - 0 downstream tasks scheduled from follow-on schedule check
[2024-11-04T14:48:06.714+0000] {local_task_job_runner.py:245} INFO - ::endgroup::
